#
# A fatal error has been detected by the Java Runtime Environment:
#
#  SIGSEGV (0xb) at pc=0x00007fa31a774e41, pid=2357, tid=0x00007fa2d12fa700
#
# JRE version: Java(TM) SE Runtime Environment (8.0_161-b12) (build 1.8.0_161-b12)
# Java VM: Java HotSpot(TM) 64-Bit Server VM (25.161-b12 mixed mode linux-amd64 compressed oops)
# Problematic frame:
# J 10973 C1 org.codehaus.groovy.runtime.callsite.AbstractCallSite.call(Ljava/lang/Object;Ljava/lang/Object;Ljava/lang/Object;Ljava/lang/Object;Ljava/lang/Object;)Ljava/lang/Object; (50 bytes) @ 0x00007fa31a774e41 [0x00007fa31a774ca0+0x1a1]
#
# Failed to write core dump. Core dumps have been disabled. To enable core dumping, try "ulimit -c unlimited" before starting Java again
#
# If you would like to submit a bug report, please visit:
#   http://bugreport.java.com/bugreport/crash.jsp
#

---------------  T H R E A D  ---------------

Current thread (0x00007fa329c80800):  JavaThread "http-nio-8080-exec-1" daemon [_thread_in_Java, id=2389, stack(0x00007fa2d11fa000,0x00007fa2d12fb000)]

siginfo: si_signo: 11 (SIGSEGV), si_code: 1 (SEGV_MAPERR), si_addr: 0x0000000000000028

Registers:
RAX=0x00000000f5369e90, RBX=0x0000000000000028, RCX=0x00007fa32cd6e000, RDX=0x00000000f5369ea4
RSP=0x00007fa2d12eeea0, RBP=0x00007fa2d12eefa0, RSI=0x0000000100000f28, RDI=0x0000000000000000
R8 =0x00007fa329c80800, R9 =0x0000000000000000, R10=0x00000000d0f7be98, R11=0x0000000000001fa0
R12=0x0000000000000000, R13=0x00000000d36d3030, R14=0x00000000d0f7be98, R15=0x00007fa329c80800
RIP=0x00007fa31a774e41, EFLAGS=0x0000000000010297, CSGSFS=0x0000000000000033, ERR=0x0000000000000004
  TRAPNO=0x000000000000000e

Top of Stack: (sp=0x00007fa2d12eeea0)
0x00007fa2d12eeea0:   00007fa2d12eef50 00007fa31901a187
0x00007fa2d12eeeb0:   00007fa29b5db5e8 00007fa29b5db5e8
0x00007fa2d12eeec0:   00007fa329c80800 00007fa2d12eef50
0x00007fa2d12eeed0:   00007fa329c80800 00007fa329c80800
0x00007fa2d12eeee0:   00007fa29b5db5e8 00000000000000b9
0x00007fa2d12eeef0:   0000000000000000 00007fa29b5e0f78
0x00007fa2d12eef00:   00000000f3733b58 00007fa329c80800
0x00007fa2d12eef10:   00007fa2d12eefa0 00007fa319008114
0x00007fa2d12eef20:   00007fa29b5e0f73 00007fa319008114
0x00007fa2d12eef30:   0000000000001fa0 0000000000000000
0x00007fa2d12eef40:   00007fa329c80800 00000000d0f7be98
0x00007fa2d12eef50:   00000000d36d3030 00000000f3733b58
0x00007fa2d12eef60:   00007fa2d12eef60 00007fa29b5e0f78
0x00007fa2d12eef70:   00007fa2d12eefc8 00007fa29b5ede28
0x00007fa2d12eef80:   0000000000000000 00007fa29b5e0fb8
0x00007fa2d12eef90:   00007fa2d12eef30 00007fa2d12eefb8
0x00007fa2d12eefa0:   00007fa2d12ef010 00007fa319008040
0x00007fa2d12eefb0:   00000000f37332e8 0000000000001fa0
0x00007fa2d12eefc0:   0000000000000000 00007fa329c80800
0x00007fa2d12eefd0:   00007fa2d12eefd0 00007fa29b5d2ca4
0x00007fa2d12eefe0:   00007fa2d12ef040 00007fa29b5ebae8
0x00007fa2d12eeff0:   0000000000000000 00007fa29b5d2ca8
0x00007fa2d12ef000:   00007fa2d12eefb8 00007fa2d12ef020
0x00007fa2d12ef010:   00007fa2d12ef088 00007fa319008114
0x00007fa2d12ef020:   0000000000001fa0 0000000000000000
0x00007fa2d12ef030:   00007fa329c80800 0000000000000000
0x00007fa2d12ef040:   00000000f362c0c0 00007fa2d12ef048
0x00007fa2d12ef050:   00007fa2d3fb0c11 00007fa2d12ef0b0
0x00007fa2d12ef060:   00007fa2d33c1c28 0000000000000000
0x00007fa2d12ef070:   00007fa2d3fb0c70 00007fa2d12ef020
0x00007fa2d12ef080:   00007fa2d12ef0a0 00007fa2d12ef100
0x00007fa2d12ef090:   00007fa3190007a7 0000000000000000 

Instructions: (pc=0x00007fa31a774e41)
0x00007fa31a774e21:   08 48 c1 e6 03 41 8b 78 08 48 c1 e7 03 48 8b b6
0x00007fa31a774e31:   e8 00 00 00 48 3b fe 0f 84 28 00 00 00 8b 5e 0c
0x00007fa31a774e41:   48 3b 34 1f 0f 84 1b 00 00 00 83 fb 18 0f 85 41
0x00007fa31a774e51:   01 00 00 57 56 e8 c5 96 98 fe 5f 5e 83 fe 00 0f 

Register to memory mapping:

RAX=0x00000000f5369e90 is an oop
[Ljava.lang.Object; 
 - klass: 'java/lang/Object'[]
 - length: 4
RBX=0x0000000000000028 is an unknown value
RCX=0x00007fa32cd6e000 is an unknown value
RDX=0x00000000f5369ea4 is an unknown value
RSP=0x00007fa2d12eeea0 is pointing into the stack for thread: 0x00007fa329c80800
RBP=0x00007fa2d12eefa0 is pointing into the stack for thread: 0x00007fa329c80800
RSI=0x0000000100000f28 is pointing into metadata
RDI=0x0000000000000000 is an unknown value
R8 =0x00007fa329c80800 is a thread
R9 =0x0000000000000000 is an unknown value
R10=0x00000000d0f7be98 is an oop
java.lang.Class 
 - klass: 'java/lang/Class'
R11=0x0000000000001fa0 is an unknown value
R12=0x0000000000000000 is an unknown value
R13=0x00000000d36d3030 is an oop
java.lang.Class 
 - klass: 'java/lang/Class'
R14=0x00000000d0f7be98 is an oop
java.lang.Class 
 - klass: 'java/lang/Class'
R15=0x00007fa329c80800 is a thread


Stack: [0x00007fa2d11fa000,0x00007fa2d12fb000],  sp=0x00007fa2d12eeea0,  free space=979k
Native frames: (J=compiled Java code, j=interpreted, Vv=VM code, C=native code)
J 10973 C1 org.codehaus.groovy.runtime.callsite.AbstractCallSite.call(Ljava/lang/Object;Ljava/lang/Object;Ljava/lang/Object;Ljava/lang/Object;Ljava/lang/Object;)Ljava/lang/Object; (50 bytes) @ 0x00007fa31a774e41 [0x00007fa31a774ca0+0x1a1]
j  monitorapi.MotorDeDatos$$EQt0qVjk.executeQuery(Ljava/lang/CharSequence;Ljava/util/Collection;Ljava/util/Map;)Ljava/util/List;+16
j  monitorapi.MotorDeDatos$$DQt0qVjk.executeQuery(Lmonitorapi/MotorDeDatos;Ljava/lang/CharSequence;Ljava/util/Collection;Ljava/util/Map;)Ljava/util/List;+4
j  monitorapi.MotorDeDatos.executeQuery(Ljava/lang/CharSequence;Ljava/util/Collection;Ljava/util/Map;)Ljava/util/List;+25
v  ~StubRoutines::call_stub
V  [libjvm.so+0x695ae6]  JavaCalls::call_helper(JavaValue*, methodHandle*, JavaCallArguments*, Thread*)+0x1056
V  [libjvm.so+0x9a3fa7]  Reflection::invoke(instanceKlassHandle, methodHandle, Handle, bool, objArrayHandle, BasicType, objArrayHandle, bool, Thread*)+0x5d7
V  [libjvm.so+0x9a76b7]  Reflection::invoke_method(oopDesc*, Handle, objArrayHandle, Thread*)+0x147
V  [libjvm.so+0x72962b]  JVM_InvokeMethod+0x26b
J 2057  sun.reflect.NativeMethodAccessorImpl.invoke0(Ljava/lang/reflect/Method;Ljava/lang/Object;[Ljava/lang/Object;)Ljava/lang/Object; (0 bytes) @ 0x00007fa3195a69ad [0x00007fa3195a68c0+0xed]
J 2056 C1 sun.reflect.NativeMethodAccessorImpl.invoke(Ljava/lang/Object;[Ljava/lang/Object;)Ljava/lang/Object; (104 bytes) @ 0x00007fa3195a7054 [0x00007fa3195a6ce0+0x374]
J 799 C1 sun.reflect.DelegatingMethodAccessorImpl.invoke(Ljava/lang/Object;[Ljava/lang/Object;)Ljava/lang/Object; (10 bytes) @ 0x00007fa319399cc4 [0x00007fa319399c80+0x44]
J 798 C1 java.lang.reflect.Method.invoke(Ljava/lang/Object;[Ljava/lang/Object;)Ljava/lang/Object; (62 bytes) @ 0x00007fa3193998d4 [0x00007fa3193997e0+0xf4]
J 1854 C1 org.springsource.loaded.ri.ReflectiveInterceptor.jlrMethodInvoke(Ljava/lang/reflect/Method;Ljava/lang/Object;[Ljava/lang/Object;)Ljava/lang/Object; (2214 bytes) @ 0x00007fa319540cd4 [0x00007fa31953f6a0+0x1634]
J 3640 C1 org.codehaus.groovy.reflection.CachedMethod.invoke(Ljava/lang/Object;[Ljava/lang/Object;)Ljava/lang/Object; (70 bytes) @ 0x00007fa3198f8e74 [0x00007fa3198f8e40+0x34]
J 1881 C1 groovy.lang.MetaMethod.doMethodInvoke(Ljava/lang/Object;[Ljava/lang/Object;)Ljava/lang/Object; (22 bytes) @ 0x00007fa31955b354 [0x00007fa31955b2e0+0x74]
J 4135 C1 org.codehaus.groovy.runtime.metaclass.MethodMetaProperty$GetBeanMethodMetaProperty.getProperty(Ljava/lang/Object;)Ljava/lang/Object; (12 bytes) @ 0x00007fa3199f608c [0x00007fa3199f6040+0x4c]
j  org.codehaus.groovy.runtime.callsite.GetEffectivePogoPropertySite.getProperty(Ljava/lang/Object;)Ljava/lang/Object;+5
J 3661 C1 org.codehaus.groovy.runtime.callsite.AbstractCallSite.callGetProperty(Ljava/lang/Object;)Ljava/lang/Object; (12 bytes) @ 0x00007fa3199036a4 [0x00007fa319903640+0x64]
j  grails.plugin.formfields.FormFieldsTagLib.displayAssociation(Ljava/lang/Object;Lorg/grails/datastore/mapping/model/PersistentEntity;)Ljava/lang/CharSequence;+78
j  sun.reflect.GeneratedMethodAccessor512.invoke(Ljava/lang/Object;[Ljava/lang/Object;)Ljava/lang/Object;+48
J 799 C1 sun.reflect.DelegatingMethodAccessorImpl.invoke(Ljava/lang/Object;[Ljava/lang/Object;)Ljava/lang/Object; (10 bytes) @ 0x00007fa319399cc4 [0x00007fa319399c80+0x44]
J 798 C1 java.lang.reflect.Method.invoke(Ljava/lang/Object;[Ljava/lang/Object;)Ljava/lang/Object; (62 bytes) @ 0x00007fa3193998d4 [0x00007fa3193997e0+0xf4]
J 1854 C1 org.springsource.loaded.ri.ReflectiveInterceptor.jlrMethodInvoke(Ljava/lang/reflect/Method;Ljava/lang/Object;[Ljava/lang/Object;)Ljava/lang/Object; (2214 bytes) @ 0x00007fa319540e24 [0x00007fa31953f6a0+0x1784]
J 7926 C1 org.codehaus.groovy.runtime.callsite.PogoMetaMethodSite$PogoCachedMethodSiteNoUnwrapNoCoerce.invoke(Ljava/lang/Object;[Ljava/lang/Object;)Ljava/lang/Object; (37 bytes) @ 0x00007fa31a0ade94 [0x00007fa31a0ade60+0x34]
J 7935 C1 org.codehaus.groovy.runtime.callsite.PogoMetaMethodSite.callCurrent(Lgroovy/lang/GroovyObject;[Ljava/lang/Object;)Ljava/lang/Object; (29 bytes) @ 0x00007fa31a0b24fc [0x00007fa31a0b2440+0xbc]
J 7935 C1 org.codehaus.groovy.runtime.callsite.PogoMetaMethodSite.callCurrent(Lgroovy/lang/GroovyObject;[Ljava/lang/Object;)Ljava/lang/Object; (29 bytes) @ 0x00007fa31a0b2554 [0x00007fa31a0b2440+0x114]
J 8008 C1 org.codehaus.groovy.runtime.callsite.AbstractCallSite.callCurrent(Lgroovy/lang/GroovyObject;Ljava/lang/Object;Ljava/lang/Object;)Ljava/lang/Object; (42 bytes) @ 0x00007fa31a0ccb84 [0x00007fa31a0cc9a0+0x1e4]
j  grails.plugin.formfields.FormFieldsTagLib.renderDefaultDisplay(Ljava/util/Map;Ljava/util/Map;Ljava/lang/String;Ljava/lang/String;)Ljava/lang/CharSequence;+288
j  sun.reflect.GeneratedMethodAccessor513.invoke(Ljava/lang/Object;[Ljava/lang/Object;)Ljava/lang/Object;+64
J 799 C1 sun.reflect.DelegatingMethodAccessorImpl.invoke(Ljava/lang/Object;[Ljava/lang/Object;)Ljava/lang/Object; (10 bytes) @ 0x00007fa319399cc4 [0x00007fa319399c80+0x44]
J 798 C1 java.lang.reflect.Method.invoke(Ljava/lang/Object;[Ljava/lang/Object;)Ljava/lang/Object; (62 bytes) @ 0x00007fa3193998d4 [0x00007fa3193997e0+0xf4]
J 1854 C1 org.springsource.loaded.ri.ReflectiveInterceptor.jlrMethodInvoke(Ljava/lang/reflect/Method;Ljava/lang/Object;[Ljava/lang/Object;)Ljava/lang/Object; (2214 bytes) @ 0x00007fa319540e24 [0x00007fa31953f6a0+0x1784]
J 7926 C1 org.codehaus.groovy.runtime.callsite.PogoMetaMethodSite$PogoCachedMethodSiteNoUnwrapNoCoerce.invoke(Ljava/lang/Object;[Ljava/lang/Object;)Ljava/lang/Object; (37 bytes) @ 0x00007fa31a0ade94 [0x00007fa31a0ade60+0x34]
J 7935 C1 org.codehaus.groovy.runtime.callsite.PogoMetaMethodSite.callCurrent(Lgroovy/lang/GroovyObject;[Ljava/lang/Object;)Ljava/lang/Object; (29 bytes) @ 0x00007fa31a0b24fc [0x00007fa31a0b2440+0xbc]
J 8843 C1 org.codehaus.groovy.runtime.callsite.AbstractCallSite.callCurrent(Lgroovy/lang/GroovyObject;Ljava/lang/Object;Ljava/lang/Object;Ljava/lang/Object;Ljava/lang/Object;)Ljava/lang/Object; (50 bytes) @ 0x00007fa31a2d6d94 [0x00007fa31a2d6ae0+0x2b4]
j  grails.plugin.formfields.FormFieldsTagLib.renderDisplayWidget(Lgrails/plugin/formfields/BeanPropertyAccessor;Ljava/util/Map;Ljava/util/Map;Ljava/lang/String;Ljava/lang/String;)Ljava/lang/CharSequence;+394
j  sun.reflect.GeneratedMethodAccessor433.invoke(Ljava/lang/Object;[Ljava/lang/Object;)Ljava/lang/Object;+72
J 799 C1 sun.reflect.DelegatingMethodAccessorImpl.invoke(Ljava/lang/Object;[Ljava/lang/Object;)Ljava/lang/Object; (10 bytes) @ 0x00007fa319399cc4 [0x00007fa319399c80+0x44]
J 798 C1 java.lang.reflect.Method.invoke(Ljava/lang/Object;[Ljava/lang/Object;)Ljava/lang/Object; (62 bytes) @ 0x00007fa3193998d4 [0x00007fa3193997e0+0xf4]
J 1854 C1 org.springsource.loaded.ri.ReflectiveInterceptor.jlrMethodInvoke(Ljava/lang/reflect/Method;Ljava/lang/Object;[Ljava/lang/Object;)Ljava/lang/Object; (2214 bytes) @ 0x00007fa319540e24 [0x00007fa31953f6a0+0x1784]
J 3640 C1 org.codehaus.groovy.reflection.CachedMethod.invoke(Ljava/lang/Object;[Ljava/lang/Object;)Ljava/lang/Object; (70 bytes) @ 0x00007fa3198f8e74 [0x00007fa3198f8e40+0x34]
J 1881 C1 groovy.lang.MetaMethod.doMethodInvoke(Ljava/lang/Object;[Ljava/lang/Object;)Ljava/lang/Object; (22 bytes) @ 0x00007fa31955b354 [0x00007fa31955b2e0+0x74]
J 3638 C1 org.codehaus.groovy.runtime.metaclass.ClosureMetaClass.invokeMethod(Ljava/lang/Class;Ljava/lang/Object;Ljava/lang/String;[Ljava/lang/Object;ZZ)Ljava/lang/Object; (892 bytes) @ 0x00007fa3198f608c [0x00007fa3198f4f00+0x118c]
J 1856 C1 groovy.lang.MetaClassImpl.invokeMethod(Ljava/lang/Object;Ljava/lang/String;[Ljava/lang/Object;)Ljava/lang/Object; (14 bytes) @ 0x00007fa31954dd5c [0x00007fa31954dd00+0x5c]
J 8161 C1 org.codehaus.groovy.runtime.callsite.PogoMetaClassSite.callCurrent(Lgroovy/lang/GroovyObject;[Ljava/lang/Object;)Ljava/lang/Object; (92 bytes) @ 0x00007fa31a10738c [0x00007fa31a107280+0x10c]
j  grails.plugin.formfields.FormFieldsTagLib$_closure8.doCall(Ljava/lang/Object;Ljava/lang/Object;)Ljava/lang/Object;+999
j  sun.reflect.GeneratedMethodAccessor537.invoke(Ljava/lang/Object;[Ljava/lang/Object;)Ljava/lang/Object;+48
J 799 C1 sun.reflect.DelegatingMethodAccessorImpl.invoke(Ljava/lang/Object;[Ljava/lang/Object;)Ljava/lang/Object; (10 bytes) @ 0x00007fa319399cc4 [0x00007fa319399c80+0x44]
J 798 C1 java.lang.reflect.Method.invoke(Ljava/lang/Object;[Ljava/lang/Object;)Ljava/lang/Object; (62 bytes) @ 0x00007fa3193998d4 [0x00007fa3193997e0+0xf4]
J 1854 C1 org.springsource.loaded.ri.ReflectiveInterceptor.jlrMethodInvoke(Ljava/lang/reflect/Method;Ljava/lang/Object;[Ljava/lang/Object;)Ljava/lang/Object; (2214 bytes) @ 0x00007fa319540e24 [0x00007fa31953f6a0+0x1784]
J 3640 C1 org.codehaus.groovy.reflection.CachedMethod.invoke(Ljava/lang/Object;[Ljava/lang/Object;)Ljava/lang/Object; (70 bytes) @ 0x00007fa3198f8e74 [0x00007fa3198f8e40+0x34]
J 1881 C1 groovy.lang.MetaMethod.doMethodInvoke(Ljava/lang/Object;[Ljava/lang/Object;)Ljava/lang/Object; (22 bytes) @ 0x00007fa31955b354 [0x00007fa31955b2e0+0x74]
J 3638 C1 org.codehaus.groovy.runtime.metaclass.ClosureMetaClass.invokeMethod(Ljava/lang/Class;Ljava/lang/Object;Ljava/lang/String;[Ljava/lang/Object;ZZ)Ljava/lang/Object; (892 bytes) @ 0x00007fa3198f60c4 [0x00007fa3198f4f00+0x11c4]
J 1856 C1 groovy.lang.MetaClassImpl.invokeMethod(Ljava/lang/Object;Ljava/lang/String;[Ljava/lang/Object;)Ljava/lang/Object; (14 bytes) @ 0x00007fa31954dd5c [0x00007fa31954dd00+0x5c]
J 4046 C1 groovy.lang.Closure.call([Ljava/lang/Object;)Ljava/lang/Object; (30 bytes) @ 0x00007fa3199c633c [0x00007fa3199c62c0+0x7c]
J 9644 C1 org.grails.gsp.GroovyPage.invokeTagLibClosure(Ljava/lang/String;Ljava/lang/String;Lgroovy/lang/Closure;Ljava/util/Map;Lgroovy/lang/Closure;ZLjava/util/Map;)V (239 bytes) @ 0x00007fa31a49289c [0x00007fa31a492220+0x67c]
J 9233 C1 org.grails.gsp.GroovyPage.invokeTag(Ljava/lang/String;Ljava/lang/String;ILjava/util/Map;I)V (791 bytes) @ 0x00007fa31a3aaed4 [0x00007fa31a3aa4c0+0xa14]
j  org.grails.gsp.GroovyPage$invokeTag$4.callCurrent(Lgroovy/lang/GroovyObject;[Ljava/lang/Object;)Ljava/lang/Object;+43
j  gsp_fields_templates__fields_table_gsp.run()Ljava/lang/Object;+965
j  org.grails.gsp.GroovyPageWritable.doWriteTo(Lorg/grails/taglib/encoder/OutputContext;Ljava/io/Writer;)Ljava/io/Writer;+373
j  org.grails.gsp.GroovyPageWritable.writeTo(Ljava/io/Writer;)Ljava/io/Writer;+13
j  org.grails.web.gsp.GroovyPagesTemplateRenderer.makeTemplate(Lorg/grails/web/servlet/mvc/GrailsWebRequest;Lgroovy/text/Template;Ljava/util/Map;Ljava/lang/Object;Ljava/io/Writer;)V+326
j  org.grails.web.gsp.GroovyPagesTemplateRenderer.render(Lorg/grails/web/servlet/mvc/GrailsWebRequest;Lorg/grails/taglib/TemplateVariableBinding;Ljava/util/Map;Ljava/lang/Object;Ljava/io/Writer;)V+162
j  org.grails.plugins.web.taglib.RenderTagLib$_closure7.doCall(Ljava/util/Map;Ljava/lang/Object;)Ljava/lang/Object;+74
j  sun.reflect.GeneratedMethodAccessor535.invoke(Ljava/lang/Object;[Ljava/lang/Object;)Ljava/lang/Object;+48
J 799 C1 sun.reflect.DelegatingMethodAccessorImpl.invoke(Ljava/lang/Object;[Ljava/lang/Object;)Ljava/lang/Object; (10 bytes) @ 0x00007fa319399cc4 [0x00007fa319399c80+0x44]
J 798 C1 java.lang.reflect.Method.invoke(Ljava/lang/Object;[Ljava/lang/Object;)Ljava/lang/Object; (62 bytes) @ 0x00007fa3193998d4 [0x00007fa3193997e0+0xf4]
J 1854 C1 org.springsource.loaded.ri.ReflectiveInterceptor.jlrMethodInvoke(Ljava/lang/reflect/Method;Ljava/lang/Object;[Ljava/lang/Object;)Ljava/lang/Object; (2214 bytes) @ 0x00007fa319540e24 [0x00007fa31953f6a0+0x1784]
J 3640 C1 org.codehaus.groovy.reflection.CachedMethod.invoke(Ljava/lang/Object;[Ljava/lang/Object;)Ljava/lang/Object; (70 bytes) @ 0x00007fa3198f8e74 [0x00007fa3198f8e40+0x34]
J 1881 C1 groovy.lang.MetaMethod.doMethodInvoke(Ljava/lang/Object;[Ljava/lang/Object;)Ljava/lang/Object; (22 bytes) @ 0x00007fa31955b354 [0x00007fa31955b2e0+0x74]
J 3638 C1 org.codehaus.groovy.runtime.metaclass.ClosureMetaClass.invokeMethod(Ljava/lang/Class;Ljava/lang/Object;Ljava/lang/String;[Ljava/lang/Object;ZZ)Ljava/lang/Object; (892 bytes) @ 0x00007fa3198f60c4 [0x00007fa3198f4f00+0x11c4]
J 1856 C1 groovy.lang.MetaClassImpl.invokeMethod(Ljava/lang/Object;Ljava/lang/String;[Ljava/lang/Object;)Ljava/lang/Object; (14 bytes) @ 0x00007fa31954dd5c [0x00007fa31954dd00+0x5c]
J 4046 C1 groovy.lang.Closure.call([Ljava/lang/Object;)Ljava/lang/Object; (30 bytes) @ 0x00007fa3199c633c [0x00007fa3199c62c0+0x7c]
J 9273 C1 org.grails.taglib.TagOutput.captureTagOutput(Lorg/grails/taglib/TagLibraryLookup;Ljava/lang/String;Ljava/lang/String;Ljava/util/Map;Ljava/lang/Object;Lorg/grails/taglib/encoder/OutputContext;)Ljava/lang/Object; (558 bytes) @ 0x00007fa31a3c43d4 [0x00007fa31a3c35a0+0xe34]
J 10605 C1 org.grails.taglib.TagLibraryMetaUtils$_registerMethodMissingForTags_closure3.doCall(Ljava/util/Map;)Ljava/lang/Object; (52 bytes) @ 0x00007fa31a6b5894 [0x00007fa31a6b5700+0x194]
J 10135 C1 sun.reflect.GeneratedMethodAccessor234.invoke(Ljava/lang/Object;[Ljava/lang/Object;)Ljava/lang/Object; (65 bytes) @ 0x00007fa31a59aab4 [0x00007fa31a59a9e0+0xd4]
J 799 C1 sun.reflect.DelegatingMethodAccessorImpl.invoke(Ljava/lang/Object;[Ljava/lang/Object;)Ljava/lang/Object; (10 bytes) @ 0x00007fa319399cc4 [0x00007fa319399c80+0x44]
J 798 C1 java.lang.reflect.Method.invoke(Ljava/lang/Object;[Ljava/lang/Object;)Ljava/lang/Object; (62 bytes) @ 0x00007fa3193998d4 [0x00007fa3193997e0+0xf4]
J 1854 C1 org.springsource.loaded.ri.ReflectiveInterceptor.jlrMethodInvoke(Ljava/lang/reflect/Method;Ljava/lang/Object;[Ljava/lang/Object;)Ljava/lang/Object; (2214 bytes) @ 0x00007fa319540e24 [0x00007fa31953f6a0+0x1784]
J 3640 C1 org.codehaus.groovy.reflection.CachedMethod.invoke(Ljava/lang/Object;[Ljava/lang/Object;)Ljava/lang/Object; (70 bytes) @ 0x00007fa3198f8e74 [0x00007fa3198f8e40+0x34]
J 9878 C1 org.codehaus.groovy.runtime.metaclass.ClosureMetaMethod.invoke(Ljava/lang/Object;[Ljava/lang/Object;)Ljava/lang/Object; (32 bytes) @ 0x00007fa31a511eec [0x00007fa31a511e20+0xcc]
J 1881 C1 groovy.lang.MetaMethod.doMethodInvoke(Ljava/lang/Object;[Ljava/lang/Object;)Ljava/lang/Object; (22 bytes) @ 0x00007fa31955b354 [0x00007fa31955b2e0+0x74]
J 3638 C1 org.codehaus.groovy.runtime.metaclass.ClosureMetaClass.invokeMethod(Ljava/lang/Class;Ljava/lang/Object;Ljava/lang/String;[Ljava/lang/Object;ZZ)Ljava/lang/Object; (892 bytes) @ 0x00007fa3198f608c [0x00007fa3198f4f00+0x118c]
J 1856 C1 groovy.lang.MetaClassImpl.invokeMethod(Ljava/lang/Object;Ljava/lang/String;[Ljava/lang/Object;)Ljava/lang/Object; (14 bytes) @ 0x00007fa31954dd5c [0x00007fa31954dd00+0x5c]
J 8161 C1 org.codehaus.groovy.runtime.callsite.PogoMetaClassSite.callCurrent(Lgroovy/lang/GroovyObject;[Ljava/lang/Object;)Ljava/lang/Object; (92 bytes) @ 0x00007fa31a10738c [0x00007fa31a107280+0x10c]
J 7470 C1 org.codehaus.groovy.runtime.callsite.AbstractCallSite.callCurrent(Lgroovy/lang/GroovyObject;Ljava/lang/Object;)Ljava/lang/Object; (37 bytes) @ 0x00007fa319f91de4 [0x00007fa319f91c60+0x184]
j  grails.plugin.formfields.FormFieldsTagLib$_closure4.doCall(Ljava/lang/Object;Ljava/lang/Object;)Ljava/lang/Object;+556
v  ~StubRoutines::call_stub
V  [libjvm.so+0x695ae6]  JavaCalls::call_helper(JavaValue*, methodHandle*, JavaCallArguments*, Thread*)+0x1056
V  [libjvm.so+0x9a3fa7]  Reflection::invoke(instanceKlassHandle, methodHandle, Handle, bool, objArrayHandle, BasicType, objArrayHandle, bool, Thread*)+0x5d7
V  [libjvm.so+0x9a76b7]  Reflection::invoke_method(oopDesc*, Handle, objArrayHandle, Thread*)+0x147
V  [libjvm.so+0x72962b]  JVM_InvokeMethod+0x26b
J 2057  sun.reflect.NativeMethodAccessorImpl.invoke0(Ljava/lang/reflect/Method;Ljava/lang/Object;[Ljava/lang/Object;)Ljava/lang/Object; (0 bytes) @ 0x00007fa3195a69ad [0x00007fa3195a68c0+0xed]
J 2056 C1 sun.reflect.NativeMethodAccessorImpl.invoke(Ljava/lang/Object;[Ljava/lang/Object;)Ljava/lang/Object; (104 bytes) @ 0x00007fa3195a7054 [0x00007fa3195a6ce0+0x374]
J 799 C1 sun.reflect.DelegatingMethodAccessorImpl.invoke(Ljava/lang/Object;[Ljava/lang/Object;)Ljava/lang/Object; (10 bytes) @ 0x00007fa319399cc4 [0x00007fa319399c80+0x44]
J 798 C1 java.lang.reflect.Method.invoke(Ljava/lang/Object;[Ljava/lang/Object;)Ljava/lang/Object; (62 bytes) @ 0x00007fa3193998d4 [0x00007fa3193997e0+0xf4]
J 1854 C1 org.springsource.loaded.ri.ReflectiveInterceptor.jlrMethodInvoke(Ljava/lang/reflect/Method;Ljava/lang/Object;[Ljava/lang/Object;)Ljava/lang/Object; (2214 bytes) @ 0x00007fa319540e24 [0x00007fa31953f6a0+0x1784]
J 3640 C1 org.codehaus.groovy.reflection.CachedMethod.invoke(Ljava/lang/Object;[Ljava/lang/Object;)Ljava/lang/Object; (70 bytes) @ 0x00007fa3198f8e74 [0x00007fa3198f8e40+0x34]
J 1881 C1 groovy.lang.MetaMethod.doMethodInvoke(Ljava/lang/Object;[Ljava/lang/Object;)Ljava/lang/Object; (22 bytes) @ 0x00007fa31955b354 [0x00007fa31955b2e0+0x74]
...<more frames>...


---------------  P R O C E S S  ---------------

Java Threads: ( => current thread )
  0x00007fa328016800 JavaThread "DestroyJavaVM" [_thread_blocked, id=2363, stack(0x00007fa3309da000,0x00007fa330adb000)]
  0x00007fa329cd4000 JavaThread "Thread-6" daemon [_thread_blocked, id=2405, stack(0x00007fa29beff000,0x00007fa29c000000)]
  0x00007fa329cd1000 JavaThread "Thread-8" [_thread_blocked, id=2404, stack(0x00007fa2d00eb000,0x00007fa2d01ec000)]
  0x00007fa329ccb800 JavaThread "Thread-7" daemon [_thread_in_native, id=2403, stack(0x00007fa2d01ec000,0x00007fa2d02ed000)]
  0x00007fa329cb4000 JavaThread "http-nio-8080-AsyncTimeout" daemon [_thread_blocked, id=2402, stack(0x00007fa2d04ed000,0x00007fa2d05ee000)]
  0x00007fa329cb2800 JavaThread "http-nio-8080-Acceptor-0" daemon [_thread_in_native, id=2401, stack(0x00007fa2d05ee000,0x00007fa2d06ef000)]
  0x00007fa329cb0000 JavaThread "http-nio-8080-ClientPoller-1" daemon [_thread_in_native, id=2400, stack(0x00007fa2d06ef000,0x00007fa2d07f0000)]
  0x00007fa329ca1800 JavaThread "http-nio-8080-ClientPoller-0" daemon [_thread_in_native, id=2399, stack(0x00007fa2d07f0000,0x00007fa2d08f1000)]
  0x00007fa329c91800 JavaThread "http-nio-8080-exec-10" daemon [_thread_blocked, id=2398, stack(0x00007fa2d08f1000,0x00007fa2d09f2000)]
  0x00007fa329c8f800 JavaThread "http-nio-8080-exec-9" daemon [_thread_blocked, id=2397, stack(0x00007fa2d09f2000,0x00007fa2d0af3000)]
  0x00007fa329c8e000 JavaThread "http-nio-8080-exec-8" daemon [_thread_blocked, id=2396, stack(0x00007fa2d0af3000,0x00007fa2d0bf4000)]
  0x00007fa329c8c000 JavaThread "http-nio-8080-exec-7" daemon [_thread_blocked, id=2395, stack(0x00007fa2d0bf4000,0x00007fa2d0cf5000)]
  0x00007fa329c8a000 JavaThread "http-nio-8080-exec-6" daemon [_thread_blocked, id=2394, stack(0x00007fa2d0cf5000,0x00007fa2d0df6000)]
  0x00007fa329c88000 JavaThread "http-nio-8080-exec-5" daemon [_thread_blocked, id=2393, stack(0x00007fa2d0df6000,0x00007fa2d0ef7000)]
  0x00007fa329c86000 JavaThread "http-nio-8080-exec-4" daemon [_thread_blocked, id=2392, stack(0x00007fa2d0ef7000,0x00007fa2d0ff8000)]
  0x00007fa329c84000 JavaThread "http-nio-8080-exec-3" daemon [_thread_blocked, id=2391, stack(0x00007fa2d0ff8000,0x00007fa2d10f9000)]
  0x00007fa329c82000 JavaThread "http-nio-8080-exec-2" daemon [_thread_blocked, id=2390, stack(0x00007fa2d10f9000,0x00007fa2d11fa000)]
=>0x00007fa329c80800 JavaThread "http-nio-8080-exec-1" daemon [_thread_in_Java, id=2389, stack(0x00007fa2d11fa000,0x00007fa2d12fb000)]
  0x00007fa329c7d800 JavaThread "NioBlockingSelector.BlockPoller-1" daemon [_thread_in_native, id=2388, stack(0x00007fa2d12fb000,0x00007fa2d13fc000)]
  0x00007fa32999e800 JavaThread "container-0" [_thread_blocked, id=2387, stack(0x00007fa2d19fc000,0x00007fa2d1afd000)]
  0x00007fa32999d800 JavaThread "ContainerBackgroundProcessor[StandardEngine[Tomcat]]" daemon [_thread_blocked, id=2386, stack(0x00007fa2d1afd000,0x00007fa2d1bfe000)]
  0x00007fa3295a3800 JavaThread "clojure.core/tap-loop" daemon [_thread_blocked, id=2382, stack(0x00007fa310677000,0x00007fa310778000)]
  0x00007fa32932b800 JavaThread "Tomcat JDBC Pool Cleaner[414493378:1527204515630]" daemon [_thread_blocked, id=2380, stack(0x00007fa310978000,0x00007fa310a79000)]
  0x00007fa32882f800 JavaThread "FileSystemWatcher: files=#88 cl=sun.misc.Launcher$AppClassLoader@18b4aac2" daemon [_thread_blocked, id=2377, stack(0x00007fa3116d0000,0x00007fa3117d1000)]
  0x00007fa328788800 JavaThread "Service Thread" daemon [_thread_blocked, id=2375, stack(0x00007fa3118e5000,0x00007fa3119e6000)]
  0x00007fa328778000 JavaThread "C1 CompilerThread2" daemon [_thread_blocked, id=2374, stack(0x00007fa3119e6000,0x00007fa311ae7000)]
  0x00007fa328775800 JavaThread "C2 CompilerThread1" daemon [_thread_blocked, id=2373, stack(0x00007fa311ae7000,0x00007fa311be8000)]
  0x00007fa328780000 JavaThread "C2 CompilerThread0" daemon [_thread_blocked, id=2372, stack(0x00007fa311be8000,0x00007fa311ce9000)]
  0x00007fa32818a800 JavaThread "Signal Dispatcher" daemon [_thread_blocked, id=2371, stack(0x00007fa31201d000,0x00007fa31211e000)]
  0x00007fa328157800 JavaThread "Finalizer" daemon [_thread_blocked, id=2370, stack(0x00007fa3180f1000,0x00007fa3181f2000)]
  0x00007fa328153000 JavaThread "Reference Handler" daemon [_thread_blocked, id=2369, stack(0x00007fa3181f2000,0x00007fa3182f3000)]

Other Threads:
  0x00007fa32814b800 VMThread [stack: 0x00007fa3182f3000,0x00007fa3183f4000] [id=2368]
  0x00007fa32878b800 WatcherThread [stack: 0x00007fa3117e4000,0x00007fa3118e5000] [id=2376]

VM state:not at safepoint (normal execution)

VM Mutex/Monitor currently owned by a thread: None

Heap:
 PSYoungGen      total 199168K, used 116972K [0x00000000f0000000, 0x0000000100000000, 0x0000000100000000)
  eden space 137728K, 62% used [0x00000000f0000000,0x00000000f536f5c0,0x00000000f8680000)
  from space 61440K, 51% used [0x00000000f8680000,0x00000000fa54bd80,0x00000000fc280000)
  to   space 58880K, 0% used [0x00000000fc680000,0x00000000fc680000,0x0000000100000000)
 ParOldGen       total 524288K, used 120892K [0x00000000d0000000, 0x00000000f0000000, 0x00000000f0000000)
  object space 524288K, 23% used [0x00000000d0000000,0x00000000d760f328,0x00000000f0000000)
 Metaspace       used 83455K, capacity 88420K, committed 88728K, reserved 1124352K
  class space    used 12081K, capacity 13663K, committed 13720K, reserved 1048576K

Card table byte_map: [0x00007fa32d3ee000,0x00007fa32d56f000] byte_map_base: 0x00007fa32cd6e000

Marking Bits: (ParMarkBitMap*) 0x00007fa32fea9920
 Begin Bits: [0x00007fa312800000, 0x00007fa313400000)
 End Bits:   [0x00007fa313400000, 0x00007fa314000000)

Polling page: 0x00007fa330af4000

CodeCache: size=245760Kb used=25205Kb max_used=25205Kb free=220554Kb
 bounds [0x00007fa319000000, 0x00007fa31a8b0000, 0x00007fa328000000]
 total_blobs=12013 nmethods=11213 adapters=712
 compilation: enabled

Compilation events (10 events):
Event: 1547,725 Thread 0x00007fa328778000 11402   !   1       org.springsource.loaded.ri.ReloadedTypeInvoker::createJavaMethod (138 bytes)
Event: 1547,727 Thread 0x00007fa328778000 nmethod 11402 0x00007fa31a89be10 code [0x00007fa31a89c080, 0x00007fa31a89c9b8]
Event: 1547,728 Thread 0x00007fa328778000 11404       1       sl.org.objectweb.asm.Type::getReturnType (18 bytes)
Event: 1547,728 Thread 0x00007fa328778000 nmethod 11404 0x00007fa31a89d690 code [0x00007fa31a89d820, 0x00007fa31a89da68]
Event: 1547,730 Thread 0x00007fa328778000 11405       1       org.springsource.loaded.Utils::slashedNamesToClasses (32 bytes)
Event: 1547,730 Thread 0x00007fa328778000 nmethod 11405 0x00007fa31a89dbd0 code [0x00007fa31a89dd60, 0x00007fa31a89e018]
Event: 1547,731 Thread 0x00007fa328778000 11406   !   1       org.springsource.loaded.jvm.JVM::newMethod (112 bytes)
Event: 1547,733 Thread 0x00007fa328778000 nmethod 11406 0x00007fa31a89e210 code [0x00007fa31a89e440, 0x00007fa31a89ee48]
Event: 1547,735 Thread 0x00007fa328778000 11407   !   1       sun.reflect.GeneratedConstructorAccessor139::newInstance (281 bytes)
Event: 1547,737 Thread 0x00007fa328778000 nmethod 11407 0x00007fa31a89fb90 code [0x00007fa31a89fde0, 0x00007fa31a8a0b08]

GC Heap History (10 events):
Event: 357,065 GC heap before
{Heap before GC invocations=50 (full 3):
 PSYoungGen      total 192512K, used 165543K [0x00000000f0000000, 0x0000000100000000, 0x0000000100000000)
  eden space 122880K, 99% used [0x00000000f0000000,0x00000000f77ef7e0,0x00000000f7800000)
  from space 69632K, 61% used [0x00000000fbc00000,0x00000000fe5ba440,0x0000000100000000)
  to   space 69632K, 0% used [0x00000000f7800000,0x00000000f7800000,0x00000000fbc00000)
 ParOldGen       total 524288K, used 100860K [0x00000000d0000000, 0x00000000f0000000, 0x00000000f0000000)
  object space 524288K, 19% used [0x00000000d0000000,0x00000000d627f1a8,0x00000000f0000000)
 Metaspace       used 81540K, capacity 86260K, committed 86424K, reserved 1122304K
  class space    used 11859K, capacity 13388K, committed 13464K, reserved 1048576K
Event: 357,127 GC heap after
Heap after GC invocations=50 (full 3):
 PSYoungGen      total 192512K, used 41413K [0x00000000f0000000, 0x0000000100000000, 0x0000000100000000)
  eden space 122880K, 0% used [0x00000000f0000000,0x00000000f0000000,0x00000000f7800000)
  from space 69632K, 59% used [0x00000000f7800000,0x00000000fa0715b8,0x00000000fbc00000)
  to   space 68608K, 0% used [0x00000000fbd00000,0x00000000fbd00000,0x0000000100000000)
 ParOldGen       total 524288K, used 102876K [0x00000000d0000000, 0x00000000f0000000, 0x00000000f0000000)
  object space 524288K, 19% used [0x00000000d0000000,0x00000000d6477048,0x00000000f0000000)
 Metaspace       used 81540K, capacity 86260K, committed 86424K, reserved 1122304K
  class space    used 11859K, capacity 13388K, committed 13464K, reserved 1048576K
}
Event: 364,227 GC heap before
{Heap before GC invocations=51 (full 3):
 PSYoungGen      total 192512K, used 164293K [0x00000000f0000000, 0x0000000100000000, 0x0000000100000000)
  eden space 122880K, 100% used [0x00000000f0000000,0x00000000f7800000,0x00000000f7800000)
  from space 69632K, 59% used [0x00000000f7800000,0x00000000fa0715b8,0x00000000fbc00000)
  to   space 68608K, 0% used [0x00000000fbd00000,0x00000000fbd00000,0x0000000100000000)
 ParOldGen       total 524288K, used 102876K [0x00000000d0000000, 0x00000000f0000000, 0x00000000f0000000)
  object space 524288K, 19% used [0x00000000d0000000,0x00000000d6477048,0x00000000f0000000)
 Metaspace       used 81782K, capacity 86534K, committed 86808K, reserved 1122304K
  class space    used 11914K, capacity 13474K, committed 13592K, reserved 1048576K
Event: 364,284 GC heap after
Heap after GC invocations=51 (full 3):
 PSYoungGen      total 196096K, used 36879K [0x00000000f0000000, 0x0000000100000000, 0x0000000100000000)
  eden space 127488K, 0% used [0x00000000f0000000,0x00000000f0000000,0x00000000f7c80000)
  from space 68608K, 53% used [0x00000000fbd00000,0x00000000fe103d38,0x0000000100000000)
  to   space 66048K, 0% used [0x00000000f7c80000,0x00000000f7c80000,0x00000000fbd00000)
 ParOldGen       total 524288K, used 108176K [0x00000000d0000000, 0x00000000f0000000, 0x00000000f0000000)
  object space 524288K, 20% used [0x00000000d0000000,0x00000000d69a4098,0x00000000f0000000)
 Metaspace       used 81782K, capacity 86534K, committed 86808K, reserved 1122304K
  class space    used 11914K, capacity 13474K, committed 13592K, reserved 1048576K
}
Event: 423,160 GC heap before
{Heap before GC invocations=52 (full 3):
 PSYoungGen      total 196096K, used 164367K [0x00000000f0000000, 0x0000000100000000, 0x0000000100000000)
  eden space 127488K, 100% used [0x00000000f0000000,0x00000000f7c80000,0x00000000f7c80000)
  from space 68608K, 53% used [0x00000000fbd00000,0x00000000fe103d38,0x0000000100000000)
  to   space 66048K, 0% used [0x00000000f7c80000,0x00000000f7c80000,0x00000000fbd00000)
 ParOldGen       total 524288K, used 108176K [0x00000000d0000000, 0x00000000f0000000, 0x00000000f0000000)
  object space 524288K, 20% used [0x00000000d0000000,0x00000000d69a4098,0x00000000f0000000)
 Metaspace       used 81836K, capacity 86624K, committed 86808K, reserved 1122304K
  class space    used 11924K, capacity 13489K, committed 13592K, reserved 1048576K
Event: 423,199 GC heap after
Heap after GC invocations=52 (full 3):
 PSYoungGen      total 193536K, used 33799K [0x00000000f0000000, 0x0000000100000000, 0x0000000100000000)
  eden space 127488K, 0% used [0x00000000f0000000,0x00000000f0000000,0x00000000f7c80000)
  from space 66048K, 51% used [0x00000000f7c80000,0x00000000f9d81db0,0x00000000fbd00000)
  to   space 62976K, 0% used [0x00000000fc280000,0x00000000fc280000,0x0000000100000000)
 ParOldGen       total 524288K, used 111518K [0x00000000d0000000, 0x00000000f0000000, 0x00000000f0000000)
  object space 524288K, 21% used [0x00000000d0000000,0x00000000d6ce78f0,0x00000000f0000000)
 Metaspace       used 81836K, capacity 86624K, committed 86808K, reserved 1122304K
  class space    used 11924K, capacity 13489K, committed 13592K, reserved 1048576K
}
Event: 507,131 GC heap before
{Heap before GC invocations=53 (full 3):
 PSYoungGen      total 193536K, used 161287K [0x00000000f0000000, 0x0000000100000000, 0x0000000100000000)
  eden space 127488K, 100% used [0x00000000f0000000,0x00000000f7c80000,0x00000000f7c80000)
  from space 66048K, 51% used [0x00000000f7c80000,0x00000000f9d81db0,0x00000000fbd00000)
  to   space 62976K, 0% used [0x00000000fc280000,0x00000000fc280000,0x0000000100000000)
 ParOldGen       total 524288K, used 111518K [0x00000000d0000000, 0x00000000f0000000, 0x00000000f0000000)
  object space 524288K, 21% used [0x00000000d0000000,0x00000000d6ce78f0,0x00000000f0000000)
 Metaspace       used 82105K, capacity 87012K, committed 87320K, reserved 1122304K
  class space    used 11945K, capacity 13512K, committed 13592K, reserved 1048576K
Event: 507,166 GC heap after
Heap after GC invocations=53 (full 3):
 PSYoungGen      total 200704K, used 29853K [0x00000000f0000000, 0x0000000100000000, 0x0000000100000000)
  eden space 137728K, 0% used [0x00000000f0000000,0x00000000f0000000,0x00000000f8680000)
  from space 62976K, 47% used [0x00000000fc280000,0x00000000fdfa7610,0x0000000100000000)
  to   space 61440K, 0% used [0x00000000f8680000,0x00000000f8680000,0x00000000fc280000)
 ParOldGen       total 524288K, used 116050K [0x00000000d0000000, 0x00000000f0000000, 0x00000000f0000000)
  object space 524288K, 22% used [0x00000000d0000000,0x00000000d7154be0,0x00000000f0000000)
 Metaspace       used 82105K, capacity 87012K, committed 87320K, reserved 1122304K
  class space    used 11945K, capacity 13512K, committed 13592K, reserved 1048576K
}
Event: 1440,937 GC heap before
{Heap before GC invocations=54 (full 3):
 PSYoungGen      total 200704K, used 167581K [0x00000000f0000000, 0x0000000100000000, 0x0000000100000000)
  eden space 137728K, 99% used [0x00000000f0000000,0x00000000f867ff80,0x00000000f8680000)
  from space 62976K, 47% used [0x00000000fc280000,0x00000000fdfa7610,0x0000000100000000)
  to   space 61440K, 0% used [0x00000000f8680000,0x00000000f8680000,0x00000000fc280000)
 ParOldGen       total 524288K, used 116050K [0x00000000d0000000, 0x00000000f0000000, 0x00000000f0000000)
  object space 524288K, 22% used [0x00000000d0000000,0x00000000d7154be0,0x00000000f0000000)
 Metaspace       used 82711K, capacity 87612K, committed 87832K, reserved 1124352K
  class space    used 12011K, capacity 13580K, committed 13592K, reserved 1048576K
Event: 1441,217 GC heap after
Heap after GC invocations=54 (full 3):
 PSYoungGen      total 199168K, used 31535K [0x00000000f0000000, 0x0000000100000000, 0x0000000100000000)
  eden space 137728K, 0% used [0x00000000f0000000,0x00000000f0000000,0x00000000f8680000)
  from space 61440K, 51% used [0x00000000f8680000,0x00000000fa54bd80,0x00000000fc280000)
  to   space 58880K, 0% used [0x00000000fc680000,0x00000000fc680000,0x0000000100000000)
 ParOldGen       total 524288K, used 120892K [0x00000000d0000000, 0x00000000f0000000, 0x00000000f0000000)
  object space 524288K, 23% used [0x00000000d0000000,0x00000000d760f328,0x00000000f0000000)
 Metaspace       used 82711K, capacity 87612K, committed 87832K, reserved 1124352K
  class space    used 12011K, capacity 13580K, committed 13592K, reserved 1048576K
}

Deoptimization events (0 events):
No events

Classes redefined (0 events):
No events

Internal exceptions (10 events):
Event: 1547,728 Thread 0x00007fa329c80800 Exception <a 'java/lang/ArrayIndexOutOfBoundsException'> (0x00000000f520bab8) thrown at [/HUDSON/workspace/8-2-build-linux-amd64/jdk8u161/10277/hotspot/src/share/vm/runtime/sharedRuntime.cpp, line 605]
Event: 1547,728 Thread 0x00007fa329c80800 Exception <a 'java/lang/ArrayIndexOutOfBoundsException'> (0x00000000f520edc8) thrown at [/HUDSON/workspace/8-2-build-linux-amd64/jdk8u161/10277/hotspot/src/share/vm/runtime/sharedRuntime.cpp, line 605]
Event: 1547,728 Thread 0x00007fa329c80800 Exception <a 'java/lang/ArrayIndexOutOfBoundsException'> (0x00000000f5211dd0) thrown at [/HUDSON/workspace/8-2-build-linux-amd64/jdk8u161/10277/hotspot/src/share/vm/runtime/sharedRuntime.cpp, line 605]
Event: 1547,728 Thread 0x00007fa329c80800 Exception <a 'java/lang/ArrayIndexOutOfBoundsException'> (0x00000000f5219748) thrown at [/HUDSON/workspace/8-2-build-linux-amd64/jdk8u161/10277/hotspot/src/share/vm/runtime/sharedRuntime.cpp, line 605]
Event: 1547,729 Thread 0x00007fa329c80800 Exception <a 'java/lang/ArrayIndexOutOfBoundsException'> (0x00000000f521cd58) thrown at [/HUDSON/workspace/8-2-build-linux-amd64/jdk8u161/10277/hotspot/src/share/vm/runtime/sharedRuntime.cpp, line 605]
Event: 1547,729 Thread 0x00007fa329c80800 Exception <a 'java/lang/ArrayIndexOutOfBoundsException'> (0x00000000f5223a90) thrown at [/HUDSON/workspace/8-2-build-linux-amd64/jdk8u161/10277/hotspot/src/share/vm/runtime/sharedRuntime.cpp, line 605]
Event: 1547,729 Thread 0x00007fa329c80800 Exception <a 'java/lang/ArrayIndexOutOfBoundsException'> (0x00000000f522b8c8) thrown at [/HUDSON/workspace/8-2-build-linux-amd64/jdk8u161/10277/hotspot/src/share/vm/runtime/sharedRuntime.cpp, line 605]
Event: 1547,729 Thread 0x00007fa329c80800 Exception <a 'java/lang/ArrayIndexOutOfBoundsException'> (0x00000000f522f278) thrown at [/HUDSON/workspace/8-2-build-linux-amd64/jdk8u161/10277/hotspot/src/share/vm/runtime/sharedRuntime.cpp, line 605]
Event: 1547,729 Thread 0x00007fa329c80800 Exception <a 'java/lang/ArrayIndexOutOfBoundsException'> (0x00000000f52314d0) thrown at [/HUDSON/workspace/8-2-build-linux-amd64/jdk8u161/10277/hotspot/src/share/vm/runtime/sharedRuntime.cpp, line 605]
Event: 1547,737 Thread 0x00007fa329c80800 Implicit null exception at 0x00007fa31a774e41 to 0x0000000000000000

Events (10 events):
Event: 1547,721 loading class monitorapi/MotorDeDatosBeanInfo
Event: 1547,721 loading class monitorapi/MotorDeDatosBeanInfo done
Event: 1547,721 loading class monitorapi/MotorDeDatosBeanInfo
Event: 1547,721 loading class monitorapi/MotorDeDatosBeanInfo done
Event: 1547,721 loading class monitorapi/MotorDeDatosCustomizer
Event: 1547,721 loading class monitorapi/MotorDeDatosCustomizer done
Event: 1547,721 loading class monitorapi/MotorDeDatosCustomizer
Event: 1547,721 loading class monitorapi/MotorDeDatosCustomizer done
Event: 1547,721 loading class monitorapi/MotorDeDatosCustomizer
Event: 1547,722 loading class monitorapi/MotorDeDatosCustomizer done


Dynamic libraries:
00400000-00401000 r-xp 00000000 08:05 5249936                            /usr/lib/jvm/java-8-oracle/bin/java
00600000-00601000 rw-p 00000000 08:05 5249936                            /usr/lib/jvm/java-8-oracle/bin/java
00945000-009aa000 rw-p 00000000 00:00 0                                  [heap]
d0000000-100d66000 rw-p 00000000 00:00 0 
100d66000-140000000 ---p 00000000 00:00 0 
7fa294000000-7fa2941b8000 rw-p 00000000 00:00 0 
7fa2941b8000-7fa298000000 ---p 00000000 00:00 0 
7fa29b4ff000-7fa29b63f000 rw-p 00000000 00:00 0 
7fa29b63f000-7fa29b6ff000 ---p 00000000 00:00 0 
7fa29b6ff000-7fa29b8ff000 rw-p 00000000 00:00 0 
7fa29b8ff000-7fa29baff000 rw-p 00000000 00:00 0 
7fa29baff000-7fa29bcff000 rw-p 00000000 00:00 0 
7fa29bcff000-7fa29beff000 rw-p 00000000 00:00 0 
7fa29beff000-7fa29bf02000 ---p 00000000 00:00 0 
7fa29bf02000-7fa29c000000 rw-p 00000000 00:00 0                          [stack:2405]
7fa29c000000-7fa29c1b5000 rw-p 00000000 00:00 0 
7fa29c1b5000-7fa2a0000000 ---p 00000000 00:00 0 
7fa2a0000000-7fa2a0104000 rw-p 00000000 00:00 0 
7fa2a0104000-7fa2a4000000 ---p 00000000 00:00 0 
7fa2a4000000-7fa2a410d000 rw-p 00000000 00:00 0 
7fa2a410d000-7fa2a8000000 ---p 00000000 00:00 0 
7fa2a8000000-7fa2a82bf000 rw-p 00000000 00:00 0 
7fa2a82bf000-7fa2ac000000 ---p 00000000 00:00 0 
7fa2ac000000-7fa2ac174000 rw-p 00000000 00:00 0 
7fa2ac174000-7fa2b0000000 ---p 00000000 00:00 0 
7fa2b0000000-7fa2b00cb000 rw-p 00000000 00:00 0 
7fa2b00cb000-7fa2b4000000 ---p 00000000 00:00 0 
7fa2b4000000-7fa2b437b000 rw-p 00000000 00:00 0 
7fa2b437b000-7fa2b8000000 ---p 00000000 00:00 0 
7fa2b8000000-7fa2b803d000 rw-p 00000000 00:00 0 
7fa2b803d000-7fa2bc000000 ---p 00000000 00:00 0 
7fa2bc000000-7fa2bc021000 rw-p 00000000 00:00 0 
7fa2bc021000-7fa2c0000000 ---p 00000000 00:00 0 
7fa2c0000000-7fa2c0021000 rw-p 00000000 00:00 0 
7fa2c0021000-7fa2c4000000 ---p 00000000 00:00 0 
7fa2c4000000-7fa2c405b000 rw-p 00000000 00:00 0 
7fa2c405b000-7fa2c8000000 ---p 00000000 00:00 0 
7fa2c8000000-7fa2c8021000 rw-p 00000000 00:00 0 
7fa2c8021000-7fa2cc000000 ---p 00000000 00:00 0 
7fa2cc000000-7fa2cc021000 rw-p 00000000 00:00 0 
7fa2cc021000-7fa2d0000000 ---p 00000000 00:00 0 
7fa2d00eb000-7fa2d00ee000 ---p 00000000 00:00 0 
7fa2d00ee000-7fa2d01ec000 rw-p 00000000 00:00 0                          [stack:2404]
7fa2d01ec000-7fa2d01ef000 ---p 00000000 00:00 0 
7fa2d01ef000-7fa2d04ed000 rw-p 00000000 00:00 0                          [stack:2403]
7fa2d04ed000-7fa2d04f0000 ---p 00000000 00:00 0 
7fa2d04f0000-7fa2d05ee000 rw-p 00000000 00:00 0                          [stack:2402]
7fa2d05ee000-7fa2d05f1000 ---p 00000000 00:00 0 
7fa2d05f1000-7fa2d06ef000 rw-p 00000000 00:00 0                          [stack:2401]
7fa2d06ef000-7fa2d06f2000 ---p 00000000 00:00 0 
7fa2d06f2000-7fa2d07f0000 rw-p 00000000 00:00 0                          [stack:2400]
7fa2d07f0000-7fa2d07f3000 ---p 00000000 00:00 0 
7fa2d07f3000-7fa2d08f1000 rw-p 00000000 00:00 0                          [stack:2399]
7fa2d08f1000-7fa2d08f4000 ---p 00000000 00:00 0 
7fa2d08f4000-7fa2d09f2000 rw-p 00000000 00:00 0                          [stack:2398]
7fa2d09f2000-7fa2d09f5000 ---p 00000000 00:00 0 
7fa2d09f5000-7fa2d0af3000 rw-p 00000000 00:00 0                          [stack:2397]
7fa2d0af3000-7fa2d0af6000 ---p 00000000 00:00 0 
7fa2d0af6000-7fa2d0bf4000 rw-p 00000000 00:00 0                          [stack:2396]
7fa2d0bf4000-7fa2d0bf7000 ---p 00000000 00:00 0 
7fa2d0bf7000-7fa2d0cf5000 rw-p 00000000 00:00 0                          [stack:2395]
7fa2d0cf5000-7fa2d0cf8000 ---p 00000000 00:00 0 
7fa2d0cf8000-7fa2d0df6000 rw-p 00000000 00:00 0                          [stack:2394]
7fa2d0df6000-7fa2d0df9000 ---p 00000000 00:00 0 
7fa2d0df9000-7fa2d0ef7000 rw-p 00000000 00:00 0                          [stack:2393]
7fa2d0ef7000-7fa2d0efa000 ---p 00000000 00:00 0 
7fa2d0efa000-7fa2d0ff8000 rw-p 00000000 00:00 0                          [stack:2392]
7fa2d0ff8000-7fa2d0ffb000 ---p 00000000 00:00 0 
7fa2d0ffb000-7fa2d10f9000 rw-p 00000000 00:00 0                          [stack:2391]
7fa2d10f9000-7fa2d10fc000 ---p 00000000 00:00 0 
7fa2d10fc000-7fa2d11fa000 rw-p 00000000 00:00 0                          [stack:2390]
7fa2d11fa000-7fa2d11fd000 ---p 00000000 00:00 0 
7fa2d11fd000-7fa2d12fb000 rw-p 00000000 00:00 0                          [stack:2389]
7fa2d12fb000-7fa2d12fe000 ---p 00000000 00:00 0 
7fa2d12fe000-7fa2d15fc000 rw-p 00000000 00:00 0                          [stack:2388]
7fa2d15fc000-7fa2d17fc000 rw-p 00000000 00:00 0 
7fa2d17fc000-7fa2d19fc000 rw-p 00000000 00:00 0 
7fa2d19fc000-7fa2d19ff000 ---p 00000000 00:00 0 
7fa2d19ff000-7fa2d1afd000 rw-p 00000000 00:00 0                          [stack:2387]
7fa2d1afd000-7fa2d1b00000 ---p 00000000 00:00 0 
7fa2d1b00000-7fa2d1bfe000 rw-p 00000000 00:00 0                          [stack:2386]
7fa2d1bfe000-7fa2d1c01000 ---p 00000000 00:00 0 
7fa2d1c01000-7fa2d1eff000 rw-p 00000000 00:00 0 
7fa2d1eff000-7fa2d20ff000 rw-p 00000000 00:00 0 
7fa2d20ff000-7fa2d2102000 ---p 00000000 00:00 0 
7fa2d2102000-7fa2d2400000 rw-p 00000000 00:00 0 
7fa2d2400000-7fa2d2600000 rw-p 00000000 00:00 0 
7fa2d2600000-7fa2d2800000 rw-p 00000000 00:00 0 
7fa2d2800000-7fa2d2a00000 rw-p 00000000 00:00 0 
7fa2d2a00000-7fa2d2c00000 rw-p 00000000 00:00 0 
7fa2d2c00000-7fa2d2e00000 rw-p 00000000 00:00 0 
7fa2d2e00000-7fa2d3000000 rw-p 00000000 00:00 0 
7fa2d3000000-7fa2d3200000 rw-p 00000000 00:00 0 
7fa2d3200000-7fa2d3400000 rw-p 00000000 00:00 0 
7fa2d3400000-7fa2d3600000 rw-p 00000000 00:00 0 
7fa2d3600000-7fa2d3800000 rw-p 00000000 00:00 0 
7fa2d3800000-7fa2d3a00000 rw-p 00000000 00:00 0 
7fa2d3a00000-7fa2d3c00000 rw-p 00000000 00:00 0 
7fa2d3c00000-7fa2d3e00000 rw-p 00000000 00:00 0 
7fa2d3e00000-7fa2d4000000 rw-p 00000000 00:00 0 
7fa2d4000000-7fa2d4194000 rw-p 00000000 00:00 0 
7fa2d4194000-7fa2d8000000 ---p 00000000 00:00 0 
7fa2d8000000-7fa2d802e000 rw-p 00000000 00:00 0 
7fa2d802e000-7fa2dc000000 ---p 00000000 00:00 0 
7fa2dc000000-7fa2dc021000 rw-p 00000000 00:00 0 
7fa2dc021000-7fa2e0000000 ---p 00000000 00:00 0 
7fa2e0000000-7fa2e0049000 rw-p 00000000 00:00 0 
7fa2e0049000-7fa2e4000000 ---p 00000000 00:00 0 
7fa2e4000000-7fa2e4e09000 rw-p 00000000 00:00 0 
7fa2e4e09000-7fa2e8000000 ---p 00000000 00:00 0 
7fa2e8000000-7fa2e8021000 rw-p 00000000 00:00 0 
7fa2e8021000-7fa2ec000000 ---p 00000000 00:00 0 
7fa2ec000000-7fa2ec05e000 rw-p 00000000 00:00 0 
7fa2ec05e000-7fa2f0000000 ---p 00000000 00:00 0 
7fa2f0000000-7fa2f0021000 rw-p 00000000 00:00 0 
7fa2f0021000-7fa2f4000000 ---p 00000000 00:00 0 
7fa2f4000000-7fa2f4021000 rw-p 00000000 00:00 0 
7fa2f4021000-7fa2f8000000 ---p 00000000 00:00 0 
7fa2f8000000-7fa2f8021000 rw-p 00000000 00:00 0 
7fa2f8021000-7fa2fc000000 ---p 00000000 00:00 0 
7fa2fc000000-7fa2fc0ca000 rw-p 00000000 00:00 0 
7fa2fc0ca000-7fa300000000 ---p 00000000 00:00 0 
7fa300000000-7fa300021000 rw-p 00000000 00:00 0 
7fa300021000-7fa304000000 ---p 00000000 00:00 0 
7fa304000000-7fa304026000 rw-p 00000000 00:00 0 
7fa304026000-7fa308000000 ---p 00000000 00:00 0 
7fa308000000-7fa308023000 rw-p 00000000 00:00 0 
7fa308023000-7fa30c000000 ---p 00000000 00:00 0 
7fa30c000000-7fa30c02f000 rw-p 00000000 00:00 0 
7fa30c02f000-7fa310000000 ---p 00000000 00:00 0 
7fa31005b000-7fa31005c000 rw-p 00000000 00:00 0 
7fa31005c000-7fa310061000 r--s 002f9000 08:05 5116331                    /usr/lib/jvm/java-8-oracle/jre/lib/charsets.jar
7fa310061000-7fa310066000 r--s 0009d000 08:05 5116334                    /usr/lib/jvm/java-8-oracle/jre/lib/jsse.jar
7fa310066000-7fa310077000 r-xp 00000000 08:05 5116183                    /usr/lib/jvm/java-8-oracle/jre/lib/amd64/libnio.so
7fa310077000-7fa310276000 ---p 00011000 08:05 5116183                    /usr/lib/jvm/java-8-oracle/jre/lib/amd64/libnio.so
7fa310276000-7fa310277000 rw-p 00010000 08:05 5116183                    /usr/lib/jvm/java-8-oracle/jre/lib/amd64/libnio.so
7fa310277000-7fa310477000 rw-p 00000000 00:00 0 
7fa310477000-7fa310677000 rw-p 00000000 00:00 0 
7fa310677000-7fa31067a000 ---p 00000000 00:00 0 
7fa31067a000-7fa310978000 rw-p 00000000 00:00 0                          [stack:2382]
7fa310978000-7fa31097b000 ---p 00000000 00:00 0 
7fa31097b000-7fa310a79000 rw-p 00000000 00:00 0                          [stack:2380]
7fa310a79000-7fa310a82000 r-xp 00000000 08:05 5116227                    /usr/lib/jvm/java-8-oracle/jre/lib/amd64/libmanagement.so
7fa310a82000-7fa310c81000 ---p 00009000 08:05 5116227                    /usr/lib/jvm/java-8-oracle/jre/lib/amd64/libmanagement.so
7fa310c81000-7fa310c82000 rw-p 00008000 08:05 5116227                    /usr/lib/jvm/java-8-oracle/jre/lib/amd64/libmanagement.so
7fa310c82000-7fa310e82000 rw-p 00000000 00:00 0 
7fa310e82000-7fa310e8c000 r--s 00116000 08:05 5116284                    /usr/lib/jvm/java-8-oracle/jre/lib/ext/localedata.jar
7fa310e8c000-7fa31108c000 rw-p 00000000 00:00 0 
7fa31108c000-7fa31128c000 rw-p 00000000 00:00 0 
7fa31128c000-7fa31148c000 rw-p 00000000 00:00 0 
7fa31148c000-7fa3114a2000 r-xp 00000000 08:05 5116175                    /usr/lib/jvm/java-8-oracle/jre/lib/amd64/libnet.so
7fa3114a2000-7fa3116a2000 ---p 00016000 08:05 5116175                    /usr/lib/jvm/java-8-oracle/jre/lib/amd64/libnet.so
7fa3116a2000-7fa3116a3000 rw-p 00016000 08:05 5116175                    /usr/lib/jvm/java-8-oracle/jre/lib/amd64/libnet.so
7fa3116a3000-7fa3116aa000 r--s 00000000 08:05 5243649                    /usr/lib/x86_64-linux-gnu/gconv/gconv-modules.cache
7fa3116aa000-7fa3116d0000 r--p 00000000 08:05 5906313                    /usr/share/locale-langpack/es/LC_MESSAGES/libc.mo
7fa3116d0000-7fa3116d3000 ---p 00000000 00:00 0 
7fa3116d3000-7fa3117d1000 rw-p 00000000 00:00 0                          [stack:2377]
7fa3117d1000-7fa3117e4000 r--s 00345000 08:05 5116294                    /usr/lib/jvm/java-8-oracle/jre/lib/resources.jar
7fa3117e4000-7fa3117e5000 ---p 00000000 00:00 0 
7fa3117e5000-7fa3118e5000 rw-p 00000000 00:00 0                          [stack:2376]
7fa3118e5000-7fa3118e8000 ---p 00000000 00:00 0 
7fa3118e8000-7fa3119e6000 rw-p 00000000 00:00 0                          [stack:2375]
7fa3119e6000-7fa3119e9000 ---p 00000000 00:00 0 
7fa3119e9000-7fa311ae7000 rw-p 00000000 00:00 0                          [stack:2374]
7fa311ae7000-7fa311aea000 ---p 00000000 00:00 0 
7fa311aea000-7fa311be8000 rw-p 00000000 00:00 0                          [stack:2373]
7fa311be8000-7fa311beb000 ---p 00000000 00:00 0 
7fa311beb000-7fa311ce9000 rw-p 00000000 00:00 0                          [stack:2372]
7fa311ce9000-7fa311cf0000 r--s 00065000 08:05 788741                     /home/lucas/.gradle/caches/modules-2/files-2.1/org.springframework/springloaded/1.2.8.RELEASE/b60bac05b0451cdc1863bfec617f39aa0dcaaa43/springloaded-1.2.8.RELEASE.jar
7fa311cf0000-7fa311d29000 r--s 00382000 08:05 787861                     /home/lucas/.gradle/caches/modules-2/files-2.1/com.google.javascript/closure-compiler-unshaded/v20160713/7df7b683e16c93f65361a15356283599ba012c78/closure-compiler-unshaded-v20160713.jar
7fa311d29000-7fa311d36000 r--s 00109000 08:05 787860                     /home/lucas/.gradle/caches/modules-2/files-2.1/org.mozilla/rhino/1.7R4/e982f2136574b9a423186fbaeaaa98dc3e5a5288/rhino-1.7R4.jar
7fa311d36000-7fa311d43000 r--s 00083000 08:05 787934                     /home/lucas/.gradle/caches/modules-2/files-2.1/commons-collections/commons-collections/3.2.2/8ad72fe39fa8c91eaaf12aadb21e0c3661fe26d5/commons-collections-3.2.2.jar
7fa311d43000-7fa311d4a000 r--s 0003f000 08:05 788117                     /home/lucas/.gradle/caches/modules-2/files-2.1/commons-codec/commons-codec/1.10/4b95f4897fa13f2cd904aee711aeafc0c5295cd8/commons-codec-1.10.jar
7fa311d4a000-7fa311d4e000 r--s 0000c000 08:05 787899                     /home/lucas/.gradle/caches/modules-2/files-2.1/javax.validation/validation-api/1.1.0.Final/8613ae82954779d518631e05daa73a6a954817d5/validation-api-1.1.0.Final.jar
7fa311d4e000-7fa311d51000 r--s 00029000 08:05 787918                     /home/lucas/.gradle/caches/modules-2/files-2.1/commons-validator/commons-validator/1.5.1/86d05a46e8f064b300657f751b5a98c62807e2a0/commons-validator-1.5.1.jar
7fa311d51000-7fa311d57000 r--s 00027000 08:05 788116                     /home/lucas/.gradle/caches/modules-2/files-2.1/opensymphony/sitemesh/2.4/fa84c82cce30a9a632c08dd2277d63993d972cf5/sitemesh-2.4.jar
7fa311d57000-7fa311d59000 r--s 00007000 08:05 788115                     /home/lucas/.gradle/caches/modules-2/files-2.1/org.grails/grails-web-taglib/3.3.0/7605089e33d591b25afdbb342c4babe332cda23f/grails-web-taglib-3.3.0.jar
7fa311d59000-7fa311d5c000 r--s 00015000 08:05 788114                     /home/lucas/.gradle/caches/modules-2/files-2.1/org.grails/grails-taglib/3.3.0/38a8e5db6edc038642399f0b01268647f50e8acf/grails-taglib-3.3.0.jar
7fa311d5c000-7fa311d5f000 r--s 0001d000 08:05 787831                     /home/lucas/.gradle/caches/modules-2/files-2.1/org.codehaus.groovy/groovy-json/2.4.11/98b01ddd7811e27b8bb7900e3ea029d86f243e10/groovy-json-2.4.11.jar
7fa311d5f000-7fa311d63000 r--s 00042000 08:05 788853                     /home/lucas/.gradle/caches/modules-2/files-2.1/com.fasterxml.jackson.core/jackson-core/2.8.10/eb21a035c66ad307e66ec8fce37f5d50fd62d039/jackson-core-2.8.10.jar
7fa311d63000-7fa311d66000 r--s 0000b000 08:05 788112                     /home/lucas/.gradle/caches/modules-2/files-2.1/com.fasterxml.jackson.core/jackson-annotations/2.8.0/45b426f7796b741035581a176744d91090e2e6fb/jackson-annotations-2.8.0.jar
7fa311d66000-7fa311d67000 r--s 00005000 08:05 788852                     /home/lucas/.gradle/caches/modules-2/files-2.1/org.grails/grails-codecs/3.3.1/3c4916f28a6c0606e74ea3b2eec043f4d8009b76/grails-codecs-3.3.1.jar
7fa311d67000-7fa311d70000 r--s 0002d000 08:05 788110                     /home/lucas/.gradle/caches/modules-2/files-2.1/xml-apis/xml-apis/1.4.01/3789d9fada2d3d458c4ba2de349d48780f381ee3/xml-apis-1.4.01.jar
7fa311d70000-7fa311d72000 r--s 00008000 08:05 787859                     /home/lucas/.gradle/caches/modules-2/files-2.1/javax.el/javax.el-api/2.2.4/1287562cc3f0ff5439ded6f2949e73ce1c0edaab/javax.el-api-2.2.4.jar
7fa311d72000-7fa311d83000 r--s 000a1000 08:05 788109                     /home/lucas/.gradle/caches/modules-2/files-2.1/org.hibernate/hibernate-validator/5.3.5.Final/622a9bcef2eed6d41b5b8e0662c36212009e375/hibernate-validator-5.3.5.Final.jar
7fa311d83000-7fa311d8b000 r--s 0005f000 08:05 788734                     /home/lucas/.gradle/caches/modules-2/files-2.1/org.grails/grails-datastore-gorm-hibernate-core/6.1.7.RELEASE/346ae87f8177cec666f589c64b63802d42f8b949/grails-datastore-gorm-hibernate-core-6.1.7.RELEASE.jar
7fa311d8b000-7fa311d9d000 r--s 000b7000 08:05 787853                     /home/lucas/.gradle/caches/modules-2/files-2.1/org.springframework/spring-web/4.3.9.RELEASE/91dae64c4280093ad5fb4736a10913c9233479c1/spring-web-4.3.9.RELEASE.jar
7fa311d9d000-7fa311da2000 r--s 00026000 08:05 788851                     /home/lucas/.gradle/caches/modules-2/files-2.1/org.grails/scaffolding-core/1.1.1/c79e9bd310896f3afbba331170c54fa2ce7f9a5d/scaffolding-core-1.1.1.jar
7fa311da2000-7fa311da5000 r--s 00013000 08:05 788736                     /home/lucas/.gradle/caches/modules-2/files-2.1/org.grails/grails-datastore-gorm-validation/6.1.7.RELEASE/cd758751b770daf3822b8add3deeef6caddc2639/grails-datastore-gorm-validation-6.1.7.RELEASE.jar
7fa311da5000-7fa311da7000 r--s 00014000 08:05 788108                     /home/lucas/.gradle/caches/modules-2/files-2.1/org.apache.tomcat.embed/tomcat-embed-logging-log4j/8.5.2/53bdd1eebc7393713261d178ac096a742423f940/tomcat-embed-logging-log4j-8.5.2.jar
7fa311da7000-7fa311db8000 r--s 000d0000 08:05 788733                     /home/lucas/.gradle/caches/modules-2/files-2.1/org.grails/grails-datastore-gorm/6.1.7.RELEASE/11a8a8412efdba169796ee2076c66bdd41133607/grails-datastore-gorm-6.1.7.RELEASE.jar
7fa311db8000-7fa311dba000 r--s 00012000 08:05 788107                     /home/lucas/.gradle/caches/modules-2/files-2.1/org.codehaus.groovy/groovy-sql/2.4.11/7dc8cd811a8a575a45570d4870e59dd101add69b/groovy-sql-2.4.11.jar
7fa311dba000-7fa311dc4000 r--s 0005f000 08:05 787898                     /home/lucas/.gradle/caches/modules-2/files-2.1/org.springframework/spring-jdbc/4.3.9.RELEASE/ef8476b954a4211a21147b3ae15996443a76c6f8/spring-jdbc-4.3.9.RELEASE.jar
7fa311dc4000-7fa311dc6000 r--s 00006000 08:05 788850                     /home/lucas/.gradle/caches/modules-2/files-2.1/org.grails/grails-plugin-domain-class/3.3.1/ce12322574dd2cb7248421d27ec560ef22fbf7f5/grails-plugin-domain-class-3.3.1.jar
7fa311dc6000-7fa311dc7000 r--s 00004000 08:05 788849                     /home/lucas/.gradle/caches/modules-2/files-2.1/org.grails/grails-plugin-validation/3.3.1/3168f2575449d8900414add03cba436b634813b3/grails-plugin-validation-3.3.1.jar
7fa311dc7000-7fa311dc9000 r--s 00009000 08:05 788848                     /home/lucas/.gradle/caches/modules-2/files-2.1/org.grails/grails-plugin-mimetypes/3.3.1/7ad7df939804408e00313ef2116b8150b5c109ec/grails-plugin-mimetypes-3.3.1.jar
7fa311dc9000-7fa311dcb000 r--s 0000b000 08:05 788103                     /home/lucas/.gradle/caches/modules-2/files-2.1/org.grails/grails-web-sitemesh/3.3.0/93ce68536c5806bcfc2b4a65cf57971f4bd0d2ce/grails-web-sitemesh-3.3.0.jar
7fa311dcb000-7fa311dcd000 r--s 00011000 08:05 788102                     /home/lucas/.gradle/caches/modules-2/files-2.1/org.grails/grails-web-gsp/3.3.0/e0cd55173b03fca8b1caabde8633a4592d0e5dd3/grails-web-gsp-3.3.0.jar
7fa311dcd000-7fa311dce000 r--s 00005000 08:05 788847                     /home/lucas/.gradle/caches/modules-2/files-2.1/org.grails/grails-web-mvc/3.3.1/47d74fb2369aedf7caae9d31ad99f9c47d1b490c/grails-web-mvc-3.3.1.jar
7fa311dce000-7fa311dd1000 r--s 0002a000 08:05 788846                     /home/lucas/.gradle/caches/modules-2/files-2.1/org.grails/grails-web-url-mappings/3.3.1/33b8754988e4266d6fd4098fdd999553d019e679/grails-web-url-mappings-3.3.1.jar
7fa311dd1000-7fa311dd4000 r--s 00014000 08:05 788845                     /home/lucas/.gradle/caches/modules-2/files-2.1/org.grails/grails-web-databinding/3.3.1/b2d61a870a4cde5a36d67cef633fff90fea562d1/grails-web-databinding-3.3.1.jar
7fa311dd4000-7fa311dd9000 r--s 00029000 08:05 788098                     /home/lucas/.gradle/caches/modules-2/files-2.1/org.springframework/spring-context-support/4.3.9.RELEASE/89a700b072aaa699c2c389a86505e03df8d9b634/spring-context-support-4.3.9.RELEASE.jar
7fa311dd9000-7fa311dea000 r--s 000cf000 08:05 788097                     /home/lucas/.gradle/caches/modules-2/files-2.1/org.springframework/spring-webmvc/4.3.9.RELEASE/ca80b4a00abc388d8046bf372099f35564371c47/spring-webmvc-4.3.9.RELEASE.jar
7fa311dea000-7fa311ded000 r--s 00027000 08:05 788096                     /home/lucas/.gradle/caches/modules-2/files-2.1/org.grails/grails-gsp/3.3.0/58e246e986a5d293806b3768d8efb73b1dc71047/grails-gsp-3.3.0.jar
7fa311ded000-7fa311df1000 r--s 00029000 08:05 788844                     /home/lucas/.gradle/caches/modules-2/files-2.1/org.grails/grails-encoder/3.3.1/9f06540f34ca7e0138b97d9a7fac0d8d5d69a841/grails-encoder-3.3.1.jar
7fa311df1000-7fa311df3000 r--s 0000f000 08:05 788843                     /home/lucas/.gradle/caches/modules-2/files-2.1/org.grails/grails-databinding/3.3.1/bfc442e6b20c042276b391eedb02096591df5d0e/grails-databinding-3.3.1.jar
7fa311df3000-7fa311e05000 r--s 0011e000 08:05 788842                     /home/lucas/.gradle/caches/modules-2/files-2.1/com.fasterxml.jackson.core/jackson-databind/2.8.10/f7b83cb2bc4b88d53961e749e1ad32f49ef017b7/jackson-databind-2.8.10.jar
7fa311e05000-7fa311e06000 r--s 00003000 08:05 787895                     /home/lucas/.gradle/caches/modules-2/files-2.1/javax.transaction/jta/1.1/2ca09f0b36ca7d71b762e14ea2ff09d5eac57558/jta-1.1.jar
7fa311e06000-7fa311e0c000 r--s 0003d000 08:05 788092                     /home/lucas/.gradle/caches/modules-2/files-2.1/org.yaml/snakeyaml/1.17/7a27ea250c5130b2922b86dea63cbb1cc10a660c/snakeyaml-1.17.jar
7fa311e0c000-7fa311e0e000 r--s 00016000 08:05 787839                     /home/lucas/.gradle/caches/modules-2/files-2.1/org.codehaus.groovy/groovy-templates/2.4.11/2c091b3dd45a99376e696e8f2d04cfcfb4da6a96/groovy-templates-2.4.11.jar
7fa311e0e000-7fa311e12000 r--s 00031000 08:05 787838                     /home/lucas/.gradle/caches/modules-2/files-2.1/org.codehaus.groovy/groovy-xml/2.4.11/5841f1ac5141c7a930ec0c28b14dacdfbc5640e6/groovy-xml-2.4.11.jar
7fa311e12000-7fa311e17000 r--s 0003c000 08:05 788091                     /home/lucas/.gradle/caches/modules-2/files-2.1/org.springframework/spring-expression/4.3.9.RELEASE/4edca6913da9e62a6586714e053e01a61952a153/spring-expression-4.3.9.RELEASE.jar
7fa311e17000-7fa311e20000 r--s 00054000 08:05 788090                     /home/lucas/.gradle/caches/modules-2/files-2.1/org.springframework/spring-aop/4.3.9.RELEASE/95f5f5cf3cae64266a89dc1bc9e0484425cd8358/spring-aop-4.3.9.RELEASE.jar
7fa311e20000-7fa311e22000 r--s 0000e000 08:05 787925                     /home/lucas/.gradle/caches/modules-2/files-2.1/commons-logging/commons-logging/1.2/4bfc12adfe4842bf07b657f0369c4cb522955686/commons-logging-1.2.jar
7fa311e22000-7fa311e2d000 r--s 0006a000 08:05 788089                     /home/lucas/.gradle/caches/modules-2/files-2.1/ch.qos.logback/logback-core/1.1.11/88b8df40340eed549fb07e2613879bf6b006704d/logback-core-1.1.11.jar
7fa311e2d000-7fa311e31000 r--s 00049000 08:05 787828                     /home/lucas/.gradle/caches/modules-2/files-2.1/com.bertramlabs.plugins/asset-pipeline-core/2.14.2/91e427fa721bb38ff18b8b1752b1081f8e90fc76/asset-pipeline-core-2.14.2.jar
7fa311e31000-7fa311e33000 r--s 0000a000 08:05 788841                     /home/lucas/.gradle/caches/modules-2/files-2.1/org.apache.tomcat/tomcat-juli/8.5.20/6c0579d329696059f377585d2a51455bf083d9ee/tomcat-juli-8.5.20.jar
7fa311e33000-7fa311e35000 r--s 00007000 08:05 788087                     /home/lucas/.gradle/caches/modules-2/files-2.1/javax.el/el-api/2.1.2-b03/1ac087d9d1a632d2ff82fa1e8b6610aca025ff2a/el-api-2.1.2-b03.jar
7fa311e35000-7fa311e37000 r--s 00000000 08:05 788699                     /home/lucas/.gradle/caches/modules-2/files-2.1/org.clojure/core.specs.alpha/0.1.24/2637e33f693f51267f04e63f2acfb5d182e7bf56/core.specs.alpha-0.1.24.jar
7fa311e37000-7fa311e38000 r--s 00004000 08:05 788840                     /home/lucas/.gradle/caches/modules-2/files-2.1/org.grails/grails-plugin-codecs/3.3.1/b0d1f87b66d585ffe22cdfe86614fc45b190dedf/grails-plugin-codecs-3.3.1.jar
7fa311e38000-7fa311e3d000 r--s 00041000 08:05 788085                     /home/lucas/.gradle/caches/modules-2/files-2.1/commons-lang/commons-lang/2.6/ce1edb914c94ebc388f086c6827e8bdeec71ac2/commons-lang-2.6.jar
7fa311e3d000-7fa311e3f000 r--s 0000b000 08:05 788084                     /home/lucas/.gradle/caches/modules-2/files-2.1/org.grails/grails-web-gsp-taglib/3.3.0/72e3b9636f0a777bebfeb117e3b2f95defd44959/grails-web-gsp-taglib-3.3.0.jar
7fa311e3f000-7fa311e41000 r--s 0001f000 08:05 788083                     /home/lucas/.gradle/caches/modules-2/files-2.1/org.grails/grails-web-jsp/3.3.0/83df1e17ef4301c34db377e817bdb6a842e82b8e/grails-web-jsp-3.3.0.jar
7fa311e41000-7fa311e44000 r--s 00010000 08:05 787851                     /home/lucas/.gradle/caches/modules-2/files-2.1/org.hibernate.common/hibernate-commons-annotations/5.0.1.Final/71e1cff3fcb20d3b3af4f3363c3ddb24d33c6879/hibernate-commons-annotations-5.0.1.Final.jar
7fa311e44000-7fa311e49000 r--s 00048000 08:05 787850                     /home/lucas/.gradle/caches/modules-2/files-2.1/dom4j/dom4j/1.6.1/5d3ccc056b6f056dbf0dddfdf43894b9065a8f94/dom4j-1.6.1.jar
7fa311e49000-7fa311e4b000 r--s 0000e000 08:05 788839                     /home/lucas/.gradle/caches/modules-2/files-2.1/com.fasterxml/classmate/1.3.4/3d5f48f10bbe4eb7bd862f10c0583be2e0053c6/classmate-1.3.4.jar
7fa311e4b000-7fa311e4e000 r--s 0002b000 08:05 787848                     /home/lucas/.gradle/caches/modules-2/files-2.1/org.jboss/jandex/2.0.3.Final/bfc4d6257dbff7a33a357f0de116be6ff951d849/jandex-2.0.3.Final.jar
7fa311e4e000-7fa311e4f000 r--s 00003000 08:05 787847                     /home/lucas/.gradle/caches/modules-2/files-2.1/org.apache.geronimo.specs/geronimo-jta_1.1_spec/1.1.1/aabab3165b8ea936b9360abbf448459c0d04a5a4/geronimo-jta_1.1_spec-1.1.1.jar
7fa311e4f000-7fa311e54000 r--s 00068000 08:05 787846                     /home/lucas/.gradle/caches/modules-2/files-2.1/antlr/antlr/2.7.7/83cd2cd674a217ade95a4bb83a8a14f351f48bd0/antlr-2.7.7.jar
7fa311e54000-7fa311e57000 r--s 0000e000 08:05 788081                     /home/lucas/.gradle/caches/modules-2/files-2.1/org.jboss.logging/jboss-logging/3.3.1.Final/c46217ab74b532568c0ed31dc599db3048bd1b67/jboss-logging-3.3.1.Final.jar
7fa311e57000-7fa311e61000 r--s 0006b000 08:05 787923                     /home/lucas/.gradle/caches/modules-2/files-2.1/org.springframework/spring-orm/4.3.9.RELEASE/ea9de867a7b686744f0e0bc1ecfcc9d3844e4cd7/spring-orm-4.3.9.RELEASE.jar
7fa311e61000-7fa311e65000 r--s 00039000 08:05 788729                     /home/lucas/.gradle/caches/modules-2/files-2.1/org.grails/grails-datastore-gorm-hibernate5/6.1.7.RELEASE/2fb91b3ce13d3540561ed885db11515bf7d448ae/grails-datastore-gorm-hibernate5-6.1.7.RELEASE.jar
7fa311e65000-7fa311e68000 r--s 00012000 08:05 788728                     /home/lucas/.gradle/caches/modules-2/files-2.1/org.grails/grails-datastore-gorm-support/6.1.7.RELEASE/5953cb43cf2dec7645bc71b079fad1efe6024858/grails-datastore-gorm-support-6.1.7.RELEASE.jar
7fa311e68000-7fa311e69000 r--s 00002000 08:05 788727                     /home/lucas/.gradle/caches/modules-2/files-2.1/org.grails/grails-datastore-web/6.1.7.RELEASE/7e3048b1c599ecd008f82d4c7d27e2aeeb428f70/grails-datastore-web-6.1.7.RELEASE.jar
7fa311e69000-7fa311e6b000 r--s 00003000 08:05 788838                     /home/lucas/.gradle/caches/modules-2/files-2.1/org.grails/grails-events-compat/3.3.2/1250482ac83841a19c75b150777a2d2c28592d33/grails-events-compat-3.3.2.jar
7fa311e6b000-7fa311e6c000 r--s 00007000 08:05 788837                     /home/lucas/.gradle/caches/modules-2/files-2.1/org.grails/grails-events-transform/3.3.2/645c93ccb03ea27a23d6ac25265b01e5a63b9525/grails-events-transform-3.3.2.jar
7fa311e6c000-7fa311e6e000 r--s 0000b000 08:05 788836                     /home/lucas/.gradle/caches/modules-2/files-2.1/org.grails/grails-events/3.3.2/a4c70fc8c391d8060d715ea68bfe4ff87761fd02/grails-events-3.3.2.jar
7fa311e6e000-7fa311e70000 r--s 0001f000 08:05 788835                     /home/lucas/.gradle/caches/modules-2/files-2.1/org.grails.plugins/fields/2.2.3/79149f99c909ddae5bc11d89642e14d2a275e683/fields-2.2.3.jar
7fa311e70000-7fa311e73000 r--s 0000e000 08:05 788834                     /home/lucas/.gradle/caches/modules-2/files-2.1/org.grails/grails-async/3.3.2/df2d4d6d96161b1105298a951c6fff31dd52e1e9/grails-async-3.3.2.jar
7fa311e73000-7fa311e7d000 r--s 000aa000 08:05 787924                     /home/lucas/.gradle/caches/modules-2/files-2.1/org.javassist/javassist/3.21.0-GA/598244f595db5c5fb713731eddbb1c91a58d959b/javassist-3.21.0-GA.jar
7fa311e7d000-7fa311e80000 r--s 00016000 08:05 788833                     /home/lucas/.gradle/caches/modules-2/files-2.1/org.grails/grails-validation/3.3.1/f66663f58eb6968dbf7a14aba50bdfe0df7e4e00/grails-validation-3.3.1.jar
7fa311e80000-7fa311e84000 r--s 0001e000 08:05 788832                     /home/lucas/.gradle/caches/modules-2/files-2.1/org.grails.plugins/converters/3.3.1/afc1ea5fa7d7d52e83017856fa5a651d38145048/converters-3.3.1.jar
7fa311e84000-7fa311e86000 r--s 00005000 08:05 788831                     /home/lucas/.gradle/caches/modules-2/files-2.1/org.grails/grails-plugin-datasource/3.3.1/73fdfe72856f81490997cc931eedcf58d94350ae/grails-plugin-datasource-3.3.1.jar
7fa311e86000-7fa311e89000 r--s 00019000 08:05 788830                     /home/lucas/.gradle/caches/modules-2/files-2.1/org.grails/grails-plugin-controllers/3.3.1/d9bd9533f4bd36301f0e52d02301a01e9c583797/grails-plugin-controllers-3.3.1.jar
7fa311e89000-7fa311e8a000 r--s 00005000 08:05 788823                     /home/lucas/.gradle/caches/modules-2/files-2.1/org.grails/grails-web/3.3.1/e4902a6837bea0e2a822b84218ce05df8464ec7d/grails-web-3.3.1.jar
7fa311e8a000-7fa311e8e000 r--s 00028000 08:05 788822                     /home/lucas/.gradle/caches/modules-2/files-2.1/org.grails/grails-web-common/3.3.1/41d3b02341ff6fc3de6e5f420aabb69b82df85e4/grails-web-common-3.3.1.jar
7fa311e8e000-7fa311e93000 r--s 00038000 08:05 788821                     /home/lucas/.gradle/caches/modules-2/files-2.1/org.apache.tomcat.embed/tomcat-embed-websocket/8.5.20/4df9055507926a2651f691cc9964c50493a0ab29/tomcat-embed-websocket-8.5.20.jar
7fa311e93000-7fa311e98000 r--s 00036000 08:05 788820                     /home/lucas/.gradle/caches/modules-2/files-2.1/org.apache.tomcat.embed/tomcat-embed-el/8.5.20/42960f481a8a80f4ffd3b865c2232820e3565bf1/tomcat-embed-el-8.5.20.jar
7fa311e98000-7fa311ec2000 r--s 002c4000 08:05 788829                     /home/lucas/.gradle/caches/modules-2/files-2.1/org.apache.tomcat.embed/tomcat-embed-core/8.5.20/b9026ee20f1f6a2b0fc3e51dd806d800901448b0/tomcat-embed-core-8.5.20.jar
7fa311ec2000-7fa311ed1000 r--s 00079000 08:05 788828                     /home/lucas/.gradle/caches/modules-2/files-2.1/org.springframework.boot/spring-boot-actuator/1.5.7.RELEASE/ff3124e2359be5e6c0d9cc501bf214413a329fee/spring-boot-actuator-1.5.7.RELEASE.jar
7fa311ed1000-7fa311ed5000 r--s 00040000 08:05 788064                     /home/lucas/.gradle/caches/modules-2/files-2.1/xalan/serializer/2.7.2/24247f3bb052ee068971393bdb83e04512bb1c3c/serializer-2.7.2.jar
7fa311ed5000-7fa311ee3000 r--s 00081000 08:05 788732                     /home/lucas/.gradle/caches/modules-2/files-2.1/org.grails/grails-datastore-core/6.1.7.RELEASE/8c1d7df90cf1dedb8c7569b6b36307df9301856a/grails-datastore-core-6.1.7.RELEASE.jar
7fa311ee3000-7fa311ee8000 r--s 00038000 08:05 788724                     /home/lucas/.gradle/caches/modules-2/files-2.1/org.grails/grails-bootstrap/3.3.1/fd56fe5b91d228b5e0baaf395064afe24c341e65/grails-bootstrap-3.3.1.jar
7fa311ee8000-7fa311f01000 r--s 000fe000 08:05 787854                     /home/lucas/.gradle/caches/modules-2/files-2.1/org.springframework/spring-context/4.3.9.RELEASE/a186823724f03b98becd5f93b1fa107fe6f7a7ff/spring-context-4.3.9.RELEASE.jar
7fa311f01000-7fa311f0f000 r--s 000ad000 08:05 787893                     /home/lucas/.gradle/caches/modules-2/files-2.1/org.springframework/spring-beans/4.3.9.RELEASE/daa5abf3779c8cad1a2910e1ea08e4272489d8ae/spring-beans-4.3.9.RELEASE.jar
7fa311f0f000-7fa311f17000 r--s 0003a000 08:05 787894                     /home/lucas/.gradle/caches/modules-2/files-2.1/org.springframework/spring-tx/4.3.9.RELEASE/7a7b1775e1e604841f8b619e110e43d9929c37ab/spring-tx-4.3.9.RELEASE.jar
7fa311f17000-7fa311f2d000 r--s 000fc000 08:05 787868                     /home/lucas/.gradle/caches/modules-2/files-2.1/org.springframework/spring-core/4.3.9.RELEASE/430b7298bfb85d66fb61e19ca8f06231b911e9f5/spring-core-4.3.9.RELEASE.jar
7fa311f2d000-7fa311f31000 r--s 00019000 08:05 787892                     /home/lucas/.gradle/caches/modules-2/files-2.1/com.googlecode.concurrentlinkedhashmap/concurrentlinkedhashmap-lru/1.4.2/2eaf3d3c9746d526ff7e5b93931d482c3887e6ac/concurrentlinkedhashmap-lru-1.4.2.jar
7fa311f31000-7fa311f36000 r--s 00017000 08:05 787845                     /home/lucas/.gradle/caches/modules-2/files-2.1/org.hibernate.javax.persistence/hibernate-jpa-2.1-api/1.0.0.Final/5e731d961297e5a07290bfaf3db1fbc8bbbf405a/hibernate-jpa-2.1-api-1.0.0.Final.jar
7fa311f36000-7fa311f38000 r--s 00009000 08:05 788062                     /home/lucas/.gradle/caches/modules-2/files-2.1/org.slf4j/slf4j-api/1.7.25/da76ca59f6a57ee3102f8f9bd9cee742973efa8a/slf4j-api-1.7.25.jar
7fa311f38000-7fa311f85000 r--s 0040d000 08:05 787815                     /home/lucas/.gradle/caches/modules-2/files-2.1/org.codehaus.groovy/groovy/2.4.11/52a60df8b4cbfe39469171a42ca77a3e4eb4e737/groovy-2.4.11.jar
7fa311f85000-7fa311f95000 r--s 00095000 08:05 788825                     /home/lucas/.gradle/caches/modules-2/files-2.1/org.springframework.boot/spring-boot/1.5.7.RELEASE/1006870df7b3dc203df7ce84463c5dd7049fdaa4/spring-boot-1.5.7.RELEASE.jar
7fa311f95000-7fa311f97000 r--s 00004000 08:05 788060                     /home/lucas/.gradle/caches/modules-2/files-2.1/org.slf4j/log4j-over-slf4j/1.7.25/a87bb47468f47ee7aabbd54f93e133d4215769c3/log4j-over-slf4j-1.7.25.jar
7fa311f97000-7fa311f99000 r--s 00000000 08:05 788059                     /home/lucas/.gradle/caches/modules-2/files-2.1/org.slf4j/jul-to-slf4j/1.7.25/af5364cd6679bfffb114f0dec8a157aaa283b76/jul-to-slf4j-1.7.25.jar
7fa311f99000-7fa311f9b000 r--s 00003000 08:05 788058                     /home/lucas/.gradle/caches/modules-2/files-2.1/org.slf4j/jcl-over-slf4j/1.7.25/f8c32b13ff142a513eeb5b6330b1588dcb2c0461/jcl-over-slf4j-1.7.25.jar
7fa311f9b000-7fa311fa2000 r--s 00045000 08:05 788057                     /home/lucas/.gradle/caches/modules-2/files-2.1/ch.qos.logback/logback-classic/1.1.11/ccedfbacef4a6515d2983e3f89ed753d5d4fb665/logback-classic-1.1.11.jar
7fa311fa2000-7fa311fb1000 r--s 001ae000 08:05 788819                     /home/lucas/.gradle/caches/modules-2/files-2.1/com.h2database/h2/1.4.196/dd0034398d593aa3588c6773faac429bbd9aea0e/h2-1.4.196.jar
7fa311fb1000-7fa31201d000 r--s 0050a000 08:05 787824                     /home/lucas/.gradle/caches/modules-2/files-2.1/org.hibernate/hibernate-core/5.1.5.Final/28366d161d448e82370e5bbd871eb2835ba0fb7b/hibernate-core-5.1.5.Final.jar
7fa31201d000-7fa312020000 ---p 00000000 00:00 0 
7fa312020000-7fa31211e000 rw-p 00000000 00:00 0                          [stack:2371]
7fa31211e000-7fa312800000 r--p 00000000 08:05 4856772                    /usr/lib/locale/locale-archive
7fa312800000-7fa314000000 rw-p 00000000 00:00 0 
7fa314000000-7fa31405a000 rw-p 00000000 00:00 0 
7fa31405a000-7fa318000000 ---p 00000000 00:00 0 
7fa318000000-7fa318001000 r--s 00000000 08:05 788827                     /home/lucas/.gradle/caches/modules-2/files-2.1/org.springframework.boot/spring-boot-starter/1.5.7.RELEASE/b42fe6962dd8b3be4ac8c1d7134d0ca2d0a35c7e/spring-boot-starter-1.5.7.RELEASE.jar
7fa318001000-7fa318004000 r--s 0001d000 08:05 788056                     /home/lucas/.gradle/caches/modules-2/files-2.1/com.bertramlabs.plugins/asset-pipeline-grails/2.14.2/78d9651f5fc3dee1fce57cd5b01a18f9e53486b0/asset-pipeline-grails-2.14.2.jar
7fa318004000-7fa318007000 r--s 00021000 08:05 788824                     /home/lucas/.gradle/caches/modules-2/files-2.1/org.apache.tomcat/tomcat-jdbc/8.5.20/10d0d288d837ddfc92096920e4571054a3934160/tomcat-jdbc-8.5.20.jar
7fa318007000-7fa31800a000 r--s 00018000 08:05 788053                     /home/lucas/.gradle/caches/modules-2/files-2.1/org.glassfish.web/el-impl/2.1.2-b03/6bab1211b6e6b191fdbf06067bd05d2f75a62ac0/el-impl-2.1.2-b03.jar
7fa31800a000-7fa318016000 r--s 00085000 08:05 788698                     /home/lucas/.gradle/caches/modules-2/files-2.1/org.clojure/spec.alpha/0.1.143/54057fc4330a7b439127effafa92d1bfeefc23f5/spec.alpha-0.1.143.jar
7fa318016000-7fa31805b000 r--s 00349000 08:05 788697                     /home/lucas/.gradle/caches/modules-2/files-2.1/org.clojure/clojure/1.10.0-alpha4/70bc8e3ab1f528c70b8160f74f3d058b802e318a/clojure-1.10.0-alpha4.jar
7fa31805b000-7fa3180f1000 r--s 0110a000 08:05 5116286                    /usr/lib/jvm/java-8-oracle/jre/lib/ext/jfxrt.jar
7fa3180f1000-7fa3180f4000 ---p 00000000 00:00 0 
7fa3180f4000-7fa3181f2000 rw-p 00000000 00:00 0                          [stack:2370]
7fa3181f2000-7fa3181f5000 ---p 00000000 00:00 0 
7fa3181f5000-7fa3182f3000 rw-p 00000000 00:00 0                          [stack:2369]
7fa3182f3000-7fa3182f4000 ---p 00000000 00:00 0 
7fa3182f4000-7fa319000000 rw-p 00000000 00:00 0                          [stack:2368]
7fa319000000-7fa31a8b0000 rwxp 00000000 00:00 0 
7fa31a8b0000-7fa328000000 ---p 00000000 00:00 0 
7fa328000000-7fa329d05000 rw-p 00000000 00:00 0 
7fa329d05000-7fa32c000000 ---p 00000000 00:00 0 
7fa32c000000-7fa32c001000 r--s 00009000 08:05 788826                     /home/lucas/.gradle/caches/modules-2/files-2.1/org.grails/grails-spring/3.3.1/d725a63fada06f093e2caf36cb391eb93edab77e/grails-spring-3.3.1.jar
7fa32c001000-7fa32c006000 r--s 0004b000 08:05 788052                     /home/lucas/.gradle/caches/modules-2/files-2.1/org.grails.plugins/gsp/3.3.0/207d8d9c87e33608297fcd9a97c2105043774287/gsp-3.3.0.jar
7fa32c006000-7fa32c008000 r--s 00006000 08:05 788721                     /home/lucas/.gradle/caches/modules-2/files-2.1/org.grails.plugins/hibernate5/6.1.7/88eeb2085406dc5ce238460f1195dc47602ed566/hibernate5-6.1.7.jar
7fa32c008000-7fa32c009000 r--s 00001000 08:05 788818                     /home/lucas/.gradle/caches/modules-2/files-2.1/org.grails.plugins/events/3.3.2/c43aed0886464bc62b8ef2c4963ea1bedeb19e6/events-3.3.2.jar
7fa32c009000-7fa32c00b000 r--s 00006000 08:05 788817                     /home/lucas/.gradle/caches/modules-2/files-2.1/org.grails.plugins/scaffolding/3.4.0/69e36499fbb7b0f90cf33536695e696243a5a40a/scaffolding-3.4.0.jar
7fa32c00b000-7fa32c00e000 r--s 0000c000 08:05 788816                     /home/lucas/.gradle/caches/modules-2/files-2.1/org.grails.plugins/async/3.3.2/849be6dcabfba176078915404451c4b4479c6d49/async-3.3.2.jar
7fa32c00e000-7fa32c010000 r--s 00011000 08:05 788048                     /home/lucas/.gradle/caches/modules-2/files-2.1/org.grails.plugins/cache/4.0.0/72be24e2f8b3e5407048f5cc5186dcd32e8de841/cache-4.0.0.jar
7fa32c010000-7fa32c012000 r--s 00004000 08:05 788814                     /home/lucas/.gradle/caches/modules-2/files-2.1/org.grails/grails-plugin-url-mappings/3.3.1/328c01583beb08714507a1c8d91e4bdcbf373d4d/grails-plugin-url-mappings-3.3.1.jar
7fa32c012000-7fa32c01f000 r--s 000ad000 08:05 788805                     /home/lucas/.gradle/caches/modules-2/files-2.1/org.grails/grails-core/3.3.1/acdcc471c7c9d0ed550194614ef629558c139571/grails-core-3.3.1.jar
7fa32c01f000-7fa32c03f000 r--s 000e6000 08:05 788804                     /home/lucas/.gradle/caches/modules-2/files-2.1/org.springframework.boot/spring-boot-autoconfigure/1.5.7.RELEASE/e83f1407ff991e9e7eb156f49fa19d868bb73289/spring-boot-autoconfigure-1.5.7.RELEASE.jar
7fa32c03f000-7fa32c391000 rw-p 00000000 00:00 0 
7fa32c391000-7fa32c56a000 r--s 03d64000 08:05 5116291                    /usr/lib/jvm/java-8-oracle/jre/lib/rt.jar
7fa32c56a000-7fa32ceea000 rw-p 00000000 00:00 0 
7fa32ceea000-7fa32ceeb000 ---p 00000000 00:00 0 
7fa32ceeb000-7fa32cfeb000 rw-p 00000000 00:00 0                          [stack:2367]
7fa32cfeb000-7fa32cfec000 ---p 00000000 00:00 0 
7fa32cfec000-7fa32d0ec000 rw-p 00000000 00:00 0                          [stack:2366]
7fa32d0ec000-7fa32d0ed000 ---p 00000000 00:00 0 
7fa32d0ed000-7fa32d1ed000 rw-p 00000000 00:00 0                          [stack:2365]
7fa32d1ed000-7fa32d1ee000 ---p 00000000 00:00 0 
7fa32d1ee000-7fa32d5d2000 rw-p 00000000 00:00 0                          [stack:2364]
7fa32d5d2000-7fa32d92f000 ---p 00000000 00:00 0 
7fa32d92f000-7fa32d94a000 r-xp 00000000 08:05 5116182                    /usr/lib/jvm/java-8-oracle/jre/lib/amd64/libzip.so
7fa32d94a000-7fa32db4a000 ---p 0001b000 08:05 5116182                    /usr/lib/jvm/java-8-oracle/jre/lib/amd64/libzip.so
7fa32db4a000-7fa32db4b000 rw-p 0001b000 08:05 5116182                    /usr/lib/jvm/java-8-oracle/jre/lib/amd64/libzip.so
7fa32db4b000-7fa32db56000 r-xp 00000000 08:05 1183729                    /lib/x86_64-linux-gnu/libnss_files-2.19.so
7fa32db56000-7fa32dd55000 ---p 0000b000 08:05 1183729                    /lib/x86_64-linux-gnu/libnss_files-2.19.so
7fa32dd55000-7fa32dd56000 r--p 0000a000 08:05 1183729                    /lib/x86_64-linux-gnu/libnss_files-2.19.so
7fa32dd56000-7fa32dd57000 rw-p 0000b000 08:05 1183729                    /lib/x86_64-linux-gnu/libnss_files-2.19.so
7fa32dd57000-7fa32dd62000 r-xp 00000000 08:05 1183739                    /lib/x86_64-linux-gnu/libnss_nis-2.19.so
7fa32dd62000-7fa32df61000 ---p 0000b000 08:05 1183739                    /lib/x86_64-linux-gnu/libnss_nis-2.19.so
7fa32df61000-7fa32df62000 r--p 0000a000 08:05 1183739                    /lib/x86_64-linux-gnu/libnss_nis-2.19.so
7fa32df62000-7fa32df63000 rw-p 0000b000 08:05 1183739                    /lib/x86_64-linux-gnu/libnss_nis-2.19.so
7fa32df63000-7fa32df7a000 r-xp 00000000 08:05 1183723                    /lib/x86_64-linux-gnu/libnsl-2.19.so
7fa32df7a000-7fa32e179000 ---p 00017000 08:05 1183723                    /lib/x86_64-linux-gnu/libnsl-2.19.so
7fa32e179000-7fa32e17a000 r--p 00016000 08:05 1183723                    /lib/x86_64-linux-gnu/libnsl-2.19.so
7fa32e17a000-7fa32e17b000 rw-p 00017000 08:05 1183723                    /lib/x86_64-linux-gnu/libnsl-2.19.so
7fa32e17b000-7fa32e17d000 rw-p 00000000 00:00 0 
7fa32e17d000-7fa32e186000 r-xp 00000000 08:05 1183725                    /lib/x86_64-linux-gnu/libnss_compat-2.19.so
7fa32e186000-7fa32e385000 ---p 00009000 08:05 1183725                    /lib/x86_64-linux-gnu/libnss_compat-2.19.so
7fa32e385000-7fa32e386000 r--p 00008000 08:05 1183725                    /lib/x86_64-linux-gnu/libnss_compat-2.19.so
7fa32e386000-7fa32e387000 rw-p 00009000 08:05 1183725                    /lib/x86_64-linux-gnu/libnss_compat-2.19.so
7fa32e387000-7fa32e391000 r-xp 00000000 08:05 5116224                    /usr/lib/jvm/java-8-oracle/jre/lib/amd64/libinstrument.so
7fa32e391000-7fa32e590000 ---p 0000a000 08:05 5116224                    /usr/lib/jvm/java-8-oracle/jre/lib/amd64/libinstrument.so
7fa32e590000-7fa32e591000 rw-p 00009000 08:05 5116224                    /usr/lib/jvm/java-8-oracle/jre/lib/amd64/libinstrument.so
7fa32e591000-7fa32e5bc000 r-xp 00000000 08:05 5116177                    /usr/lib/jvm/java-8-oracle/jre/lib/amd64/libjava.so
7fa32e5bc000-7fa32e7bb000 ---p 0002b000 08:05 5116177                    /usr/lib/jvm/java-8-oracle/jre/lib/amd64/libjava.so
7fa32e7bb000-7fa32e7bd000 rw-p 0002a000 08:05 5116177                    /usr/lib/jvm/java-8-oracle/jre/lib/amd64/libjava.so
7fa32e7bd000-7fa32e7ca000 r-xp 00000000 08:05 5116185                    /usr/lib/jvm/java-8-oracle/jre/lib/amd64/libverify.so
7fa32e7ca000-7fa32e9ca000 ---p 0000d000 08:05 5116185                    /usr/lib/jvm/java-8-oracle/jre/lib/amd64/libverify.so
7fa32e9ca000-7fa32e9cc000 rw-p 0000d000 08:05 5116185                    /usr/lib/jvm/java-8-oracle/jre/lib/amd64/libverify.so
7fa32e9cc000-7fa32e9d3000 r-xp 00000000 08:05 1183782                    /lib/x86_64-linux-gnu/librt-2.19.so
7fa32e9d3000-7fa32ebd2000 ---p 00007000 08:05 1183782                    /lib/x86_64-linux-gnu/librt-2.19.so
7fa32ebd2000-7fa32ebd3000 r--p 00006000 08:05 1183782                    /lib/x86_64-linux-gnu/librt-2.19.so
7fa32ebd3000-7fa32ebd4000 rw-p 00007000 08:05 1183782                    /lib/x86_64-linux-gnu/librt-2.19.so
7fa32ebd4000-7fa32ecd9000 r-xp 00000000 08:05 1183704                    /lib/x86_64-linux-gnu/libm-2.19.so
7fa32ecd9000-7fa32eed8000 ---p 00105000 08:05 1183704                    /lib/x86_64-linux-gnu/libm-2.19.so
7fa32eed8000-7fa32eed9000 r--p 00104000 08:05 1183704                    /lib/x86_64-linux-gnu/libm-2.19.so
7fa32eed9000-7fa32eeda000 rw-p 00105000 08:05 1183704                    /lib/x86_64-linux-gnu/libm-2.19.so
7fa32eeda000-7fa32fbb3000 r-xp 00000000 08:05 5116209                    /usr/lib/jvm/java-8-oracle/jre/lib/amd64/server/libjvm.so
7fa32fbb3000-7fa32fdb2000 ---p 00cd9000 08:05 5116209                    /usr/lib/jvm/java-8-oracle/jre/lib/amd64/server/libjvm.so
7fa32fdb2000-7fa32fe8b000 rw-p 00cd8000 08:05 5116209                    /usr/lib/jvm/java-8-oracle/jre/lib/amd64/server/libjvm.so
7fa32fe8b000-7fa32fed7000 rw-p 00000000 00:00 0 
7fa32fed7000-7fa330093000 r-xp 00000000 08:05 1183654                    /lib/x86_64-linux-gnu/libc-2.19.so
7fa330093000-7fa330292000 ---p 001bc000 08:05 1183654                    /lib/x86_64-linux-gnu/libc-2.19.so
7fa330292000-7fa330296000 r--p 001bb000 08:05 1183654                    /lib/x86_64-linux-gnu/libc-2.19.so
7fa330296000-7fa330298000 rw-p 001bf000 08:05 1183654                    /lib/x86_64-linux-gnu/libc-2.19.so
7fa330298000-7fa33029d000 rw-p 00000000 00:00 0 
7fa33029d000-7fa3302a0000 r-xp 00000000 08:05 1183671                    /lib/x86_64-linux-gnu/libdl-2.19.so
7fa3302a0000-7fa33049f000 ---p 00003000 08:05 1183671                    /lib/x86_64-linux-gnu/libdl-2.19.so
7fa33049f000-7fa3304a0000 r--p 00002000 08:05 1183671                    /lib/x86_64-linux-gnu/libdl-2.19.so
7fa3304a0000-7fa3304a1000 rw-p 00003000 08:05 1183671                    /lib/x86_64-linux-gnu/libdl-2.19.so
7fa3304a1000-7fa3304b7000 r-xp 00000000 08:05 5249981                    /usr/lib/jvm/java-8-oracle/lib/amd64/jli/libjli.so
7fa3304b7000-7fa3306b6000 ---p 00016000 08:05 5249981                    /usr/lib/jvm/java-8-oracle/lib/amd64/jli/libjli.so
7fa3306b6000-7fa3306b7000 rw-p 00015000 08:05 5249981                    /usr/lib/jvm/java-8-oracle/lib/amd64/jli/libjli.so
7fa3306b7000-7fa3306d0000 r-xp 00000000 08:05 1183774                    /lib/x86_64-linux-gnu/libpthread-2.19.so
7fa3306d0000-7fa3308cf000 ---p 00019000 08:05 1183774                    /lib/x86_64-linux-gnu/libpthread-2.19.so
7fa3308cf000-7fa3308d0000 r--p 00018000 08:05 1183774                    /lib/x86_64-linux-gnu/libpthread-2.19.so
7fa3308d0000-7fa3308d1000 rw-p 00019000 08:05 1183774                    /lib/x86_64-linux-gnu/libpthread-2.19.so
7fa3308d1000-7fa3308d5000 rw-p 00000000 00:00 0 
7fa3308d5000-7fa3308f8000 r-xp 00000000 08:05 1183630                    /lib/x86_64-linux-gnu/ld-2.19.so
7fa3308f8000-7fa3308fa000 r--s 00003000 08:05 788813                     /home/lucas/.gradle/caches/modules-2/files-2.1/org.grails/grails-plugin-services/3.3.1/69388fe8807e1d1395573cd034cf8df33894871b/grails-plugin-services-3.3.1.jar
7fa3308fa000-7fa3309da000 rw-p 00000000 00:00 0 
7fa3309da000-7fa3309dd000 ---p 00000000 00:00 0 
7fa3309dd000-7fa330adf000 rw-p 00000000 00:00 0                          [stack:2363]
7fa330adf000-7fa330ae0000 r--s 00008000 08:05 788815                     /home/lucas/.gradle/caches/modules-2/files-2.1/org.grails/grails-plugin-interceptors/3.3.1/d44ba9e8e78b55cee34b513e121e22c5c655df36/grails-plugin-interceptors-3.3.1.jar
7fa330ae0000-7fa330ae1000 r--s 00003000 08:05 788812                     /home/lucas/.gradle/caches/modules-2/files-2.1/org.grails/grails-plugin-i18n/3.3.1/90df8dea0b1d5ca206e5b8c46f8ec0795cfab40c/grails-plugin-i18n-3.3.1.jar
7fa330ae1000-7fa330ae2000 r--s 00004000 08:05 788811                     /home/lucas/.gradle/caches/modules-2/files-2.1/org.grails/grails-plugin-databinding/3.3.1/19a9bb9479ec5b6eb5d4f69052b9adca06b25146/grails-plugin-databinding-3.3.1.jar
7fa330ae2000-7fa330ae6000 r--s 00031000 08:05 788810                     /home/lucas/.gradle/caches/modules-2/files-2.1/org.grails/grails-plugin-rest/3.3.1/1595e20ef6f66c63f66c6a1bb524fe73e96cd298/grails-plugin-rest-3.3.1.jar
7fa330ae6000-7fa330ae7000 r--s 00000000 08:05 788809                     /home/lucas/.gradle/caches/modules-2/files-2.1/org.grails/grails-logging/3.3.1/9b1464fcf12aa09edea27695f88641c5ea9b6bad/grails-logging-3.3.1.jar
7fa330ae7000-7fa330ae8000 r--s 00001000 08:05 788808                     /home/lucas/.gradle/caches/modules-2/files-2.1/org.grails/grails-web-boot/3.3.1/473bf68f1f5d04e973e2dc05489d0a55808162b1/grails-web-boot-3.3.1.jar
7fa330ae8000-7fa330ae9000 r--s 00000000 08:05 788807                     /home/lucas/.gradle/caches/modules-2/files-2.1/org.springframework.boot/spring-boot-starter-tomcat/1.5.7.RELEASE/eae533e2a0111a51d812912acb3d3e2368736d1b/spring-boot-starter-tomcat-1.5.7.RELEASE.jar
7fa330ae9000-7fa330aea000 r--s 00000000 08:05 788806                     /home/lucas/.gradle/caches/modules-2/files-2.1/org.springframework.boot/spring-boot-starter-actuator/1.5.7.RELEASE/c8058080955524edbbacda602f25d1c5fdf2a3a9/spring-boot-starter-actuator-1.5.7.RELEASE.jar
7fa330aea000-7fa330aeb000 r--s 00000000 08:05 788803                     /home/lucas/.gradle/caches/modules-2/files-2.1/org.springframework.boot/spring-boot-starter-logging/1.5.7.RELEASE/c84c4ea09d7f789a0d5e936a961471e5dbd9295e/spring-boot-starter-logging-1.5.7.RELEASE.jar
7fa330aeb000-7fa330af3000 rw-s 00000000 08:05 917523                     /tmp/hsperfdata_lucas/2357
7fa330af3000-7fa330af4000 rw-p 00000000 00:00 0 
7fa330af4000-7fa330af5000 r--p 00000000 00:00 0 
7fa330af5000-7fa330af7000 rw-p 00000000 00:00 0 
7fa330af7000-7fa330af8000 r--p 00022000 08:05 1183630                    /lib/x86_64-linux-gnu/ld-2.19.so
7fa330af8000-7fa330af9000 rw-p 00023000 08:05 1183630                    /lib/x86_64-linux-gnu/ld-2.19.so
7fa330af9000-7fa330afa000 rw-p 00000000 00:00 0 
7fff8043a000-7fff80461000 rw-p 00000000 00:00 0                          [stack]
7fff805f3000-7fff805f5000 r-xp 00000000 00:00 0                          [vdso]
ffffffffff600000-ffffffffff601000 r-xp 00000000 00:00 0                  [vsyscall]

VM Arguments:
jvm_args: -Dendpoints.shutdown.enabled=true -Denv=development -Dfull.stacktrace=false -Dgrails.env=development -Dgrails.full.stacktrace=false -Dinfo.app.grailsVersion=3.3.1 -Dinfo.app.name=monitorApi -Dinfo.app.version=0.1 -Djdk.reflect.allowGetCallerClass=true -Drun.active=true -Dspring.output.ansi.enabled=always -Dspringloaded=inclusions=grails.plugins..*;synchronize=true;allowSplitPackages=true;cacheDir=/home/lucas/Escritorio/Disenio/TDD-2018-01-G07/MonitorEventos/multiproyecto/monitorApi/build/springloaded -Dverbose=false -XX:+TieredCompilation -XX:TieredStopAtLevel=1 -XX:CICompilerCount=3 -javaagent:/home/lucas/.gradle/caches/modules-2/files-2.1/org.springframework/springloaded/1.2.8.RELEASE/b60bac05b0451cdc1863bfec617f39aa0dcaaa43/springloaded-1.2.8.RELEASE.jar -Xverify:none -Xms768m -Xmx768m -Dfile.encoding=UTF-8 -Duser.country=AR -Duser.language=es -Duser.variant 
java_command: monitorapi.Application
java_class_path (initial): /home/lucas/Escritorio/Disenio/TDD-2018-01-G07/MonitorEventos/multiproyecto/monitorApi/src/main/resources:/home/lucas/Escritorio/Disenio/TDD-2018-01-G07/MonitorEventos/multiproyecto/monitorApi/grails-app/views:/home/lucas/Escritorio/Disenio/TDD-2018-01-G07/MonitorEventos/multiproyecto/monitorApi/grails-app/i18n:/home/lucas/Escritorio/Disenio/TDD-2018-01-G07/MonitorEventos/multiproyecto/monitorApi/grails-app/conf:/home/lucas/Escritorio/Disenio/TDD-2018-01-G07/MonitorEventos/multiproyecto/monitorApi/build/classes/main:/home/lucas/Escritorio/Disenio/TDD-2018-01-G07/MonitorEventos/multiproyecto/monitorApi/build/resources/main:/home/lucas/Escritorio/Disenio/TDD-2018-01-G07/MonitorEventos/multiproyecto/monitorApi/gsp-classes:/home/lucas/.gradle/caches/modules-2/files-2.1/org.springframework.boot/spring-boot-starter-logging/1.5.7.RELEASE/c84c4ea09d7f789a0d5e936a961471e5dbd9295e/spring-boot-starter-logging-1.5.7.RELEASE.jar:/home/lucas/.gradle/caches/modules-2/files-2.1/org.springframework.boot/spring-boot-autoconfigure/1.5.7.RELEASE/e83f1407ff991e9e7eb156f49fa19d868bb73289/spring-boot-autoconfigure-1.5.7.RELEASE.jar:/home/lucas/.gradle/caches/modules-2/files-2.1/org.grails/grails-core/3.3.1/acdcc471c7c9d0ed550194614ef629558c139571/grails-core-3.3.1.jar:/home/lucas/.gradle/caches/modules-2/files-2.1/org.springframework.boot/spring-boot-starter-actuator/1.5.7.RELEASE/c8058080955524edbbacda602f25d1c5fdf2a3a9/spring-boot-starter-actuator-1.5.7.RELEASE.jar:/home/lucas/.gradle/caches/modules-2/files-2.1/org.springframework.boot/spring-boot-starter-tomcat/1.5.7.RELEASE/eae533e2a0111a51d812912acb3d3e2368736d1b/spring-boot-starter-tomcat-1.5.7.RELEASE.jar:/home/lucas/.gradle/caches/modules-2/files-2.1/org.grails/grails-web-boot/3.3.1/473bf68f1f5d04e973e2dc05489d0a55808162b1/grails-web-boot-3.3.1.jar:/home/lucas/.gradle/caches/modules-2/files-2.1/org.grails/grails-logging/3.3.1/9b1464fcf12aa09edea27695f88641c5ea9b6bad/grails-logging-3.3.1.jar:/home/lucas
Launcher Type: SUN_STANDARD

Environment Variables:
JAVA_HOME=/usr/lib/jvm/java-8-oracle
PATH=/home/lucas/.sdkman/candidates/grails/current/bin:/usr/local/sbin:/usr/local/bin:/usr/sbin:/usr/bin:/sbin:/bin:/usr/games:/usr/local/games:/usr/lib/jvm/java-8-oracle/bin:/usr/lib/jvm/java-8-oracle/db/bin:/usr/lib/jvm/java-8-oracle/jre/bin
SHELL=/bin/bash
DISPLAY=:0

Signal Handlers:
SIGSEGV: [libjvm.so+0xad01e0], sa_mask[0]=11111111011111111101111111111110, sa_flags=SA_RESTART|SA_SIGINFO
SIGBUS: [libjvm.so+0xad01e0], sa_mask[0]=11111111011111111101111111111110, sa_flags=SA_RESTART|SA_SIGINFO
SIGFPE: [libjvm.so+0x927fb0], sa_mask[0]=11111111011111111101111111111110, sa_flags=SA_RESTART|SA_SIGINFO
SIGPIPE: [libjvm.so+0x927fb0], sa_mask[0]=11111111011111111101111111111110, sa_flags=SA_RESTART|SA_SIGINFO
SIGXFSZ: [libjvm.so+0x927fb0], sa_mask[0]=11111111011111111101111111111110, sa_flags=SA_RESTART|SA_SIGINFO
SIGILL: [libjvm.so+0x927fb0], sa_mask[0]=11111111011111111101111111111110, sa_flags=SA_RESTART|SA_SIGINFO
SIGUSR1: SIG_DFL, sa_mask[0]=00000000000000000000000000000000, sa_flags=none
SIGUSR2: [libjvm.so+0x9297f0], sa_mask[0]=00100000000000000000000000000000, sa_flags=SA_RESTART|SA_SIGINFO
SIGHUP: [libjvm.so+0x92abf0], sa_mask[0]=11111111011111111101111111111110, sa_flags=SA_RESTART|SA_SIGINFO
SIGINT: [libjvm.so+0x92abf0], sa_mask[0]=11111111011111111101111111111110, sa_flags=SA_RESTART|SA_SIGINFO
SIGTERM: [libjvm.so+0x92abf0], sa_mask[0]=11111111011111111101111111111110, sa_flags=SA_RESTART|SA_SIGINFO
SIGQUIT: [libjvm.so+0x92abf0], sa_mask[0]=11111111011111111101111111111110, sa_flags=SA_RESTART|SA_SIGINFO


---------------  S Y S T E M  ---------------

OS:DISTRIB_ID=Ubuntu
DISTRIB_RELEASE=14.04
DISTRIB_CODENAME=trusty
DISTRIB_DESCRIPTION="Ubuntu 14.04.1 LTS"

uname:Linux 3.13.0-32-generic #57-Ubuntu SMP Tue Jul 15 03:51:08 UTC 2014 x86_64
libc:glibc 2.19 NPTL 2.19 
rlimit: STACK 8192k, CORE 0k, NPROC 30244, NOFILE 4096, AS infinity
load average:0,30 0,30 0,34

/proc/meminfo:
MemTotal:        3892812 kB
MemFree:          241976 kB
Buffers:            6072 kB
Cached:           482420 kB
SwapCached:           16 kB
Active:          2488300 kB
Inactive:         975856 kB
Active(anon):    2321400 kB
Inactive(anon):   854788 kB
Active(file):     166900 kB
Inactive(file):   121068 kB
Unevictable:         280 kB
Mlocked:             280 kB
SwapTotal:       4035580 kB
SwapFree:        4035016 kB
Dirty:               580 kB
Writeback:             0 kB
AnonPages:       2975832 kB
Mapped:           244840 kB
Shmem:            200600 kB
Slab:              75968 kB
SReclaimable:      44620 kB
SUnreclaim:        31348 kB
KernelStack:        5296 kB
PageTables:        42312 kB
NFS_Unstable:          0 kB
Bounce:                0 kB
WritebackTmp:          0 kB
CommitLimit:     5981984 kB
Committed_AS:    7838028 kB
VmallocTotal:   34359738367 kB
VmallocUsed:      544776 kB
VmallocChunk:   34359183836 kB
HardwareCorrupted:     0 kB
AnonHugePages:   1841152 kB
HugePages_Total:       0
HugePages_Free:        0
HugePages_Rsvd:        0
HugePages_Surp:        0
Hugepagesize:       2048 kB
DirectMap4k:       60312 kB
DirectMap2M:     3977216 kB


CPU:total 4 (initial active 4) (2 cores per cpu, 2 threads per core) family 6 model 42 stepping 7, cmov, cx8, fxsr, mmx, sse, sse2, sse3, ssse3, sse4.1, sse4.2, popcnt, avx, clmul, ht, tsc, tscinvbit

/proc/cpuinfo:
processor	: 0
vendor_id	: GenuineIntel
cpu family	: 6
model		: 42
model name	: Intel(R) Core(TM) i5-2410M CPU @ 2.30GHz
stepping	: 7
microcode	: 0x14
cpu MHz		: 1800.000
cache size	: 3072 KB
physical id	: 0
siblings	: 4
core id		: 0
cpu cores	: 2
apicid		: 0
initial apicid	: 0
fpu		: yes
fpu_exception	: yes
cpuid level	: 13
wp		: yes
flags		: fpu vme de pse tsc msr pae mce cx8 apic sep mtrr pge mca cmov pat pse36 clflush dts acpi mmx fxsr sse sse2 ss ht tm pbe syscall nx rdtscp lm constant_tsc arch_perfmon pebs bts rep_good nopl xtopology nonstop_tsc aperfmperf eagerfpu pni pclmulqdq dtes64 monitor ds_cpl vmx est tm2 ssse3 cx16 xtpr pdcm pcid sse4_1 sse4_2 x2apic popcnt tsc_deadline_timer xsave avx lahf_lm ida arat epb xsaveopt pln pts dtherm tpr_shadow vnmi flexpriority ept vpid
bogomips	: 4589.97
clflush size	: 64
cache_alignment	: 64
address sizes	: 36 bits physical, 48 bits virtual
power management:

processor	: 1
vendor_id	: GenuineIntel
cpu family	: 6
model		: 42
model name	: Intel(R) Core(TM) i5-2410M CPU @ 2.30GHz
stepping	: 7
microcode	: 0x14
cpu MHz		: 2301.000
cache size	: 3072 KB
physical id	: 0
siblings	: 4
core id		: 1
cpu cores	: 2
apicid		: 2
initial apicid	: 2
fpu		: yes
fpu_exception	: yes
cpuid level	: 13
wp		: yes
flags		: fpu vme de pse tsc msr pae mce cx8 apic sep mtrr pge mca cmov pat pse36 clflush dts acpi mmx fxsr sse sse2 ss ht tm pbe syscall nx rdtscp lm constant_tsc arch_perfmon pebs bts rep_good nopl xtopology nonstop_tsc aperfmperf eagerfpu pni pclmulqdq dtes64 monitor ds_cpl vmx est tm2 ssse3 cx16 xtpr pdcm pcid sse4_1 sse4_2 x2apic popcnt tsc_deadline_timer xsave avx lahf_lm ida arat epb xsaveopt pln pts dtherm tpr_shadow vnmi flexpriority ept vpid
bogomips	: 4589.97
clflush size	: 64
cache_alignment	: 64
address sizes	: 36 bits physical, 48 bits virtual
power management:

processor	: 2
vendor_id	: GenuineIntel
cpu family	: 6
model		: 42
model name	: Intel(R) Core(TM) i5-2410M CPU @ 2.30GHz
stepping	: 7
microcode	: 0x14
cpu MHz		: 2300.000
cache size	: 3072 KB
physical id	: 0
siblings	: 4
core id		: 0
cpu cores	: 2
apicid		: 1
initial apicid	: 1
fpu		: yes
fpu_exception	: yes
cpuid level	: 13
wp		: yes
flags		: fpu vme de pse tsc msr pae mce cx8 apic sep mtrr pge mca cmov pat pse36 clflush dts acpi mmx fxsr sse sse2 ss ht tm pbe syscall nx rdtscp lm constant_tsc arch_perfmon pebs bts rep_good nopl xtopology nonstop_tsc aperfmperf eagerfpu pni pclmulqdq dtes64 monitor ds_cpl vmx est tm2 ssse3 cx16 xtpr pdcm pcid sse4_1 sse4_2 x2apic popcnt tsc_deadline_timer xsave avx lahf_lm ida arat epb xsaveopt pln pts dtherm tpr_shadow vnmi flexpriority ept vpid
bogomips	: 4589.97
clflush size	: 64
cache_alignment	: 64
address sizes	: 36 bits physical, 48 bits virtual
power management:

processor	: 3
vendor_id	: GenuineIntel
cpu family	: 6
model		: 42
model name	: Intel(R) Core(TM) i5-2410M CPU @ 2.30GHz
stepping	: 7
microcode	: 0x14
cpu MHz		: 1600.000
cache size	: 3072 KB
physical id	: 0
siblings	: 4
core id		: 1
cpu cores	: 2
apicid		: 3
initial apicid	: 3
fpu		: yes
fpu_exception	: yes
cpuid level	: 13
wp		: yes
flags		: fpu vme de pse tsc msr pae mce cx8 apic sep mtrr pge mca cmov pat pse36 clflush dts acpi mmx fxsr sse sse2 ss ht tm pbe syscall nx rdtscp lm constant_tsc arch_perfmon pebs bts rep_good nopl xtopology nonstop_tsc aperfmperf eagerfpu pni pclmulqdq dtes64 monitor ds_cpl vmx est tm2 ssse3 cx16 xtpr pdcm pcid sse4_1 sse4_2 x2apic popcnt tsc_deadline_timer xsave avx lahf_lm ida arat epb xsaveopt pln pts dtherm tpr_shadow vnmi flexpriority ept vpid
bogomips	: 4589.97
clflush size	: 64
cache_alignment	: 64
address sizes	: 36 bits physical, 48 bits virtual
power management:



Memory: 4k page, physical 3892812k(241976k free), swap 4035580k(4035016k free)

vm_info: Java HotSpot(TM) 64-Bit Server VM (25.161-b12) for linux-amd64 JRE (1.8.0_161-b12), built on Dec 19 2017 16:12:43 by "java_re" with gcc 4.3.0 20080428 (Red Hat 4.3.0-8)

time: Thu May 24 20:54:11 2018
elapsed time: 1548 seconds (0d 0h 25m 48s)

