#
# A fatal error has been detected by the Java Runtime Environment:
#
#  SIGSEGV (0xb) at pc=0x00007fef4101c234, pid=5584, tid=0x00007feefe4f8700
#
# JRE version: Java(TM) SE Runtime Environment (8.0_161-b12) (build 1.8.0_161-b12)
# Java VM: Java HotSpot(TM) 64-Bit Server VM (25.161-b12 mixed mode linux-amd64 compressed oops)
# Problematic frame:
# j  dashboard.MotorDeDatos_$$_jvstb19_3.addTo(Ljava/lang/String;Ljava/lang/Object;)Ldashboard/MotorDeDatos;+18
#
# Failed to write core dump. Core dumps have been disabled. To enable core dumping, try "ulimit -c unlimited" before starting Java again
#
# If you would like to submit a bug report, please visit:
#   http://bugreport.java.com/bugreport/crash.jsp
#

---------------  T H R E A D  ---------------

Current thread (0x00007fef5198a800):  JavaThread "http-nio-8080-exec-5" daemon [_thread_in_Java, id=5626, stack(0x00007feefe3f8000,0x00007feefe4f9000)]

siginfo: si_signo: 11 (SIGSEGV), si_code: 1 (SEGV_MAPERR), si_addr: 0x0000000000001fa8

Registers:
RAX=0x0000000000001fa0, RBX=0x0000000000000000, RCX=0x0000000000000000, RDX=0x00000000f2676aa0
RSP=0x00007feefe4ebe40, RBP=0x00007feefe4ebec0, RSI=0x00000000f2676aa0, RDI=0x00007fef5198a800
R8 =0x0000000000000000, R9 =0xfffffffffffffff8, R10=0x00007fef589ac5c0, R11=0x0000000100000f28
R12=0x0000000000000000, R13=0x00007feeff7b3c60, R14=0x00007feefe4ebee8, R15=0x00007fef5198a800
RIP=0x00007fef4101c234, EFLAGS=0x0000000000010206, CSGSFS=0x0000000000000033, ERR=0x0000000000000004
  TRAPNO=0x000000000000000e

Top of Stack: (sp=0x00007feefe4ebe40)
0x00007feefe4ebe40:   0000000000001fa0 0000000000000000
0x00007feefe4ebe50:   00000000f2676aa0 00000000f2676aa0
0x00007feefe4ebe60:   00000000d3580858 00000000d3580920
0x00007feefe4ebe70:   00007fef14553588 0000000000007fef
0x00007feefe4ebe80:   00007feefe4ebe80 00007feeff7b3c5a
0x00007feefe4ebe90:   00007feefe4ebee8 00007feeff7bb270
0x00007feefe4ebea0:   0000000000000000 00007feeff7b3c70
0x00007feefe4ebeb0:   0000000000000000 00007feefe4ebed8
0x00007feefe4ebec0:   00007feefe4ebf40 00007fef410007a7
0x00007feefe4ebed0:   00000000d35743b0 00000000f120cfc0
0x00007feefe4ebee0:   0000000000001fa0 00007fef14553588
0x00007feefe4ebef0:   00007fef5198a800 00007feefe4ebfc0
0x00007feefe4ebf00:   00007feefe4ec2d0 00007feefe4ebf80
0x00007feefe4ebf10:   00007feefe4ebf80 00007feefe4ec2d8
0x00007feefe4ebf20:   00007fee0000000c 00007feeff7b3c70
0x00007feefe4ebf30:   00007fef41013600 00007feefe4ec1c8
0x00007feefe4ebf40:   00007feefe4ec0b0 00007fef5806bae6
0x00007feefe4ebf50:   00007fee00000001 00007fef5198a800
0x00007feefe4ebf60:   00007feefe4ec1c0 00007feefe4ec2d0
0x00007feefe4ebf70:   00007fef41013600 010000000000000c
0x00007feefe4ebf80:   00007fef5198a800 00007feed8004760
0x00007feefe4ebf90:   00007feeff7b3c70 00000000f120cfc0
0x00007feefe4ebfa0:   00007feefe4ec4e0 00007fef4158e1b7
0x00007feefe4ebfb0:   0000000000000000 00007feefe4ec2d0
0x00007feefe4ebfc0:   00007fef5198a800 00007fef5198b030
0x00007feefe4ebfd0:   00007fef14553530 00007fef145535a0
0x00007feefe4ebfe0:   00007fef1455b518 00000000000080b0
0x00007feefe4ebff0:   00007feefe4ecc80 0000000000000002
0x00007feefe4ec000:   00007feeff7b3c70 00007fef5198a800
0x00007feefe4ec010:   00007feefe4ec790 00007fef580eebd4
0x00007feefe4ec020:   00007feeff7b3c70 00007fef5198a800
0x00007feefe4ec030:   00007fef41338810 00007fef00000000 

Instructions: (pc=0x00007fef4101c234)
0x00007fef4101c214:   8b 4c 24 08 48 8b 54 24 10 48 63 c9 3b 4a 0c 8b
0x00007fef4101c224:   d9 0f 83 35 6f ff ff 48 85 c0 0f 84 32 01 00 00
0x00007fef4101c234:   8b 58 08 48 c1 e3 03 8b 42 08 48 c1 e0 03 48 8b
0x00007fef4101c244:   80 e8 00 00 00 48 8d 54 8a 10 48 8b 4d e0 48 85 

Register to memory mapping:

RAX=0x0000000000001fa0 is an unknown value
RBX=0x0000000000000000 is an unknown value
RCX=0x0000000000000000 is an unknown value
RDX=0x00000000f2676aa0 is an oop
[Ljava.lang.Object; 
 - klass: 'java/lang/Object'[]
 - length: 2
RSP=0x00007feefe4ebe40 is pointing into the stack for thread: 0x00007fef5198a800
RBP=0x00007feefe4ebec0 is pointing into the stack for thread: 0x00007fef5198a800
RSI=0x00000000f2676aa0 is an oop
[Ljava.lang.Object; 
 - klass: 'java/lang/Object'[]
 - length: 2
RDI=0x00007fef5198a800 is a thread
R8 =0x0000000000000000 is an unknown value
R9 =0xfffffffffffffff8 is an unknown value
R10=0x00007fef589ac5c0: <offset 0xfd65c0> in /usr/lib/jvm/java-8-oracle/jre/lib/amd64/server/libjvm.so at 0x00007fef579d6000
R11=0x0000000100000f28 is pointing into metadata
R12=0x0000000000000000 is an unknown value
R13=0x00007feeff7b3c60 is pointing into metadata
R14=0x00007feefe4ebee8 is pointing into the stack for thread: 0x00007fef5198a800
R15=0x00007fef5198a800 is a thread


Stack: [0x00007feefe3f8000,0x00007feefe4f9000],  sp=0x00007feefe4ebe40,  free space=975k
Native frames: (J=compiled Java code, j=interpreted, Vv=VM code, C=native code)
j  dashboard.MotorDeDatos_$$_jvstb19_3.addTo(Ljava/lang/String;Ljava/lang/Object;)Ldashboard/MotorDeDatos;+18
v  ~StubRoutines::call_stub
V  [libjvm.so+0x695ae6]  JavaCalls::call_helper(JavaValue*, methodHandle*, JavaCallArguments*, Thread*)+0x1056
V  [libjvm.so+0x9a3fa7]  Reflection::invoke(instanceKlassHandle, methodHandle, Handle, bool, objArrayHandle, BasicType, objArrayHandle, bool, Thread*)+0x5d7
V  [libjvm.so+0x9a76b7]  Reflection::invoke_method(oopDesc*, Handle, objArrayHandle, Thread*)+0x147
V  [libjvm.so+0x72962b]  JVM_InvokeMethod+0x26b
J 2014  sun.reflect.NativeMethodAccessorImpl.invoke0(Ljava/lang/reflect/Method;Ljava/lang/Object;[Ljava/lang/Object;)Ljava/lang/Object; (0 bytes) @ 0x00007fef4158e22d [0x00007fef4158e140+0xed]
J 2013 C1 sun.reflect.NativeMethodAccessorImpl.invoke(Ljava/lang/Object;[Ljava/lang/Object;)Ljava/lang/Object; (104 bytes) @ 0x00007fef4158e8d4 [0x00007fef4158e560+0x374]
J 795 C1 sun.reflect.DelegatingMethodAccessorImpl.invoke(Ljava/lang/Object;[Ljava/lang/Object;)Ljava/lang/Object; (10 bytes) @ 0x00007fef4139a004 [0x00007fef41399fc0+0x44]
J 794 C1 java.lang.reflect.Method.invoke(Ljava/lang/Object;[Ljava/lang/Object;)Ljava/lang/Object; (62 bytes) @ 0x00007fef41399c14 [0x00007fef41399b20+0xf4]
J 1822 C1 org.springsource.loaded.ri.ReflectiveInterceptor.jlrMethodInvoke(Ljava/lang/reflect/Method;Ljava/lang/Object;[Ljava/lang/Object;)Ljava/lang/Object; (2214 bytes) @ 0x00007fef4152fed4 [0x00007fef4152e8a0+0x1634]
J 3580 C1 org.codehaus.groovy.reflection.CachedMethod.invoke(Ljava/lang/Object;[Ljava/lang/Object;)Ljava/lang/Object; (70 bytes) @ 0x00007fef418d6a34 [0x00007fef418d6a00+0x34]
J 1840 C1 groovy.lang.MetaMethod.doMethodInvoke(Ljava/lang/Object;[Ljava/lang/Object;)Ljava/lang/Object; (22 bytes) @ 0x00007fef41542654 [0x00007fef415425e0+0x74]
J 5671 C1 org.codehaus.groovy.runtime.metaclass.MethodMetaProperty$GetBeanMethodMetaProperty.getProperty(Ljava/lang/Object;)Ljava/lang/Object; (12 bytes) @ 0x00007fef41c4294c [0x00007fef41c42900+0x4c]
j  org.codehaus.groovy.runtime.callsite.GetEffectivePogoPropertySite.getProperty(Ljava/lang/Object;)Ljava/lang/Object;+5
J 3603 C1 org.codehaus.groovy.runtime.callsite.AbstractCallSite.callGetProperty(Ljava/lang/Object;)Ljava/lang/Object; (12 bytes) @ 0x00007fef418e4aa4 [0x00007fef418e4a40+0x64]
j  grails.plugin.formfields.FormFieldsTagLib.displayAssociation(Ljava/lang/Object;Lgrails/core/GrailsDomainClass;)Ljava/lang/CharSequence;+78
v  ~StubRoutines::call_stub
V  [libjvm.so+0x695ae6]  JavaCalls::call_helper(JavaValue*, methodHandle*, JavaCallArguments*, Thread*)+0x1056
V  [libjvm.so+0x9a3fa7]  Reflection::invoke(instanceKlassHandle, methodHandle, Handle, bool, objArrayHandle, BasicType, objArrayHandle, bool, Thread*)+0x5d7
V  [libjvm.so+0x9a76b7]  Reflection::invoke_method(oopDesc*, Handle, objArrayHandle, Thread*)+0x147
V  [libjvm.so+0x72962b]  JVM_InvokeMethod+0x26b
J 2014  sun.reflect.NativeMethodAccessorImpl.invoke0(Ljava/lang/reflect/Method;Ljava/lang/Object;[Ljava/lang/Object;)Ljava/lang/Object; (0 bytes) @ 0x00007fef4158e22d [0x00007fef4158e140+0xed]
J 2013 C1 sun.reflect.NativeMethodAccessorImpl.invoke(Ljava/lang/Object;[Ljava/lang/Object;)Ljava/lang/Object; (104 bytes) @ 0x00007fef4158e8d4 [0x00007fef4158e560+0x374]
J 795 C1 sun.reflect.DelegatingMethodAccessorImpl.invoke(Ljava/lang/Object;[Ljava/lang/Object;)Ljava/lang/Object; (10 bytes) @ 0x00007fef4139a004 [0x00007fef41399fc0+0x44]
J 794 C1 java.lang.reflect.Method.invoke(Ljava/lang/Object;[Ljava/lang/Object;)Ljava/lang/Object; (62 bytes) @ 0x00007fef41399c14 [0x00007fef41399b20+0xf4]
J 1822 C1 org.springsource.loaded.ri.ReflectiveInterceptor.jlrMethodInvoke(Ljava/lang/reflect/Method;Ljava/lang/Object;[Ljava/lang/Object;)Ljava/lang/Object; (2214 bytes) @ 0x00007fef41530024 [0x00007fef4152e8a0+0x1784]
J 6486 C1 org.codehaus.groovy.runtime.callsite.PogoMetaMethodSite$PogoCachedMethodSiteNoUnwrapNoCoerce.invoke(Ljava/lang/Object;[Ljava/lang/Object;)Ljava/lang/Object; (37 bytes) @ 0x00007fef41de5ed4 [0x00007fef41de5ea0+0x34]
J 6493 C1 org.codehaus.groovy.runtime.callsite.PogoMetaMethodSite.callCurrent(Lgroovy/lang/GroovyObject;[Ljava/lang/Object;)Ljava/lang/Object; (29 bytes) @ 0x00007fef41dea6bc [0x00007fef41dea600+0xbc]
J 6542 C1 org.codehaus.groovy.runtime.callsite.AbstractCallSite.callCurrent(Lgroovy/lang/GroovyObject;Ljava/lang/Object;Ljava/lang/Object;)Ljava/lang/Object; (42 bytes) @ 0x00007fef41dffdc4 [0x00007fef41dffbe0+0x1e4]
j  grails.plugin.formfields.FormFieldsTagLib.renderDefaultDisplay(Ljava/util/Map;Ljava/util/Map;Ljava/lang/String;Ljava/lang/String;)Ljava/lang/CharSequence;+303
v  ~StubRoutines::call_stub
V  [libjvm.so+0x695ae6]  JavaCalls::call_helper(JavaValue*, methodHandle*, JavaCallArguments*, Thread*)+0x1056
V  [libjvm.so+0x9a3fa7]  Reflection::invoke(instanceKlassHandle, methodHandle, Handle, bool, objArrayHandle, BasicType, objArrayHandle, bool, Thread*)+0x5d7
V  [libjvm.so+0x9a76b7]  Reflection::invoke_method(oopDesc*, Handle, objArrayHandle, Thread*)+0x147
V  [libjvm.so+0x72962b]  JVM_InvokeMethod+0x26b
J 2014  sun.reflect.NativeMethodAccessorImpl.invoke0(Ljava/lang/reflect/Method;Ljava/lang/Object;[Ljava/lang/Object;)Ljava/lang/Object; (0 bytes) @ 0x00007fef4158e22d [0x00007fef4158e140+0xed]
J 2013 C1 sun.reflect.NativeMethodAccessorImpl.invoke(Ljava/lang/Object;[Ljava/lang/Object;)Ljava/lang/Object; (104 bytes) @ 0x00007fef4158e8d4 [0x00007fef4158e560+0x374]
J 795 C1 sun.reflect.DelegatingMethodAccessorImpl.invoke(Ljava/lang/Object;[Ljava/lang/Object;)Ljava/lang/Object; (10 bytes) @ 0x00007fef4139a004 [0x00007fef41399fc0+0x44]
J 794 C1 java.lang.reflect.Method.invoke(Ljava/lang/Object;[Ljava/lang/Object;)Ljava/lang/Object; (62 bytes) @ 0x00007fef41399c14 [0x00007fef41399b20+0xf4]
J 1822 C1 org.springsource.loaded.ri.ReflectiveInterceptor.jlrMethodInvoke(Ljava/lang/reflect/Method;Ljava/lang/Object;[Ljava/lang/Object;)Ljava/lang/Object; (2214 bytes) @ 0x00007fef41530024 [0x00007fef4152e8a0+0x1784]
J 6486 C1 org.codehaus.groovy.runtime.callsite.PogoMetaMethodSite$PogoCachedMethodSiteNoUnwrapNoCoerce.invoke(Ljava/lang/Object;[Ljava/lang/Object;)Ljava/lang/Object; (37 bytes) @ 0x00007fef41de5ed4 [0x00007fef41de5ea0+0x34]
J 6493 C1 org.codehaus.groovy.runtime.callsite.PogoMetaMethodSite.callCurrent(Lgroovy/lang/GroovyObject;[Ljava/lang/Object;)Ljava/lang/Object; (29 bytes) @ 0x00007fef41dea6bc [0x00007fef41dea600+0xbc]
J 7403 C1 org.codehaus.groovy.runtime.callsite.AbstractCallSite.callCurrent(Lgroovy/lang/GroovyObject;Ljava/lang/Object;Ljava/lang/Object;Ljava/lang/Object;Ljava/lang/Object;)Ljava/lang/Object; (50 bytes) @ 0x00007fef42017054 [0x00007fef42016da0+0x2b4]
j  grails.plugin.formfields.FormFieldsTagLib.renderDisplayWidget(Lgrails/plugin/formfields/BeanPropertyAccessor;Ljava/util/Map;Ljava/util/Map;Ljava/lang/String;Ljava/lang/String;)Ljava/lang/CharSequence;+394
j  sun.reflect.GeneratedMethodAccessor404.invoke(Ljava/lang/Object;[Ljava/lang/Object;)Ljava/lang/Object;+72
J 795 C1 sun.reflect.DelegatingMethodAccessorImpl.invoke(Ljava/lang/Object;[Ljava/lang/Object;)Ljava/lang/Object; (10 bytes) @ 0x00007fef4139a004 [0x00007fef41399fc0+0x44]
J 794 C1 java.lang.reflect.Method.invoke(Ljava/lang/Object;[Ljava/lang/Object;)Ljava/lang/Object; (62 bytes) @ 0x00007fef41399c14 [0x00007fef41399b20+0xf4]
J 1822 C1 org.springsource.loaded.ri.ReflectiveInterceptor.jlrMethodInvoke(Ljava/lang/reflect/Method;Ljava/lang/Object;[Ljava/lang/Object;)Ljava/lang/Object; (2214 bytes) @ 0x00007fef41530024 [0x00007fef4152e8a0+0x1784]
J 3580 C1 org.codehaus.groovy.reflection.CachedMethod.invoke(Ljava/lang/Object;[Ljava/lang/Object;)Ljava/lang/Object; (70 bytes) @ 0x00007fef418d6a34 [0x00007fef418d6a00+0x34]
J 1840 C1 groovy.lang.MetaMethod.doMethodInvoke(Ljava/lang/Object;[Ljava/lang/Object;)Ljava/lang/Object; (22 bytes) @ 0x00007fef41542654 [0x00007fef415425e0+0x74]
J 3526 C1 org.codehaus.groovy.runtime.metaclass.ClosureMetaClass.invokeMethod(Ljava/lang/Class;Ljava/lang/Object;Ljava/lang/String;[Ljava/lang/Object;ZZ)Ljava/lang/Object; (892 bytes) @ 0x00007fef418a559c [0x00007fef418a43e0+0x11bc]
J 1824 C1 groovy.lang.MetaClassImpl.invokeMethod(Ljava/lang/Object;Ljava/lang/String;[Ljava/lang/Object;)Ljava/lang/Object; (14 bytes) @ 0x00007fef4153e05c [0x00007fef4153e000+0x5c]
J 6824 C1 org.codehaus.groovy.runtime.callsite.PogoMetaClassSite.callCurrent(Lgroovy/lang/GroovyObject;[Ljava/lang/Object;)Ljava/lang/Object; (92 bytes) @ 0x00007fef41ea054c [0x00007fef41ea0440+0x10c]
j  grails.plugin.formfields.FormFieldsTagLib$_closure8.doCall(Ljava/lang/Object;Ljava/lang/Object;)Ljava/lang/Object;+999
v  ~StubRoutines::call_stub
V  [libjvm.so+0x695ae6]  JavaCalls::call_helper(JavaValue*, methodHandle*, JavaCallArguments*, Thread*)+0x1056
V  [libjvm.so+0x9a3fa7]  Reflection::invoke(instanceKlassHandle, methodHandle, Handle, bool, objArrayHandle, BasicType, objArrayHandle, bool, Thread*)+0x5d7
V  [libjvm.so+0x9a76b7]  Reflection::invoke_method(oopDesc*, Handle, objArrayHandle, Thread*)+0x147
V  [libjvm.so+0x72962b]  JVM_InvokeMethod+0x26b
J 2014  sun.reflect.NativeMethodAccessorImpl.invoke0(Ljava/lang/reflect/Method;Ljava/lang/Object;[Ljava/lang/Object;)Ljava/lang/Object; (0 bytes) @ 0x00007fef4158e22d [0x00007fef4158e140+0xed]
J 2013 C1 sun.reflect.NativeMethodAccessorImpl.invoke(Ljava/lang/Object;[Ljava/lang/Object;)Ljava/lang/Object; (104 bytes) @ 0x00007fef4158e8d4 [0x00007fef4158e560+0x374]
J 795 C1 sun.reflect.DelegatingMethodAccessorImpl.invoke(Ljava/lang/Object;[Ljava/lang/Object;)Ljava/lang/Object; (10 bytes) @ 0x00007fef4139a004 [0x00007fef41399fc0+0x44]
J 794 C1 java.lang.reflect.Method.invoke(Ljava/lang/Object;[Ljava/lang/Object;)Ljava/lang/Object; (62 bytes) @ 0x00007fef41399c14 [0x00007fef41399b20+0xf4]
J 1822 C1 org.springsource.loaded.ri.ReflectiveInterceptor.jlrMethodInvoke(Ljava/lang/reflect/Method;Ljava/lang/Object;[Ljava/lang/Object;)Ljava/lang/Object; (2214 bytes) @ 0x00007fef41530024 [0x00007fef4152e8a0+0x1784]
J 3580 C1 org.codehaus.groovy.reflection.CachedMethod.invoke(Ljava/lang/Object;[Ljava/lang/Object;)Ljava/lang/Object; (70 bytes) @ 0x00007fef418d6a34 [0x00007fef418d6a00+0x34]
J 1840 C1 groovy.lang.MetaMethod.doMethodInvoke(Ljava/lang/Object;[Ljava/lang/Object;)Ljava/lang/Object; (22 bytes) @ 0x00007fef41542654 [0x00007fef415425e0+0x74]
J 3526 C1 org.codehaus.groovy.runtime.metaclass.ClosureMetaClass.invokeMethod(Ljava/lang/Class;Ljava/lang/Object;Ljava/lang/String;[Ljava/lang/Object;ZZ)Ljava/lang/Object; (892 bytes) @ 0x00007fef418a55d4 [0x00007fef418a43e0+0x11f4]
J 1824 C1 groovy.lang.MetaClassImpl.invokeMethod(Ljava/lang/Object;Ljava/lang/String;[Ljava/lang/Object;)Ljava/lang/Object; (14 bytes) @ 0x00007fef4153e05c [0x00007fef4153e000+0x5c]
J 4102 C1 groovy.lang.Closure.call([Ljava/lang/Object;)Ljava/lang/Object; (30 bytes) @ 0x00007fef419d42bc [0x00007fef419d4240+0x7c]
J 8027 C1 org.grails.gsp.GroovyPage.invokeTagLibClosure(Ljava/lang/String;Ljava/lang/String;Lgroovy/lang/Closure;Ljava/util/Map;Lgroovy/lang/Closure;ZLjava/util/Map;)V (239 bytes) @ 0x00007fef4219831c [0x00007fef42197ca0+0x67c]
J 8025 C1 org.grails.gsp.GroovyPage.invokeTag(Ljava/lang/String;Ljava/lang/String;ILjava/util/Map;I)V (791 bytes) @ 0x00007fef4218f554 [0x00007fef4218eb40+0xa14]
j  org.grails.gsp.GroovyPage$invokeTag$9.callCurrent(Lgroovy/lang/GroovyObject;[Ljava/lang/Object;)Ljava/lang/Object;+43
j  gsp_fields_templates__fields_table_gsp.run()Ljava/lang/Object;+965
j  org.grails.gsp.GroovyPageWritable.doWriteTo(Lorg/grails/taglib/encoder/OutputContext;Ljava/io/Writer;)Ljava/io/Writer;+373
j  org.grails.gsp.GroovyPageWritable.writeTo(Ljava/io/Writer;)Ljava/io/Writer;+13
j  org.grails.web.gsp.GroovyPagesTemplateRenderer.makeTemplate(Lorg/grails/web/servlet/mvc/GrailsWebRequest;Lgroovy/text/Template;Ljava/util/Map;Ljava/lang/Object;Ljava/io/Writer;)V+326
j  org.grails.web.gsp.GroovyPagesTemplateRenderer.render(Lorg/grails/web/servlet/mvc/GrailsWebRequest;Lorg/grails/taglib/TemplateVariableBinding;Ljava/util/Map;Ljava/lang/Object;Ljava/io/Writer;)V+162
j  org.grails.plugins.web.taglib.RenderTagLib$_closure7.doCall(Ljava/util/Map;Ljava/lang/Object;)Ljava/lang/Object;+74
v  ~StubRoutines::call_stub
V  [libjvm.so+0x695ae6]  JavaCalls::call_helper(JavaValue*, methodHandle*, JavaCallArguments*, Thread*)+0x1056
V  [libjvm.so+0x9a3fa7]  Reflection::invoke(instanceKlassHandle, methodHandle, Handle, bool, objArrayHandle, BasicType, objArrayHandle, bool, Thread*)+0x5d7
V  [libjvm.so+0x9a76b7]  Reflection::invoke_method(oopDesc*, Handle, objArrayHandle, Thread*)+0x147
V  [libjvm.so+0x72962b]  JVM_InvokeMethod+0x26b
J 2014  sun.reflect.NativeMethodAccessorImpl.invoke0(Ljava/lang/reflect/Method;Ljava/lang/Object;[Ljava/lang/Object;)Ljava/lang/Object; (0 bytes) @ 0x00007fef4158e22d [0x00007fef4158e140+0xed]
J 2013 C1 sun.reflect.NativeMethodAccessorImpl.invoke(Ljava/lang/Object;[Ljava/lang/Object;)Ljava/lang/Object; (104 bytes) @ 0x00007fef4158e8d4 [0x00007fef4158e560+0x374]
J 795 C1 sun.reflect.DelegatingMethodAccessorImpl.invoke(Ljava/lang/Object;[Ljava/lang/Object;)Ljava/lang/Object; (10 bytes) @ 0x00007fef4139a004 [0x00007fef41399fc0+0x44]
J 794 C1 java.lang.reflect.Method.invoke(Ljava/lang/Object;[Ljava/lang/Object;)Ljava/lang/Object; (62 bytes) @ 0x00007fef41399c14 [0x00007fef41399b20+0xf4]
J 1822 C1 org.springsource.loaded.ri.ReflectiveInterceptor.jlrMethodInvoke(Ljava/lang/reflect/Method;Ljava/lang/Object;[Ljava/lang/Object;)Ljava/lang/Object; (2214 bytes) @ 0x00007fef41530024 [0x00007fef4152e8a0+0x1784]
J 3580 C1 org.codehaus.groovy.reflection.CachedMethod.invoke(Ljava/lang/Object;[Ljava/lang/Object;)Ljava/lang/Object; (70 bytes) @ 0x00007fef418d6a34 [0x00007fef418d6a00+0x34]
J 1840 C1 groovy.lang.MetaMethod.doMethodInvoke(Ljava/lang/Object;[Ljava/lang/Object;)Ljava/lang/Object; (22 bytes) @ 0x00007fef41542654 [0x00007fef415425e0+0x74]
J 3526 C1 org.codehaus.groovy.runtime.metaclass.ClosureMetaClass.invokeMethod(Ljava/lang/Class;Ljava/lang/Object;Ljava/lang/String;[Ljava/lang/Object;ZZ)Ljava/lang/Object; (892 bytes) @ 0x00007fef418a55d4 [0x00007fef418a43e0+0x11f4]
J 1824 C1 groovy.lang.MetaClassImpl.invokeMethod(Ljava/lang/Object;Ljava/lang/String;[Ljava/lang/Object;)Ljava/lang/Object; (14 bytes) @ 0x00007fef4153e05c [0x00007fef4153e000+0x5c]
J 4102 C1 groovy.lang.Closure.call([Ljava/lang/Object;)Ljava/lang/Object; (30 bytes) @ 0x00007fef419d42bc [0x00007fef419d4240+0x7c]
j  org.grails.taglib.TagOutput.captureTagOutput(Lorg/grails/taglib/TagLibraryLookup;Ljava/lang/String;Ljava/lang/String;Ljava/util/Map;Ljava/lang/Object;Lorg/grails/taglib/encoder/OutputContext;)Ljava/lang/Object;+321
j  org.grails.taglib.TagLibraryMetaUtils$_registerMethodMissingForTags_closure3.doCall(Ljava/util/Map;)Ljava/lang/Object;+46
j  sun.reflect.GeneratedMethodAccessor142.invoke(Ljava/lang/Object;[Ljava/lang/Object;)Ljava/lang/Object;+40
J 795 C1 sun.reflect.DelegatingMethodAccessorImpl.invoke(Ljava/lang/Object;[Ljava/lang/Object;)Ljava/lang/Object; (10 bytes) @ 0x00007fef4139a004 [0x00007fef41399fc0+0x44]
J 794 C1 java.lang.reflect.Method.invoke(Ljava/lang/Object;[Ljava/lang/Object;)Ljava/lang/Object; (62 bytes) @ 0x00007fef41399c14 [0x00007fef41399b20+0xf4]
J 1822 C1 org.springsource.loaded.ri.ReflectiveInterceptor.jlrMethodInvoke(Ljava/lang/reflect/Method;Ljava/lang/Object;[Ljava/lang/Object;)Ljava/lang/Object; (2214 bytes) @ 0x00007fef41530024 [0x00007fef4152e8a0+0x1784]
...<more frames>...


---------------  P R O C E S S  ---------------

Java Threads: ( => current thread )
  0x00007fef50016000 JavaThread "DestroyJavaVM" [_thread_blocked, id=5591, stack(0x00007fef594d6000,0x00007fef595d7000)]
  0x00007fef519d8000 JavaThread "Thread-6" daemon [_thread_blocked, id=5638, stack(0x00007feefd5ec000,0x00007feefd6ed000)]
  0x00007fef519d7000 JavaThread "Thread-8" [_thread_blocked, id=5637, stack(0x00007feefd6ed000,0x00007feefd7ee000)]
  0x00007fef519d0800 JavaThread "Thread-7" daemon [_thread_in_native, id=5636, stack(0x00007feefd7ee000,0x00007feefd8ef000)]
  0x00007fef519b6800 JavaThread "http-nio-8080-AsyncTimeout" daemon [_thread_blocked, id=5635, stack(0x00007feefdaef000,0x00007feefdbf0000)]
  0x00007fef519b5000 JavaThread "http-nio-8080-Acceptor-0" daemon [_thread_in_native, id=5634, stack(0x00007feefdbf0000,0x00007feefdcf1000)]
  0x00007fef519b2000 JavaThread "http-nio-8080-ClientPoller-1" daemon [_thread_in_native, id=5633, stack(0x00007feefdcf1000,0x00007feefddf2000)]
  0x00007fef519a4000 JavaThread "http-nio-8080-ClientPoller-0" daemon [_thread_in_native, id=5632, stack(0x00007feefddf2000,0x00007feefdef3000)]
  0x00007fef51994000 JavaThread "http-nio-8080-exec-10" daemon [_thread_blocked, id=5631, stack(0x00007feefdef3000,0x00007feefdff4000)]
  0x00007fef51992000 JavaThread "http-nio-8080-exec-9" daemon [_thread_blocked, id=5630, stack(0x00007feefdff4000,0x00007feefe0f5000)]
  0x00007fef51990000 JavaThread "http-nio-8080-exec-8" daemon [_thread_blocked, id=5629, stack(0x00007feefe0f5000,0x00007feefe1f6000)]
  0x00007fef5198e000 JavaThread "http-nio-8080-exec-7" daemon [_thread_blocked, id=5628, stack(0x00007feefe1f6000,0x00007feefe2f7000)]
  0x00007fef5198c000 JavaThread "http-nio-8080-exec-6" daemon [_thread_blocked, id=5627, stack(0x00007feefe2f7000,0x00007feefe3f8000)]
=>0x00007fef5198a800 JavaThread "http-nio-8080-exec-5" daemon [_thread_in_Java, id=5626, stack(0x00007feefe3f8000,0x00007feefe4f9000)]
  0x00007fef51988800 JavaThread "http-nio-8080-exec-4" daemon [_thread_blocked, id=5625, stack(0x00007feefe4f9000,0x00007feefe5fa000)]
  0x00007fef51986800 JavaThread "http-nio-8080-exec-3" daemon [_thread_blocked, id=5624, stack(0x00007feefe5fa000,0x00007feefe6fb000)]
  0x00007fef51984800 JavaThread "http-nio-8080-exec-2" daemon [_thread_blocked, id=5623, stack(0x00007feefe6fb000,0x00007feefe7fc000)]
  0x00007fef51982800 JavaThread "http-nio-8080-exec-1" daemon [_thread_blocked, id=5622, stack(0x00007feefe7fc000,0x00007feefe8fd000)]
  0x00007fef51981000 JavaThread "NioBlockingSelector.BlockPoller-1" daemon [_thread_in_native, id=5621, stack(0x00007feefe8fd000,0x00007feefe9fe000)]
  0x00007fef51796800 JavaThread "container-0" [_thread_blocked, id=5617, stack(0x00007feefedfe000,0x00007feefeeff000)]
  0x00007fef5178c000 JavaThread "ContainerBackgroundProcessor[StandardEngine[Tomcat]]" daemon [_thread_blocked, id=5616, stack(0x00007feefeeff000,0x00007feeff000000)]
  0x00007fef512af000 JavaThread "Tomcat JDBC Pool Cleaner[414493378:1525553147593]" daemon [_thread_blocked, id=5611, stack(0x00007fef314cc000,0x00007fef315cd000)]
  0x00007fef507f7000 JavaThread "FileSystemWatcher: files=#54 cl=sun.misc.Launcher$AppClassLoader@18b4aac2" daemon [_thread_blocked, id=5605, stack(0x00007fef32224000,0x00007fef32325000)]
  0x00007fef5074e000 JavaThread "Service Thread" daemon [_thread_blocked, id=5603, stack(0x00007fef32439000,0x00007fef3253a000)]
  0x00007fef5073d800 JavaThread "C1 CompilerThread2" daemon [_thread_blocked, id=5602, stack(0x00007fef3253a000,0x00007fef3263b000)]
  0x00007fef5073b000 JavaThread "C2 CompilerThread1" daemon [_thread_blocked, id=5601, stack(0x00007fef3263b000,0x00007fef3273c000)]
  0x00007fef50745800 JavaThread "C2 CompilerThread0" daemon [_thread_blocked, id=5600, stack(0x00007fef3273c000,0x00007fef3283d000)]
  0x00007fef5018a800 JavaThread "Signal Dispatcher" daemon [_thread_blocked, id=5599, stack(0x00007fef32c11000,0x00007fef32d12000)]
  0x00007fef50157800 JavaThread "Finalizer" daemon [_thread_blocked, id=5598, stack(0x00007fef333f4000,0x00007fef334f5000)]
  0x00007fef50152800 JavaThread "Reference Handler" daemon [_thread_blocked, id=5597, stack(0x00007fef334f5000,0x00007fef335f6000)]

Other Threads:
  0x00007fef5014b000 VMThread [stack: 0x00007fef335f6000,0x00007fef336f7000] [id=5596]
  0x00007fef50751000 WatcherThread [stack: 0x00007fef32338000,0x00007fef32439000] [id=5604]

VM state:not at safepoint (normal execution)

VM Mutex/Monitor currently owned by a thread: None

Heap:
 PSYoungGen      total 225280K, used 77929K [0x00000000f0000000, 0x0000000100000000, 0x0000000100000000)
  eden space 188416K, 21% used [0x00000000f0000000,0x00000000f28200c0,0x00000000fb800000)
  from space 36864K, 99% used [0x00000000fb800000,0x00000000fdbfa6b8,0x00000000fdc00000)
  to   space 36864K, 0% used [0x00000000fdc00000,0x00000000fdc00000,0x0000000100000000)
 ParOldGen       total 524288K, used 96484K [0x00000000d0000000, 0x00000000f0000000, 0x00000000f0000000)
  object space 524288K, 18% used [0x00000000d0000000,0x00000000d5e39000,0x00000000f0000000)
 Metaspace       used 71914K, capacity 76278K, committed 76456K, reserved 1114112K
  class space    used 9435K, capacity 10839K, committed 10928K, reserved 1048576K

Card table byte_map: [0x00007fef55eea000,0x00007fef5606b000] byte_map_base: 0x00007fef5586a000

Marking Bits: (ParMarkBitMap*) 0x00007fef589a5920
 Begin Bits: [0x00007fef541e6000, 0x00007fef54de6000)
 End Bits:   [0x00007fef54de6000, 0x00007fef559e6000)

Polling page: 0x00007fef595f0000

CodeCache: size=245760Kb used=19980Kb max_used=19980Kb free=225779Kb
 bounds [0x00007fef41000000, 0x00007fef42390000, 0x00007fef50000000]
 total_blobs=9613 nmethods=8825 adapters=700
 compilation: enabled

Compilation events (10 events):
Event: 112,161 Thread 0x00007fef5073d800 8988   !   1       sun.nio.cs.StreamDecoder::inReady (36 bytes)
Event: 112,162 Thread 0x00007fef5073d800 nmethod 8988 0x00007fef42384f10 code [0x00007fef42385080, 0x00007fef42385268]
Event: 112,167 Thread 0x00007fef5073d800 8989       1       asset.pipeline.AssetHelper$_assetForFileName_closure1::$getCallSiteArray (40 bytes)
Event: 112,167 Thread 0x00007fef5073d800 nmethod 8989 0x00007fef42385310 code [0x00007fef423854a0, 0x00007fef42385988]
Event: 112,168 Thread 0x00007fef5073d800 8990   !   1       sun.reflect.GeneratedMethodAccessor160::invoke (68 bytes)
Event: 112,168 Thread 0x00007fef5073d800 nmethod 8990 0x00007fef42385c90 code [0x00007fef42385e60, 0x00007fef42386308]
Event: 112,169 Thread 0x00007fef5073d800 8991       1       java.util.Date::<init> (8 bytes)
Event: 112,169 Thread 0x00007fef5073d800 nmethod 8991 0x00007fef42386690 code [0x00007fef423867e0, 0x00007fef423868f0]
Event: 112,169 Thread 0x00007fef5073d800 8992       1       org.apache.coyote.Request::getNote (7 bytes)
Event: 112,169 Thread 0x00007fef5073d800 nmethod 8992 0x00007fef42386990 code [0x00007fef42386ae0, 0x00007fef42386c10]

GC Heap History (10 events):
Event: 57,978 GC heap before
{Heap before GC invocations=26 (full 3):
 PSYoungGen      total 236544K, used 225917K [0x00000000f0000000, 0x0000000100000000, 0x0000000100000000)
  eden space 210432K, 100% used [0x00000000f0000000,0x00000000fcd80000,0x00000000fcd80000)
  from space 26112K, 59% used [0x00000000fe680000,0x00000000ff59f728,0x0000000100000000)
  to   space 25600K, 0% used [0x00000000fcd80000,0x00000000fcd80000,0x00000000fe680000)
 ParOldGen       total 524288K, used 85628K [0x00000000d0000000, 0x00000000f0000000, 0x00000000f0000000)
  object space 524288K, 16% used [0x00000000d0000000,0x00000000d539f010,0x00000000f0000000)
 Metaspace       used 67112K, capacity 70056K, committed 70184K, reserved 1110016K
  class space    used 8698K, capacity 9756K, committed 9776K, reserved 1048576K
Event: 58,001 GC heap after
Heap after GC invocations=26 (full 3):
 PSYoungGen      total 231936K, used 21486K [0x00000000f0000000, 0x0000000100000000, 0x0000000100000000)
  eden space 210432K, 0% used [0x00000000f0000000,0x00000000f0000000,0x00000000fcd80000)
  from space 21504K, 99% used [0x00000000fcd80000,0x00000000fe27b8a8,0x00000000fe280000)
  to   space 27648K, 0% used [0x00000000fe500000,0x00000000fe500000,0x0000000100000000)
 ParOldGen       total 524288K, used 85636K [0x00000000d0000000, 0x00000000f0000000, 0x00000000f0000000)
  object space 524288K, 16% used [0x00000000d0000000,0x00000000d53a1010,0x00000000f0000000)
 Metaspace       used 67112K, capacity 70056K, committed 70184K, reserved 1110016K
  class space    used 8698K, capacity 9756K, committed 9776K, reserved 1048576K
}
Event: 64,686 GC heap before
{Heap before GC invocations=27 (full 3):
 PSYoungGen      total 231936K, used 231918K [0x00000000f0000000, 0x0000000100000000, 0x0000000100000000)
  eden space 210432K, 100% used [0x00000000f0000000,0x00000000fcd80000,0x00000000fcd80000)
  from space 21504K, 99% used [0x00000000fcd80000,0x00000000fe27b8a8,0x00000000fe280000)
  to   space 27648K, 0% used [0x00000000fe500000,0x00000000fe500000,0x0000000100000000)
 ParOldGen       total 524288K, used 85636K [0x00000000d0000000, 0x00000000f0000000, 0x00000000f0000000)
  object space 524288K, 16% used [0x00000000d0000000,0x00000000d53a1010,0x00000000f0000000)
 Metaspace       used 68034K, capacity 71398K, committed 71592K, reserved 1110016K
  class space    used 8887K, capacity 10077K, committed 10160K, reserved 1048576K
Event: 64,713 GC heap after
Heap after GC invocations=27 (full 3):
 PSYoungGen      total 229376K, used 24621K [0x00000000f0000000, 0x0000000100000000, 0x0000000100000000)
  eden space 201728K, 0% used [0x00000000f0000000,0x00000000f0000000,0x00000000fc500000)
  from space 27648K, 89% used [0x00000000fe500000,0x00000000ffd0b720,0x0000000100000000)
  to   space 30208K, 0% used [0x00000000fc500000,0x00000000fc500000,0x00000000fe280000)
 ParOldGen       total 524288K, used 85644K [0x00000000d0000000, 0x00000000f0000000, 0x00000000f0000000)
  object space 524288K, 16% used [0x00000000d0000000,0x00000000d53a3010,0x00000000f0000000)
 Metaspace       used 68034K, capacity 71398K, committed 71592K, reserved 1110016K
  class space    used 8887K, capacity 10077K, committed 10160K, reserved 1048576K
}
Event: 72,443 GC heap before
{Heap before GC invocations=28 (full 3):
 PSYoungGen      total 229376K, used 226169K [0x00000000f0000000, 0x0000000100000000, 0x0000000100000000)
  eden space 201728K, 99% used [0x00000000f0000000,0x00000000fc4d2f10,0x00000000fc500000)
  from space 27648K, 89% used [0x00000000fe500000,0x00000000ffd0b720,0x0000000100000000)
  to   space 30208K, 0% used [0x00000000fc500000,0x00000000fc500000,0x00000000fe280000)
 ParOldGen       total 524288K, used 85644K [0x00000000d0000000, 0x00000000f0000000, 0x00000000f0000000)
  object space 524288K, 16% used [0x00000000d0000000,0x00000000d53a3010,0x00000000f0000000)
 Metaspace       used 68883K, capacity 72634K, committed 72872K, reserved 1112064K
  class space    used 9039K, capacity 10324K, committed 10416K, reserved 1048576K
Event: 72,492 GC heap after
Heap after GC invocations=28 (full 3):
 PSYoungGen      total 229376K, used 27512K [0x00000000f0000000, 0x0000000100000000, 0x0000000100000000)
  eden space 201728K, 0% used [0x00000000f0000000,0x00000000f0000000,0x00000000fc500000)
  from space 27648K, 99% used [0x00000000fc500000,0x00000000fdfde218,0x00000000fe000000)
  to   space 32768K, 0% used [0x00000000fe000000,0x00000000fe000000,0x0000000100000000)
 ParOldGen       total 524288K, used 85652K [0x00000000d0000000, 0x00000000f0000000, 0x00000000f0000000)
  object space 524288K, 16% used [0x00000000d0000000,0x00000000d53a5010,0x00000000f0000000)
 Metaspace       used 68883K, capacity 72634K, committed 72872K, reserved 1112064K
  class space    used 9039K, capacity 10324K, committed 10416K, reserved 1048576K
}
Event: 101,605 GC heap before
{Heap before GC invocations=29 (full 3):
 PSYoungGen      total 229376K, used 229240K [0x00000000f0000000, 0x0000000100000000, 0x0000000100000000)
  eden space 201728K, 100% used [0x00000000f0000000,0x00000000fc500000,0x00000000fc500000)
  from space 27648K, 99% used [0x00000000fc500000,0x00000000fdfde218,0x00000000fe000000)
  to   space 32768K, 0% used [0x00000000fe000000,0x00000000fe000000,0x0000000100000000)
 ParOldGen       total 524288K, used 85652K [0x00000000d0000000, 0x00000000f0000000, 0x00000000f0000000)
  object space 524288K, 16% used [0x00000000d0000000,0x00000000d53a5010,0x00000000f0000000)
 Metaspace       used 69778K, capacity 73926K, committed 74152K, reserved 1112064K
  class space    used 9194K, capacity 10549K, committed 10672K, reserved 1048576K
Event: 101,637 GC heap after
Heap after GC invocations=29 (full 3):
 PSYoungGen      total 221184K, used 30559K [0x00000000f0000000, 0x0000000100000000, 0x0000000100000000)
  eden space 188416K, 0% used [0x00000000f0000000,0x00000000f0000000,0x00000000fb800000)
  from space 32768K, 93% used [0x00000000fe000000,0x00000000ffdd7c38,0x0000000100000000)
  to   space 36864K, 0% used [0x00000000fb800000,0x00000000fb800000,0x00000000fdc00000)
 ParOldGen       total 524288K, used 85652K [0x00000000d0000000, 0x00000000f0000000, 0x00000000f0000000)
  object space 524288K, 16% used [0x00000000d0000000,0x00000000d53a5010,0x00000000f0000000)
 Metaspace       used 69778K, capacity 73926K, committed 74152K, reserved 1112064K
  class space    used 9194K, capacity 10549K, committed 10672K, reserved 1048576K
}
Event: 111,794 GC heap before
{Heap before GC invocations=30 (full 3):
 PSYoungGen      total 221184K, used 218975K [0x00000000f0000000, 0x0000000100000000, 0x0000000100000000)
  eden space 188416K, 100% used [0x00000000f0000000,0x00000000fb800000,0x00000000fb800000)
  from space 32768K, 93% used [0x00000000fe000000,0x00000000ffdd7c38,0x0000000100000000)
  to   space 36864K, 0% used [0x00000000fb800000,0x00000000fb800000,0x00000000fdc00000)
 ParOldGen       total 524288K, used 85652K [0x00000000d0000000, 0x00000000f0000000, 0x00000000f0000000)
  object space 524288K, 16% used [0x00000000d0000000,0x00000000d53a5010,0x00000000f0000000)
 Metaspace       used 71828K, capacity 76122K, committed 76456K, reserved 1114112K
  class space    used 9418K, capacity 10822K, committed 10928K, reserved 1048576K
Event: 111,847 GC heap after
Heap after GC invocations=30 (full 3):
 PSYoungGen      total 225280K, used 36841K [0x00000000f0000000, 0x0000000100000000, 0x0000000100000000)
  eden space 188416K, 0% used [0x00000000f0000000,0x00000000f0000000,0x00000000fb800000)
  from space 36864K, 99% used [0x00000000fb800000,0x00000000fdbfa6b8,0x00000000fdc00000)
  to   space 36864K, 0% used [0x00000000fdc00000,0x00000000fdc00000,0x0000000100000000)
 ParOldGen       total 524288K, used 96484K [0x00000000d0000000, 0x00000000f0000000, 0x00000000f0000000)
  object space 524288K, 18% used [0x00000000d0000000,0x00000000d5e39000,0x00000000f0000000)
 Metaspace       used 71828K, capacity 76122K, committed 76456K, reserved 1114112K
  class space    used 9418K, capacity 10822K, committed 10928K, reserved 1048576K
}

Deoptimization events (0 events):
No events

Classes redefined (0 events):
No events

Internal exceptions (10 events):
Event: 112,124 Thread 0x00007fef5198a800 Exception <a 'java/lang/ClassNotFoundException': groovy/lang/GroovyObjectCustomizer> (0x00000000f1703120) thrown at [/HUDSON/workspace/8-2-build-linux-amd64/jdk8u161/10277/hotspot/src/share/vm/classfile/systemDictionary.cpp, line 210]
Event: 112,125 Thread 0x00007fef5198e000 NullPointerException at vtable entry 0x00007fef41116dc7
Event: 112,125 Thread 0x00007fef5198e000 Exception <a 'java/lang/NullPointerException'> (0x00000000f1630f80) thrown at [/HUDSON/workspace/8-2-build-linux-amd64/jdk8u161/10277/hotspot/src/share/vm/runtime/sharedRuntime.cpp, line 605]
Event: 112,135 Thread 0x00007fef5198e000 NullPointerException at vtable entry 0x00007fef41116dc7
Event: 112,135 Thread 0x00007fef5198e000 Exception <a 'java/lang/NullPointerException'> (0x00000000f1aef250) thrown at [/HUDSON/workspace/8-2-build-linux-amd64/jdk8u161/10277/hotspot/src/share/vm/runtime/sharedRuntime.cpp, line 605]
Event: 112,148 Thread 0x00007fef5198a800 NullPointerException at vtable entry 0x00007fef41116dc7
Event: 112,148 Thread 0x00007fef5198a800 Exception <a 'java/lang/NullPointerException'> (0x00000000f1fee900) thrown at [/HUDSON/workspace/8-2-build-linux-amd64/jdk8u161/10277/hotspot/src/share/vm/runtime/sharedRuntime.cpp, line 605]
Event: 112,157 Thread 0x00007fef5198a800 NullPointerException at vtable entry 0x00007fef41116dc7
Event: 112,157 Thread 0x00007fef5198a800 Exception <a 'java/lang/NullPointerException'> (0x00000000f240bab0) thrown at [/HUDSON/workspace/8-2-build-linux-amd64/jdk8u161/10277/hotspot/src/share/vm/runtime/sharedRuntime.cpp, line 605]
Event: 112,169 Thread 0x00007fef5198e000 Exception <a 'java/io/IOException'> (0x00000000f2780b68) thrown at [/HUDSON/workspace/8-2-build-linux-amd64/jdk8u161/10277/hotspot/src/share/vm/prims/jni.cpp, line 709]

Events (10 events):
Event: 112,123 loading class org/grails/datastore/gorm/GormValidateable$Trait$FieldHelperCustomizer
Event: 112,123 loading class org/grails/datastore/gorm/GormValidateable$Trait$FieldHelperCustomizer done
Event: 112,124 loading class groovy/lang/GroovyObjectCustomizer
Event: 112,124 loading class groovy/lang/GroovyObjectCustomizer done
Event: 112,124 loading class groovy/lang/GroovyObjectCustomizer
Event: 112,124 loading class groovy/lang/GroovyObjectCustomizer done
Event: 112,124 loading class groovy/lang/GroovyObjectCustomizer
Event: 112,124 loading class groovy/lang/GroovyObjectCustomizer done
Event: 112,142 Executing VM operation: RevokeBias
Event: 112,142 Executing VM operation: RevokeBias done


Dynamic libraries:
00400000-00401000 r-xp 00000000 08:05 5249936                            /usr/lib/jvm/java-8-oracle/bin/java
00600000-00601000 rw-p 00000000 08:05 5249936                            /usr/lib/jvm/java-8-oracle/bin/java
014b0000-014d1000 rw-p 00000000 00:00 0                                  [heap]
d0000000-100aac000 rw-p 00000000 00:00 0 
100aac000-140000000 ---p 00000000 00:00 0 
7feebc000000-7feebc021000 rw-p 00000000 00:00 0 
7feebc021000-7feec0000000 ---p 00000000 00:00 0 
7feec4000000-7feec4021000 rw-p 00000000 00:00 0 
7feec4021000-7feec8000000 ---p 00000000 00:00 0 
7feec8000000-7feec8253000 rw-p 00000000 00:00 0 
7feec8253000-7feecc000000 ---p 00000000 00:00 0 
7feecc000000-7feecc1e7000 rw-p 00000000 00:00 0 
7feecc1e7000-7feed0000000 ---p 00000000 00:00 0 
7feed0000000-7feed0128000 rw-p 00000000 00:00 0 
7feed0128000-7feed4000000 ---p 00000000 00:00 0 
7feed4000000-7feed4083000 rw-p 00000000 00:00 0 
7feed4083000-7feed8000000 ---p 00000000 00:00 0 
7feed8000000-7feed833d000 rw-p 00000000 00:00 0 
7feed833d000-7feedc000000 ---p 00000000 00:00 0 
7feedc000000-7feedc160000 rw-p 00000000 00:00 0 
7feedc160000-7feee0000000 ---p 00000000 00:00 0 
7feee0000000-7feee00cc000 rw-p 00000000 00:00 0 
7feee00cc000-7feee4000000 ---p 00000000 00:00 0 
7feee4000000-7feee4021000 rw-p 00000000 00:00 0 
7feee4021000-7feee8000000 ---p 00000000 00:00 0 
7feee8000000-7feee8099000 rw-p 00000000 00:00 0 
7feee8099000-7feeec000000 ---p 00000000 00:00 0 
7feeec000000-7feeec021000 rw-p 00000000 00:00 0 
7feeec021000-7feef0000000 ---p 00000000 00:00 0 
7feef0000000-7feef0021000 rw-p 00000000 00:00 0 
7feef0021000-7feef4000000 ---p 00000000 00:00 0 
7feef4000000-7feef4056000 rw-p 00000000 00:00 0 
7feef4056000-7feef8000000 ---p 00000000 00:00 0 
7feef8000000-7feef8025000 rw-p 00000000 00:00 0 
7feef8025000-7feefc000000 ---p 00000000 00:00 0 
7feefcbec000-7feefcdec000 rw-p 00000000 00:00 0 
7feefcdec000-7feefcfec000 rw-p 00000000 00:00 0 
7feefcfec000-7feefd1ec000 rw-p 00000000 00:00 0 
7feefd1ec000-7feefd3ec000 rw-p 00000000 00:00 0 
7feefd3ec000-7feefd5ec000 rw-p 00000000 00:00 0 
7feefd5ec000-7feefd5ef000 ---p 00000000 00:00 0 
7feefd5ef000-7feefd6ed000 rw-p 00000000 00:00 0                          [stack:5638]
7feefd6ed000-7feefd6f0000 ---p 00000000 00:00 0 
7feefd6f0000-7feefd7ee000 rw-p 00000000 00:00 0                          [stack:5637]
7feefd7ee000-7feefd7f1000 ---p 00000000 00:00 0 
7feefd7f1000-7feefdaef000 rw-p 00000000 00:00 0                          [stack:5636]
7feefdaef000-7feefdaf2000 ---p 00000000 00:00 0 
7feefdaf2000-7feefdbf0000 rw-p 00000000 00:00 0                          [stack:5635]
7feefdbf0000-7feefdbf3000 ---p 00000000 00:00 0 
7feefdbf3000-7feefdcf1000 rw-p 00000000 00:00 0                          [stack:5634]
7feefdcf1000-7feefdcf4000 ---p 00000000 00:00 0 
7feefdcf4000-7feefddf2000 rw-p 00000000 00:00 0                          [stack:5633]
7feefddf2000-7feefddf5000 ---p 00000000 00:00 0 
7feefddf5000-7feefdef3000 rw-p 00000000 00:00 0                          [stack:5632]
7feefdef3000-7feefdef6000 ---p 00000000 00:00 0 
7feefdef6000-7feefdff4000 rw-p 00000000 00:00 0                          [stack:5631]
7feefdff4000-7feefdff7000 ---p 00000000 00:00 0 
7feefdff7000-7feefe0f5000 rw-p 00000000 00:00 0                          [stack:5630]
7feefe0f5000-7feefe0f8000 ---p 00000000 00:00 0 
7feefe0f8000-7feefe1f6000 rw-p 00000000 00:00 0                          [stack:5629]
7feefe1f6000-7feefe1f9000 ---p 00000000 00:00 0 
7feefe1f9000-7feefe2f7000 rw-p 00000000 00:00 0                          [stack:5628]
7feefe2f7000-7feefe2fa000 ---p 00000000 00:00 0 
7feefe2fa000-7feefe3f8000 rw-p 00000000 00:00 0                          [stack:5627]
7feefe3f8000-7feefe3fb000 ---p 00000000 00:00 0 
7feefe3fb000-7feefe4f9000 rw-p 00000000 00:00 0                          [stack:5626]
7feefe4f9000-7feefe4fc000 ---p 00000000 00:00 0 
7feefe4fc000-7feefe5fa000 rw-p 00000000 00:00 0                          [stack:5625]
7feefe5fa000-7feefe5fd000 ---p 00000000 00:00 0 
7feefe5fd000-7feefe6fb000 rw-p 00000000 00:00 0                          [stack:5624]
7feefe6fb000-7feefe6fe000 ---p 00000000 00:00 0 
7feefe6fe000-7feefe7fc000 rw-p 00000000 00:00 0                          [stack:5623]
7feefe7fc000-7feefe7ff000 ---p 00000000 00:00 0 
7feefe7ff000-7feefe8fd000 rw-p 00000000 00:00 0                          [stack:5622]
7feefe8fd000-7feefe900000 ---p 00000000 00:00 0 
7feefe900000-7feefebfe000 rw-p 00000000 00:00 0                          [stack:5621]
7feefebfe000-7feefedfe000 rw-p 00000000 00:00 0 
7feefedfe000-7feefee01000 ---p 00000000 00:00 0 
7feefee01000-7feefeeff000 rw-p 00000000 00:00 0                          [stack:5617]
7feefeeff000-7feefef02000 ---p 00000000 00:00 0 
7feefef02000-7feeff200000 rw-p 00000000 00:00 0                          [stack:5616]
7feeff200000-7feeff400000 rw-p 00000000 00:00 0 
7feeff400000-7feeff600000 rw-p 00000000 00:00 0 
7feeff600000-7feeff800000 rw-p 00000000 00:00 0 
7feeff800000-7feeffa00000 rw-p 00000000 00:00 0 
7feeffa00000-7feeffc00000 rw-p 00000000 00:00 0 
7feeffc00000-7feeffe00000 rw-p 00000000 00:00 0 
7feeffe00000-7fef00000000 rw-p 00000000 00:00 0 
7fef00000000-7fef002a5000 rw-p 00000000 00:00 0 
7fef002a5000-7fef04000000 ---p 00000000 00:00 0 
7fef04000000-7fef041c8000 rw-p 00000000 00:00 0 
7fef041c8000-7fef08000000 ---p 00000000 00:00 0 
7fef08000000-7fef08021000 rw-p 00000000 00:00 0 
7fef08021000-7fef0c000000 ---p 00000000 00:00 0 
7fef0c000000-7fef0c021000 rw-p 00000000 00:00 0 
7fef0c021000-7fef10000000 ---p 00000000 00:00 0 
7fef10000000-7fef10021000 rw-p 00000000 00:00 0 
7fef10021000-7fef14000000 ---p 00000000 00:00 0 
7fef14000000-7fef14d4c000 rw-p 00000000 00:00 0 
7fef14d4c000-7fef18000000 ---p 00000000 00:00 0 
7fef18000000-7fef18021000 rw-p 00000000 00:00 0 
7fef18021000-7fef1c000000 ---p 00000000 00:00 0 
7fef1c000000-7fef1c05e000 rw-p 00000000 00:00 0 
7fef1c05e000-7fef20000000 ---p 00000000 00:00 0 
7fef20000000-7fef20021000 rw-p 00000000 00:00 0 
7fef20021000-7fef24000000 ---p 00000000 00:00 0 
7fef24000000-7fef24021000 rw-p 00000000 00:00 0 
7fef24021000-7fef28000000 ---p 00000000 00:00 0 
7fef28000000-7fef28062000 rw-p 00000000 00:00 0 
7fef28062000-7fef2c000000 ---p 00000000 00:00 0 
7fef2c000000-7fef2c04c000 rw-p 00000000 00:00 0 
7fef2c04c000-7fef30000000 ---p 00000000 00:00 0 
7fef300ae000-7fef300af000 rw-p 00000000 00:00 0 
7fef300af000-7fef300b2000 ---p 00000000 00:00 0 
7fef300b2000-7fef301b0000 rw-p 00000000 00:00 0 
7fef301b0000-7fef301b5000 r--s 002f9000 08:05 5116331                    /usr/lib/jvm/java-8-oracle/jre/lib/charsets.jar
7fef301b5000-7fef301ba000 r--s 0009d000 08:05 5116334                    /usr/lib/jvm/java-8-oracle/jre/lib/jsse.jar
7fef301ba000-7fef303b8000 rw-p 00000000 00:00 0 
7fef303b8000-7fef303ba000 ---p 00000000 00:00 0 
7fef303ba000-7fef305ba000 rw-p 00000000 00:00 0 
7fef305ba000-7fef307ba000 rw-p 00000000 00:00 0 
7fef307ba000-7fef307cb000 r-xp 00000000 08:05 5116183                    /usr/lib/jvm/java-8-oracle/jre/lib/amd64/libnio.so
7fef307cb000-7fef309ca000 ---p 00011000 08:05 5116183                    /usr/lib/jvm/java-8-oracle/jre/lib/amd64/libnio.so
7fef309ca000-7fef309cb000 rw-p 00010000 08:05 5116183                    /usr/lib/jvm/java-8-oracle/jre/lib/amd64/libnio.so
7fef309cb000-7fef30bcb000 rw-p 00000000 00:00 0 
7fef30bcb000-7fef30dcb000 rw-p 00000000 00:00 0 
7fef30dcb000-7fef30fcb000 rw-p 00000000 00:00 0 
7fef30fcb000-7fef311cb000 rw-p 00000000 00:00 0 
7fef311cb000-7fef311ce000 ---p 00000000 00:00 0 
7fef311ce000-7fef314cc000 rw-p 00000000 00:00 0 
7fef314cc000-7fef314cf000 ---p 00000000 00:00 0 
7fef314cf000-7fef315cd000 rw-p 00000000 00:00 0                          [stack:5611]
7fef315cd000-7fef315d6000 r-xp 00000000 08:05 5116227                    /usr/lib/jvm/java-8-oracle/jre/lib/amd64/libmanagement.so
7fef315d6000-7fef317d5000 ---p 00009000 08:05 5116227                    /usr/lib/jvm/java-8-oracle/jre/lib/amd64/libmanagement.so
7fef317d5000-7fef317d6000 rw-p 00008000 08:05 5116227                    /usr/lib/jvm/java-8-oracle/jre/lib/amd64/libmanagement.so
7fef317d6000-7fef319d6000 rw-p 00000000 00:00 0 
7fef319d6000-7fef31bd6000 rw-p 00000000 00:00 0 
7fef31bd6000-7fef31be0000 r--s 00116000 08:05 5116284                    /usr/lib/jvm/java-8-oracle/jre/lib/ext/localedata.jar
7fef31be0000-7fef31de0000 rw-p 00000000 00:00 0 
7fef31de0000-7fef31fe0000 rw-p 00000000 00:00 0 
7fef31fe0000-7fef31ff6000 r-xp 00000000 08:05 5116175                    /usr/lib/jvm/java-8-oracle/jre/lib/amd64/libnet.so
7fef31ff6000-7fef321f6000 ---p 00016000 08:05 5116175                    /usr/lib/jvm/java-8-oracle/jre/lib/amd64/libnet.so
7fef321f6000-7fef321f7000 rw-p 00016000 08:05 5116175                    /usr/lib/jvm/java-8-oracle/jre/lib/amd64/libnet.so
7fef321f7000-7fef321fe000 r--s 00000000 08:05 5243649                    /usr/lib/x86_64-linux-gnu/gconv/gconv-modules.cache
7fef321fe000-7fef32224000 r--p 00000000 08:05 5906313                    /usr/share/locale-langpack/es/LC_MESSAGES/libc.mo
7fef32224000-7fef32227000 ---p 00000000 00:00 0 
7fef32227000-7fef32325000 rw-p 00000000 00:00 0                          [stack:5605]
7fef32325000-7fef32338000 r--s 00345000 08:05 5116294                    /usr/lib/jvm/java-8-oracle/jre/lib/resources.jar
7fef32338000-7fef32339000 ---p 00000000 00:00 0 
7fef32339000-7fef32439000 rw-p 00000000 00:00 0                          [stack:5604]
7fef32439000-7fef3243c000 ---p 00000000 00:00 0 
7fef3243c000-7fef3253a000 rw-p 00000000 00:00 0                          [stack:5603]
7fef3253a000-7fef3253d000 ---p 00000000 00:00 0 
7fef3253d000-7fef3263b000 rw-p 00000000 00:00 0                          [stack:5602]
7fef3263b000-7fef3263e000 ---p 00000000 00:00 0 
7fef3263e000-7fef3273c000 rw-p 00000000 00:00 0                          [stack:5601]
7fef3273c000-7fef3273f000 ---p 00000000 00:00 0 
7fef3273f000-7fef3283d000 rw-p 00000000 00:00 0                          [stack:5600]
7fef3283d000-7fef32844000 r--s 00063000 08:05 787937                     /home/lucas/.gradle/caches/modules-2/files-2.1/org.springframework/springloaded/1.2.7.RELEASE/36be57f1a306cec1185b0276960fbe95dee08bf/springloaded-1.2.7.RELEASE.jar
7fef32844000-7fef3287d000 r--s 00382000 08:05 787861                     /home/lucas/.gradle/caches/modules-2/files-2.1/com.google.javascript/closure-compiler-unshaded/v20160713/7df7b683e16c93f65361a15356283599ba012c78/closure-compiler-unshaded-v20160713.jar
7fef3287d000-7fef3288a000 r--s 00109000 08:05 787860                     /home/lucas/.gradle/caches/modules-2/files-2.1/org.mozilla/rhino/1.7R4/e982f2136574b9a423186fbaeaaa98dc3e5a5288/rhino-1.7R4.jar
7fef3288a000-7fef32897000 r--s 00083000 08:05 787934                     /home/lucas/.gradle/caches/modules-2/files-2.1/commons-collections/commons-collections/3.2.2/8ad72fe39fa8c91eaaf12aadb21e0c3661fe26d5/commons-collections-3.2.2.jar
7fef32897000-7fef3289e000 r--s 0003f000 08:05 788117                     /home/lucas/.gradle/caches/modules-2/files-2.1/commons-codec/commons-codec/1.10/4b95f4897fa13f2cd904aee711aeafc0c5295cd8/commons-codec-1.10.jar
7fef3289e000-7fef328a2000 r--s 0000c000 08:05 787899                     /home/lucas/.gradle/caches/modules-2/files-2.1/javax.validation/validation-api/1.1.0.Final/8613ae82954779d518631e05daa73a6a954817d5/validation-api-1.1.0.Final.jar
7fef328a2000-7fef328a5000 r--s 00029000 08:05 787918                     /home/lucas/.gradle/caches/modules-2/files-2.1/commons-validator/commons-validator/1.5.1/86d05a46e8f064b300657f751b5a98c62807e2a0/commons-validator-1.5.1.jar
7fef328a5000-7fef328ab000 r--s 00027000 08:05 788116                     /home/lucas/.gradle/caches/modules-2/files-2.1/opensymphony/sitemesh/2.4/fa84c82cce30a9a632c08dd2277d63993d972cf5/sitemesh-2.4.jar
7fef328ab000-7fef328ad000 r--s 00007000 08:05 788115                     /home/lucas/.gradle/caches/modules-2/files-2.1/org.grails/grails-web-taglib/3.3.0/7605089e33d591b25afdbb342c4babe332cda23f/grails-web-taglib-3.3.0.jar
7fef328ad000-7fef328b0000 r--s 00015000 08:05 788114                     /home/lucas/.gradle/caches/modules-2/files-2.1/org.grails/grails-taglib/3.3.0/38a8e5db6edc038642399f0b01268647f50e8acf/grails-taglib-3.3.0.jar
7fef328b0000-7fef328b3000 r--s 0001d000 08:05 787831                     /home/lucas/.gradle/caches/modules-2/files-2.1/org.codehaus.groovy/groovy-json/2.4.11/98b01ddd7811e27b8bb7900e3ea029d86f243e10/groovy-json-2.4.11.jar
7fef328b3000-7fef328b6000 r--s 00042000 08:05 788113                     /home/lucas/.gradle/caches/modules-2/files-2.1/com.fasterxml.jackson.core/jackson-core/2.8.8/d478fb6de45a7c3d2cad07c8ad70c7f0a797a020/jackson-core-2.8.8.jar
7fef328b6000-7fef328b9000 r--s 0000b000 08:05 788112                     /home/lucas/.gradle/caches/modules-2/files-2.1/com.fasterxml.jackson.core/jackson-annotations/2.8.0/45b426f7796b741035581a176744d91090e2e6fb/jackson-annotations-2.8.0.jar
7fef328b9000-7fef328ba000 r--s 00005000 08:05 788111                     /home/lucas/.gradle/caches/modules-2/files-2.1/org.grails/grails-codecs/3.3.0/f6eda2890fd857e81db689b9cc3ea1a1e0f664fd/grails-codecs-3.3.0.jar
7fef328ba000-7fef328c3000 r--s 0002d000 08:05 788110                     /home/lucas/.gradle/caches/modules-2/files-2.1/xml-apis/xml-apis/1.4.01/3789d9fada2d3d458c4ba2de349d48780f381ee3/xml-apis-1.4.01.jar
7fef328c3000-7fef328c5000 r--s 00008000 08:05 787859                     /home/lucas/.gradle/caches/modules-2/files-2.1/javax.el/javax.el-api/2.2.4/1287562cc3f0ff5439ded6f2949e73ce1c0edaab/javax.el-api-2.2.4.jar
7fef328c5000-7fef328d6000 r--s 000a1000 08:05 788109                     /home/lucas/.gradle/caches/modules-2/files-2.1/org.hibernate/hibernate-validator/5.3.5.Final/622a9bcef2eed6d41b5b8e0662c36212009e375/hibernate-validator-5.3.5.Final.jar
7fef328d6000-7fef328dd000 r--s 00060000 08:05 787857                     /home/lucas/.gradle/caches/modules-2/files-2.1/org.grails/grails-datastore-gorm-hibernate-core/6.1.6.RELEASE/658edfe541f77d759bd1607cd0c55148e3aed128/grails-datastore-gorm-hibernate-core-6.1.6.RELEASE.jar
7fef328dd000-7fef328ef000 r--s 000b7000 08:05 787853                     /home/lucas/.gradle/caches/modules-2/files-2.1/org.springframework/spring-web/4.3.9.RELEASE/91dae64c4280093ad5fb4736a10913c9233479c1/spring-web-4.3.9.RELEASE.jar
7fef328ef000-7fef328f2000 r--s 00013000 08:05 787896                     /home/lucas/.gradle/caches/modules-2/files-2.1/org.grails/grails-datastore-gorm-validation/6.1.6.RELEASE/7d7fbf1a731ba45c1bbbf9eb749a7387032dd0bc/grails-datastore-gorm-validation-6.1.6.RELEASE.jar
7fef328f2000-7fef328f4000 r--s 00014000 08:05 788108                     /home/lucas/.gradle/caches/modules-2/files-2.1/org.apache.tomcat.embed/tomcat-embed-logging-log4j/8.5.2/53bdd1eebc7393713261d178ac096a742423f940/tomcat-embed-logging-log4j-8.5.2.jar
7fef328f4000-7fef32905000 r--s 000cf000 08:05 787855                     /home/lucas/.gradle/caches/modules-2/files-2.1/org.grails/grails-datastore-gorm/6.1.6.RELEASE/6da3526650e1b1da7282d89bfdd394c3a787acd9/grails-datastore-gorm-6.1.6.RELEASE.jar
7fef32905000-7fef32907000 r--s 00012000 08:05 788107                     /home/lucas/.gradle/caches/modules-2/files-2.1/org.codehaus.groovy/groovy-sql/2.4.11/7dc8cd811a8a575a45570d4870e59dd101add69b/groovy-sql-2.4.11.jar
7fef32907000-7fef32911000 r--s 0005f000 08:05 787898                     /home/lucas/.gradle/caches/modules-2/files-2.1/org.springframework/spring-jdbc/4.3.9.RELEASE/ef8476b954a4211a21147b3ae15996443a76c6f8/spring-jdbc-4.3.9.RELEASE.jar
7fef32911000-7fef32912000 r--s 00006000 08:05 788106                     /home/lucas/.gradle/caches/modules-2/files-2.1/org.grails/grails-plugin-domain-class/3.3.0/441b4b426db9089706e2d5ac84c2cd80f4f55c9e/grails-plugin-domain-class-3.3.0.jar
7fef32912000-7fef32913000 r--s 00004000 08:05 788105                     /home/lucas/.gradle/caches/modules-2/files-2.1/org.grails/grails-plugin-validation/3.3.0/adecffd00c3ff79e27b148dd31078161307e675c/grails-plugin-validation-3.3.0.jar
7fef32913000-7fef32915000 r--s 00009000 08:05 788104                     /home/lucas/.gradle/caches/modules-2/files-2.1/org.grails/grails-plugin-mimetypes/3.3.0/8de505bb83d990357416a8d3d3ec00c352a9a20/grails-plugin-mimetypes-3.3.0.jar
7fef32915000-7fef32917000 r--s 0000b000 08:05 788103                     /home/lucas/.gradle/caches/modules-2/files-2.1/org.grails/grails-web-sitemesh/3.3.0/93ce68536c5806bcfc2b4a65cf57971f4bd0d2ce/grails-web-sitemesh-3.3.0.jar
7fef32917000-7fef32919000 r--s 00011000 08:05 788102                     /home/lucas/.gradle/caches/modules-2/files-2.1/org.grails/grails-web-gsp/3.3.0/e0cd55173b03fca8b1caabde8633a4592d0e5dd3/grails-web-gsp-3.3.0.jar
7fef32919000-7fef3291a000 r--s 00005000 08:05 788101                     /home/lucas/.gradle/caches/modules-2/files-2.1/org.grails/grails-web-mvc/3.3.0/e80077c3ec7613e108cece41ad24985e990ba226/grails-web-mvc-3.3.0.jar
7fef3291a000-7fef3291d000 r--s 0002a000 08:05 788100                     /home/lucas/.gradle/caches/modules-2/files-2.1/org.grails/grails-web-url-mappings/3.3.0/790afa755a50c62c6d359e67f20791f30a0e2ff0/grails-web-url-mappings-3.3.0.jar
7fef3291d000-7fef32920000 r--s 00014000 08:05 788099                     /home/lucas/.gradle/caches/modules-2/files-2.1/org.grails/grails-web-databinding/3.3.0/132151b730e5ca858454f985d02ff3a7f93825dd/grails-web-databinding-3.3.0.jar
7fef32920000-7fef32925000 r--s 00029000 08:05 788098                     /home/lucas/.gradle/caches/modules-2/files-2.1/org.springframework/spring-context-support/4.3.9.RELEASE/89a700b072aaa699c2c389a86505e03df8d9b634/spring-context-support-4.3.9.RELEASE.jar
7fef32925000-7fef32936000 r--s 000cf000 08:05 788097                     /home/lucas/.gradle/caches/modules-2/files-2.1/org.springframework/spring-webmvc/4.3.9.RELEASE/ca80b4a00abc388d8046bf372099f35564371c47/spring-webmvc-4.3.9.RELEASE.jar
7fef32936000-7fef32939000 r--s 00027000 08:05 788096                     /home/lucas/.gradle/caches/modules-2/files-2.1/org.grails/grails-gsp/3.3.0/58e246e986a5d293806b3768d8efb73b1dc71047/grails-gsp-3.3.0.jar
7fef32939000-7fef3293e000 r--s 00029000 08:05 788095                     /home/lucas/.gradle/caches/modules-2/files-2.1/org.grails/grails-encoder/3.3.0/c7c305636ad08d4e6f846a51e9079a79b1a1eaa0/grails-encoder-3.3.0.jar
7fef3293e000-7fef32940000 r--s 0000f000 08:05 788094                     /home/lucas/.gradle/caches/modules-2/files-2.1/org.grails/grails-databinding/3.3.0/29d2edc86dda4126afe6d1802c44f6d5d38136f5/grails-databinding-3.3.0.jar
7fef32940000-7fef32952000 r--s 0011d000 08:05 788093                     /home/lucas/.gradle/caches/modules-2/files-2.1/com.fasterxml.jackson.core/jackson-databind/2.8.8/bf88c7b27e95cbadce4e7c316a56c3efffda8026/jackson-databind-2.8.8.jar
7fef32952000-7fef32953000 r--s 00003000 08:05 787895                     /home/lucas/.gradle/caches/modules-2/files-2.1/javax.transaction/jta/1.1/2ca09f0b36ca7d71b762e14ea2ff09d5eac57558/jta-1.1.jar
7fef32953000-7fef32959000 r--s 0003d000 08:05 788092                     /home/lucas/.gradle/caches/modules-2/files-2.1/org.yaml/snakeyaml/1.17/7a27ea250c5130b2922b86dea63cbb1cc10a660c/snakeyaml-1.17.jar
7fef32959000-7fef3295b000 r--s 00016000 08:05 787839                     /home/lucas/.gradle/caches/modules-2/files-2.1/org.codehaus.groovy/groovy-templates/2.4.11/2c091b3dd45a99376e696e8f2d04cfcfb4da6a96/groovy-templates-2.4.11.jar
7fef3295b000-7fef3295f000 r--s 00031000 08:05 787838                     /home/lucas/.gradle/caches/modules-2/files-2.1/org.codehaus.groovy/groovy-xml/2.4.11/5841f1ac5141c7a930ec0c28b14dacdfbc5640e6/groovy-xml-2.4.11.jar
7fef3295f000-7fef32964000 r--s 0003c000 08:05 788091                     /home/lucas/.gradle/caches/modules-2/files-2.1/org.springframework/spring-expression/4.3.9.RELEASE/4edca6913da9e62a6586714e053e01a61952a153/spring-expression-4.3.9.RELEASE.jar
7fef32964000-7fef3296d000 r--s 00054000 08:05 788090                     /home/lucas/.gradle/caches/modules-2/files-2.1/org.springframework/spring-aop/4.3.9.RELEASE/95f5f5cf3cae64266a89dc1bc9e0484425cd8358/spring-aop-4.3.9.RELEASE.jar
7fef3296d000-7fef3296f000 r--s 0000e000 08:05 787925                     /home/lucas/.gradle/caches/modules-2/files-2.1/commons-logging/commons-logging/1.2/4bfc12adfe4842bf07b657f0369c4cb522955686/commons-logging-1.2.jar
7fef3296f000-7fef3297a000 r--s 0006a000 08:05 788089                     /home/lucas/.gradle/caches/modules-2/files-2.1/ch.qos.logback/logback-core/1.1.11/88b8df40340eed549fb07e2613879bf6b006704d/logback-core-1.1.11.jar
7fef3297a000-7fef3297e000 r--s 00049000 08:05 787828                     /home/lucas/.gradle/caches/modules-2/files-2.1/com.bertramlabs.plugins/asset-pipeline-core/2.14.2/91e427fa721bb38ff18b8b1752b1081f8e90fc76/asset-pipeline-core-2.14.2.jar
7fef3297e000-7fef32980000 r--s 00009000 08:05 788088                     /home/lucas/.gradle/caches/modules-2/files-2.1/org.apache.tomcat/tomcat-juli/8.5.15/b21c47750b0d0356acbbbf0c30cb36cb2268dc8d/tomcat-juli-8.5.15.jar
7fef32980000-7fef32982000 r--s 00007000 08:05 788087                     /home/lucas/.gradle/caches/modules-2/files-2.1/javax.el/el-api/2.1.2-b03/1ac087d9d1a632d2ff82fa1e8b6610aca025ff2a/el-api-2.1.2-b03.jar
7fef32982000-7fef32983000 r--s 00004000 08:05 788086                     /home/lucas/.gradle/caches/modules-2/files-2.1/org.grails/grails-plugin-codecs/3.3.0/d34f5e87c7d01e3a99fafc0a50e0e80d73335759/grails-plugin-codecs-3.3.0.jar
7fef32983000-7fef32988000 r--s 00041000 08:05 788085                     /home/lucas/.gradle/caches/modules-2/files-2.1/commons-lang/commons-lang/2.6/ce1edb914c94ebc388f086c6827e8bdeec71ac2/commons-lang-2.6.jar
7fef32988000-7fef3298a000 r--s 0000b000 08:05 788084                     /home/lucas/.gradle/caches/modules-2/files-2.1/org.grails/grails-web-gsp-taglib/3.3.0/72e3b9636f0a777bebfeb117e3b2f95defd44959/grails-web-gsp-taglib-3.3.0.jar
7fef3298a000-7fef3298c000 r--s 0001f000 08:05 788083                     /home/lucas/.gradle/caches/modules-2/files-2.1/org.grails/grails-web-jsp/3.3.0/83df1e17ef4301c34db377e817bdb6a842e82b8e/grails-web-jsp-3.3.0.jar
7fef3298c000-7fef3298f000 r--s 00010000 08:05 787851                     /home/lucas/.gradle/caches/modules-2/files-2.1/org.hibernate.common/hibernate-commons-annotations/5.0.1.Final/71e1cff3fcb20d3b3af4f3363c3ddb24d33c6879/hibernate-commons-annotations-5.0.1.Final.jar
7fef3298f000-7fef32994000 r--s 00048000 08:05 787850                     /home/lucas/.gradle/caches/modules-2/files-2.1/dom4j/dom4j/1.6.1/5d3ccc056b6f056dbf0dddfdf43894b9065a8f94/dom4j-1.6.1.jar
7fef32994000-7fef32996000 r--s 0000e000 08:05 788082                     /home/lucas/.gradle/caches/modules-2/files-2.1/com.fasterxml/classmate/1.3.3/864c8e370a691e343210cc7c532fc198cee460d8/classmate-1.3.3.jar
7fef32996000-7fef32999000 r--s 0002b000 08:05 787848                     /home/lucas/.gradle/caches/modules-2/files-2.1/org.jboss/jandex/2.0.3.Final/bfc4d6257dbff7a33a357f0de116be6ff951d849/jandex-2.0.3.Final.jar
7fef32999000-7fef3299a000 r--s 00003000 08:05 787847                     /home/lucas/.gradle/caches/modules-2/files-2.1/org.apache.geronimo.specs/geronimo-jta_1.1_spec/1.1.1/aabab3165b8ea936b9360abbf448459c0d04a5a4/geronimo-jta_1.1_spec-1.1.1.jar
7fef3299a000-7fef3299f000 r--s 00068000 08:05 787846                     /home/lucas/.gradle/caches/modules-2/files-2.1/antlr/antlr/2.7.7/83cd2cd674a217ade95a4bb83a8a14f351f48bd0/antlr-2.7.7.jar
7fef3299f000-7fef329a2000 r--s 0000e000 08:05 788081                     /home/lucas/.gradle/caches/modules-2/files-2.1/org.jboss.logging/jboss-logging/3.3.1.Final/c46217ab74b532568c0ed31dc599db3048bd1b67/jboss-logging-3.3.1.Final.jar
7fef329a2000-7fef329ac000 r--s 0006b000 08:05 787923                     /home/lucas/.gradle/caches/modules-2/files-2.1/org.springframework/spring-orm/4.3.9.RELEASE/ea9de867a7b686744f0e0bc1ecfcc9d3844e4cd7/spring-orm-4.3.9.RELEASE.jar
7fef329ac000-7fef329b0000 r--s 00039000 08:05 787827                     /home/lucas/.gradle/caches/modules-2/files-2.1/org.grails/grails-datastore-gorm-hibernate5/6.1.6.RELEASE/1ee42c7ede3f81020dbbfe9b692fc4f249d60897/grails-datastore-gorm-hibernate5-6.1.6.RELEASE.jar
7fef329b0000-7fef329b3000 r--s 00012000 08:05 787826                     /home/lucas/.gradle/caches/modules-2/files-2.1/org.grails/grails-datastore-gorm-support/6.1.6.RELEASE/f365df7d32d534cf1f1994302b38705ec787056b/grails-datastore-gorm-support-6.1.6.RELEASE.jar
7fef329b3000-7fef329b5000 r--s 00001000 08:05 787825                     /home/lucas/.gradle/caches/modules-2/files-2.1/org.grails/grails-datastore-web/6.1.6.RELEASE/f09bd65e28503797e4ea31534d2f57ed4e0fc6ff/grails-datastore-web-6.1.6.RELEASE.jar
7fef329b5000-7fef329b7000 r--s 00003000 08:05 788080                     /home/lucas/.gradle/caches/modules-2/files-2.1/org.grails/grails-events-compat/3.3.0/206a3c79a79b799ab72b5cc9da8797c9a5c932b9/grails-events-compat-3.3.0.jar
7fef329b7000-7fef329b9000 r--s 00006000 08:05 788079                     /home/lucas/.gradle/caches/modules-2/files-2.1/org.grails/grails-events-transform/3.3.0/8627740511bb37d2ac100ef22813b89fa664ebe5/grails-events-transform-3.3.0.jar
7fef329b9000-7fef329bb000 r--s 0000b000 08:05 788078                     /home/lucas/.gradle/caches/modules-2/files-2.1/org.grails/grails-events/3.3.0/1631acc33606179319ca44d57af8bc2c2db91b9/grails-events-3.3.0.jar
7fef329bb000-7fef329bd000 r--s 0001e000 08:05 788077                     /home/lucas/.gradle/caches/modules-2/files-2.1/org.grails.plugins/fields/2.1.5/74ccc593e1088b224449b0a31f6132211ac8ee47/fields-2.1.5.jar
7fef329bd000-7fef329c0000 r--s 0000e000 08:05 788076                     /home/lucas/.gradle/caches/modules-2/files-2.1/org.grails/grails-async/3.3.0/f50982b9d3aa7ea37336ca69a3a027bf8b87b29b/grails-async-3.3.0.jar
7fef329c0000-7fef329ca000 r--s 000aa000 08:05 787924                     /home/lucas/.gradle/caches/modules-2/files-2.1/org.javassist/javassist/3.21.0-GA/598244f595db5c5fb713731eddbb1c91a58d959b/javassist-3.21.0-GA.jar
7fef329ca000-7fef329cd000 r--s 00016000 08:05 788075                     /home/lucas/.gradle/caches/modules-2/files-2.1/org.grails/grails-validation/3.3.0/6b4f40ddf6245fe52649320432fd34cd48c57883/grails-validation-3.3.0.jar
7fef329cd000-7fef329d1000 r--s 0001e000 08:05 788074                     /home/lucas/.gradle/caches/modules-2/files-2.1/org.grails.plugins/converters/3.3.0/531bcff1aa1f98d7ae50a8fadd690c7dd2888a93/converters-3.3.0.jar
7fef329d1000-7fef329d3000 r--s 00005000 08:05 788073                     /home/lucas/.gradle/caches/modules-2/files-2.1/org.grails/grails-plugin-datasource/3.3.0/e96112616bc65dd920f2cfc725de10cb716e5483/grails-plugin-datasource-3.3.0.jar
7fef329d3000-7fef329d6000 r--s 00019000 08:05 788072                     /home/lucas/.gradle/caches/modules-2/files-2.1/org.grails/grails-plugin-controllers/3.3.0/458466035737211e5ae09b9b62bed61d7220249a/grails-plugin-controllers-3.3.0.jar
7fef329d6000-7fef329d7000 r--s 00005000 08:05 788071                     /home/lucas/.gradle/caches/modules-2/files-2.1/org.grails/grails-web/3.3.0/b2b3e4cd775169863734da3f79acf2a079d6d9f4/grails-web-3.3.0.jar
7fef329d7000-7fef329db000 r--s 00028000 08:05 788070                     /home/lucas/.gradle/caches/modules-2/files-2.1/org.grails/grails-web-common/3.3.0/9796c1880f90819a3d967c7b60ccd503d850f6f2/grails-web-common-3.3.0.jar
7fef329db000-7fef329e1000 r--s 00036000 08:05 788069                     /home/lucas/.gradle/caches/modules-2/files-2.1/org.apache.tomcat.embed/tomcat-embed-websocket/8.5.15/a92b066b0ea9ee1cb05b7d5e4bfed4ad8898f741/tomcat-embed-websocket-8.5.15.jar
7fef329e1000-7fef329e6000 r--s 00036000 08:05 788068                     /home/lucas/.gradle/caches/modules-2/files-2.1/org.apache.tomcat.embed/tomcat-embed-el/8.5.15/e4000e5386056eeebb43bf71e7d30c58d2473166/tomcat-embed-el-8.5.15.jar
7fef329e6000-7fef32a10000 r--s 002c0000 08:05 788067                     /home/lucas/.gradle/caches/modules-2/files-2.1/org.apache.tomcat.embed/tomcat-embed-core/8.5.15/f197a93ae66212767b004fd93d7a1a8ea62bc3fa/tomcat-embed-core-8.5.15.jar
7fef32a10000-7fef32a20000 r--s 00078000 08:05 788066                     /home/lucas/.gradle/caches/modules-2/files-2.1/org.springframework.boot/spring-boot-actuator/1.5.4.RELEASE/6fed8833ba044e22a2924f8fe70db4f126be7489/spring-boot-actuator-1.5.4.RELEASE.jar
7fef32a20000-7fef32a24000 r--s 00040000 08:05 788064                     /home/lucas/.gradle/caches/modules-2/files-2.1/xalan/serializer/2.7.2/24247f3bb052ee068971393bdb83e04512bb1c3c/serializer-2.7.2.jar
7fef32a24000-7fef32a31000 r--s 00081000 08:05 787852                     /home/lucas/.gradle/caches/modules-2/files-2.1/org.grails/grails-datastore-core/6.1.6.RELEASE/ec5403831ce08708a4525755e86bcb944476e70d/grails-datastore-core-6.1.6.RELEASE.jar
7fef32a31000-7fef32a36000 r--s 00038000 08:05 787820                     /home/lucas/.gradle/caches/modules-2/files-2.1/org.grails/grails-bootstrap/3.3.0/bee9828a4d0e6cd3a3d404512614ed1ee3b7d36b/grails-bootstrap-3.3.0.jar
7fef32a36000-7fef32a4f000 r--s 000fe000 08:05 787854                     /home/lucas/.gradle/caches/modules-2/files-2.1/org.springframework/spring-context/4.3.9.RELEASE/a186823724f03b98becd5f93b1fa107fe6f7a7ff/spring-context-4.3.9.RELEASE.jar
7fef32a4f000-7fef32a5d000 r--s 000ad000 08:05 787893                     /home/lucas/.gradle/caches/modules-2/files-2.1/org.springframework/spring-beans/4.3.9.RELEASE/daa5abf3779c8cad1a2910e1ea08e4272489d8ae/spring-beans-4.3.9.RELEASE.jar
7fef32a5d000-7fef32a65000 r--s 0003a000 08:05 787894                     /home/lucas/.gradle/caches/modules-2/files-2.1/org.springframework/spring-tx/4.3.9.RELEASE/7a7b1775e1e604841f8b619e110e43d9929c37ab/spring-tx-4.3.9.RELEASE.jar
7fef32a65000-7fef32a7b000 r--s 000fc000 08:05 787868                     /home/lucas/.gradle/caches/modules-2/files-2.1/org.springframework/spring-core/4.3.9.RELEASE/430b7298bfb85d66fb61e19ca8f06231b911e9f5/spring-core-4.3.9.RELEASE.jar
7fef32a7b000-7fef32a7f000 r--s 00019000 08:05 787892                     /home/lucas/.gradle/caches/modules-2/files-2.1/com.googlecode.concurrentlinkedhashmap/concurrentlinkedhashmap-lru/1.4.2/2eaf3d3c9746d526ff7e5b93931d482c3887e6ac/concurrentlinkedhashmap-lru-1.4.2.jar
7fef32a7f000-7fef32a84000 r--s 00017000 08:05 787845                     /home/lucas/.gradle/caches/modules-2/files-2.1/org.hibernate.javax.persistence/hibernate-jpa-2.1-api/1.0.0.Final/5e731d961297e5a07290bfaf3db1fbc8bbbf405a/hibernate-jpa-2.1-api-1.0.0.Final.jar
7fef32a84000-7fef32a86000 r--s 00009000 08:05 788062                     /home/lucas/.gradle/caches/modules-2/files-2.1/org.slf4j/slf4j-api/1.7.25/da76ca59f6a57ee3102f8f9bd9cee742973efa8a/slf4j-api-1.7.25.jar
7fef32a86000-7fef32ad3000 r--s 0040d000 08:05 787815                     /home/lucas/.gradle/caches/modules-2/files-2.1/org.codehaus.groovy/groovy/2.4.11/52a60df8b4cbfe39469171a42ca77a3e4eb4e737/groovy-2.4.11.jar
7fef32ad3000-7fef32ae3000 r--s 00095000 08:05 788061                     /home/lucas/.gradle/caches/modules-2/files-2.1/org.springframework.boot/spring-boot/1.5.4.RELEASE/cf51bb0751c1362a417eb59824d27d2907780d2/spring-boot-1.5.4.RELEASE.jar
7fef32ae3000-7fef32ae5000 r--s 00004000 08:05 788060                     /home/lucas/.gradle/caches/modules-2/files-2.1/org.slf4j/log4j-over-slf4j/1.7.25/a87bb47468f47ee7aabbd54f93e133d4215769c3/log4j-over-slf4j-1.7.25.jar
7fef32ae5000-7fef32ae7000 r--s 00000000 08:05 788059                     /home/lucas/.gradle/caches/modules-2/files-2.1/org.slf4j/jul-to-slf4j/1.7.25/af5364cd6679bfffb114f0dec8a157aaa283b76/jul-to-slf4j-1.7.25.jar
7fef32ae7000-7fef32ae9000 r--s 00003000 08:05 788058                     /home/lucas/.gradle/caches/modules-2/files-2.1/org.slf4j/jcl-over-slf4j/1.7.25/f8c32b13ff142a513eeb5b6330b1588dcb2c0461/jcl-over-slf4j-1.7.25.jar
7fef32ae9000-7fef32af0000 r--s 00045000 08:05 788057                     /home/lucas/.gradle/caches/modules-2/files-2.1/ch.qos.logback/logback-classic/1.1.11/ccedfbacef4a6515d2983e3f89ed753d5d4fb665/logback-classic-1.1.11.jar
7fef32af0000-7fef32af3000 r--s 0001d000 08:05 788056                     /home/lucas/.gradle/caches/modules-2/files-2.1/com.bertramlabs.plugins/asset-pipeline-grails/2.14.2/78d9651f5fc3dee1fce57cd5b01a18f9e53486b0/asset-pipeline-grails-2.14.2.jar
7fef32af3000-7fef32af6000 r--s 00021000 08:05 788055                     /home/lucas/.gradle/caches/modules-2/files-2.1/org.apache.tomcat/tomcat-jdbc/8.5.15/1f802a58c21283fcdff1572a390bf98ae7231ea3/tomcat-jdbc-8.5.15.jar
7fef32af6000-7fef32b05000 r--s 001ae000 08:05 788054                     /home/lucas/.gradle/caches/modules-2/files-2.1/com.h2database/h2/1.4.195/b25cc38f12b977694b8c85848e5bbecb2d88fd96/h2-1.4.195.jar
7fef32b05000-7fef32b08000 r--s 00018000 08:05 788053                     /home/lucas/.gradle/caches/modules-2/files-2.1/org.glassfish.web/el-impl/2.1.2-b03/6bab1211b6e6b191fdbf06067bd05d2f75a62ac0/el-impl-2.1.2-b03.jar
7fef32b08000-7fef32b0d000 r--s 0004b000 08:05 788052                     /home/lucas/.gradle/caches/modules-2/files-2.1/org.grails.plugins/gsp/3.3.0/207d8d9c87e33608297fcd9a97c2105043774287/gsp-3.3.0.jar
7fef32b0d000-7fef32b79000 r--s 0050a000 08:05 787824                     /home/lucas/.gradle/caches/modules-2/files-2.1/org.hibernate/hibernate-core/5.1.5.Final/28366d161d448e82370e5bbd871eb2835ba0fb7b/hibernate-core-5.1.5.Final.jar
7fef32b79000-7fef32b7b000 r--s 00006000 08:05 787813                     /home/lucas/.gradle/caches/modules-2/files-2.1/org.grails.plugins/hibernate5/6.1.6/c7f1bb43b5229be989d827eaa9d432f056ed53bf/hibernate5-6.1.6.jar
7fef32b7b000-7fef32c11000 r--s 0110a000 08:05 5116286                    /usr/lib/jvm/java-8-oracle/jre/lib/ext/jfxrt.jar
7fef32c11000-7fef32c14000 ---p 00000000 00:00 0 
7fef32c14000-7fef32d12000 rw-p 00000000 00:00 0                          [stack:5599]
7fef32d12000-7fef333f4000 r--p 00000000 08:05 4856772                    /usr/lib/locale/locale-archive
7fef333f4000-7fef333f7000 ---p 00000000 00:00 0 
7fef333f7000-7fef334f5000 rw-p 00000000 00:00 0                          [stack:5598]
7fef334f5000-7fef334f8000 ---p 00000000 00:00 0 
7fef334f8000-7fef335f6000 rw-p 00000000 00:00 0                          [stack:5597]
7fef335f6000-7fef335f7000 ---p 00000000 00:00 0 
7fef335f7000-7fef34000000 rw-p 00000000 00:00 0                          [stack:5596]
7fef34000000-7fef34021000 rw-p 00000000 00:00 0 
7fef34021000-7fef38000000 ---p 00000000 00:00 0 
7fef38000000-7fef3802d000 rw-p 00000000 00:00 0 
7fef3802d000-7fef3c000000 ---p 00000000 00:00 0 
7fef3c000000-7fef3c024000 rw-p 00000000 00:00 0 
7fef3c024000-7fef40000000 ---p 00000000 00:00 0 
7fef40000000-7fef40001000 r--s 00000000 08:05 788065                     /home/lucas/.gradle/caches/modules-2/files-2.1/org.springframework.boot/spring-boot-starter/1.5.4.RELEASE/74d5aa641503ddd12833c82cc19b295f9f40e8fa/spring-boot-starter-1.5.4.RELEASE.jar
7fef40001000-7fef40021000 r--s 000e5000 08:05 788036                     /home/lucas/.gradle/caches/modules-2/files-2.1/org.springframework.boot/spring-boot-autoconfigure/1.5.4.RELEASE/5591fa7358d950f374532c7d92dccf113ebfa1bb/spring-boot-autoconfigure-1.5.4.RELEASE.jar
7fef40021000-7fef40627000 rw-p 00000000 00:00 0 
7fef40627000-7fef40800000 r--s 03d64000 08:05 5116291                    /usr/lib/jvm/java-8-oracle/jre/lib/rt.jar
7fef40800000-7fef41000000 rw-p 00000000 00:00 0 
7fef41000000-7fef42390000 rwxp 00000000 00:00 0 
7fef42390000-7fef50000000 ---p 00000000 00:00 0 
7fef50000000-7fef519f5000 rw-p 00000000 00:00 0 
7fef519f5000-7fef54000000 ---p 00000000 00:00 0 
7fef54000000-7fef54001000 r--s 00009000 08:05 788063                     /home/lucas/.gradle/caches/modules-2/files-2.1/org.grails/grails-spring/3.3.0/2ec60d186ee0a9bf42cb514c392282771a419b8d/grails-spring-3.3.0.jar
7fef54001000-7fef54002000 r--s 00001000 08:05 788051                     /home/lucas/.gradle/caches/modules-2/files-2.1/org.grails.plugins/events/3.3.0/3df6529c92e6d5b6932c3341af62b5689cffb46/events-3.3.0.jar
7fef54002000-7fef54003000 r--s 00006000 08:05 788050                     /home/lucas/.gradle/caches/modules-2/files-2.1/org.grails.plugins/scaffolding/3.3.3/84c5d0b6452caa16edf90248c99d1033544eb993/scaffolding-3.3.3.jar
7fef54003000-7fef54006000 r--s 0000c000 08:05 788049                     /home/lucas/.gradle/caches/modules-2/files-2.1/org.grails.plugins/async/3.3.0/92d772e45c110e6052114f0aec29c59d8ae0d904/async-3.3.0.jar
7fef54006000-7fef54008000 r--s 00011000 08:05 788048                     /home/lucas/.gradle/caches/modules-2/files-2.1/org.grails.plugins/cache/4.0.0/72be24e2f8b3e5407048f5cc5186dcd32e8de841/cache-4.0.0.jar
7fef54008000-7fef5400a000 r--s 00004000 08:05 788046                     /home/lucas/.gradle/caches/modules-2/files-2.1/org.grails/grails-plugin-url-mappings/3.3.0/df7a2ef0b11a3c07f2cd1815b1d2c2722d4e75fe/grails-plugin-url-mappings-3.3.0.jar
7fef5400a000-7fef54017000 r--s 000ae000 08:05 788037                     /home/lucas/.gradle/caches/modules-2/files-2.1/org.grails/grails-core/3.3.0/255a93e9ce20367b66217c435c820dfafa22b522/grails-core-3.3.0.jar
7fef54017000-7fef559e6000 rw-p 00000000 00:00 0 
7fef559e6000-7fef559e7000 ---p 00000000 00:00 0 
7fef559e7000-7fef55ae7000 rw-p 00000000 00:00 0                          [stack:5595]
7fef55ae7000-7fef55ae8000 ---p 00000000 00:00 0 
7fef55ae8000-7fef55be8000 rw-p 00000000 00:00 0                          [stack:5594]
7fef55be8000-7fef55be9000 ---p 00000000 00:00 0 
7fef55be9000-7fef55ce9000 rw-p 00000000 00:00 0                          [stack:5593]
7fef55ce9000-7fef55cea000 ---p 00000000 00:00 0 
7fef55cea000-7fef560ba000 rw-p 00000000 00:00 0                          [stack:5592]
7fef560ba000-7fef5642b000 ---p 00000000 00:00 0 
7fef5642b000-7fef56446000 r-xp 00000000 08:05 5116182                    /usr/lib/jvm/java-8-oracle/jre/lib/amd64/libzip.so
7fef56446000-7fef56646000 ---p 0001b000 08:05 5116182                    /usr/lib/jvm/java-8-oracle/jre/lib/amd64/libzip.so
7fef56646000-7fef56647000 rw-p 0001b000 08:05 5116182                    /usr/lib/jvm/java-8-oracle/jre/lib/amd64/libzip.so
7fef56647000-7fef56652000 r-xp 00000000 08:05 1183729                    /lib/x86_64-linux-gnu/libnss_files-2.19.so
7fef56652000-7fef56851000 ---p 0000b000 08:05 1183729                    /lib/x86_64-linux-gnu/libnss_files-2.19.so
7fef56851000-7fef56852000 r--p 0000a000 08:05 1183729                    /lib/x86_64-linux-gnu/libnss_files-2.19.so
7fef56852000-7fef56853000 rw-p 0000b000 08:05 1183729                    /lib/x86_64-linux-gnu/libnss_files-2.19.so
7fef56853000-7fef5685e000 r-xp 00000000 08:05 1183739                    /lib/x86_64-linux-gnu/libnss_nis-2.19.so
7fef5685e000-7fef56a5d000 ---p 0000b000 08:05 1183739                    /lib/x86_64-linux-gnu/libnss_nis-2.19.so
7fef56a5d000-7fef56a5e000 r--p 0000a000 08:05 1183739                    /lib/x86_64-linux-gnu/libnss_nis-2.19.so
7fef56a5e000-7fef56a5f000 rw-p 0000b000 08:05 1183739                    /lib/x86_64-linux-gnu/libnss_nis-2.19.so
7fef56a5f000-7fef56a76000 r-xp 00000000 08:05 1183723                    /lib/x86_64-linux-gnu/libnsl-2.19.so
7fef56a76000-7fef56c75000 ---p 00017000 08:05 1183723                    /lib/x86_64-linux-gnu/libnsl-2.19.so
7fef56c75000-7fef56c76000 r--p 00016000 08:05 1183723                    /lib/x86_64-linux-gnu/libnsl-2.19.so
7fef56c76000-7fef56c77000 rw-p 00017000 08:05 1183723                    /lib/x86_64-linux-gnu/libnsl-2.19.so
7fef56c77000-7fef56c79000 rw-p 00000000 00:00 0 
7fef56c79000-7fef56c82000 r-xp 00000000 08:05 1183725                    /lib/x86_64-linux-gnu/libnss_compat-2.19.so
7fef56c82000-7fef56e81000 ---p 00009000 08:05 1183725                    /lib/x86_64-linux-gnu/libnss_compat-2.19.so
7fef56e81000-7fef56e82000 r--p 00008000 08:05 1183725                    /lib/x86_64-linux-gnu/libnss_compat-2.19.so
7fef56e82000-7fef56e83000 rw-p 00009000 08:05 1183725                    /lib/x86_64-linux-gnu/libnss_compat-2.19.so
7fef56e83000-7fef56e8d000 r-xp 00000000 08:05 5116224                    /usr/lib/jvm/java-8-oracle/jre/lib/amd64/libinstrument.so
7fef56e8d000-7fef5708c000 ---p 0000a000 08:05 5116224                    /usr/lib/jvm/java-8-oracle/jre/lib/amd64/libinstrument.so
7fef5708c000-7fef5708d000 rw-p 00009000 08:05 5116224                    /usr/lib/jvm/java-8-oracle/jre/lib/amd64/libinstrument.so
7fef5708d000-7fef570b8000 r-xp 00000000 08:05 5116177                    /usr/lib/jvm/java-8-oracle/jre/lib/amd64/libjava.so
7fef570b8000-7fef572b7000 ---p 0002b000 08:05 5116177                    /usr/lib/jvm/java-8-oracle/jre/lib/amd64/libjava.so
7fef572b7000-7fef572b9000 rw-p 0002a000 08:05 5116177                    /usr/lib/jvm/java-8-oracle/jre/lib/amd64/libjava.so
7fef572b9000-7fef572c6000 r-xp 00000000 08:05 5116185                    /usr/lib/jvm/java-8-oracle/jre/lib/amd64/libverify.so
7fef572c6000-7fef574c6000 ---p 0000d000 08:05 5116185                    /usr/lib/jvm/java-8-oracle/jre/lib/amd64/libverify.so
7fef574c6000-7fef574c8000 rw-p 0000d000 08:05 5116185                    /usr/lib/jvm/java-8-oracle/jre/lib/amd64/libverify.so
7fef574c8000-7fef574cf000 r-xp 00000000 08:05 1183782                    /lib/x86_64-linux-gnu/librt-2.19.so
7fef574cf000-7fef576ce000 ---p 00007000 08:05 1183782                    /lib/x86_64-linux-gnu/librt-2.19.so
7fef576ce000-7fef576cf000 r--p 00006000 08:05 1183782                    /lib/x86_64-linux-gnu/librt-2.19.so
7fef576cf000-7fef576d0000 rw-p 00007000 08:05 1183782                    /lib/x86_64-linux-gnu/librt-2.19.so
7fef576d0000-7fef577d5000 r-xp 00000000 08:05 1183704                    /lib/x86_64-linux-gnu/libm-2.19.so
7fef577d5000-7fef579d4000 ---p 00105000 08:05 1183704                    /lib/x86_64-linux-gnu/libm-2.19.so
7fef579d4000-7fef579d5000 r--p 00104000 08:05 1183704                    /lib/x86_64-linux-gnu/libm-2.19.so
7fef579d5000-7fef579d6000 rw-p 00105000 08:05 1183704                    /lib/x86_64-linux-gnu/libm-2.19.so
7fef579d6000-7fef586af000 r-xp 00000000 08:05 5116209                    /usr/lib/jvm/java-8-oracle/jre/lib/amd64/server/libjvm.so
7fef586af000-7fef588ae000 ---p 00cd9000 08:05 5116209                    /usr/lib/jvm/java-8-oracle/jre/lib/amd64/server/libjvm.so
7fef588ae000-7fef58987000 rw-p 00cd8000 08:05 5116209                    /usr/lib/jvm/java-8-oracle/jre/lib/amd64/server/libjvm.so
7fef58987000-7fef589d3000 rw-p 00000000 00:00 0 
7fef589d3000-7fef58b8f000 r-xp 00000000 08:05 1183654                    /lib/x86_64-linux-gnu/libc-2.19.so
7fef58b8f000-7fef58d8e000 ---p 001bc000 08:05 1183654                    /lib/x86_64-linux-gnu/libc-2.19.so
7fef58d8e000-7fef58d92000 r--p 001bb000 08:05 1183654                    /lib/x86_64-linux-gnu/libc-2.19.so
7fef58d92000-7fef58d94000 rw-p 001bf000 08:05 1183654                    /lib/x86_64-linux-gnu/libc-2.19.so
7fef58d94000-7fef58d99000 rw-p 00000000 00:00 0 
7fef58d99000-7fef58d9c000 r-xp 00000000 08:05 1183671                    /lib/x86_64-linux-gnu/libdl-2.19.so
7fef58d9c000-7fef58f9b000 ---p 00003000 08:05 1183671                    /lib/x86_64-linux-gnu/libdl-2.19.so
7fef58f9b000-7fef58f9c000 r--p 00002000 08:05 1183671                    /lib/x86_64-linux-gnu/libdl-2.19.so
7fef58f9c000-7fef58f9d000 rw-p 00003000 08:05 1183671                    /lib/x86_64-linux-gnu/libdl-2.19.so
7fef58f9d000-7fef58fb3000 r-xp 00000000 08:05 5249981                    /usr/lib/jvm/java-8-oracle/lib/amd64/jli/libjli.so
7fef58fb3000-7fef591b2000 ---p 00016000 08:05 5249981                    /usr/lib/jvm/java-8-oracle/lib/amd64/jli/libjli.so
7fef591b2000-7fef591b3000 rw-p 00015000 08:05 5249981                    /usr/lib/jvm/java-8-oracle/lib/amd64/jli/libjli.so
7fef591b3000-7fef591cc000 r-xp 00000000 08:05 1183774                    /lib/x86_64-linux-gnu/libpthread-2.19.so
7fef591cc000-7fef593cb000 ---p 00019000 08:05 1183774                    /lib/x86_64-linux-gnu/libpthread-2.19.so
7fef593cb000-7fef593cc000 r--p 00018000 08:05 1183774                    /lib/x86_64-linux-gnu/libpthread-2.19.so
7fef593cc000-7fef593cd000 rw-p 00019000 08:05 1183774                    /lib/x86_64-linux-gnu/libpthread-2.19.so
7fef593cd000-7fef593d1000 rw-p 00000000 00:00 0 
7fef593d1000-7fef593f4000 r-xp 00000000 08:05 1183630                    /lib/x86_64-linux-gnu/ld-2.19.so
7fef593f4000-7fef593f6000 r--s 00003000 08:05 788045                     /home/lucas/.gradle/caches/modules-2/files-2.1/org.grails/grails-plugin-services/3.3.0/3a241ac30b3056e24b3e017e669c6118c1a9d19f/grails-plugin-services-3.3.0.jar
7fef593f6000-7fef594d6000 rw-p 00000000 00:00 0 
7fef594d6000-7fef594d9000 ---p 00000000 00:00 0 
7fef594d9000-7fef595db000 rw-p 00000000 00:00 0                          [stack:5591]
7fef595db000-7fef595dc000 r--s 00008000 08:05 788047                     /home/lucas/.gradle/caches/modules-2/files-2.1/org.grails/grails-plugin-interceptors/3.3.0/9864d7565f9623c76a0daafafe0ca45ca31cd46d/grails-plugin-interceptors-3.3.0.jar
7fef595dc000-7fef595dd000 r--s 00003000 08:05 788044                     /home/lucas/.gradle/caches/modules-2/files-2.1/org.grails/grails-plugin-i18n/3.3.0/dc4faa0d2038c884f3d95ed49262874973d3a436/grails-plugin-i18n-3.3.0.jar
7fef595dd000-7fef595de000 r--s 00004000 08:05 788043                     /home/lucas/.gradle/caches/modules-2/files-2.1/org.grails/grails-plugin-databinding/3.3.0/748320c551d8176e45cbf32ae8a9e5188af83e12/grails-plugin-databinding-3.3.0.jar
7fef595de000-7fef595e2000 r--s 00031000 08:05 788042                     /home/lucas/.gradle/caches/modules-2/files-2.1/org.grails/grails-plugin-rest/3.3.0/377755023c8a739decae53eef2b455508a50b03b/grails-plugin-rest-3.3.0.jar
7fef595e2000-7fef595e3000 r--s 00000000 08:05 788041                     /home/lucas/.gradle/caches/modules-2/files-2.1/org.grails/grails-logging/3.3.0/76509fc3d6f8c98a47516b2491fe094a48565d1e/grails-logging-3.3.0.jar
7fef595e3000-7fef595e4000 r--s 00001000 08:05 788040                     /home/lucas/.gradle/caches/modules-2/files-2.1/org.grails/grails-web-boot/3.3.0/36f9f00eccf77cbf13853b1aeac8c8e18f02f8ec/grails-web-boot-3.3.0.jar
7fef595e4000-7fef595e5000 r--s 00000000 08:05 788039                     /home/lucas/.gradle/caches/modules-2/files-2.1/org.springframework.boot/spring-boot-starter-tomcat/1.5.4.RELEASE/d7e26f1d0e594bd1aab7da227649fc12c1958416/spring-boot-starter-tomcat-1.5.4.RELEASE.jar
7fef595e5000-7fef595e6000 r--s 00000000 08:05 788038                     /home/lucas/.gradle/caches/modules-2/files-2.1/org.springframework.boot/spring-boot-starter-actuator/1.5.4.RELEASE/10f526d22f58a32a8c3af26ccb0a6f16f4649935/spring-boot-starter-actuator-1.5.4.RELEASE.jar
7fef595e6000-7fef595e7000 r--s 00000000 08:05 788035                     /home/lucas/.gradle/caches/modules-2/files-2.1/org.springframework.boot/spring-boot-starter-logging/1.5.4.RELEASE/6b4364cfee82890ce9a9c2c59066f3a6e525debd/spring-boot-starter-logging-1.5.4.RELEASE.jar
7fef595e7000-7fef595ef000 rw-s 00000000 08:05 917600                     /tmp/hsperfdata_lucas/5584
7fef595ef000-7fef595f0000 rw-p 00000000 00:00 0 
7fef595f0000-7fef595f1000 r--p 00000000 00:00 0 
7fef595f1000-7fef595f3000 rw-p 00000000 00:00 0 
7fef595f3000-7fef595f4000 r--p 00022000 08:05 1183630                    /lib/x86_64-linux-gnu/ld-2.19.so
7fef595f4000-7fef595f5000 rw-p 00023000 08:05 1183630                    /lib/x86_64-linux-gnu/ld-2.19.so
7fef595f5000-7fef595f6000 rw-p 00000000 00:00 0 
7fff45159000-7fff4517f000 rw-p 00000000 00:00 0                          [stack]
7fff4518d000-7fff4518f000 r-xp 00000000 00:00 0                          [vdso]
ffffffffff600000-ffffffffff601000 r-xp 00000000 00:00 0                  [vsyscall]

VM Arguments:
jvm_args: -Dendpoints.shutdown.enabled=true -Denv=development -Dfull.stacktrace=false -Dgrails.env=development -Dgrails.full.stacktrace=false -Dinfo.app.grailsVersion=3.3.0 -Dinfo.app.name=Dashboard -Dinfo.app.version=0.1 -Djdk.reflect.allowGetCallerClass=true -Drun.active=true -Dspring.output.ansi.enabled=always -Dspringloaded=inclusions=grails.plugins..*;synchronize=true;allowSplitPackages=true;cacheDir=/home/lucas/Escritorio/Disenio/TablaInstrumentos/Dashboard/build/springloaded -Dverbose=false -XX:+TieredCompilation -XX:TieredStopAtLevel=1 -XX:CICompilerCount=3 -javaagent:/home/lucas/.gradle/caches/modules-2/files-2.1/org.springframework/springloaded/1.2.7.RELEASE/36be57f1a306cec1185b0276960fbe95dee08bf/springloaded-1.2.7.RELEASE.jar -Xverify:none -Xms768m -Xmx768m -Dfile.encoding=UTF-8 -Duser.country=AR -Duser.language=es -Duser.variant 
java_command: dashboard.Application
java_class_path (initial): /home/lucas/Escritorio/Disenio/TablaInstrumentos/Dashboard/src/main/resources:/home/lucas/Escritorio/Disenio/TablaInstrumentos/Dashboard/grails-app/views:/home/lucas/Escritorio/Disenio/TablaInstrumentos/Dashboard/grails-app/i18n:/home/lucas/Escritorio/Disenio/TablaInstrumentos/Dashboard/grails-app/conf:/home/lucas/Escritorio/Disenio/TablaInstrumentos/Dashboard/build/classes/main:/home/lucas/Escritorio/Disenio/TablaInstrumentos/Dashboard/build/resources/main:/home/lucas/Escritorio/Disenio/TablaInstrumentos/Dashboard/gsp-classes:/home/lucas/.gradle/caches/modules-2/files-2.1/org.springframework.boot/spring-boot-starter-logging/1.5.4.RELEASE/6b4364cfee82890ce9a9c2c59066f3a6e525debd/spring-boot-starter-logging-1.5.4.RELEASE.jar:/home/lucas/.gradle/caches/modules-2/files-2.1/org.springframework.boot/spring-boot-autoconfigure/1.5.4.RELEASE/5591fa7358d950f374532c7d92dccf113ebfa1bb/spring-boot-autoconfigure-1.5.4.RELEASE.jar:/home/lucas/.gradle/caches/modules-2/files-2.1/org.grails/grails-core/3.3.0/255a93e9ce20367b66217c435c820dfafa22b522/grails-core-3.3.0.jar:/home/lucas/.gradle/caches/modules-2/files-2.1/org.springframework.boot/spring-boot-starter-actuator/1.5.4.RELEASE/10f526d22f58a32a8c3af26ccb0a6f16f4649935/spring-boot-starter-actuator-1.5.4.RELEASE.jar:/home/lucas/.gradle/caches/modules-2/files-2.1/org.springframework.boot/spring-boot-starter-tomcat/1.5.4.RELEASE/d7e26f1d0e594bd1aab7da227649fc12c1958416/spring-boot-starter-tomcat-1.5.4.RELEASE.jar:/home/lucas/.gradle/caches/modules-2/files-2.1/org.grails/grails-web-boot/3.3.0/36f9f00eccf77cbf13853b1aeac8c8e18f02f8ec/grails-web-boot-3.3.0.jar:/home/lucas/.gradle/caches/modules-2/files-2.1/org.grails/grails-logging/3.3.0/76509fc3d6f8c98a47516b2491fe094a48565d1e/grails-logging-3.3.0.jar:/home/lucas/.gradle/caches/modules-2/files-2.1/org.grails/grails-plugin-rest/3.3.0/377755023c8a739decae53eef2b455508a50b03b/grails-plugin-rest-3.3.0.jar:/home/lucas/.gradle/caches/modules-2/files-2.1/org.gra
Launcher Type: SUN_STANDARD

Environment Variables:
JAVA_HOME=/usr/lib/jvm/java-8-oracle
PATH=/home/lucas/.sdkman/candidates/grails/current/bin:/usr/local/sbin:/usr/local/bin:/usr/sbin:/usr/bin:/sbin:/bin:/usr/games:/usr/local/games:/usr/lib/jvm/java-8-oracle/bin:/usr/lib/jvm/java-8-oracle/db/bin:/usr/lib/jvm/java-8-oracle/jre/bin
SHELL=/bin/bash
DISPLAY=:0

Signal Handlers:
SIGSEGV: [libjvm.so+0xad01e0], sa_mask[0]=11111111011111111101111111111110, sa_flags=SA_RESTART|SA_SIGINFO
SIGBUS: [libjvm.so+0xad01e0], sa_mask[0]=11111111011111111101111111111110, sa_flags=SA_RESTART|SA_SIGINFO
SIGFPE: [libjvm.so+0x927fb0], sa_mask[0]=11111111011111111101111111111110, sa_flags=SA_RESTART|SA_SIGINFO
SIGPIPE: [libjvm.so+0x927fb0], sa_mask[0]=11111111011111111101111111111110, sa_flags=SA_RESTART|SA_SIGINFO
SIGXFSZ: [libjvm.so+0x927fb0], sa_mask[0]=11111111011111111101111111111110, sa_flags=SA_RESTART|SA_SIGINFO
SIGILL: [libjvm.so+0x927fb0], sa_mask[0]=11111111011111111101111111111110, sa_flags=SA_RESTART|SA_SIGINFO
SIGUSR1: SIG_DFL, sa_mask[0]=00000000000000000000000000000000, sa_flags=none
SIGUSR2: [libjvm.so+0x9297f0], sa_mask[0]=00100000000000000000000000000000, sa_flags=SA_RESTART|SA_SIGINFO
SIGHUP: [libjvm.so+0x92abf0], sa_mask[0]=11111111011111111101111111111110, sa_flags=SA_RESTART|SA_SIGINFO
SIGINT: [libjvm.so+0x92abf0], sa_mask[0]=11111111011111111101111111111110, sa_flags=SA_RESTART|SA_SIGINFO
SIGTERM: [libjvm.so+0x92abf0], sa_mask[0]=11111111011111111101111111111110, sa_flags=SA_RESTART|SA_SIGINFO
SIGQUIT: [libjvm.so+0x92abf0], sa_mask[0]=11111111011111111101111111111110, sa_flags=SA_RESTART|SA_SIGINFO


---------------  S Y S T E M  ---------------

OS:DISTRIB_ID=Ubuntu
DISTRIB_RELEASE=14.04
DISTRIB_CODENAME=trusty
DISTRIB_DESCRIPTION="Ubuntu 14.04.1 LTS"

uname:Linux 3.13.0-32-generic #57-Ubuntu SMP Tue Jul 15 03:51:08 UTC 2014 x86_64
libc:glibc 2.19 NPTL 2.19 
rlimit: STACK 8192k, CORE 0k, NPROC 30244, NOFILE 4096, AS infinity
load average:2,24 1,31 1,09

/proc/meminfo:
MemTotal:        3892812 kB
MemFree:          119984 kB
Buffers:            1984 kB
Cached:           363892 kB
SwapCached:       100496 kB
Active:          2606588 kB
Inactive:         940676 kB
Active(anon):    2534548 kB
Inactive(anon):   862020 kB
Active(file):      72040 kB
Inactive(file):    78656 kB
Unevictable:         280 kB
Mlocked:             280 kB
SwapTotal:       4035580 kB
SwapFree:        2735104 kB
Dirty:               544 kB
Writeback:             0 kB
AnonPages:       3096700 kB
Mapped:           166220 kB
Shmem:            214208 kB
Slab:              60208 kB
SReclaimable:      27064 kB
SUnreclaim:        33144 kB
KernelStack:        5824 kB
PageTables:        48248 kB
NFS_Unstable:          0 kB
Bounce:                0 kB
WritebackTmp:          0 kB
CommitLimit:     5981984 kB
Committed_AS:   10994944 kB
VmallocTotal:   34359738367 kB
VmallocUsed:      544712 kB
VmallocChunk:   34359183804 kB
HardwareCorrupted:     0 kB
AnonHugePages:   1740800 kB
HugePages_Total:       0
HugePages_Free:        0
HugePages_Rsvd:        0
HugePages_Surp:        0
Hugepagesize:       2048 kB
DirectMap4k:       78744 kB
DirectMap2M:     3958784 kB


CPU:total 4 (initial active 4) (2 cores per cpu, 2 threads per core) family 6 model 42 stepping 7, cmov, cx8, fxsr, mmx, sse, sse2, sse3, ssse3, sse4.1, sse4.2, popcnt, avx, clmul, ht, tsc, tscinvbit

/proc/cpuinfo:
processor	: 0
vendor_id	: GenuineIntel
cpu family	: 6
model		: 42
model name	: Intel(R) Core(TM) i5-2410M CPU @ 2.30GHz
stepping	: 7
microcode	: 0x14
cpu MHz		: 2300.000
cache size	: 3072 KB
physical id	: 0
siblings	: 4
core id		: 0
cpu cores	: 2
apicid		: 0
initial apicid	: 0
fpu		: yes
fpu_exception	: yes
cpuid level	: 13
wp		: yes
flags		: fpu vme de pse tsc msr pae mce cx8 apic sep mtrr pge mca cmov pat pse36 clflush dts acpi mmx fxsr sse sse2 ss ht tm pbe syscall nx rdtscp lm constant_tsc arch_perfmon pebs bts rep_good nopl xtopology nonstop_tsc aperfmperf eagerfpu pni pclmulqdq dtes64 monitor ds_cpl vmx est tm2 ssse3 cx16 xtpr pdcm pcid sse4_1 sse4_2 x2apic popcnt tsc_deadline_timer xsave avx lahf_lm ida arat epb xsaveopt pln pts dtherm tpr_shadow vnmi flexpriority ept vpid
bogomips	: 4589.24
clflush size	: 64
cache_alignment	: 64
address sizes	: 36 bits physical, 48 bits virtual
power management:

processor	: 1
vendor_id	: GenuineIntel
cpu family	: 6
model		: 42
model name	: Intel(R) Core(TM) i5-2410M CPU @ 2.30GHz
stepping	: 7
microcode	: 0x14
cpu MHz		: 800.000
cache size	: 3072 KB
physical id	: 0
siblings	: 4
core id		: 1
cpu cores	: 2
apicid		: 2
initial apicid	: 2
fpu		: yes
fpu_exception	: yes
cpuid level	: 13
wp		: yes
flags		: fpu vme de pse tsc msr pae mce cx8 apic sep mtrr pge mca cmov pat pse36 clflush dts acpi mmx fxsr sse sse2 ss ht tm pbe syscall nx rdtscp lm constant_tsc arch_perfmon pebs bts rep_good nopl xtopology nonstop_tsc aperfmperf eagerfpu pni pclmulqdq dtes64 monitor ds_cpl vmx est tm2 ssse3 cx16 xtpr pdcm pcid sse4_1 sse4_2 x2apic popcnt tsc_deadline_timer xsave avx lahf_lm ida arat epb xsaveopt pln pts dtherm tpr_shadow vnmi flexpriority ept vpid
bogomips	: 4589.24
clflush size	: 64
cache_alignment	: 64
address sizes	: 36 bits physical, 48 bits virtual
power management:

processor	: 2
vendor_id	: GenuineIntel
cpu family	: 6
model		: 42
model name	: Intel(R) Core(TM) i5-2410M CPU @ 2.30GHz
stepping	: 7
microcode	: 0x14
cpu MHz		: 800.000
cache size	: 3072 KB
physical id	: 0
siblings	: 4
core id		: 0
cpu cores	: 2
apicid		: 1
initial apicid	: 1
fpu		: yes
fpu_exception	: yes
cpuid level	: 13
wp		: yes
flags		: fpu vme de pse tsc msr pae mce cx8 apic sep mtrr pge mca cmov pat pse36 clflush dts acpi mmx fxsr sse sse2 ss ht tm pbe syscall nx rdtscp lm constant_tsc arch_perfmon pebs bts rep_good nopl xtopology nonstop_tsc aperfmperf eagerfpu pni pclmulqdq dtes64 monitor ds_cpl vmx est tm2 ssse3 cx16 xtpr pdcm pcid sse4_1 sse4_2 x2apic popcnt tsc_deadline_timer xsave avx lahf_lm ida arat epb xsaveopt pln pts dtherm tpr_shadow vnmi flexpriority ept vpid
bogomips	: 4589.24
clflush size	: 64
cache_alignment	: 64
address sizes	: 36 bits physical, 48 bits virtual
power management:

processor	: 3
vendor_id	: GenuineIntel
cpu family	: 6
model		: 42
model name	: Intel(R) Core(TM) i5-2410M CPU @ 2.30GHz
stepping	: 7
microcode	: 0x14
cpu MHz		: 800.000
cache size	: 3072 KB
physical id	: 0
siblings	: 4
core id		: 1
cpu cores	: 2
apicid		: 3
initial apicid	: 3
fpu		: yes
fpu_exception	: yes
cpuid level	: 13
wp		: yes
flags		: fpu vme de pse tsc msr pae mce cx8 apic sep mtrr pge mca cmov pat pse36 clflush dts acpi mmx fxsr sse sse2 ss ht tm pbe syscall nx rdtscp lm constant_tsc arch_perfmon pebs bts rep_good nopl xtopology nonstop_tsc aperfmperf eagerfpu pni pclmulqdq dtes64 monitor ds_cpl vmx est tm2 ssse3 cx16 xtpr pdcm pcid sse4_1 sse4_2 x2apic popcnt tsc_deadline_timer xsave avx lahf_lm ida arat epb xsaveopt pln pts dtherm tpr_shadow vnmi flexpriority ept vpid
bogomips	: 4589.24
clflush size	: 64
cache_alignment	: 64
address sizes	: 36 bits physical, 48 bits virtual
power management:



Memory: 4k page, physical 3892812k(119984k free), swap 4035580k(2735104k free)

vm_info: Java HotSpot(TM) 64-Bit Server VM (25.161-b12) for linux-amd64 JRE (1.8.0_161-b12), built on Dec 19 2017 16:12:43 by "java_re" with gcc 4.3.0 20080428 (Red Hat 4.3.0-8)

time: Sat May  5 17:47:22 2018
elapsed time: 112 seconds (0d 0h 1m 52s)

