#
# A fatal error has been detected by the Java Runtime Environment:
#
#  SIGSEGV (0xb) at pc=0x00007fc40101c234, pid=3948, tid=0x00007fc38bdfd700
#
# JRE version: Java(TM) SE Runtime Environment (8.0_161-b12) (build 1.8.0_161-b12)
# Java VM: Java HotSpot(TM) 64-Bit Server VM (25.161-b12 mixed mode linux-amd64 compressed oops)
# Problematic frame:
# j  dashboard.MotorDeDatos_$$_jvstc50_3.addTo(Ljava/lang/String;Ljava/lang/Object;)Ldashboard/MotorDeDatos;+18
#
# Failed to write core dump. Core dumps have been disabled. To enable core dumping, try "ulimit -c unlimited" before starting Java again
#
# If you would like to submit a bug report, please visit:
#   http://bugreport.java.com/bugreport/crash.jsp
#

---------------  T H R E A D  ---------------

Current thread (0x00007fc41192a800):  JavaThread "http-nio-8080-exec-9" daemon [_thread_in_Java, id=4079, stack(0x00007fc38bcfd000,0x00007fc38bdfe000)]

siginfo: si_signo: 11 (SIGSEGV), si_code: 1 (SEGV_MAPERR), si_addr: 0x0000000000001fa8

Registers:
RAX=0x0000000000001fa0, RBX=0x0000000000000000, RCX=0x0000000000000000, RDX=0x00000000f81f1128
RSP=0x00007fc38bdf1710, RBP=0x00007fc38bdf1790, RSI=0x00000000f81f1128, RDI=0x00007fc41192a800
R8 =0x0000000000000000, R9 =0xfffffffffffffff8, R10=0x00007fc4169bc5c0, R11=0x0000000100000f28
R12=0x0000000000000000, R13=0x00007fc3c58cdf48, R14=0x00007fc38bdf17b8, R15=0x00007fc41192a800
RIP=0x00007fc40101c234, EFLAGS=0x0000000000010206, CSGSFS=0x0000000000000033, ERR=0x0000000000000004
  TRAPNO=0x000000000000000e

Top of Stack: (sp=0x00007fc38bdf1710)
0x00007fc38bdf1710:   0000000000001fa0 0000000000000000
0x00007fc38bdf1720:   00000000f81f1128 00000000f81f1128
0x00007fc38bdf1730:   00000000d3d7c538 00000000d3d7c600
0x00007fc38bdf1740:   00007fc41192b6d0 0000000000000000
0x00007fc38bdf1750:   00007fc38bdf1750 00007fc3c58cdf42
0x00007fc38bdf1760:   00007fc38bdf17b8 00007fc3c5526da8
0x00007fc38bdf1770:   0000000000000000 00007fc3c58cdf58
0x00007fc38bdf1780:   0000000000000000 00007fc38bdf17a8
0x00007fc38bdf1790:   00007fc38bdf1810 00007fc4010007a7
0x00007fc38bdf17a0:   00000000d3d75e18 00000000f7d7a050
0x00007fc38bdf17b0:   0000000000001fa0 00007fc41192b6d0
0x00007fc38bdf17c0:   00007fc41192a800 00007fc38bdf1890
0x00007fc38bdf17d0:   00007fc38bdf1ba0 00007fc38bdf1850
0x00007fc38bdf17e0:   00007fc38bdf1850 00007fc38bdf1ba8
0x00007fc38bdf17f0:   00007fc30000000c 00007fc3c58cdf58
0x00007fc38bdf1800:   00007fc401013600 00007fc38bdf1a98
0x00007fc38bdf1810:   00007fc38bdf1980 00007fc41607bae6
0x00007fc38bdf1820:   0000000000000001 00007fc41192a800
0x00007fc38bdf1830:   00007fc38bdf1a90 00007fc38bdf1ba0
0x00007fc38bdf1840:   00007fc401013600 01007fc40000000c
0x00007fc38bdf1850:   00007fc41192a800 00007fc37c009390
0x00007fc38bdf1860:   00007fc3c58cdf58 00000000f7d7a050
0x00007fc38bdf1870:   00007fc38bdf1db0 00007fc4015743b7
0x00007fc38bdf1880:   0000000000000000 00007fc38bdf1ba0
0x00007fc38bdf1890:   00007fc41192a800 00007fc41192b5f0
0x00007fc38bdf18a0:   00007fc41192b630 00007fc41192b6e8
0x00007fc38bdf18b0:   00007fc41192b718 00000000000000d8
0x00007fc38bdf18c0:   00007fc38bdf2500 00007fc4160febd4
0x00007fc38bdf18d0:   00007fc3c58cdf58 00007fc41192a800
0x00007fc38bdf18e0:   00007fc40133d190 00007fc400000000
0x00007fc38bdf18f0:   00007fc3c58cdf58 00007fc41192a800
0x00007fc38bdf1900:   00007fc41192a800 00007fc4014bf6ac 

Instructions: (pc=0x00007fc40101c234)
0x00007fc40101c214:   8b 4c 24 08 48 8b 54 24 10 48 63 c9 3b 4a 0c 8b
0x00007fc40101c224:   d9 0f 83 35 6f ff ff 48 85 c0 0f 84 32 01 00 00
0x00007fc40101c234:   8b 58 08 48 c1 e3 03 8b 42 08 48 c1 e0 03 48 8b
0x00007fc40101c244:   80 e8 00 00 00 48 8d 54 8a 10 48 8b 4d e0 48 85 

Register to memory mapping:

RAX=0x0000000000001fa0 is an unknown value
RBX=0x0000000000000000 is an unknown value
RCX=0x0000000000000000 is an unknown value
RDX=0x00000000f81f1128 is an oop
[Ljava.lang.Object; 
 - klass: 'java/lang/Object'[]
 - length: 2
RSP=0x00007fc38bdf1710 is pointing into the stack for thread: 0x00007fc41192a800
RBP=0x00007fc38bdf1790 is pointing into the stack for thread: 0x00007fc41192a800
RSI=0x00000000f81f1128 is an oop
[Ljava.lang.Object; 
 - klass: 'java/lang/Object'[]
 - length: 2
RDI=0x00007fc41192a800 is a thread
R8 =0x0000000000000000 is an unknown value
R9 =0xfffffffffffffff8 is an unknown value
R10=0x00007fc4169bc5c0: <offset 0xfd65c0> in /usr/lib/jvm/java-8-oracle/jre/lib/amd64/server/libjvm.so at 0x00007fc4159e6000
R11=0x0000000100000f28 is pointing into metadata
R12=0x0000000000000000 is an unknown value
R13=0x00007fc3c58cdf48 is pointing into metadata
R14=0x00007fc38bdf17b8 is pointing into the stack for thread: 0x00007fc41192a800
R15=0x00007fc41192a800 is a thread


Stack: [0x00007fc38bcfd000,0x00007fc38bdfe000],  sp=0x00007fc38bdf1710,  free space=977k
Native frames: (J=compiled Java code, j=interpreted, Vv=VM code, C=native code)
j  dashboard.MotorDeDatos_$$_jvstc50_3.addTo(Ljava/lang/String;Ljava/lang/Object;)Ldashboard/MotorDeDatos;+18
v  ~StubRoutines::call_stub
V  [libjvm.so+0x695ae6]  JavaCalls::call_helper(JavaValue*, methodHandle*, JavaCallArguments*, Thread*)+0x1056
V  [libjvm.so+0x9a3fa7]  Reflection::invoke(instanceKlassHandle, methodHandle, Handle, bool, objArrayHandle, BasicType, objArrayHandle, bool, Thread*)+0x5d7
V  [libjvm.so+0x9a76b7]  Reflection::invoke_method(oopDesc*, Handle, objArrayHandle, Thread*)+0x147
V  [libjvm.so+0x72962b]  JVM_InvokeMethod+0x26b
J 1973  sun.reflect.NativeMethodAccessorImpl.invoke0(Ljava/lang/reflect/Method;Ljava/lang/Object;[Ljava/lang/Object;)Ljava/lang/Object; (0 bytes) @ 0x00007fc40157442d [0x00007fc401574340+0xed]
J 1972 C1 sun.reflect.NativeMethodAccessorImpl.invoke(Ljava/lang/Object;[Ljava/lang/Object;)Ljava/lang/Object; (104 bytes) @ 0x00007fc401574ad4 [0x00007fc401574760+0x374]
J 829 C1 sun.reflect.DelegatingMethodAccessorImpl.invoke(Ljava/lang/Object;[Ljava/lang/Object;)Ljava/lang/Object; (10 bytes) @ 0x00007fc4013a2a44 [0x00007fc4013a2a00+0x44]
J 828 C1 java.lang.reflect.Method.invoke(Ljava/lang/Object;[Ljava/lang/Object;)Ljava/lang/Object; (62 bytes) @ 0x00007fc4013a2654 [0x00007fc4013a2560+0xf4]
J 1798 C1 org.springsource.loaded.ri.ReflectiveInterceptor.jlrMethodInvoke(Ljava/lang/reflect/Method;Ljava/lang/Object;[Ljava/lang/Object;)Ljava/lang/Object; (2214 bytes) @ 0x00007fc40151fed4 [0x00007fc40151e8a0+0x1634]
J 3555 C1 org.codehaus.groovy.reflection.CachedMethod.invoke(Ljava/lang/Object;[Ljava/lang/Object;)Ljava/lang/Object; (70 bytes) @ 0x00007fc4018cb374 [0x00007fc4018cb340+0x34]
J 1814 C1 groovy.lang.MetaMethod.doMethodInvoke(Ljava/lang/Object;[Ljava/lang/Object;)Ljava/lang/Object; (22 bytes) @ 0x00007fc401530514 [0x00007fc4015304a0+0x74]
J 5666 C1 org.codehaus.groovy.runtime.metaclass.MethodMetaProperty$GetBeanMethodMetaProperty.getProperty(Ljava/lang/Object;)Ljava/lang/Object; (12 bytes) @ 0x00007fc401c49e8c [0x00007fc401c49e40+0x4c]
J 11254 C1 org.codehaus.groovy.runtime.callsite.GetEffectivePogoPropertySite.getProperty(Ljava/lang/Object;)Ljava/lang/Object; (15 bytes) @ 0x00007fc4028f1ec4 [0x00007fc4028f1e80+0x44]
J 4044 C1 org.codehaus.groovy.runtime.callsite.AbstractCallSite.callGetProperty(Ljava/lang/Object;)Ljava/lang/Object; (12 bytes) @ 0x00007fc4019bdc64 [0x00007fc4019bdc00+0x64]
j  grails.plugin.formfields.FormFieldsTagLib.displayAssociation(Ljava/lang/Object;Lgrails/core/GrailsDomainClass;)Ljava/lang/CharSequence;+78
v  ~StubRoutines::call_stub
V  [libjvm.so+0x695ae6]  JavaCalls::call_helper(JavaValue*, methodHandle*, JavaCallArguments*, Thread*)+0x1056
V  [libjvm.so+0x9a3fa7]  Reflection::invoke(instanceKlassHandle, methodHandle, Handle, bool, objArrayHandle, BasicType, objArrayHandle, bool, Thread*)+0x5d7
V  [libjvm.so+0x9a76b7]  Reflection::invoke_method(oopDesc*, Handle, objArrayHandle, Thread*)+0x147
V  [libjvm.so+0x72962b]  JVM_InvokeMethod+0x26b
J 1973  sun.reflect.NativeMethodAccessorImpl.invoke0(Ljava/lang/reflect/Method;Ljava/lang/Object;[Ljava/lang/Object;)Ljava/lang/Object; (0 bytes) @ 0x00007fc40157442d [0x00007fc401574340+0xed]
J 1972 C1 sun.reflect.NativeMethodAccessorImpl.invoke(Ljava/lang/Object;[Ljava/lang/Object;)Ljava/lang/Object; (104 bytes) @ 0x00007fc401574ad4 [0x00007fc401574760+0x374]
J 829 C1 sun.reflect.DelegatingMethodAccessorImpl.invoke(Ljava/lang/Object;[Ljava/lang/Object;)Ljava/lang/Object; (10 bytes) @ 0x00007fc4013a2a44 [0x00007fc4013a2a00+0x44]
J 828 C1 java.lang.reflect.Method.invoke(Ljava/lang/Object;[Ljava/lang/Object;)Ljava/lang/Object; (62 bytes) @ 0x00007fc4013a2654 [0x00007fc4013a2560+0xf4]
J 1798 C1 org.springsource.loaded.ri.ReflectiveInterceptor.jlrMethodInvoke(Ljava/lang/reflect/Method;Ljava/lang/Object;[Ljava/lang/Object;)Ljava/lang/Object; (2214 bytes) @ 0x00007fc401520024 [0x00007fc40151e8a0+0x1784]
J 6503 C1 org.codehaus.groovy.runtime.callsite.PogoMetaMethodSite$PogoCachedMethodSiteNoUnwrapNoCoerce.invoke(Ljava/lang/Object;[Ljava/lang/Object;)Ljava/lang/Object; (37 bytes) @ 0x00007fc401de9914 [0x00007fc401de98e0+0x34]
J 6530 C1 org.codehaus.groovy.runtime.callsite.PogoMetaMethodSite.callCurrent(Lgroovy/lang/GroovyObject;[Ljava/lang/Object;)Ljava/lang/Object; (29 bytes) @ 0x00007fc401df2fbc [0x00007fc401df2f00+0xbc]
J 6895 C1 org.codehaus.groovy.runtime.callsite.AbstractCallSite.callCurrent(Lgroovy/lang/GroovyObject;Ljava/lang/Object;Ljava/lang/Object;)Ljava/lang/Object; (42 bytes) @ 0x00007fc401ebe484 [0x00007fc401ebe2a0+0x1e4]
j  grails.plugin.formfields.FormFieldsTagLib.renderDefaultDisplay(Ljava/util/Map;Ljava/util/Map;Ljava/lang/String;Ljava/lang/String;)Ljava/lang/CharSequence;+303
j  sun.reflect.GeneratedMethodAccessor468.invoke(Ljava/lang/Object;[Ljava/lang/Object;)Ljava/lang/Object;+64
J 829 C1 sun.reflect.DelegatingMethodAccessorImpl.invoke(Ljava/lang/Object;[Ljava/lang/Object;)Ljava/lang/Object; (10 bytes) @ 0x00007fc4013a2a44 [0x00007fc4013a2a00+0x44]
J 828 C1 java.lang.reflect.Method.invoke(Ljava/lang/Object;[Ljava/lang/Object;)Ljava/lang/Object; (62 bytes) @ 0x00007fc4013a2654 [0x00007fc4013a2560+0xf4]
J 1798 C1 org.springsource.loaded.ri.ReflectiveInterceptor.jlrMethodInvoke(Ljava/lang/reflect/Method;Ljava/lang/Object;[Ljava/lang/Object;)Ljava/lang/Object; (2214 bytes) @ 0x00007fc401520024 [0x00007fc40151e8a0+0x1784]
J 6503 C1 org.codehaus.groovy.runtime.callsite.PogoMetaMethodSite$PogoCachedMethodSiteNoUnwrapNoCoerce.invoke(Ljava/lang/Object;[Ljava/lang/Object;)Ljava/lang/Object; (37 bytes) @ 0x00007fc401de9914 [0x00007fc401de98e0+0x34]
J 6530 C1 org.codehaus.groovy.runtime.callsite.PogoMetaMethodSite.callCurrent(Lgroovy/lang/GroovyObject;[Ljava/lang/Object;)Ljava/lang/Object; (29 bytes) @ 0x00007fc401df2fbc [0x00007fc401df2f00+0xbc]
J 7266 C1 org.codehaus.groovy.runtime.callsite.AbstractCallSite.callCurrent(Lgroovy/lang/GroovyObject;Ljava/lang/Object;Ljava/lang/Object;Ljava/lang/Object;Ljava/lang/Object;)Ljava/lang/Object; (50 bytes) @ 0x00007fc401fad894 [0x00007fc401fad5e0+0x2b4]
j  grails.plugin.formfields.FormFieldsTagLib.renderDisplayWidget(Lgrails/plugin/formfields/BeanPropertyAccessor;Ljava/util/Map;Ljava/util/Map;Ljava/lang/String;Ljava/lang/String;)Ljava/lang/CharSequence;+394
j  sun.reflect.GeneratedMethodAccessor432.invoke(Ljava/lang/Object;[Ljava/lang/Object;)Ljava/lang/Object;+72
J 829 C1 sun.reflect.DelegatingMethodAccessorImpl.invoke(Ljava/lang/Object;[Ljava/lang/Object;)Ljava/lang/Object; (10 bytes) @ 0x00007fc4013a2a44 [0x00007fc4013a2a00+0x44]
J 828 C1 java.lang.reflect.Method.invoke(Ljava/lang/Object;[Ljava/lang/Object;)Ljava/lang/Object; (62 bytes) @ 0x00007fc4013a2654 [0x00007fc4013a2560+0xf4]
J 1798 C1 org.springsource.loaded.ri.ReflectiveInterceptor.jlrMethodInvoke(Ljava/lang/reflect/Method;Ljava/lang/Object;[Ljava/lang/Object;)Ljava/lang/Object; (2214 bytes) @ 0x00007fc401520024 [0x00007fc40151e8a0+0x1784]
J 3555 C1 org.codehaus.groovy.reflection.CachedMethod.invoke(Ljava/lang/Object;[Ljava/lang/Object;)Ljava/lang/Object; (70 bytes) @ 0x00007fc4018cb374 [0x00007fc4018cb340+0x34]
J 1814 C1 groovy.lang.MetaMethod.doMethodInvoke(Ljava/lang/Object;[Ljava/lang/Object;)Ljava/lang/Object; (22 bytes) @ 0x00007fc401530514 [0x00007fc4015304a0+0x74]
J 3544 C1 org.codehaus.groovy.runtime.metaclass.ClosureMetaClass.invokeMethod(Ljava/lang/Class;Ljava/lang/Object;Ljava/lang/String;[Ljava/lang/Object;ZZ)Ljava/lang/Object; (892 bytes) @ 0x00007fc4018c344c [0x00007fc4018c22c0+0x118c]
J 1800 C1 groovy.lang.MetaClassImpl.invokeMethod(Ljava/lang/Object;Ljava/lang/String;[Ljava/lang/Object;)Ljava/lang/Object; (14 bytes) @ 0x00007fc40152d59c [0x00007fc40152d540+0x5c]
J 6673 C1 org.codehaus.groovy.runtime.callsite.PogoMetaClassSite.callCurrent(Lgroovy/lang/GroovyObject;[Ljava/lang/Object;)Ljava/lang/Object; (92 bytes) @ 0x00007fc401e18ecc [0x00007fc401e18dc0+0x10c]
j  grails.plugin.formfields.FormFieldsTagLib$_closure8.doCall(Ljava/lang/Object;Ljava/lang/Object;)Ljava/lang/Object;+999
j  sun.reflect.GeneratedMethodAccessor514.invoke(Ljava/lang/Object;[Ljava/lang/Object;)Ljava/lang/Object;+48
J 829 C1 sun.reflect.DelegatingMethodAccessorImpl.invoke(Ljava/lang/Object;[Ljava/lang/Object;)Ljava/lang/Object; (10 bytes) @ 0x00007fc4013a2a44 [0x00007fc4013a2a00+0x44]
J 828 C1 java.lang.reflect.Method.invoke(Ljava/lang/Object;[Ljava/lang/Object;)Ljava/lang/Object; (62 bytes) @ 0x00007fc4013a2654 [0x00007fc4013a2560+0xf4]
J 1798 C1 org.springsource.loaded.ri.ReflectiveInterceptor.jlrMethodInvoke(Ljava/lang/reflect/Method;Ljava/lang/Object;[Ljava/lang/Object;)Ljava/lang/Object; (2214 bytes) @ 0x00007fc401520024 [0x00007fc40151e8a0+0x1784]
J 3555 C1 org.codehaus.groovy.reflection.CachedMethod.invoke(Ljava/lang/Object;[Ljava/lang/Object;)Ljava/lang/Object; (70 bytes) @ 0x00007fc4018cb374 [0x00007fc4018cb340+0x34]
J 1814 C1 groovy.lang.MetaMethod.doMethodInvoke(Ljava/lang/Object;[Ljava/lang/Object;)Ljava/lang/Object; (22 bytes) @ 0x00007fc401530514 [0x00007fc4015304a0+0x74]
J 3544 C1 org.codehaus.groovy.runtime.metaclass.ClosureMetaClass.invokeMethod(Ljava/lang/Class;Ljava/lang/Object;Ljava/lang/String;[Ljava/lang/Object;ZZ)Ljava/lang/Object; (892 bytes) @ 0x00007fc4018c3484 [0x00007fc4018c22c0+0x11c4]
J 1800 C1 groovy.lang.MetaClassImpl.invokeMethod(Ljava/lang/Object;Ljava/lang/String;[Ljava/lang/Object;)Ljava/lang/Object; (14 bytes) @ 0x00007fc40152d59c [0x00007fc40152d540+0x5c]
J 4035 C1 groovy.lang.Closure.call([Ljava/lang/Object;)Ljava/lang/Object; (30 bytes) @ 0x00007fc4019bb0bc [0x00007fc4019bb040+0x7c]
J 8357 C1 org.grails.gsp.GroovyPage.invokeTagLibClosure(Ljava/lang/String;Ljava/lang/String;Lgroovy/lang/Closure;Ljava/util/Map;Lgroovy/lang/Closure;ZLjava/util/Map;)V (239 bytes) @ 0x00007fc40222b19c [0x00007fc40222ab20+0x67c]
J 7986 C1 org.grails.gsp.GroovyPage.invokeTag(Ljava/lang/String;Ljava/lang/String;ILjava/util/Map;I)V (791 bytes) @ 0x00007fc40215ad54 [0x00007fc40215a340+0xa14]
J 11327 C1 org.grails.gsp.GroovyPage$invokeTag$4.callCurrent(Lgroovy/lang/GroovyObject;[Ljava/lang/Object;)Ljava/lang/Object; (59 bytes) @ 0x00007fc40290f774 [0x00007fc40290f500+0x274]
j  gsp_fields_templates__fields_table_gsp.run()Ljava/lang/Object;+965
j  org.grails.gsp.GroovyPageWritable.doWriteTo(Lorg/grails/taglib/encoder/OutputContext;Ljava/io/Writer;)Ljava/io/Writer;+373
j  org.grails.gsp.GroovyPageWritable.writeTo(Ljava/io/Writer;)Ljava/io/Writer;+13
j  org.grails.web.gsp.GroovyPagesTemplateRenderer.makeTemplate(Lorg/grails/web/servlet/mvc/GrailsWebRequest;Lgroovy/text/Template;Ljava/util/Map;Ljava/lang/Object;Ljava/io/Writer;)V+326
j  org.grails.web.gsp.GroovyPagesTemplateRenderer.render(Lorg/grails/web/servlet/mvc/GrailsWebRequest;Lorg/grails/taglib/TemplateVariableBinding;Ljava/util/Map;Ljava/lang/Object;Ljava/io/Writer;)V+162
j  org.grails.plugins.web.taglib.RenderTagLib$_closure7.doCall(Ljava/util/Map;Ljava/lang/Object;)Ljava/lang/Object;+74
j  sun.reflect.GeneratedMethodAccessor525.invoke(Ljava/lang/Object;[Ljava/lang/Object;)Ljava/lang/Object;+48
J 829 C1 sun.reflect.DelegatingMethodAccessorImpl.invoke(Ljava/lang/Object;[Ljava/lang/Object;)Ljava/lang/Object; (10 bytes) @ 0x00007fc4013a2a44 [0x00007fc4013a2a00+0x44]
J 828 C1 java.lang.reflect.Method.invoke(Ljava/lang/Object;[Ljava/lang/Object;)Ljava/lang/Object; (62 bytes) @ 0x00007fc4013a2654 [0x00007fc4013a2560+0xf4]
J 1798 C1 org.springsource.loaded.ri.ReflectiveInterceptor.jlrMethodInvoke(Ljava/lang/reflect/Method;Ljava/lang/Object;[Ljava/lang/Object;)Ljava/lang/Object; (2214 bytes) @ 0x00007fc401520024 [0x00007fc40151e8a0+0x1784]
J 3555 C1 org.codehaus.groovy.reflection.CachedMethod.invoke(Ljava/lang/Object;[Ljava/lang/Object;)Ljava/lang/Object; (70 bytes) @ 0x00007fc4018cb374 [0x00007fc4018cb340+0x34]
J 1814 C1 groovy.lang.MetaMethod.doMethodInvoke(Ljava/lang/Object;[Ljava/lang/Object;)Ljava/lang/Object; (22 bytes) @ 0x00007fc401530514 [0x00007fc4015304a0+0x74]
J 3544 C1 org.codehaus.groovy.runtime.metaclass.ClosureMetaClass.invokeMethod(Ljava/lang/Class;Ljava/lang/Object;Ljava/lang/String;[Ljava/lang/Object;ZZ)Ljava/lang/Object; (892 bytes) @ 0x00007fc4018c3484 [0x00007fc4018c22c0+0x11c4]
J 1800 C1 groovy.lang.MetaClassImpl.invokeMethod(Ljava/lang/Object;Ljava/lang/String;[Ljava/lang/Object;)Ljava/lang/Object; (14 bytes) @ 0x00007fc40152d59c [0x00007fc40152d540+0x5c]
J 4035 C1 groovy.lang.Closure.call([Ljava/lang/Object;)Ljava/lang/Object; (30 bytes) @ 0x00007fc4019bb0bc [0x00007fc4019bb040+0x7c]
J 8014 C1 org.grails.taglib.TagOutput.captureTagOutput(Lorg/grails/taglib/TagLibraryLookup;Ljava/lang/String;Ljava/lang/String;Ljava/util/Map;Ljava/lang/Object;Lorg/grails/taglib/encoder/OutputContext;)Ljava/lang/Object; (558 bytes) @ 0x00007fc40216fa94 [0x00007fc40216ec60+0xe34]
J 10159 C1 org.grails.taglib.TagLibraryMetaUtils$_registerMethodMissingForTags_closure3.doCall(Ljava/util/Map;)Ljava/lang/Object; (52 bytes) @ 0x00007fc401f0f714 [0x00007fc401f0f580+0x194]
J 8762 C1 sun.reflect.GeneratedMethodAccessor149.invoke(Ljava/lang/Object;[Ljava/lang/Object;)Ljava/lang/Object; (65 bytes) @ 0x00007fc4022f80b4 [0x00007fc4022f7fe0+0xd4]
J 829 C1 sun.reflect.DelegatingMethodAccessorImpl.invoke(Ljava/lang/Object;[Ljava/lang/Object;)Ljava/lang/Object; (10 bytes) @ 0x00007fc4013a2a44 [0x00007fc4013a2a00+0x44]
J 828 C1 java.lang.reflect.Method.invoke(Ljava/lang/Object;[Ljava/lang/Object;)Ljava/lang/Object; (62 bytes) @ 0x00007fc4013a2654 [0x00007fc4013a2560+0xf4]
J 1798 C1 org.springsource.loaded.ri.ReflectiveInterceptor.jlrMethodInvoke(Ljava/lang/reflect/Method;Ljava/lang/Object;[Ljava/lang/Object;)Ljava/lang/Object; (2214 bytes) @ 0x00007fc401520024 [0x00007fc40151e8a0+0x1784]
J 3555 C1 org.codehaus.groovy.reflection.CachedMethod.invoke(Ljava/lang/Object;[Ljava/lang/Object;)Ljava/lang/Object; (70 bytes) @ 0x00007fc4018cb374 [0x00007fc4018cb340+0x34]
J 8278 C1 org.codehaus.groovy.runtime.metaclass.ClosureMetaMethod.invoke(Ljava/lang/Object;[Ljava/lang/Object;)Ljava/lang/Object; (32 bytes) @ 0x00007fc4021f2aac [0x00007fc4021f29e0+0xcc]
J 1814 C1 groovy.lang.MetaMethod.doMethodInvoke(Ljava/lang/Object;[Ljava/lang/Object;)Ljava/lang/Object; (22 bytes) @ 0x00007fc401530514 [0x00007fc4015304a0+0x74]
J 3544 C1 org.codehaus.groovy.runtime.metaclass.ClosureMetaClass.invokeMethod(Ljava/lang/Class;Ljava/lang/Object;Ljava/lang/String;[Ljava/lang/Object;ZZ)Ljava/lang/Object; (892 bytes) @ 0x00007fc4018c344c [0x00007fc4018c22c0+0x118c]
J 1800 C1 groovy.lang.MetaClassImpl.invokeMethod(Ljava/lang/Object;Ljava/lang/String;[Ljava/lang/Object;)Ljava/lang/Object; (14 bytes) @ 0x00007fc40152d59c [0x00007fc40152d540+0x5c]
J 6673 C1 org.codehaus.groovy.runtime.callsite.PogoMetaClassSite.callCurrent(Lgroovy/lang/GroovyObject;[Ljava/lang/Object;)Ljava/lang/Object; (92 bytes) @ 0x00007fc401e18ecc [0x00007fc401e18dc0+0x10c]
J 6317 C1 org.codehaus.groovy.runtime.callsite.AbstractCallSite.callCurrent(Lgroovy/lang/GroovyObject;Ljava/lang/Object;)Ljava/lang/Object; (37 bytes) @ 0x00007fc40183a624 [0x00007fc40183a4a0+0x184]
j  grails.plugin.formfields.FormFieldsTagLib$_closure4.doCall(Ljava/lang/Object;Ljava/lang/Object;)Ljava/lang/Object;+517
v  ~StubRoutines::call_stub
V  [libjvm.so+0x695ae6]  JavaCalls::call_helper(JavaValue*, methodHandle*, JavaCallArguments*, Thread*)+0x1056
V  [libjvm.so+0x9a3fa7]  Reflection::invoke(instanceKlassHandle, methodHandle, Handle, bool, objArrayHandle, BasicType, objArrayHandle, bool, Thread*)+0x5d7
V  [libjvm.so+0x9a76b7]  Reflection::invoke_method(oopDesc*, Handle, objArrayHandle, Thread*)+0x147
V  [libjvm.so+0x72962b]  JVM_InvokeMethod+0x26b
J 1973  sun.reflect.NativeMethodAccessorImpl.invoke0(Ljava/lang/reflect/Method;Ljava/lang/Object;[Ljava/lang/Object;)Ljava/lang/Object; (0 bytes) @ 0x00007fc40157442d [0x00007fc401574340+0xed]
J 1972 C1 sun.reflect.NativeMethodAccessorImpl.invoke(Ljava/lang/Object;[Ljava/lang/Object;)Ljava/lang/Object; (104 bytes) @ 0x00007fc401574ad4 [0x00007fc401574760+0x374]
J 829 C1 sun.reflect.DelegatingMethodAccessorImpl.invoke(Ljava/lang/Object;[Ljava/lang/Object;)Ljava/lang/Object; (10 bytes) @ 0x00007fc4013a2a44 [0x00007fc4013a2a00+0x44]
J 828 C1 java.lang.reflect.Method.invoke(Ljava/lang/Object;[Ljava/lang/Object;)Ljava/lang/Object; (62 bytes) @ 0x00007fc4013a2654 [0x00007fc4013a2560+0xf4]
J 1798 C1 org.springsource.loaded.ri.ReflectiveInterceptor.jlrMethodInvoke(Ljava/lang/reflect/Method;Ljava/lang/Object;[Ljava/lang/Object;)Ljava/lang/Object; (2214 bytes) @ 0x00007fc401520024 [0x00007fc40151e8a0+0x1784]
...<more frames>...


---------------  P R O C E S S  ---------------

Java Threads: ( => current thread )
  0x00007fc410016800 JavaThread "DestroyJavaVM" [_thread_blocked, id=3950, stack(0x00007fc4174e6000,0x00007fc4175e7000)]
  0x00007fc411970800 JavaThread "Thread-6" daemon [_thread_blocked, id=4087, stack(0x00007fc38b4f5000,0x00007fc38b5f6000)]
  0x00007fc41196f000 JavaThread "Thread-8" [_thread_blocked, id=4086, stack(0x00007fc38b5f6000,0x00007fc38b6f7000)]
  0x00007fc411968800 JavaThread "Thread-7" daemon [_thread_in_native, id=4085, stack(0x00007fc38b6f7000,0x00007fc38b7f8000)]
  0x00007fc41194f000 JavaThread "http-nio-8080-AsyncTimeout" daemon [_thread_blocked, id=4084, stack(0x00007fc38b7f8000,0x00007fc38b8f9000)]
  0x00007fc41194d800 JavaThread "http-nio-8080-Acceptor-0" daemon [_thread_in_native, id=4083, stack(0x00007fc38b8f9000,0x00007fc38b9fa000)]
  0x00007fc41194a800 JavaThread "http-nio-8080-ClientPoller-1" daemon [_thread_in_native, id=4082, stack(0x00007fc38b9fa000,0x00007fc38bafb000)]
  0x00007fc41193c800 JavaThread "http-nio-8080-ClientPoller-0" daemon [_thread_in_native, id=4081, stack(0x00007fc38bafb000,0x00007fc38bbfc000)]
  0x00007fc41192c800 JavaThread "http-nio-8080-exec-10" daemon [_thread_blocked, id=4080, stack(0x00007fc38bbfc000,0x00007fc38bcfd000)]
=>0x00007fc41192a800 JavaThread "http-nio-8080-exec-9" daemon [_thread_in_Java, id=4079, stack(0x00007fc38bcfd000,0x00007fc38bdfe000)]
  0x00007fc411928800 JavaThread "http-nio-8080-exec-8" daemon [_thread_blocked, id=4078, stack(0x00007fc38bdfe000,0x00007fc38beff000)]
  0x00007fc411926800 JavaThread "http-nio-8080-exec-7" daemon [_thread_blocked, id=4077, stack(0x00007fc38beff000,0x00007fc38c000000)]
  0x00007fc411924800 JavaThread "http-nio-8080-exec-6" daemon [_thread_blocked, id=4076, stack(0x00007fc3c40c4000,0x00007fc3c41c5000)]
  0x00007fc411923000 JavaThread "http-nio-8080-exec-5" daemon [_thread_blocked, id=4075, stack(0x00007fc3c41c5000,0x00007fc3c42c6000)]
  0x00007fc411921000 JavaThread "http-nio-8080-exec-4" daemon [_thread_blocked, id=4074, stack(0x00007fc3c42c6000,0x00007fc3c43c7000)]
  0x00007fc41191f000 JavaThread "http-nio-8080-exec-3" daemon [_thread_blocked, id=4073, stack(0x00007fc3c43c7000,0x00007fc3c44c8000)]
  0x00007fc41191d000 JavaThread "http-nio-8080-exec-2" daemon [_thread_blocked, id=4072, stack(0x00007fc3c44c8000,0x00007fc3c45c9000)]
  0x00007fc41191b800 JavaThread "http-nio-8080-exec-1" daemon [_thread_blocked, id=4071, stack(0x00007fc3c45c9000,0x00007fc3c46ca000)]
  0x00007fc411918800 JavaThread "NioBlockingSelector.BlockPoller-1" daemon [_thread_in_native, id=4070, stack(0x00007fc3c46ca000,0x00007fc3c47cb000)]
  0x00007fc4117e7000 JavaThread "container-0" [_thread_blocked, id=4036, stack(0x00007fc3c4dcb000,0x00007fc3c4ecc000)]
  0x00007fc4117e2800 JavaThread "ContainerBackgroundProcessor[StandardEngine[Tomcat]]" daemon [_thread_blocked, id=4034, stack(0x00007fc3c4ecc000,0x00007fc3c4fcd000)]
  0x00007fc4112dc000 JavaThread "Tomcat JDBC Pool Cleaner[414493378:1525663549968]" daemon [_thread_blocked, id=3977, stack(0x00007fc3fc0a9000,0x00007fc3fc1aa000)]
  0x00007fc4107ed000 JavaThread "FileSystemWatcher: files=#83 cl=sun.misc.Launcher$AppClassLoader@18b4aac2" daemon [_thread_blocked, id=3969, stack(0x00007fc3fc1e1000,0x00007fc3fc2e2000)]
  0x00007fc41077d800 JavaThread "Service Thread" daemon [_thread_blocked, id=3967, stack(0x00007fc3fc3f6000,0x00007fc3fc4f7000)]
  0x00007fc41076d000 JavaThread "C1 CompilerThread2" daemon [_thread_blocked, id=3966, stack(0x00007fc3fc4f7000,0x00007fc3fc5f8000)]
  0x00007fc41076a800 JavaThread "C2 CompilerThread1" daemon [_thread_blocked, id=3965, stack(0x00007fc3fc5f8000,0x00007fc3fc6f9000)]
  0x00007fc410775000 JavaThread "C2 CompilerThread0" daemon [_thread_blocked, id=3964, stack(0x00007fc3fc6f9000,0x00007fc3fc7fa000)]
  0x00007fc41018a800 JavaThread "Signal Dispatcher" daemon [_thread_blocked, id=3963, stack(0x00007fc3fcc2d000,0x00007fc3fcd2e000)]
  0x00007fc410157800 JavaThread "Finalizer" daemon [_thread_blocked, id=3962, stack(0x00007fc3fd410000,0x00007fc3fd511000)]
  0x00007fc410153000 JavaThread "Reference Handler" daemon [_thread_blocked, id=3961, stack(0x00007fc3fd511000,0x00007fc3fd612000)]

Other Threads:
  0x00007fc41014b800 VMThread [stack: 0x00007fc3fd612000,0x00007fc3fd713000] [id=3960]
  0x00007fc410780800 WatcherThread [stack: 0x00007fc3fc2f5000,0x00007fc3fc3f6000] [id=3968]

VM state:not at safepoint (normal execution)

VM Mutex/Monitor currently owned by a thread: None

Heap:
 PSYoungGen      total 198656K, used 163643K [0x00000000f0000000, 0x0000000100000000, 0x0000000100000000)
  eden space 136704K, 97% used [0x00000000f0000000,0x00000000f81fe678,0x00000000f8580000)
  from space 61952K, 49% used [0x00000000f8580000,0x00000000fa350930,0x00000000fc200000)
  to   space 60416K, 0% used [0x00000000fc500000,0x00000000fc500000,0x0000000100000000)
 ParOldGen       total 524288K, used 124630K [0x00000000d0000000, 0x00000000f0000000, 0x00000000f0000000)
  object space 524288K, 23% used [0x00000000d0000000,0x00000000d79b5bb0,0x00000000f0000000)
 Metaspace       used 85377K, capacity 90784K, committed 91096K, reserved 1128448K
  class space    used 10544K, capacity 12162K, committed 12288K, reserved 1048576K

Card table byte_map: [0x00007fc400e7f000,0x00007fc401000000] byte_map_base: 0x00007fc4007ff000

Marking Bits: (ParMarkBitMap*) 0x00007fc4169b5920
 Begin Bits: [0x00007fc3ff17b000, 0x00007fc3ffd7b000)
 End Bits:   [0x00007fc3ffd7b000, 0x00007fc40097b000)

Polling page: 0x00007fc417600000

CodeCache: size=245760Kb used=26218Kb max_used=26218Kb free=219541Kb
 bounds [0x00007fc401000000, 0x00007fc4029b0000, 0x00007fc410000000]
 total_blobs=12050 nmethods=11262 adapters=700
 compilation: enabled

Compilation events (10 events):
Event: 1146,365 Thread 0x00007fc41076d000 11607       1       org.hibernate.dialect.Dialect::remapSqlTypeDescriptor (47 bytes)
Event: 1146,366 Thread 0x00007fc41076d000 nmethod 11607 0x00007fc4029a2590 code [0x00007fc4029a2720, 0x00007fc4029a2978]
Event: 1146,368 Thread 0x00007fc41076d000 11608       1       org.hibernate.dialect.Dialect::getSqlTypeDescriptorOverride (42 bytes)
Event: 1146,369 Thread 0x00007fc41076d000 nmethod 11608 0x00007fc4029a2a90 code [0x00007fc4029a2c00, 0x00007fc4029a2d68]
Event: 1146,370 Thread 0x00007fc41076d000 11609       1       org.h2.command.dml.Select::isUnion (2 bytes)
Event: 1146,371 Thread 0x00007fc41076d000 nmethod 11609 0x00007fc4029a2dd0 code [0x00007fc4029a2f20, 0x00007fc4029a3030]
Event: 1146,372 Thread 0x00007fc41076d000 11610       1       org.h2.engine.Database::getOptimizeReuseResults (5 bytes)
Event: 1146,372 Thread 0x00007fc41076d000 nmethod 11610 0x00007fc4029a3090 code [0x00007fc4029a31e0, 0x00007fc4029a32f0]
Event: 1146,383 Thread 0x00007fc41076d000 11611       1       grails.plugin.formfields.FormFieldsTagLib$BeanAndPrefixStack::$getCallSiteArray (40 bytes)
Event: 1146,384 Thread 0x00007fc41076d000 nmethod 11611 0x00007fc4029a3350 code [0x00007fc4029a34e0, 0x00007fc4029a3878]

GC Heap History (10 events):
Event: 851,027 GC heap before
{Heap before GC invocations=44 (full 3):
 PSYoungGen      total 191488K, used 158977K [0x00000000f0000000, 0x0000000100000000, 0x0000000100000000)
  eden space 118272K, 99% used [0x00000000f0000000,0x00000000f736e258,0x00000000f7380000)
  from space 73216K, 55% used [0x00000000fb880000,0x00000000fe052208,0x0000000100000000)
  to   space 70656K, 0% used [0x00000000f7380000,0x00000000f7380000,0x00000000fb880000)
 ParOldGen       total 524288K, used 109910K [0x00000000d0000000, 0x00000000f0000000, 0x00000000f0000000)
  object space 524288K, 20% used [0x00000000d0000000,0x00000000d6b55a50,0x00000000f0000000)
 Metaspace       used 79788K, capacity 84670K, committed 84824K, reserved 1122304K
  class space    used 10118K, capacity 11620K, committed 11648K, reserved 1048576K
Event: 851,067 GC heap after
Heap after GC invocations=44 (full 3):
 PSYoungGen      total 188928K, used 36620K [0x00000000f0000000, 0x0000000100000000, 0x0000000100000000)
  eden space 118272K, 0% used [0x00000000f0000000,0x00000000f0000000,0x00000000f7380000)
  from space 70656K, 51% used [0x00000000f7380000,0x00000000f9743248,0x00000000fb880000)
  to   space 67584K, 0% used [0x00000000fbe00000,0x00000000fbe00000,0x0000000100000000)
 ParOldGen       total 524288K, used 114378K [0x00000000d0000000, 0x00000000f0000000, 0x00000000f0000000)
  object space 524288K, 21% used [0x00000000d0000000,0x00000000d6fb2a20,0x00000000f0000000)
 Metaspace       used 79788K, capacity 84670K, committed 84824K, reserved 1122304K
  class space    used 10118K, capacity 11620K, committed 11648K, reserved 1048576K
}
Event: 883,688 GC heap before
{Heap before GC invocations=45 (full 3):
 PSYoungGen      total 188928K, used 154892K [0x00000000f0000000, 0x0000000100000000, 0x0000000100000000)
  eden space 118272K, 100% used [0x00000000f0000000,0x00000000f7380000,0x00000000f7380000)
  from space 70656K, 51% used [0x00000000f7380000,0x00000000f9743248,0x00000000fb880000)
  to   space 67584K, 0% used [0x00000000fbe00000,0x00000000fbe00000,0x0000000100000000)
 ParOldGen       total 524288K, used 114378K [0x00000000d0000000, 0x00000000f0000000, 0x00000000f0000000)
  object space 524288K, 21% used [0x00000000d0000000,0x00000000d6fb2a20,0x00000000f0000000)
 Metaspace       used 80226K, capacity 85198K, committed 85464K, reserved 1122304K
  class space    used 10153K, capacity 11660K, committed 11776K, reserved 1048576K
Event: 883,725 GC heap after
Heap after GC invocations=45 (full 3):
 PSYoungGen      total 196608K, used 33064K [0x00000000f0000000, 0x0000000100000000, 0x0000000100000000)
  eden space 129024K, 0% used [0x00000000f0000000,0x00000000f0000000,0x00000000f7e00000)
  from space 67584K, 48% used [0x00000000fbe00000,0x00000000fde4a200,0x0000000100000000)
  to   space 65536K, 0% used [0x00000000f7e00000,0x00000000f7e00000,0x00000000fbe00000)
 ParOldGen       total 524288K, used 117691K [0x00000000d0000000, 0x00000000f0000000, 0x00000000f0000000)
  object space 524288K, 22% used [0x00000000d0000000,0x00000000d72eec60,0x00000000f0000000)
 Metaspace       used 80226K, capacity 85198K, committed 85464K, reserved 1122304K
  class space    used 10153K, capacity 11660K, committed 11776K, reserved 1048576K
}
Event: 918,627 GC heap before
{Heap before GC invocations=46 (full 3):
 PSYoungGen      total 196608K, used 162088K [0x00000000f0000000, 0x0000000100000000, 0x0000000100000000)
  eden space 129024K, 100% used [0x00000000f0000000,0x00000000f7e00000,0x00000000f7e00000)
  from space 67584K, 48% used [0x00000000fbe00000,0x00000000fde4a200,0x0000000100000000)
  to   space 65536K, 0% used [0x00000000f7e00000,0x00000000f7e00000,0x00000000fbe00000)
 ParOldGen       total 524288K, used 117691K [0x00000000d0000000, 0x00000000f0000000, 0x00000000f0000000)
  object space 524288K, 22% used [0x00000000d0000000,0x00000000d72eec60,0x00000000f0000000)
 Metaspace       used 82875K, capacity 87944K, committed 88152K, reserved 1126400K
  class space    used 10353K, capacity 11901K, committed 11904K, reserved 1048576K
Event: 918,669 GC heap after
Heap after GC invocations=46 (full 3):
 PSYoungGen      total 194560K, used 31757K [0x00000000f0000000, 0x0000000100000000, 0x0000000100000000)
  eden space 129024K, 0% used [0x00000000f0000000,0x00000000f0000000,0x00000000f7e00000)
  from space 65536K, 48% used [0x00000000f7e00000,0x00000000f9d036b0,0x00000000fbe00000)
  to   space 63488K, 0% used [0x00000000fc200000,0x00000000fc200000,0x0000000100000000)
 ParOldGen       total 524288K, used 120265K [0x00000000d0000000, 0x00000000f0000000, 0x00000000f0000000)
  object space 524288K, 22% used [0x00000000d0000000,0x00000000d75727f8,0x00000000f0000000)
 Metaspace       used 82875K, capacity 87944K, committed 88152K, reserved 1126400K
  class space    used 10353K, capacity 11901K, committed 11904K, reserved 1048576K
}
Event: 927,845 GC heap before
{Heap before GC invocations=47 (full 3):
 PSYoungGen      total 194560K, used 160781K [0x00000000f0000000, 0x0000000100000000, 0x0000000100000000)
  eden space 129024K, 100% used [0x00000000f0000000,0x00000000f7e00000,0x00000000f7e00000)
  from space 65536K, 48% used [0x00000000f7e00000,0x00000000f9d036b0,0x00000000fbe00000)
  to   space 63488K, 0% used [0x00000000fc200000,0x00000000fc200000,0x0000000100000000)
 ParOldGen       total 524288K, used 120265K [0x00000000d0000000, 0x00000000f0000000, 0x00000000f0000000)
  object space 524288K, 22% used [0x00000000d0000000,0x00000000d75727f8,0x00000000f0000000)
 Metaspace       used 82987K, capacity 88190K, committed 88280K, reserved 1126400K
  class space    used 10377K, capacity 11942K, committed 12032K, reserved 1048576K
Event: 927,876 GC heap after
Heap after GC invocations=47 (full 3):
 PSYoungGen      total 200192K, used 30093K [0x00000000f0000000, 0x0000000100000000, 0x0000000100000000)
  eden space 136704K, 0% used [0x00000000f0000000,0x00000000f0000000,0x00000000f8580000)
  from space 63488K, 47% used [0x00000000fc200000,0x00000000fdf635e8,0x0000000100000000)
  to   space 61952K, 0% used [0x00000000f8580000,0x00000000f8580000,0x00000000fc200000)
 ParOldGen       total 524288K, used 122539K [0x00000000d0000000, 0x00000000f0000000, 0x00000000f0000000)
  object space 524288K, 23% used [0x00000000d0000000,0x00000000d77aaed0,0x00000000f0000000)
 Metaspace       used 82987K, capacity 88190K, committed 88280K, reserved 1126400K
  class space    used 10377K, capacity 11942K, committed 12032K, reserved 1048576K
}
Event: 1050,296 GC heap before
{Heap before GC invocations=48 (full 3):
 PSYoungGen      total 200192K, used 166797K [0x00000000f0000000, 0x0000000100000000, 0x0000000100000000)
  eden space 136704K, 100% used [0x00000000f0000000,0x00000000f8580000,0x00000000f8580000)
  from space 63488K, 47% used [0x00000000fc200000,0x00000000fdf635e8,0x0000000100000000)
  to   space 61952K, 0% used [0x00000000f8580000,0x00000000f8580000,0x00000000fc200000)
 ParOldGen       total 524288K, used 122539K [0x00000000d0000000, 0x00000000f0000000, 0x00000000f0000000)
  object space 524288K, 23% used [0x00000000d0000000,0x00000000d77aaed0,0x00000000f0000000)
 Metaspace       used 83457K, capacity 88822K, committed 89048K, reserved 1126400K
  class space    used 10417K, capacity 12026K, committed 12032K, reserved 1048576K
Event: 1050,333 GC heap after
Heap after GC invocations=48 (full 3):
 PSYoungGen      total 198656K, used 30530K [0x00000000f0000000, 0x0000000100000000, 0x0000000100000000)
  eden space 136704K, 0% used [0x00000000f0000000,0x00000000f0000000,0x00000000f8580000)
  from space 61952K, 49% used [0x00000000f8580000,0x00000000fa350930,0x00000000fc200000)
  to   space 60416K, 0% used [0x00000000fc500000,0x00000000fc500000,0x0000000100000000)
 ParOldGen       total 524288K, used 124630K [0x00000000d0000000, 0x00000000f0000000, 0x00000000f0000000)
  object space 524288K, 23% used [0x00000000d0000000,0x00000000d79b5bb0,0x00000000f0000000)
 Metaspace       used 83457K, capacity 88822K, committed 89048K, reserved 1126400K
  class space    used 10417K, capacity 12026K, committed 12032K, reserved 1048576K
}

Deoptimization events (0 events):
No events

Classes redefined (0 events):
No events

Internal exceptions (10 events):
Event: 1146,381 Thread 0x00007fc41192a800 Exception <a 'java/lang/ArrayIndexOutOfBoundsException'> (0x00000000f81a8588) thrown at [/HUDSON/workspace/8-2-build-linux-amd64/jdk8u161/10277/hotspot/src/share/vm/runtime/sharedRuntime.cpp, line 605]
Event: 1146,381 Thread 0x00007fc41192a800 Exception <a 'java/lang/ArrayIndexOutOfBoundsException'> (0x00000000f81ade38) thrown at [/HUDSON/workspace/8-2-build-linux-amd64/jdk8u161/10277/hotspot/src/share/vm/runtime/sharedRuntime.cpp, line 605]
Event: 1146,381 Thread 0x00007fc41192a800 Exception <a 'java/lang/ArrayIndexOutOfBoundsException'> (0x00000000f81b16f0) thrown at [/HUDSON/workspace/8-2-build-linux-amd64/jdk8u161/10277/hotspot/src/share/vm/runtime/sharedRuntime.cpp, line 605]
Event: 1146,381 Thread 0x00007fc41192a800 Exception <a 'java/lang/ArrayIndexOutOfBoundsException'> (0x00000000f81b46d8) thrown at [/HUDSON/workspace/8-2-build-linux-amd64/jdk8u161/10277/hotspot/src/share/vm/runtime/sharedRuntime.cpp, line 605]
Event: 1146,381 Thread 0x00007fc41192a800 Exception <a 'java/lang/ArrayIndexOutOfBoundsException'> (0x00000000f81bb990) thrown at [/HUDSON/workspace/8-2-build-linux-amd64/jdk8u161/10277/hotspot/src/share/vm/runtime/sharedRuntime.cpp, line 605]
Event: 1146,382 Thread 0x00007fc41192a800 Exception <a 'java/lang/ArrayIndexOutOfBoundsException'> (0x00000000f81bfbe0) thrown at [/HUDSON/workspace/8-2-build-linux-amd64/jdk8u161/10277/hotspot/src/share/vm/runtime/sharedRuntime.cpp, line 605]
Event: 1146,382 Thread 0x00007fc41192a800 Exception <a 'java/lang/ArrayIndexOutOfBoundsException'> (0x00000000f81c90a8) thrown at [/HUDSON/workspace/8-2-build-linux-amd64/jdk8u161/10277/hotspot/src/share/vm/runtime/sharedRuntime.cpp, line 605]
Event: 1146,382 Thread 0x00007fc41192a800 Exception <a 'java/lang/ArrayIndexOutOfBoundsException'> (0x00000000f81ce4a0) thrown at [/HUDSON/workspace/8-2-build-linux-amd64/jdk8u161/10277/hotspot/src/share/vm/runtime/sharedRuntime.cpp, line 605]
Event: 1146,382 Thread 0x00007fc41192a800 Exception <a 'java/lang/ArrayIndexOutOfBoundsException'> (0x00000000f81d1e48) thrown at [/HUDSON/workspace/8-2-build-linux-amd64/jdk8u161/10277/hotspot/src/share/vm/runtime/sharedRuntime.cpp, line 605]
Event: 1146,382 Thread 0x00007fc41192a800 Exception <a 'java/lang/ArrayIndexOutOfBoundsException'> (0x00000000f81d4058) thrown at [/HUDSON/workspace/8-2-build-linux-amd64/jdk8u161/10277/hotspot/src/share/vm/runtime/sharedRuntime.cpp, line 605]

Events (10 events):
Event: 1146,375 loading class dashboard/MotorDeDatosBeanInfo
Event: 1146,375 loading class dashboard/MotorDeDatosBeanInfo done
Event: 1146,375 loading class dashboard/MotorDeDatosBeanInfo
Event: 1146,375 loading class dashboard/MotorDeDatosBeanInfo done
Event: 1146,376 loading class dashboard/MotorDeDatosCustomizer
Event: 1146,376 loading class dashboard/MotorDeDatosCustomizer done
Event: 1146,376 loading class dashboard/MotorDeDatosCustomizer
Event: 1146,376 loading class dashboard/MotorDeDatosCustomizer done
Event: 1146,377 loading class dashboard/MotorDeDatosCustomizer
Event: 1146,377 loading class dashboard/MotorDeDatosCustomizer done


Dynamic libraries:
00400000-00401000 r-xp 00000000 08:05 5249936                            /usr/lib/jvm/java-8-oracle/bin/java
00600000-00601000 rw-p 00000000 08:05 5249936                            /usr/lib/jvm/java-8-oracle/bin/java
015df000-01600000 rw-p 00000000 00:00 0                                  [heap]
d0000000-100c00000 rw-p 00000000 00:00 0 
100c00000-140000000 ---p 00000000 00:00 0 
7fc37c000000-7fc37c3ff000 rw-p 00000000 00:00 0 
7fc37c3ff000-7fc380000000 ---p 00000000 00:00 0 
7fc380000000-7fc38002a000 rw-p 00000000 00:00 0 
7fc38002a000-7fc384000000 ---p 00000000 00:00 0 
7fc384000000-7fc38403d000 rw-p 00000000 00:00 0 
7fc38403d000-7fc388000000 ---p 00000000 00:00 0 
7fc389cf5000-7fc389df5000 rw-p 00000000 00:00 0 
7fc389df5000-7fc389ef5000 ---p 00000000 00:00 0 
7fc389ef5000-7fc38a0f5000 rw-p 00000000 00:00 0 
7fc38a0f5000-7fc38a2f5000 rw-p 00000000 00:00 0 
7fc38a2f5000-7fc38a4f5000 rw-p 00000000 00:00 0 
7fc38a4f5000-7fc38a6f5000 rw-p 00000000 00:00 0 
7fc38a6f5000-7fc38a8f5000 rw-p 00000000 00:00 0 
7fc38a8f5000-7fc38aaf5000 rw-p 00000000 00:00 0 
7fc38aaf5000-7fc38acf5000 rw-p 00000000 00:00 0 
7fc38acf5000-7fc38aef5000 rw-p 00000000 00:00 0 
7fc38aef5000-7fc38b0f5000 rw-p 00000000 00:00 0 
7fc38b0f5000-7fc38b2f5000 rw-p 00000000 00:00 0 
7fc38b2f5000-7fc38b4f5000 rw-p 00000000 00:00 0 
7fc38b4f5000-7fc38b4f8000 ---p 00000000 00:00 0 
7fc38b4f8000-7fc38b5f6000 rw-p 00000000 00:00 0                          [stack:4087]
7fc38b5f6000-7fc38b5f9000 ---p 00000000 00:00 0 
7fc38b5f9000-7fc38b6f7000 rw-p 00000000 00:00 0                          [stack:4086]
7fc38b6f7000-7fc38b6fa000 ---p 00000000 00:00 0 
7fc38b6fa000-7fc38b7f8000 rw-p 00000000 00:00 0                          [stack:4085]
7fc38b7f8000-7fc38b7fb000 ---p 00000000 00:00 0 
7fc38b7fb000-7fc38b8f9000 rw-p 00000000 00:00 0                          [stack:4084]
7fc38b8f9000-7fc38b8fc000 ---p 00000000 00:00 0 
7fc38b8fc000-7fc38b9fa000 rw-p 00000000 00:00 0                          [stack:4083]
7fc38b9fa000-7fc38b9fd000 ---p 00000000 00:00 0 
7fc38b9fd000-7fc38bafb000 rw-p 00000000 00:00 0                          [stack:4082]
7fc38bafb000-7fc38bafe000 ---p 00000000 00:00 0 
7fc38bafe000-7fc38bbfc000 rw-p 00000000 00:00 0                          [stack:4081]
7fc38bbfc000-7fc38bbff000 ---p 00000000 00:00 0 
7fc38bbff000-7fc38bcfd000 rw-p 00000000 00:00 0                          [stack:4080]
7fc38bcfd000-7fc38bd00000 ---p 00000000 00:00 0 
7fc38bd00000-7fc38bdfe000 rw-p 00000000 00:00 0                          [stack:4079]
7fc38bdfe000-7fc38be01000 ---p 00000000 00:00 0 
7fc38be01000-7fc38beff000 rw-p 00000000 00:00 0                          [stack:4078]
7fc38beff000-7fc38bf02000 ---p 00000000 00:00 0 
7fc38bf02000-7fc38c000000 rw-p 00000000 00:00 0                          [stack:4077]
7fc38c000000-7fc38c296000 rw-p 00000000 00:00 0 
7fc38c296000-7fc390000000 ---p 00000000 00:00 0 
7fc390000000-7fc390021000 rw-p 00000000 00:00 0 
7fc390021000-7fc394000000 ---p 00000000 00:00 0 
7fc394000000-7fc3940aa000 rw-p 00000000 00:00 0 
7fc3940aa000-7fc398000000 ---p 00000000 00:00 0 
7fc398000000-7fc398087000 rw-p 00000000 00:00 0 
7fc398087000-7fc39c000000 ---p 00000000 00:00 0 
7fc39c000000-7fc39c223000 rw-p 00000000 00:00 0 
7fc39c223000-7fc3a0000000 ---p 00000000 00:00 0 
7fc3a0000000-7fc3a01b8000 rw-p 00000000 00:00 0 
7fc3a01b8000-7fc3a4000000 ---p 00000000 00:00 0 
7fc3a4000000-7fc3a4021000 rw-p 00000000 00:00 0 
7fc3a4021000-7fc3a8000000 ---p 00000000 00:00 0 
7fc3a8000000-7fc3a8077000 rw-p 00000000 00:00 0 
7fc3a8077000-7fc3ac000000 ---p 00000000 00:00 0 
7fc3ac000000-7fc3ac021000 rw-p 00000000 00:00 0 
7fc3ac021000-7fc3b0000000 ---p 00000000 00:00 0 
7fc3b0000000-7fc3b0021000 rw-p 00000000 00:00 0 
7fc3b0021000-7fc3b4000000 ---p 00000000 00:00 0 
7fc3b4000000-7fc3b4021000 rw-p 00000000 00:00 0 
7fc3b4021000-7fc3b8000000 ---p 00000000 00:00 0 
7fc3b8000000-7fc3b8058000 rw-p 00000000 00:00 0 
7fc3b8058000-7fc3bc000000 ---p 00000000 00:00 0 
7fc3bc000000-7fc3bc3be000 rw-p 00000000 00:00 0 
7fc3bc3be000-7fc3c0000000 ---p 00000000 00:00 0 
7fc3c0000000-7fc3c00bd000 rw-p 00000000 00:00 0 
7fc3c00bd000-7fc3c4000000 ---p 00000000 00:00 0 
7fc3c40c4000-7fc3c40c7000 ---p 00000000 00:00 0 
7fc3c40c7000-7fc3c41c5000 rw-p 00000000 00:00 0                          [stack:4076]
7fc3c41c5000-7fc3c41c8000 ---p 00000000 00:00 0 
7fc3c41c8000-7fc3c42c6000 rw-p 00000000 00:00 0                          [stack:4075]
7fc3c42c6000-7fc3c42c9000 ---p 00000000 00:00 0 
7fc3c42c9000-7fc3c43c7000 rw-p 00000000 00:00 0                          [stack:4074]
7fc3c43c7000-7fc3c43ca000 ---p 00000000 00:00 0 
7fc3c43ca000-7fc3c44c8000 rw-p 00000000 00:00 0                          [stack:4073]
7fc3c44c8000-7fc3c44cb000 ---p 00000000 00:00 0 
7fc3c44cb000-7fc3c45c9000 rw-p 00000000 00:00 0                          [stack:4072]
7fc3c45c9000-7fc3c45cc000 ---p 00000000 00:00 0 
7fc3c45cc000-7fc3c46ca000 rw-p 00000000 00:00 0                          [stack:4071]
7fc3c46ca000-7fc3c46cd000 ---p 00000000 00:00 0 
7fc3c46cd000-7fc3c49cb000 rw-p 00000000 00:00 0                          [stack:4070]
7fc3c49cb000-7fc3c4bcb000 rw-p 00000000 00:00 0 
7fc3c4bcb000-7fc3c4dcb000 rw-p 00000000 00:00 0 
7fc3c4dcb000-7fc3c4dce000 ---p 00000000 00:00 0 
7fc3c4dce000-7fc3c4ecc000 rw-p 00000000 00:00 0                          [stack:4036]
7fc3c4ecc000-7fc3c4ecf000 ---p 00000000 00:00 0 
7fc3c4ecf000-7fc3c4fcd000 rw-p 00000000 00:00 0                          [stack:4034]
7fc3c4fcd000-7fc3c4fd0000 ---p 00000000 00:00 0 
7fc3c4fd0000-7fc3c52ce000 rw-p 00000000 00:00 0 
7fc3c52ce000-7fc3c54ce000 rw-p 00000000 00:00 0 
7fc3c54ce000-7fc3c56ce000 rw-p 00000000 00:00 0 
7fc3c56ce000-7fc3c58ce000 rw-p 00000000 00:00 0 
7fc3c58ce000-7fc3c5ace000 rw-p 00000000 00:00 0 
7fc3c5ace000-7fc3c5cce000 rw-p 00000000 00:00 0 
7fc3c5cce000-7fc3c5ece000 rw-p 00000000 00:00 0 
7fc3c5ece000-7fc3c60ce000 rw-p 00000000 00:00 0 
7fc3c60ce000-7fc3c62c4000 rw-p 00000000 00:00 0 
7fc3c62c4000-7fc3c62ce000 ---p 00000000 00:00 0 
7fc3c62ce000-7fc3c64ce000 rw-p 00000000 00:00 0 
7fc3c64ce000-7fc3c66ce000 rw-p 00000000 00:00 0 
7fc3c66ce000-7fc3c68ce000 rw-p 00000000 00:00 0 
7fc3c68ce000-7fc3c6ace000 rw-p 00000000 00:00 0 
7fc3c6ace000-7fc3c6adf000 r-xp 00000000 08:05 5116183                    /usr/lib/jvm/java-8-oracle/jre/lib/amd64/libnio.so
7fc3c6adf000-7fc3c6cde000 ---p 00011000 08:05 5116183                    /usr/lib/jvm/java-8-oracle/jre/lib/amd64/libnio.so
7fc3c6cde000-7fc3c6cdf000 rw-p 00010000 08:05 5116183                    /usr/lib/jvm/java-8-oracle/jre/lib/amd64/libnio.so
7fc3c6cdf000-7fc3c6edf000 rw-p 00000000 00:00 0 
7fc3c6edf000-7fc3c70df000 rw-p 00000000 00:00 0 
7fc3c70df000-7fc3c70e2000 ---p 00000000 00:00 0 
7fc3c70e2000-7fc3c73e0000 rw-p 00000000 00:00 0 
7fc3c73e0000-7fc3c73e9000 r-xp 00000000 08:05 5116227                    /usr/lib/jvm/java-8-oracle/jre/lib/amd64/libmanagement.so
7fc3c73e9000-7fc3c75e8000 ---p 00009000 08:05 5116227                    /usr/lib/jvm/java-8-oracle/jre/lib/amd64/libmanagement.so
7fc3c75e8000-7fc3c75e9000 rw-p 00008000 08:05 5116227                    /usr/lib/jvm/java-8-oracle/jre/lib/amd64/libmanagement.so
7fc3c75e9000-7fc3c77e9000 rw-p 00000000 00:00 0 
7fc3c77e9000-7fc3c79e9000 rw-p 00000000 00:00 0 
7fc3c79e9000-7fc3c7be9000 rw-p 00000000 00:00 0 
7fc3c7be9000-7fc3c7de9000 rw-p 00000000 00:00 0 
7fc3c7de9000-7fc3c7dff000 r-xp 00000000 08:05 5116175                    /usr/lib/jvm/java-8-oracle/jre/lib/amd64/libnet.so
7fc3c7dff000-7fc3c7fff000 ---p 00016000 08:05 5116175                    /usr/lib/jvm/java-8-oracle/jre/lib/amd64/libnet.so
7fc3c7fff000-7fc3c8000000 rw-p 00016000 08:05 5116175                    /usr/lib/jvm/java-8-oracle/jre/lib/amd64/libnet.so
7fc3c8000000-7fc3c8021000 rw-p 00000000 00:00 0 
7fc3c8021000-7fc3cc000000 ---p 00000000 00:00 0 
7fc3cc000000-7fc3cc021000 rw-p 00000000 00:00 0 
7fc3cc021000-7fc3d0000000 ---p 00000000 00:00 0 
7fc3d0000000-7fc3d0021000 rw-p 00000000 00:00 0 
7fc3d0021000-7fc3d4000000 ---p 00000000 00:00 0 
7fc3d4000000-7fc3d4e6a000 rw-p 00000000 00:00 0 
7fc3d4e6a000-7fc3d8000000 ---p 00000000 00:00 0 
7fc3d8000000-7fc3d8021000 rw-p 00000000 00:00 0 
7fc3d8021000-7fc3dc000000 ---p 00000000 00:00 0 
7fc3dc000000-7fc3dc056000 rw-p 00000000 00:00 0 
7fc3dc056000-7fc3e0000000 ---p 00000000 00:00 0 
7fc3e0000000-7fc3e0021000 rw-p 00000000 00:00 0 
7fc3e0021000-7fc3e4000000 ---p 00000000 00:00 0 
7fc3e4000000-7fc3e4021000 rw-p 00000000 00:00 0 
7fc3e4021000-7fc3e8000000 ---p 00000000 00:00 0 
7fc3e8000000-7fc3e8035000 rw-p 00000000 00:00 0 
7fc3e8035000-7fc3ec000000 ---p 00000000 00:00 0 
7fc3ec000000-7fc3ec062000 rw-p 00000000 00:00 0 
7fc3ec062000-7fc3f0000000 ---p 00000000 00:00 0 
7fc3f0000000-7fc3f0021000 rw-p 00000000 00:00 0 
7fc3f0021000-7fc3f4000000 ---p 00000000 00:00 0 
7fc3f4000000-7fc3f4038000 rw-p 00000000 00:00 0 
7fc3f4038000-7fc3f8000000 ---p 00000000 00:00 0 
7fc3f8000000-7fc3f8036000 rw-p 00000000 00:00 0 
7fc3f8036000-7fc3fc000000 ---p 00000000 00:00 0 
7fc3fc09e000-7fc3fc09f000 rw-p 00000000 00:00 0 
7fc3fc09f000-7fc3fc0a4000 r--s 002f9000 08:05 5116331                    /usr/lib/jvm/java-8-oracle/jre/lib/charsets.jar
7fc3fc0a4000-7fc3fc0a9000 r--s 0009d000 08:05 5116334                    /usr/lib/jvm/java-8-oracle/jre/lib/jsse.jar
7fc3fc0a9000-7fc3fc0ac000 ---p 00000000 00:00 0 
7fc3fc0ac000-7fc3fc1aa000 rw-p 00000000 00:00 0                          [stack:3977]
7fc3fc1aa000-7fc3fc1b4000 r--s 00116000 08:05 5116284                    /usr/lib/jvm/java-8-oracle/jre/lib/ext/localedata.jar
7fc3fc1b4000-7fc3fc1bb000 r--s 00000000 08:05 5243649                    /usr/lib/x86_64-linux-gnu/gconv/gconv-modules.cache
7fc3fc1bb000-7fc3fc1e1000 r--p 00000000 08:05 5906313                    /usr/share/locale-langpack/es/LC_MESSAGES/libc.mo
7fc3fc1e1000-7fc3fc1e4000 ---p 00000000 00:00 0 
7fc3fc1e4000-7fc3fc2e2000 rw-p 00000000 00:00 0                          [stack:3969]
7fc3fc2e2000-7fc3fc2f5000 r--s 00345000 08:05 5116294                    /usr/lib/jvm/java-8-oracle/jre/lib/resources.jar
7fc3fc2f5000-7fc3fc2f6000 ---p 00000000 00:00 0 
7fc3fc2f6000-7fc3fc3f6000 rw-p 00000000 00:00 0                          [stack:3968]
7fc3fc3f6000-7fc3fc3f9000 ---p 00000000 00:00 0 
7fc3fc3f9000-7fc3fc4f7000 rw-p 00000000 00:00 0                          [stack:3967]
7fc3fc4f7000-7fc3fc4fa000 ---p 00000000 00:00 0 
7fc3fc4fa000-7fc3fc5f8000 rw-p 00000000 00:00 0                          [stack:3966]
7fc3fc5f8000-7fc3fc5fb000 ---p 00000000 00:00 0 
7fc3fc5fb000-7fc3fc6f9000 rw-p 00000000 00:00 0                          [stack:3965]
7fc3fc6f9000-7fc3fc6fc000 ---p 00000000 00:00 0 
7fc3fc6fc000-7fc3fc7fa000 rw-p 00000000 00:00 0                          [stack:3964]
7fc3fc7fa000-7fc3fc801000 r--s 00063000 08:05 787937                     /home/lucas/.gradle/caches/modules-2/files-2.1/org.springframework/springloaded/1.2.7.RELEASE/36be57f1a306cec1185b0276960fbe95dee08bf/springloaded-1.2.7.RELEASE.jar
7fc3fc801000-7fc3fc83a000 r--s 00382000 08:05 787861                     /home/lucas/.gradle/caches/modules-2/files-2.1/com.google.javascript/closure-compiler-unshaded/v20160713/7df7b683e16c93f65361a15356283599ba012c78/closure-compiler-unshaded-v20160713.jar
7fc3fc83a000-7fc3fc847000 r--s 00109000 08:05 787860                     /home/lucas/.gradle/caches/modules-2/files-2.1/org.mozilla/rhino/1.7R4/e982f2136574b9a423186fbaeaaa98dc3e5a5288/rhino-1.7R4.jar
7fc3fc847000-7fc3fc854000 r--s 00083000 08:05 787934                     /home/lucas/.gradle/caches/modules-2/files-2.1/commons-collections/commons-collections/3.2.2/8ad72fe39fa8c91eaaf12aadb21e0c3661fe26d5/commons-collections-3.2.2.jar
7fc3fc854000-7fc3fc85b000 r--s 0003f000 08:05 788117                     /home/lucas/.gradle/caches/modules-2/files-2.1/commons-codec/commons-codec/1.10/4b95f4897fa13f2cd904aee711aeafc0c5295cd8/commons-codec-1.10.jar
7fc3fc85b000-7fc3fc85f000 r--s 0000c000 08:05 787899                     /home/lucas/.gradle/caches/modules-2/files-2.1/javax.validation/validation-api/1.1.0.Final/8613ae82954779d518631e05daa73a6a954817d5/validation-api-1.1.0.Final.jar
7fc3fc85f000-7fc3fc862000 r--s 00029000 08:05 787918                     /home/lucas/.gradle/caches/modules-2/files-2.1/commons-validator/commons-validator/1.5.1/86d05a46e8f064b300657f751b5a98c62807e2a0/commons-validator-1.5.1.jar
7fc3fc862000-7fc3fc868000 r--s 00027000 08:05 788116                     /home/lucas/.gradle/caches/modules-2/files-2.1/opensymphony/sitemesh/2.4/fa84c82cce30a9a632c08dd2277d63993d972cf5/sitemesh-2.4.jar
7fc3fc868000-7fc3fc86a000 r--s 00007000 08:05 788115                     /home/lucas/.gradle/caches/modules-2/files-2.1/org.grails/grails-web-taglib/3.3.0/7605089e33d591b25afdbb342c4babe332cda23f/grails-web-taglib-3.3.0.jar
7fc3fc86a000-7fc3fc86d000 r--s 00015000 08:05 788114                     /home/lucas/.gradle/caches/modules-2/files-2.1/org.grails/grails-taglib/3.3.0/38a8e5db6edc038642399f0b01268647f50e8acf/grails-taglib-3.3.0.jar
7fc3fc86d000-7fc3fc870000 r--s 0001d000 08:05 787831                     /home/lucas/.gradle/caches/modules-2/files-2.1/org.codehaus.groovy/groovy-json/2.4.11/98b01ddd7811e27b8bb7900e3ea029d86f243e10/groovy-json-2.4.11.jar
7fc3fc870000-7fc3fc873000 r--s 00042000 08:05 788113                     /home/lucas/.gradle/caches/modules-2/files-2.1/com.fasterxml.jackson.core/jackson-core/2.8.8/d478fb6de45a7c3d2cad07c8ad70c7f0a797a020/jackson-core-2.8.8.jar
7fc3fc873000-7fc3fc876000 r--s 0000b000 08:05 788112                     /home/lucas/.gradle/caches/modules-2/files-2.1/com.fasterxml.jackson.core/jackson-annotations/2.8.0/45b426f7796b741035581a176744d91090e2e6fb/jackson-annotations-2.8.0.jar
7fc3fc876000-7fc3fc877000 r--s 00005000 08:05 788111                     /home/lucas/.gradle/caches/modules-2/files-2.1/org.grails/grails-codecs/3.3.0/f6eda2890fd857e81db689b9cc3ea1a1e0f664fd/grails-codecs-3.3.0.jar
7fc3fc877000-7fc3fc880000 r--s 0002d000 08:05 788110                     /home/lucas/.gradle/caches/modules-2/files-2.1/xml-apis/xml-apis/1.4.01/3789d9fada2d3d458c4ba2de349d48780f381ee3/xml-apis-1.4.01.jar
7fc3fc880000-7fc3fc882000 r--s 00008000 08:05 787859                     /home/lucas/.gradle/caches/modules-2/files-2.1/javax.el/javax.el-api/2.2.4/1287562cc3f0ff5439ded6f2949e73ce1c0edaab/javax.el-api-2.2.4.jar
7fc3fc882000-7fc3fc893000 r--s 000a1000 08:05 788109                     /home/lucas/.gradle/caches/modules-2/files-2.1/org.hibernate/hibernate-validator/5.3.5.Final/622a9bcef2eed6d41b5b8e0662c36212009e375/hibernate-validator-5.3.5.Final.jar
7fc3fc893000-7fc3fc89a000 r--s 00060000 08:05 787857                     /home/lucas/.gradle/caches/modules-2/files-2.1/org.grails/grails-datastore-gorm-hibernate-core/6.1.6.RELEASE/658edfe541f77d759bd1607cd0c55148e3aed128/grails-datastore-gorm-hibernate-core-6.1.6.RELEASE.jar
7fc3fc89a000-7fc3fc8ac000 r--s 000b7000 08:05 787853                     /home/lucas/.gradle/caches/modules-2/files-2.1/org.springframework/spring-web/4.3.9.RELEASE/91dae64c4280093ad5fb4736a10913c9233479c1/spring-web-4.3.9.RELEASE.jar
7fc3fc8ac000-7fc3fc8af000 r--s 00013000 08:05 787896                     /home/lucas/.gradle/caches/modules-2/files-2.1/org.grails/grails-datastore-gorm-validation/6.1.6.RELEASE/7d7fbf1a731ba45c1bbbf9eb749a7387032dd0bc/grails-datastore-gorm-validation-6.1.6.RELEASE.jar
7fc3fc8af000-7fc3fc8b1000 r--s 00014000 08:05 788108                     /home/lucas/.gradle/caches/modules-2/files-2.1/org.apache.tomcat.embed/tomcat-embed-logging-log4j/8.5.2/53bdd1eebc7393713261d178ac096a742423f940/tomcat-embed-logging-log4j-8.5.2.jar
7fc3fc8b1000-7fc3fc8c2000 r--s 000cf000 08:05 787855                     /home/lucas/.gradle/caches/modules-2/files-2.1/org.grails/grails-datastore-gorm/6.1.6.RELEASE/6da3526650e1b1da7282d89bfdd394c3a787acd9/grails-datastore-gorm-6.1.6.RELEASE.jar
7fc3fc8c2000-7fc3fc8c4000 r--s 00012000 08:05 788107                     /home/lucas/.gradle/caches/modules-2/files-2.1/org.codehaus.groovy/groovy-sql/2.4.11/7dc8cd811a8a575a45570d4870e59dd101add69b/groovy-sql-2.4.11.jar
7fc3fc8c4000-7fc3fc8ce000 r--s 0005f000 08:05 787898                     /home/lucas/.gradle/caches/modules-2/files-2.1/org.springframework/spring-jdbc/4.3.9.RELEASE/ef8476b954a4211a21147b3ae15996443a76c6f8/spring-jdbc-4.3.9.RELEASE.jar
7fc3fc8ce000-7fc3fc8cf000 r--s 00006000 08:05 788106                     /home/lucas/.gradle/caches/modules-2/files-2.1/org.grails/grails-plugin-domain-class/3.3.0/441b4b426db9089706e2d5ac84c2cd80f4f55c9e/grails-plugin-domain-class-3.3.0.jar
7fc3fc8cf000-7fc3fc8d0000 r--s 00004000 08:05 788105                     /home/lucas/.gradle/caches/modules-2/files-2.1/org.grails/grails-plugin-validation/3.3.0/adecffd00c3ff79e27b148dd31078161307e675c/grails-plugin-validation-3.3.0.jar
7fc3fc8d0000-7fc3fc8d2000 r--s 00009000 08:05 788104                     /home/lucas/.gradle/caches/modules-2/files-2.1/org.grails/grails-plugin-mimetypes/3.3.0/8de505bb83d990357416a8d3d3ec00c352a9a20/grails-plugin-mimetypes-3.3.0.jar
7fc3fc8d2000-7fc3fc8d4000 r--s 0000b000 08:05 788103                     /home/lucas/.gradle/caches/modules-2/files-2.1/org.grails/grails-web-sitemesh/3.3.0/93ce68536c5806bcfc2b4a65cf57971f4bd0d2ce/grails-web-sitemesh-3.3.0.jar
7fc3fc8d4000-7fc3fc8d6000 r--s 00011000 08:05 788102                     /home/lucas/.gradle/caches/modules-2/files-2.1/org.grails/grails-web-gsp/3.3.0/e0cd55173b03fca8b1caabde8633a4592d0e5dd3/grails-web-gsp-3.3.0.jar
7fc3fc8d6000-7fc3fc8d7000 r--s 00005000 08:05 788101                     /home/lucas/.gradle/caches/modules-2/files-2.1/org.grails/grails-web-mvc/3.3.0/e80077c3ec7613e108cece41ad24985e990ba226/grails-web-mvc-3.3.0.jar
7fc3fc8d7000-7fc3fc8da000 r--s 0002a000 08:05 788100                     /home/lucas/.gradle/caches/modules-2/files-2.1/org.grails/grails-web-url-mappings/3.3.0/790afa755a50c62c6d359e67f20791f30a0e2ff0/grails-web-url-mappings-3.3.0.jar
7fc3fc8da000-7fc3fc8dd000 r--s 00014000 08:05 788099                     /home/lucas/.gradle/caches/modules-2/files-2.1/org.grails/grails-web-databinding/3.3.0/132151b730e5ca858454f985d02ff3a7f93825dd/grails-web-databinding-3.3.0.jar
7fc3fc8dd000-7fc3fc8e2000 r--s 00029000 08:05 788098                     /home/lucas/.gradle/caches/modules-2/files-2.1/org.springframework/spring-context-support/4.3.9.RELEASE/89a700b072aaa699c2c389a86505e03df8d9b634/spring-context-support-4.3.9.RELEASE.jar
7fc3fc8e2000-7fc3fc8f3000 r--s 000cf000 08:05 788097                     /home/lucas/.gradle/caches/modules-2/files-2.1/org.springframework/spring-webmvc/4.3.9.RELEASE/ca80b4a00abc388d8046bf372099f35564371c47/spring-webmvc-4.3.9.RELEASE.jar
7fc3fc8f3000-7fc3fc8f6000 r--s 00027000 08:05 788096                     /home/lucas/.gradle/caches/modules-2/files-2.1/org.grails/grails-gsp/3.3.0/58e246e986a5d293806b3768d8efb73b1dc71047/grails-gsp-3.3.0.jar
7fc3fc8f6000-7fc3fc8fb000 r--s 00029000 08:05 788095                     /home/lucas/.gradle/caches/modules-2/files-2.1/org.grails/grails-encoder/3.3.0/c7c305636ad08d4e6f846a51e9079a79b1a1eaa0/grails-encoder-3.3.0.jar
7fc3fc8fb000-7fc3fc8fd000 r--s 0000f000 08:05 788094                     /home/lucas/.gradle/caches/modules-2/files-2.1/org.grails/grails-databinding/3.3.0/29d2edc86dda4126afe6d1802c44f6d5d38136f5/grails-databinding-3.3.0.jar
7fc3fc8fd000-7fc3fc90f000 r--s 0011d000 08:05 788093                     /home/lucas/.gradle/caches/modules-2/files-2.1/com.fasterxml.jackson.core/jackson-databind/2.8.8/bf88c7b27e95cbadce4e7c316a56c3efffda8026/jackson-databind-2.8.8.jar
7fc3fc90f000-7fc3fc910000 r--s 00003000 08:05 787895                     /home/lucas/.gradle/caches/modules-2/files-2.1/javax.transaction/jta/1.1/2ca09f0b36ca7d71b762e14ea2ff09d5eac57558/jta-1.1.jar
7fc3fc910000-7fc3fc916000 r--s 0003d000 08:05 788092                     /home/lucas/.gradle/caches/modules-2/files-2.1/org.yaml/snakeyaml/1.17/7a27ea250c5130b2922b86dea63cbb1cc10a660c/snakeyaml-1.17.jar
7fc3fc916000-7fc3fc918000 r--s 00016000 08:05 787839                     /home/lucas/.gradle/caches/modules-2/files-2.1/org.codehaus.groovy/groovy-templates/2.4.11/2c091b3dd45a99376e696e8f2d04cfcfb4da6a96/groovy-templates-2.4.11.jar
7fc3fc918000-7fc3fc91c000 r--s 00031000 08:05 787838                     /home/lucas/.gradle/caches/modules-2/files-2.1/org.codehaus.groovy/groovy-xml/2.4.11/5841f1ac5141c7a930ec0c28b14dacdfbc5640e6/groovy-xml-2.4.11.jar
7fc3fc91c000-7fc3fc921000 r--s 0003c000 08:05 788091                     /home/lucas/.gradle/caches/modules-2/files-2.1/org.springframework/spring-expression/4.3.9.RELEASE/4edca6913da9e62a6586714e053e01a61952a153/spring-expression-4.3.9.RELEASE.jar
7fc3fc921000-7fc3fc92a000 r--s 00054000 08:05 788090                     /home/lucas/.gradle/caches/modules-2/files-2.1/org.springframework/spring-aop/4.3.9.RELEASE/95f5f5cf3cae64266a89dc1bc9e0484425cd8358/spring-aop-4.3.9.RELEASE.jar
7fc3fc92a000-7fc3fc92c000 r--s 0000e000 08:05 787925                     /home/lucas/.gradle/caches/modules-2/files-2.1/commons-logging/commons-logging/1.2/4bfc12adfe4842bf07b657f0369c4cb522955686/commons-logging-1.2.jar
7fc3fc92c000-7fc3fc937000 r--s 0006a000 08:05 788089                     /home/lucas/.gradle/caches/modules-2/files-2.1/ch.qos.logback/logback-core/1.1.11/88b8df40340eed549fb07e2613879bf6b006704d/logback-core-1.1.11.jar
7fc3fc937000-7fc3fc93b000 r--s 00049000 08:05 787828                     /home/lucas/.gradle/caches/modules-2/files-2.1/com.bertramlabs.plugins/asset-pipeline-core/2.14.2/91e427fa721bb38ff18b8b1752b1081f8e90fc76/asset-pipeline-core-2.14.2.jar
7fc3fc93b000-7fc3fc93d000 r--s 00009000 08:05 788088                     /home/lucas/.gradle/caches/modules-2/files-2.1/org.apache.tomcat/tomcat-juli/8.5.15/b21c47750b0d0356acbbbf0c30cb36cb2268dc8d/tomcat-juli-8.5.15.jar
7fc3fc93d000-7fc3fc93f000 r--s 00007000 08:05 788087                     /home/lucas/.gradle/caches/modules-2/files-2.1/javax.el/el-api/2.1.2-b03/1ac087d9d1a632d2ff82fa1e8b6610aca025ff2a/el-api-2.1.2-b03.jar
7fc3fc93f000-7fc3fc941000 r--s 00000000 08:05 788699                     /home/lucas/.gradle/caches/modules-2/files-2.1/org.clojure/core.specs.alpha/0.1.24/2637e33f693f51267f04e63f2acfb5d182e7bf56/core.specs.alpha-0.1.24.jar
7fc3fc941000-7fc3fc94d000 r--s 00085000 08:05 788698                     /home/lucas/.gradle/caches/modules-2/files-2.1/org.clojure/spec.alpha/0.1.143/54057fc4330a7b439127effafa92d1bfeefc23f5/spec.alpha-0.1.143.jar
7fc3fc94d000-7fc3fc94e000 r--s 00004000 08:05 788086                     /home/lucas/.gradle/caches/modules-2/files-2.1/org.grails/grails-plugin-codecs/3.3.0/d34f5e87c7d01e3a99fafc0a50e0e80d73335759/grails-plugin-codecs-3.3.0.jar
7fc3fc94e000-7fc3fc953000 r--s 00041000 08:05 788085                     /home/lucas/.gradle/caches/modules-2/files-2.1/commons-lang/commons-lang/2.6/ce1edb914c94ebc388f086c6827e8bdeec71ac2/commons-lang-2.6.jar
7fc3fc953000-7fc3fc955000 r--s 0000b000 08:05 788084                     /home/lucas/.gradle/caches/modules-2/files-2.1/org.grails/grails-web-gsp-taglib/3.3.0/72e3b9636f0a777bebfeb117e3b2f95defd44959/grails-web-gsp-taglib-3.3.0.jar
7fc3fc955000-7fc3fc957000 r--s 0001f000 08:05 788083                     /home/lucas/.gradle/caches/modules-2/files-2.1/org.grails/grails-web-jsp/3.3.0/83df1e17ef4301c34db377e817bdb6a842e82b8e/grails-web-jsp-3.3.0.jar
7fc3fc957000-7fc3fc95a000 r--s 00010000 08:05 787851                     /home/lucas/.gradle/caches/modules-2/files-2.1/org.hibernate.common/hibernate-commons-annotations/5.0.1.Final/71e1cff3fcb20d3b3af4f3363c3ddb24d33c6879/hibernate-commons-annotations-5.0.1.Final.jar
7fc3fc95a000-7fc3fc95f000 r--s 00048000 08:05 787850                     /home/lucas/.gradle/caches/modules-2/files-2.1/dom4j/dom4j/1.6.1/5d3ccc056b6f056dbf0dddfdf43894b9065a8f94/dom4j-1.6.1.jar
7fc3fc95f000-7fc3fc961000 r--s 0000e000 08:05 788082                     /home/lucas/.gradle/caches/modules-2/files-2.1/com.fasterxml/classmate/1.3.3/864c8e370a691e343210cc7c532fc198cee460d8/classmate-1.3.3.jar
7fc3fc961000-7fc3fc964000 r--s 0002b000 08:05 787848                     /home/lucas/.gradle/caches/modules-2/files-2.1/org.jboss/jandex/2.0.3.Final/bfc4d6257dbff7a33a357f0de116be6ff951d849/jandex-2.0.3.Final.jar
7fc3fc964000-7fc3fc965000 r--s 00003000 08:05 787847                     /home/lucas/.gradle/caches/modules-2/files-2.1/org.apache.geronimo.specs/geronimo-jta_1.1_spec/1.1.1/aabab3165b8ea936b9360abbf448459c0d04a5a4/geronimo-jta_1.1_spec-1.1.1.jar
7fc3fc965000-7fc3fc96a000 r--s 00068000 08:05 787846                     /home/lucas/.gradle/caches/modules-2/files-2.1/antlr/antlr/2.7.7/83cd2cd674a217ade95a4bb83a8a14f351f48bd0/antlr-2.7.7.jar
7fc3fc96a000-7fc3fc96d000 r--s 0000e000 08:05 788081                     /home/lucas/.gradle/caches/modules-2/files-2.1/org.jboss.logging/jboss-logging/3.3.1.Final/c46217ab74b532568c0ed31dc599db3048bd1b67/jboss-logging-3.3.1.Final.jar
7fc3fc96d000-7fc3fc977000 r--s 0006b000 08:05 787923                     /home/lucas/.gradle/caches/modules-2/files-2.1/org.springframework/spring-orm/4.3.9.RELEASE/ea9de867a7b686744f0e0bc1ecfcc9d3844e4cd7/spring-orm-4.3.9.RELEASE.jar
7fc3fc977000-7fc3fc97b000 r--s 00039000 08:05 787827                     /home/lucas/.gradle/caches/modules-2/files-2.1/org.grails/grails-datastore-gorm-hibernate5/6.1.6.RELEASE/1ee42c7ede3f81020dbbfe9b692fc4f249d60897/grails-datastore-gorm-hibernate5-6.1.6.RELEASE.jar
7fc3fc97b000-7fc3fc97e000 r--s 00012000 08:05 787826                     /home/lucas/.gradle/caches/modules-2/files-2.1/org.grails/grails-datastore-gorm-support/6.1.6.RELEASE/f365df7d32d534cf1f1994302b38705ec787056b/grails-datastore-gorm-support-6.1.6.RELEASE.jar
7fc3fc97e000-7fc3fc980000 r--s 00001000 08:05 787825                     /home/lucas/.gradle/caches/modules-2/files-2.1/org.grails/grails-datastore-web/6.1.6.RELEASE/f09bd65e28503797e4ea31534d2f57ed4e0fc6ff/grails-datastore-web-6.1.6.RELEASE.jar
7fc3fc980000-7fc3fc982000 r--s 00003000 08:05 788080                     /home/lucas/.gradle/caches/modules-2/files-2.1/org.grails/grails-events-compat/3.3.0/206a3c79a79b799ab72b5cc9da8797c9a5c932b9/grails-events-compat-3.3.0.jar
7fc3fc982000-7fc3fc984000 r--s 00006000 08:05 788079                     /home/lucas/.gradle/caches/modules-2/files-2.1/org.grails/grails-events-transform/3.3.0/8627740511bb37d2ac100ef22813b89fa664ebe5/grails-events-transform-3.3.0.jar
7fc3fc984000-7fc3fc986000 r--s 0000b000 08:05 788078                     /home/lucas/.gradle/caches/modules-2/files-2.1/org.grails/grails-events/3.3.0/1631acc33606179319ca44d57af8bc2c2db91b9/grails-events-3.3.0.jar
7fc3fc986000-7fc3fc988000 r--s 0001e000 08:05 788077                     /home/lucas/.gradle/caches/modules-2/files-2.1/org.grails.plugins/fields/2.1.5/74ccc593e1088b224449b0a31f6132211ac8ee47/fields-2.1.5.jar
7fc3fc988000-7fc3fc98b000 r--s 0000e000 08:05 788076                     /home/lucas/.gradle/caches/modules-2/files-2.1/org.grails/grails-async/3.3.0/f50982b9d3aa7ea37336ca69a3a027bf8b87b29b/grails-async-3.3.0.jar
7fc3fc98b000-7fc3fc995000 r--s 000aa000 08:05 787924                     /home/lucas/.gradle/caches/modules-2/files-2.1/org.javassist/javassist/3.21.0-GA/598244f595db5c5fb713731eddbb1c91a58d959b/javassist-3.21.0-GA.jar
7fc3fc995000-7fc3fc998000 r--s 00016000 08:05 788075                     /home/lucas/.gradle/caches/modules-2/files-2.1/org.grails/grails-validation/3.3.0/6b4f40ddf6245fe52649320432fd34cd48c57883/grails-validation-3.3.0.jar
7fc3fc998000-7fc3fc99c000 r--s 0001e000 08:05 788074                     /home/lucas/.gradle/caches/modules-2/files-2.1/org.grails.plugins/converters/3.3.0/531bcff1aa1f98d7ae50a8fadd690c7dd2888a93/converters-3.3.0.jar
7fc3fc99c000-7fc3fc99e000 r--s 00005000 08:05 788073                     /home/lucas/.gradle/caches/modules-2/files-2.1/org.grails/grails-plugin-datasource/3.3.0/e96112616bc65dd920f2cfc725de10cb716e5483/grails-plugin-datasource-3.3.0.jar
7fc3fc99e000-7fc3fc9a1000 r--s 00019000 08:05 788072                     /home/lucas/.gradle/caches/modules-2/files-2.1/org.grails/grails-plugin-controllers/3.3.0/458466035737211e5ae09b9b62bed61d7220249a/grails-plugin-controllers-3.3.0.jar
7fc3fc9a1000-7fc3fc9a2000 r--s 00005000 08:05 788071                     /home/lucas/.gradle/caches/modules-2/files-2.1/org.grails/grails-web/3.3.0/b2b3e4cd775169863734da3f79acf2a079d6d9f4/grails-web-3.3.0.jar
7fc3fc9a2000-7fc3fc9a6000 r--s 00028000 08:05 788070                     /home/lucas/.gradle/caches/modules-2/files-2.1/org.grails/grails-web-common/3.3.0/9796c1880f90819a3d967c7b60ccd503d850f6f2/grails-web-common-3.3.0.jar
7fc3fc9a6000-7fc3fc9ac000 r--s 00036000 08:05 788069                     /home/lucas/.gradle/caches/modules-2/files-2.1/org.apache.tomcat.embed/tomcat-embed-websocket/8.5.15/a92b066b0ea9ee1cb05b7d5e4bfed4ad8898f741/tomcat-embed-websocket-8.5.15.jar
7fc3fc9ac000-7fc3fc9b1000 r--s 00036000 08:05 788068                     /home/lucas/.gradle/caches/modules-2/files-2.1/org.apache.tomcat.embed/tomcat-embed-el/8.5.15/e4000e5386056eeebb43bf71e7d30c58d2473166/tomcat-embed-el-8.5.15.jar
7fc3fc9b1000-7fc3fc9db000 r--s 002c0000 08:05 788067                     /home/lucas/.gradle/caches/modules-2/files-2.1/org.apache.tomcat.embed/tomcat-embed-core/8.5.15/f197a93ae66212767b004fd93d7a1a8ea62bc3fa/tomcat-embed-core-8.5.15.jar
7fc3fc9db000-7fc3fc9eb000 r--s 00078000 08:05 788066                     /home/lucas/.gradle/caches/modules-2/files-2.1/org.springframework.boot/spring-boot-actuator/1.5.4.RELEASE/6fed8833ba044e22a2924f8fe70db4f126be7489/spring-boot-actuator-1.5.4.RELEASE.jar
7fc3fc9eb000-7fc3fc9ec000 r--s 00000000 08:05 788065                     /home/lucas/.gradle/caches/modules-2/files-2.1/org.springframework.boot/spring-boot-starter/1.5.4.RELEASE/74d5aa641503ddd12833c82cc19b295f9f40e8fa/spring-boot-starter-1.5.4.RELEASE.jar
7fc3fc9ec000-7fc3fc9f0000 r--s 00040000 08:05 788064                     /home/lucas/.gradle/caches/modules-2/files-2.1/xalan/serializer/2.7.2/24247f3bb052ee068971393bdb83e04512bb1c3c/serializer-2.7.2.jar
7fc3fc9f0000-7fc3fc9fd000 r--s 00081000 08:05 787852                     /home/lucas/.gradle/caches/modules-2/files-2.1/org.grails/grails-datastore-core/6.1.6.RELEASE/ec5403831ce08708a4525755e86bcb944476e70d/grails-datastore-core-6.1.6.RELEASE.jar
7fc3fc9fd000-7fc3fca02000 r--s 00038000 08:05 787820                     /home/lucas/.gradle/caches/modules-2/files-2.1/org.grails/grails-bootstrap/3.3.0/bee9828a4d0e6cd3a3d404512614ed1ee3b7d36b/grails-bootstrap-3.3.0.jar
7fc3fca02000-7fc3fca1b000 r--s 000fe000 08:05 787854                     /home/lucas/.gradle/caches/modules-2/files-2.1/org.springframework/spring-context/4.3.9.RELEASE/a186823724f03b98becd5f93b1fa107fe6f7a7ff/spring-context-4.3.9.RELEASE.jar
7fc3fca1b000-7fc3fca29000 r--s 000ad000 08:05 787893                     /home/lucas/.gradle/caches/modules-2/files-2.1/org.springframework/spring-beans/4.3.9.RELEASE/daa5abf3779c8cad1a2910e1ea08e4272489d8ae/spring-beans-4.3.9.RELEASE.jar
7fc3fca29000-7fc3fca31000 r--s 0003a000 08:05 787894                     /home/lucas/.gradle/caches/modules-2/files-2.1/org.springframework/spring-tx/4.3.9.RELEASE/7a7b1775e1e604841f8b619e110e43d9929c37ab/spring-tx-4.3.9.RELEASE.jar
7fc3fca31000-7fc3fca47000 r--s 000fc000 08:05 787868                     /home/lucas/.gradle/caches/modules-2/files-2.1/org.springframework/spring-core/4.3.9.RELEASE/430b7298bfb85d66fb61e19ca8f06231b911e9f5/spring-core-4.3.9.RELEASE.jar
7fc3fca47000-7fc3fca4b000 r--s 00019000 08:05 787892                     /home/lucas/.gradle/caches/modules-2/files-2.1/com.googlecode.concurrentlinkedhashmap/concurrentlinkedhashmap-lru/1.4.2/2eaf3d3c9746d526ff7e5b93931d482c3887e6ac/concurrentlinkedhashmap-lru-1.4.2.jar
7fc3fca4b000-7fc3fca50000 r--s 00017000 08:05 787845                     /home/lucas/.gradle/caches/modules-2/files-2.1/org.hibernate.javax.persistence/hibernate-jpa-2.1-api/1.0.0.Final/5e731d961297e5a07290bfaf3db1fbc8bbbf405a/hibernate-jpa-2.1-api-1.0.0.Final.jar
7fc3fca50000-7fc3fca52000 r--s 00009000 08:05 788062                     /home/lucas/.gradle/caches/modules-2/files-2.1/org.slf4j/slf4j-api/1.7.25/da76ca59f6a57ee3102f8f9bd9cee742973efa8a/slf4j-api-1.7.25.jar
7fc3fca52000-7fc3fca9f000 r--s 0040d000 08:05 787815                     /home/lucas/.gradle/caches/modules-2/files-2.1/org.codehaus.groovy/groovy/2.4.11/52a60df8b4cbfe39469171a42ca77a3e4eb4e737/groovy-2.4.11.jar
7fc3fca9f000-7fc3fcaaf000 r--s 00095000 08:05 788061                     /home/lucas/.gradle/caches/modules-2/files-2.1/org.springframework.boot/spring-boot/1.5.4.RELEASE/cf51bb0751c1362a417eb59824d27d2907780d2/spring-boot-1.5.4.RELEASE.jar
7fc3fcaaf000-7fc3fcab1000 r--s 00004000 08:05 788060                     /home/lucas/.gradle/caches/modules-2/files-2.1/org.slf4j/log4j-over-slf4j/1.7.25/a87bb47468f47ee7aabbd54f93e133d4215769c3/log4j-over-slf4j-1.7.25.jar
7fc3fcab1000-7fc3fcab3000 r--s 00000000 08:05 788059                     /home/lucas/.gradle/caches/modules-2/files-2.1/org.slf4j/jul-to-slf4j/1.7.25/af5364cd6679bfffb114f0dec8a157aaa283b76/jul-to-slf4j-1.7.25.jar
7fc3fcab3000-7fc3fcab5000 r--s 00003000 08:05 788058                     /home/lucas/.gradle/caches/modules-2/files-2.1/org.slf4j/jcl-over-slf4j/1.7.25/f8c32b13ff142a513eeb5b6330b1588dcb2c0461/jcl-over-slf4j-1.7.25.jar
7fc3fcab5000-7fc3fcabc000 r--s 00045000 08:05 788057                     /home/lucas/.gradle/caches/modules-2/files-2.1/ch.qos.logback/logback-classic/1.1.11/ccedfbacef4a6515d2983e3f89ed753d5d4fb665/logback-classic-1.1.11.jar
7fc3fcabc000-7fc3fcabf000 r--s 0001d000 08:05 788056                     /home/lucas/.gradle/caches/modules-2/files-2.1/com.bertramlabs.plugins/asset-pipeline-grails/2.14.2/78d9651f5fc3dee1fce57cd5b01a18f9e53486b0/asset-pipeline-grails-2.14.2.jar
7fc3fcabf000-7fc3fcac2000 r--s 00021000 08:05 788055                     /home/lucas/.gradle/caches/modules-2/files-2.1/org.apache.tomcat/tomcat-jdbc/8.5.15/1f802a58c21283fcdff1572a390bf98ae7231ea3/tomcat-jdbc-8.5.15.jar
7fc3fcac2000-7fc3fcad1000 r--s 001ae000 08:05 788054                     /home/lucas/.gradle/caches/modules-2/files-2.1/com.h2database/h2/1.4.195/b25cc38f12b977694b8c85848e5bbecb2d88fd96/h2-1.4.195.jar
7fc3fcad1000-7fc3fcad4000 r--s 00018000 08:05 788053                     /home/lucas/.gradle/caches/modules-2/files-2.1/org.glassfish.web/el-impl/2.1.2-b03/6bab1211b6e6b191fdbf06067bd05d2f75a62ac0/el-impl-2.1.2-b03.jar
7fc3fcad4000-7fc3fcb19000 r--s 00349000 08:05 788697                     /home/lucas/.gradle/caches/modules-2/files-2.1/org.clojure/clojure/1.10.0-alpha4/70bc8e3ab1f528c70b8160f74f3d058b802e318a/clojure-1.10.0-alpha4.jar
7fc3fcb19000-7fc3fcb1e000 r--s 0004b000 08:05 788052                     /home/lucas/.gradle/caches/modules-2/files-2.1/org.grails.plugins/gsp/3.3.0/207d8d9c87e33608297fcd9a97c2105043774287/gsp-3.3.0.jar
7fc3fcb1e000-7fc3fcb8a000 r--s 0050a000 08:05 787824                     /home/lucas/.gradle/caches/modules-2/files-2.1/org.hibernate/hibernate-core/5.1.5.Final/28366d161d448e82370e5bbd871eb2835ba0fb7b/hibernate-core-5.1.5.Final.jar
7fc3fcb8a000-7fc3fcb97000 r--s 000ae000 08:05 788037                     /home/lucas/.gradle/caches/modules-2/files-2.1/org.grails/grails-core/3.3.0/255a93e9ce20367b66217c435c820dfafa22b522/grails-core-3.3.0.jar
7fc3fcb97000-7fc3fcc2d000 r--s 0110a000 08:05 5116286                    /usr/lib/jvm/java-8-oracle/jre/lib/ext/jfxrt.jar
7fc3fcc2d000-7fc3fcc30000 ---p 00000000 00:00 0 
7fc3fcc30000-7fc3fcd2e000 rw-p 00000000 00:00 0                          [stack:3963]
7fc3fcd2e000-7fc3fd410000 r--p 00000000 08:05 4856772                    /usr/lib/locale/locale-archive
7fc3fd410000-7fc3fd413000 ---p 00000000 00:00 0 
7fc3fd413000-7fc3fd511000 rw-p 00000000 00:00 0                          [stack:3962]
7fc3fd511000-7fc3fd514000 ---p 00000000 00:00 0 
7fc3fd514000-7fc3fd612000 rw-p 00000000 00:00 0                          [stack:3961]
7fc3fd612000-7fc3fd613000 ---p 00000000 00:00 0 
7fc3fd613000-7fc3fe622000 rw-p 00000000 00:00 0                          [stack:3960]
7fc3fe622000-7fc3fe7fb000 r--s 03d64000 08:05 5116291                    /usr/lib/jvm/java-8-oracle/jre/lib/rt.jar
7fc3fe7fb000-7fc40097b000 rw-p 00000000 00:00 0 
7fc40097b000-7fc40097c000 ---p 00000000 00:00 0 
7fc40097c000-7fc400a7c000 rw-p 00000000 00:00 0                          [stack:3959]
7fc400a7c000-7fc400a7d000 ---p 00000000 00:00 0 
7fc400a7d000-7fc400b7d000 rw-p 00000000 00:00 0                          [stack:3958]
7fc400b7d000-7fc400b7e000 ---p 00000000 00:00 0 
7fc400b7e000-7fc400c7e000 rw-p 00000000 00:00 0                          [stack:3957]
7fc400c7e000-7fc400c7f000 ---p 00000000 00:00 0 
7fc400c7f000-7fc401000000 rw-p 00000000 00:00 0                          [stack:3956]
7fc401000000-7fc4029b0000 rwxp 00000000 00:00 0 
7fc4029b0000-7fc410000000 ---p 00000000 00:00 0 
7fc410000000-7fc41199e000 rw-p 00000000 00:00 0 
7fc41199e000-7fc414000000 ---p 00000000 00:00 0 
7fc414000000-7fc414001000 r--s 00009000 08:05 788063                     /home/lucas/.gradle/caches/modules-2/files-2.1/org.grails/grails-spring/3.3.0/2ec60d186ee0a9bf42cb514c392282771a419b8d/grails-spring-3.3.0.jar
7fc414001000-7fc414003000 r--s 00006000 08:05 787813                     /home/lucas/.gradle/caches/modules-2/files-2.1/org.grails.plugins/hibernate5/6.1.6/c7f1bb43b5229be989d827eaa9d432f056ed53bf/hibernate5-6.1.6.jar
7fc414003000-7fc414004000 r--s 00001000 08:05 788051                     /home/lucas/.gradle/caches/modules-2/files-2.1/org.grails.plugins/events/3.3.0/3df6529c92e6d5b6932c3341af62b5689cffb46/events-3.3.0.jar
7fc414004000-7fc414005000 r--s 00006000 08:05 788050                     /home/lucas/.gradle/caches/modules-2/files-2.1/org.grails.plugins/scaffolding/3.3.3/84c5d0b6452caa16edf90248c99d1033544eb993/scaffolding-3.3.3.jar
7fc414005000-7fc414008000 r--s 0000c000 08:05 788049                     /home/lucas/.gradle/caches/modules-2/files-2.1/org.grails.plugins/async/3.3.0/92d772e45c110e6052114f0aec29c59d8ae0d904/async-3.3.0.jar
7fc414008000-7fc41400a000 r--s 00011000 08:05 788048                     /home/lucas/.gradle/caches/modules-2/files-2.1/org.grails.plugins/cache/4.0.0/72be24e2f8b3e5407048f5cc5186dcd32e8de841/cache-4.0.0.jar
7fc41400a000-7fc41400c000 r--s 00004000 08:05 788046                     /home/lucas/.gradle/caches/modules-2/files-2.1/org.grails/grails-plugin-url-mappings/3.3.0/df7a2ef0b11a3c07f2cd1815b1d2c2722d4e75fe/grails-plugin-url-mappings-3.3.0.jar
7fc41400c000-7fc41402c000 r--s 000e5000 08:05 788036                     /home/lucas/.gradle/caches/modules-2/files-2.1/org.springframework.boot/spring-boot-autoconfigure/1.5.4.RELEASE/5591fa7358d950f374532c7d92dccf113ebfa1bb/spring-boot-autoconfigure-1.5.4.RELEASE.jar
7fc41402c000-7fc4140e2000 rw-p 00000000 00:00 0 
7fc4140e2000-7fc41443b000 ---p 00000000 00:00 0 
7fc41443b000-7fc414456000 r-xp 00000000 08:05 5116182                    /usr/lib/jvm/java-8-oracle/jre/lib/amd64/libzip.so
7fc414456000-7fc414656000 ---p 0001b000 08:05 5116182                    /usr/lib/jvm/java-8-oracle/jre/lib/amd64/libzip.so
7fc414656000-7fc414657000 rw-p 0001b000 08:05 5116182                    /usr/lib/jvm/java-8-oracle/jre/lib/amd64/libzip.so
7fc414657000-7fc414662000 r-xp 00000000 08:05 1183729                    /lib/x86_64-linux-gnu/libnss_files-2.19.so
7fc414662000-7fc414861000 ---p 0000b000 08:05 1183729                    /lib/x86_64-linux-gnu/libnss_files-2.19.so
7fc414861000-7fc414862000 r--p 0000a000 08:05 1183729                    /lib/x86_64-linux-gnu/libnss_files-2.19.so
7fc414862000-7fc414863000 rw-p 0000b000 08:05 1183729                    /lib/x86_64-linux-gnu/libnss_files-2.19.so
7fc414863000-7fc41486e000 r-xp 00000000 08:05 1183739                    /lib/x86_64-linux-gnu/libnss_nis-2.19.so
7fc41486e000-7fc414a6d000 ---p 0000b000 08:05 1183739                    /lib/x86_64-linux-gnu/libnss_nis-2.19.so
7fc414a6d000-7fc414a6e000 r--p 0000a000 08:05 1183739                    /lib/x86_64-linux-gnu/libnss_nis-2.19.so
7fc414a6e000-7fc414a6f000 rw-p 0000b000 08:05 1183739                    /lib/x86_64-linux-gnu/libnss_nis-2.19.so
7fc414a6f000-7fc414a86000 r-xp 00000000 08:05 1183723                    /lib/x86_64-linux-gnu/libnsl-2.19.so
7fc414a86000-7fc414c85000 ---p 00017000 08:05 1183723                    /lib/x86_64-linux-gnu/libnsl-2.19.so
7fc414c85000-7fc414c86000 r--p 00016000 08:05 1183723                    /lib/x86_64-linux-gnu/libnsl-2.19.so
7fc414c86000-7fc414c87000 rw-p 00017000 08:05 1183723                    /lib/x86_64-linux-gnu/libnsl-2.19.so
7fc414c87000-7fc414c89000 rw-p 00000000 00:00 0 
7fc414c89000-7fc414c92000 r-xp 00000000 08:05 1183725                    /lib/x86_64-linux-gnu/libnss_compat-2.19.so
7fc414c92000-7fc414e91000 ---p 00009000 08:05 1183725                    /lib/x86_64-linux-gnu/libnss_compat-2.19.so
7fc414e91000-7fc414e92000 r--p 00008000 08:05 1183725                    /lib/x86_64-linux-gnu/libnss_compat-2.19.so
7fc414e92000-7fc414e93000 rw-p 00009000 08:05 1183725                    /lib/x86_64-linux-gnu/libnss_compat-2.19.so
7fc414e93000-7fc414e9d000 r-xp 00000000 08:05 5116224                    /usr/lib/jvm/java-8-oracle/jre/lib/amd64/libinstrument.so
7fc414e9d000-7fc41509c000 ---p 0000a000 08:05 5116224                    /usr/lib/jvm/java-8-oracle/jre/lib/amd64/libinstrument.so
7fc41509c000-7fc41509d000 rw-p 00009000 08:05 5116224                    /usr/lib/jvm/java-8-oracle/jre/lib/amd64/libinstrument.so
7fc41509d000-7fc4150c8000 r-xp 00000000 08:05 5116177                    /usr/lib/jvm/java-8-oracle/jre/lib/amd64/libjava.so
7fc4150c8000-7fc4152c7000 ---p 0002b000 08:05 5116177                    /usr/lib/jvm/java-8-oracle/jre/lib/amd64/libjava.so
7fc4152c7000-7fc4152c9000 rw-p 0002a000 08:05 5116177                    /usr/lib/jvm/java-8-oracle/jre/lib/amd64/libjava.so
7fc4152c9000-7fc4152d6000 r-xp 00000000 08:05 5116185                    /usr/lib/jvm/java-8-oracle/jre/lib/amd64/libverify.so
7fc4152d6000-7fc4154d6000 ---p 0000d000 08:05 5116185                    /usr/lib/jvm/java-8-oracle/jre/lib/amd64/libverify.so
7fc4154d6000-7fc4154d8000 rw-p 0000d000 08:05 5116185                    /usr/lib/jvm/java-8-oracle/jre/lib/amd64/libverify.so
7fc4154d8000-7fc4154df000 r-xp 00000000 08:05 1183782                    /lib/x86_64-linux-gnu/librt-2.19.so
7fc4154df000-7fc4156de000 ---p 00007000 08:05 1183782                    /lib/x86_64-linux-gnu/librt-2.19.so
7fc4156de000-7fc4156df000 r--p 00006000 08:05 1183782                    /lib/x86_64-linux-gnu/librt-2.19.so
7fc4156df000-7fc4156e0000 rw-p 00007000 08:05 1183782                    /lib/x86_64-linux-gnu/librt-2.19.so
7fc4156e0000-7fc4157e5000 r-xp 00000000 08:05 1183704                    /lib/x86_64-linux-gnu/libm-2.19.so
7fc4157e5000-7fc4159e4000 ---p 00105000 08:05 1183704                    /lib/x86_64-linux-gnu/libm-2.19.so
7fc4159e4000-7fc4159e5000 r--p 00104000 08:05 1183704                    /lib/x86_64-linux-gnu/libm-2.19.so
7fc4159e5000-7fc4159e6000 rw-p 00105000 08:05 1183704                    /lib/x86_64-linux-gnu/libm-2.19.so
7fc4159e6000-7fc4166bf000 r-xp 00000000 08:05 5116209                    /usr/lib/jvm/java-8-oracle/jre/lib/amd64/server/libjvm.so
7fc4166bf000-7fc4168be000 ---p 00cd9000 08:05 5116209                    /usr/lib/jvm/java-8-oracle/jre/lib/amd64/server/libjvm.so
7fc4168be000-7fc416997000 rw-p 00cd8000 08:05 5116209                    /usr/lib/jvm/java-8-oracle/jre/lib/amd64/server/libjvm.so
7fc416997000-7fc4169e3000 rw-p 00000000 00:00 0 
7fc4169e3000-7fc416b9f000 r-xp 00000000 08:05 1183654                    /lib/x86_64-linux-gnu/libc-2.19.so
7fc416b9f000-7fc416d9e000 ---p 001bc000 08:05 1183654                    /lib/x86_64-linux-gnu/libc-2.19.so
7fc416d9e000-7fc416da2000 r--p 001bb000 08:05 1183654                    /lib/x86_64-linux-gnu/libc-2.19.so
7fc416da2000-7fc416da4000 rw-p 001bf000 08:05 1183654                    /lib/x86_64-linux-gnu/libc-2.19.so
7fc416da4000-7fc416da9000 rw-p 00000000 00:00 0 
7fc416da9000-7fc416dac000 r-xp 00000000 08:05 1183671                    /lib/x86_64-linux-gnu/libdl-2.19.so
7fc416dac000-7fc416fab000 ---p 00003000 08:05 1183671                    /lib/x86_64-linux-gnu/libdl-2.19.so
7fc416fab000-7fc416fac000 r--p 00002000 08:05 1183671                    /lib/x86_64-linux-gnu/libdl-2.19.so
7fc416fac000-7fc416fad000 rw-p 00003000 08:05 1183671                    /lib/x86_64-linux-gnu/libdl-2.19.so
7fc416fad000-7fc416fc3000 r-xp 00000000 08:05 5249981                    /usr/lib/jvm/java-8-oracle/lib/amd64/jli/libjli.so
7fc416fc3000-7fc4171c2000 ---p 00016000 08:05 5249981                    /usr/lib/jvm/java-8-oracle/lib/amd64/jli/libjli.so
7fc4171c2000-7fc4171c3000 rw-p 00015000 08:05 5249981                    /usr/lib/jvm/java-8-oracle/lib/amd64/jli/libjli.so
7fc4171c3000-7fc4171dc000 r-xp 00000000 08:05 1183774                    /lib/x86_64-linux-gnu/libpthread-2.19.so
7fc4171dc000-7fc4173db000 ---p 00019000 08:05 1183774                    /lib/x86_64-linux-gnu/libpthread-2.19.so
7fc4173db000-7fc4173dc000 r--p 00018000 08:05 1183774                    /lib/x86_64-linux-gnu/libpthread-2.19.so
7fc4173dc000-7fc4173dd000 rw-p 00019000 08:05 1183774                    /lib/x86_64-linux-gnu/libpthread-2.19.so
7fc4173dd000-7fc4173e1000 rw-p 00000000 00:00 0 
7fc4173e1000-7fc417404000 r-xp 00000000 08:05 1183630                    /lib/x86_64-linux-gnu/ld-2.19.so
7fc417404000-7fc417406000 r--s 00003000 08:05 788045                     /home/lucas/.gradle/caches/modules-2/files-2.1/org.grails/grails-plugin-services/3.3.0/3a241ac30b3056e24b3e017e669c6118c1a9d19f/grails-plugin-services-3.3.0.jar
7fc417406000-7fc4174e6000 rw-p 00000000 00:00 0 
7fc4174e6000-7fc4174e9000 ---p 00000000 00:00 0 
7fc4174e9000-7fc4175eb000 rw-p 00000000 00:00 0                          [stack:3950]
7fc4175eb000-7fc4175ec000 r--s 00008000 08:05 788047                     /home/lucas/.gradle/caches/modules-2/files-2.1/org.grails/grails-plugin-interceptors/3.3.0/9864d7565f9623c76a0daafafe0ca45ca31cd46d/grails-plugin-interceptors-3.3.0.jar
7fc4175ec000-7fc4175ed000 r--s 00003000 08:05 788044                     /home/lucas/.gradle/caches/modules-2/files-2.1/org.grails/grails-plugin-i18n/3.3.0/dc4faa0d2038c884f3d95ed49262874973d3a436/grails-plugin-i18n-3.3.0.jar
7fc4175ed000-7fc4175ee000 r--s 00004000 08:05 788043                     /home/lucas/.gradle/caches/modules-2/files-2.1/org.grails/grails-plugin-databinding/3.3.0/748320c551d8176e45cbf32ae8a9e5188af83e12/grails-plugin-databinding-3.3.0.jar
7fc4175ee000-7fc4175f2000 r--s 00031000 08:05 788042                     /home/lucas/.gradle/caches/modules-2/files-2.1/org.grails/grails-plugin-rest/3.3.0/377755023c8a739decae53eef2b455508a50b03b/grails-plugin-rest-3.3.0.jar
7fc4175f2000-7fc4175f3000 r--s 00000000 08:05 788041                     /home/lucas/.gradle/caches/modules-2/files-2.1/org.grails/grails-logging/3.3.0/76509fc3d6f8c98a47516b2491fe094a48565d1e/grails-logging-3.3.0.jar
7fc4175f3000-7fc4175f4000 r--s 00001000 08:05 788040                     /home/lucas/.gradle/caches/modules-2/files-2.1/org.grails/grails-web-boot/3.3.0/36f9f00eccf77cbf13853b1aeac8c8e18f02f8ec/grails-web-boot-3.3.0.jar
7fc4175f4000-7fc4175f5000 r--s 00000000 08:05 788039                     /home/lucas/.gradle/caches/modules-2/files-2.1/org.springframework.boot/spring-boot-starter-tomcat/1.5.4.RELEASE/d7e26f1d0e594bd1aab7da227649fc12c1958416/spring-boot-starter-tomcat-1.5.4.RELEASE.jar
7fc4175f5000-7fc4175f6000 r--s 00000000 08:05 788038                     /home/lucas/.gradle/caches/modules-2/files-2.1/org.springframework.boot/spring-boot-starter-actuator/1.5.4.RELEASE/10f526d22f58a32a8c3af26ccb0a6f16f4649935/spring-boot-starter-actuator-1.5.4.RELEASE.jar
7fc4175f6000-7fc4175f7000 r--s 00000000 08:05 788035                     /home/lucas/.gradle/caches/modules-2/files-2.1/org.springframework.boot/spring-boot-starter-logging/1.5.4.RELEASE/6b4364cfee82890ce9a9c2c59066f3a6e525debd/spring-boot-starter-logging-1.5.4.RELEASE.jar
7fc4175f7000-7fc4175ff000 rw-s 00000000 08:05 917519                     /tmp/hsperfdata_lucas/3948
7fc4175ff000-7fc417600000 rw-p 00000000 00:00 0 
7fc417600000-7fc417601000 r--p 00000000 00:00 0 
7fc417601000-7fc417603000 rw-p 00000000 00:00 0 
7fc417603000-7fc417604000 r--p 00022000 08:05 1183630                    /lib/x86_64-linux-gnu/ld-2.19.so
7fc417604000-7fc417605000 rw-p 00023000 08:05 1183630                    /lib/x86_64-linux-gnu/ld-2.19.so
7fc417605000-7fc417606000 rw-p 00000000 00:00 0 
7fffdc3e3000-7fffdc40a000 rw-p 00000000 00:00 0                          [stack]
7fffdc49d000-7fffdc49f000 r-xp 00000000 00:00 0                          [vdso]
ffffffffff600000-ffffffffff601000 r-xp 00000000 00:00 0                  [vsyscall]

VM Arguments:
jvm_args: -Dendpoints.shutdown.enabled=true -Denv=development -Dfull.stacktrace=false -Dgrails.env=development -Dgrails.full.stacktrace=false -Dinfo.app.grailsVersion=3.3.0 -Dinfo.app.name=Dashboard -Dinfo.app.version=0.1 -Djdk.reflect.allowGetCallerClass=true -Drun.active=true -Dspring.output.ansi.enabled=always -Dspringloaded=inclusions=grails.plugins..*;synchronize=true;allowSplitPackages=true;cacheDir=/home/lucas/Escritorio/Disenio/TablaInstrumentos/Dashboard/build/springloaded -Dverbose=false -XX:+TieredCompilation -XX:TieredStopAtLevel=1 -XX:CICompilerCount=3 -javaagent:/home/lucas/.gradle/caches/modules-2/files-2.1/org.springframework/springloaded/1.2.7.RELEASE/36be57f1a306cec1185b0276960fbe95dee08bf/springloaded-1.2.7.RELEASE.jar -Xverify:none -Xms768m -Xmx768m -Dfile.encoding=UTF-8 -Duser.country=AR -Duser.language=es -Duser.variant 
java_command: dashboard.Application
java_class_path (initial): /home/lucas/Escritorio/Disenio/TablaInstrumentos/Dashboard/src/main/resources:/home/lucas/Escritorio/Disenio/TablaInstrumentos/Dashboard/grails-app/views:/home/lucas/Escritorio/Disenio/TablaInstrumentos/Dashboard/grails-app/i18n:/home/lucas/Escritorio/Disenio/TablaInstrumentos/Dashboard/grails-app/conf:/home/lucas/Escritorio/Disenio/TablaInstrumentos/Dashboard/build/classes/main:/home/lucas/Escritorio/Disenio/TablaInstrumentos/Dashboard/build/resources/main:/home/lucas/Escritorio/Disenio/TablaInstrumentos/Dashboard/gsp-classes:/home/lucas/.gradle/caches/modules-2/files-2.1/org.springframework.boot/spring-boot-starter-logging/1.5.4.RELEASE/6b4364cfee82890ce9a9c2c59066f3a6e525debd/spring-boot-starter-logging-1.5.4.RELEASE.jar:/home/lucas/.gradle/caches/modules-2/files-2.1/org.springframework.boot/spring-boot-autoconfigure/1.5.4.RELEASE/5591fa7358d950f374532c7d92dccf113ebfa1bb/spring-boot-autoconfigure-1.5.4.RELEASE.jar:/home/lucas/.gradle/caches/modules-2/files-2.1/org.grails/grails-core/3.3.0/255a93e9ce20367b66217c435c820dfafa22b522/grails-core-3.3.0.jar:/home/lucas/.gradle/caches/modules-2/files-2.1/org.springframework.boot/spring-boot-starter-actuator/1.5.4.RELEASE/10f526d22f58a32a8c3af26ccb0a6f16f4649935/spring-boot-starter-actuator-1.5.4.RELEASE.jar:/home/lucas/.gradle/caches/modules-2/files-2.1/org.springframework.boot/spring-boot-starter-tomcat/1.5.4.RELEASE/d7e26f1d0e594bd1aab7da227649fc12c1958416/spring-boot-starter-tomcat-1.5.4.RELEASE.jar:/home/lucas/.gradle/caches/modules-2/files-2.1/org.grails/grails-web-boot/3.3.0/36f9f00eccf77cbf13853b1aeac8c8e18f02f8ec/grails-web-boot-3.3.0.jar:/home/lucas/.gradle/caches/modules-2/files-2.1/org.grails/grails-logging/3.3.0/76509fc3d6f8c98a47516b2491fe094a48565d1e/grails-logging-3.3.0.jar:/home/lucas/.gradle/caches/modules-2/files-2.1/org.grails/grails-plugin-rest/3.3.0/377755023c8a739decae53eef2b455508a50b03b/grails-plugin-rest-3.3.0.jar:/home/lucas/.gradle/caches/modules-2/files-2.1/org.gra
Launcher Type: SUN_STANDARD

Environment Variables:
JAVA_HOME=/usr/lib/jvm/java-8-oracle
PATH=/home/lucas/.sdkman/candidates/grails/current/bin:/usr/local/sbin:/usr/local/bin:/usr/sbin:/usr/bin:/sbin:/bin:/usr/games:/usr/local/games:/usr/lib/jvm/java-8-oracle/bin:/usr/lib/jvm/java-8-oracle/db/bin:/usr/lib/jvm/java-8-oracle/jre/bin
SHELL=/bin/bash
DISPLAY=:0

Signal Handlers:
SIGSEGV: [libjvm.so+0xad01e0], sa_mask[0]=11111111011111111101111111111110, sa_flags=SA_RESTART|SA_SIGINFO
SIGBUS: [libjvm.so+0xad01e0], sa_mask[0]=11111111011111111101111111111110, sa_flags=SA_RESTART|SA_SIGINFO
SIGFPE: [libjvm.so+0x927fb0], sa_mask[0]=11111111011111111101111111111110, sa_flags=SA_RESTART|SA_SIGINFO
SIGPIPE: [libjvm.so+0x927fb0], sa_mask[0]=11111111011111111101111111111110, sa_flags=SA_RESTART|SA_SIGINFO
SIGXFSZ: [libjvm.so+0x927fb0], sa_mask[0]=11111111011111111101111111111110, sa_flags=SA_RESTART|SA_SIGINFO
SIGILL: [libjvm.so+0x927fb0], sa_mask[0]=11111111011111111101111111111110, sa_flags=SA_RESTART|SA_SIGINFO
SIGUSR1: SIG_DFL, sa_mask[0]=00000000000000000000000000000000, sa_flags=none
SIGUSR2: [libjvm.so+0x9297f0], sa_mask[0]=00100000000000000000000000000000, sa_flags=SA_RESTART|SA_SIGINFO
SIGHUP: [libjvm.so+0x92abf0], sa_mask[0]=11111111011111111101111111111110, sa_flags=SA_RESTART|SA_SIGINFO
SIGINT: [libjvm.so+0x92abf0], sa_mask[0]=11111111011111111101111111111110, sa_flags=SA_RESTART|SA_SIGINFO
SIGTERM: [libjvm.so+0x92abf0], sa_mask[0]=11111111011111111101111111111110, sa_flags=SA_RESTART|SA_SIGINFO
SIGQUIT: [libjvm.so+0x92abf0], sa_mask[0]=11111111011111111101111111111110, sa_flags=SA_RESTART|SA_SIGINFO


---------------  S Y S T E M  ---------------

OS:DISTRIB_ID=Ubuntu
DISTRIB_RELEASE=14.04
DISTRIB_CODENAME=trusty
DISTRIB_DESCRIPTION="Ubuntu 14.04.1 LTS"

uname:Linux 3.13.0-32-generic #57-Ubuntu SMP Tue Jul 15 03:51:08 UTC 2014 x86_64
libc:glibc 2.19 NPTL 2.19 
rlimit: STACK 8192k, CORE 0k, NPROC 30244, NOFILE 4096, AS infinity
load average:1,63 1,42 1,19

/proc/meminfo:
MemTotal:        3892812 kB
MemFree:          201496 kB
Buffers:           19160 kB
Cached:           767680 kB
SwapCached:          812 kB
Active:          2537056 kB
Inactive:         953596 kB
Active(anon):    2254968 kB
Inactive(anon):   703312 kB
Active(file):     282088 kB
Inactive(file):   250284 kB
Unevictable:         280 kB
Mlocked:             280 kB
SwapTotal:       4035580 kB
SwapFree:        4034148 kB
Dirty:              1204 kB
Writeback:             0 kB
AnonPages:       2703768 kB
Mapped:           416648 kB
Shmem:            254244 kB
Slab:              86692 kB
SReclaimable:      54420 kB
SUnreclaim:        32272 kB
KernelStack:        5336 kB
PageTables:        44068 kB
NFS_Unstable:          0 kB
Bounce:                0 kB
WritebackTmp:          0 kB
CommitLimit:     5981984 kB
Committed_AS:    8400312 kB
VmallocTotal:   34359738367 kB
VmallocUsed:      544776 kB
VmallocChunk:   34359185884 kB
HardwareCorrupted:     0 kB
AnonHugePages:   1400832 kB
HugePages_Total:       0
HugePages_Free:        0
HugePages_Rsvd:        0
HugePages_Surp:        0
Hugepagesize:       2048 kB
DirectMap4k:       64408 kB
DirectMap2M:     3973120 kB


CPU:total 4 (initial active 4) (2 cores per cpu, 2 threads per core) family 6 model 42 stepping 7, cmov, cx8, fxsr, mmx, sse, sse2, sse3, ssse3, sse4.1, sse4.2, popcnt, avx, clmul, ht, tsc, tscinvbit

/proc/cpuinfo:
processor	: 0
vendor_id	: GenuineIntel
cpu family	: 6
model		: 42
model name	: Intel(R) Core(TM) i5-2410M CPU @ 2.30GHz
stepping	: 7
microcode	: 0x14
cpu MHz		: 2301.000
cache size	: 3072 KB
physical id	: 0
siblings	: 4
core id		: 0
cpu cores	: 2
apicid		: 0
initial apicid	: 0
fpu		: yes
fpu_exception	: yes
cpuid level	: 13
wp		: yes
flags		: fpu vme de pse tsc msr pae mce cx8 apic sep mtrr pge mca cmov pat pse36 clflush dts acpi mmx fxsr sse sse2 ss ht tm pbe syscall nx rdtscp lm constant_tsc arch_perfmon pebs bts rep_good nopl xtopology nonstop_tsc aperfmperf eagerfpu pni pclmulqdq dtes64 monitor ds_cpl vmx est tm2 ssse3 cx16 xtpr pdcm pcid sse4_1 sse4_2 x2apic popcnt tsc_deadline_timer xsave avx lahf_lm ida arat epb xsaveopt pln pts dtherm tpr_shadow vnmi flexpriority ept vpid
bogomips	: 4589.97
clflush size	: 64
cache_alignment	: 64
address sizes	: 36 bits physical, 48 bits virtual
power management:

processor	: 1
vendor_id	: GenuineIntel
cpu family	: 6
model		: 42
model name	: Intel(R) Core(TM) i5-2410M CPU @ 2.30GHz
stepping	: 7
microcode	: 0x14
cpu MHz		: 2301.000
cache size	: 3072 KB
physical id	: 0
siblings	: 4
core id		: 1
cpu cores	: 2
apicid		: 2
initial apicid	: 2
fpu		: yes
fpu_exception	: yes
cpuid level	: 13
wp		: yes
flags		: fpu vme de pse tsc msr pae mce cx8 apic sep mtrr pge mca cmov pat pse36 clflush dts acpi mmx fxsr sse sse2 ss ht tm pbe syscall nx rdtscp lm constant_tsc arch_perfmon pebs bts rep_good nopl xtopology nonstop_tsc aperfmperf eagerfpu pni pclmulqdq dtes64 monitor ds_cpl vmx est tm2 ssse3 cx16 xtpr pdcm pcid sse4_1 sse4_2 x2apic popcnt tsc_deadline_timer xsave avx lahf_lm ida arat epb xsaveopt pln pts dtherm tpr_shadow vnmi flexpriority ept vpid
bogomips	: 4589.97
clflush size	: 64
cache_alignment	: 64
address sizes	: 36 bits physical, 48 bits virtual
power management:

processor	: 2
vendor_id	: GenuineIntel
cpu family	: 6
model		: 42
model name	: Intel(R) Core(TM) i5-2410M CPU @ 2.30GHz
stepping	: 7
microcode	: 0x14
cpu MHz		: 800.000
cache size	: 3072 KB
physical id	: 0
siblings	: 4
core id		: 0
cpu cores	: 2
apicid		: 1
initial apicid	: 1
fpu		: yes
fpu_exception	: yes
cpuid level	: 13
wp		: yes
flags		: fpu vme de pse tsc msr pae mce cx8 apic sep mtrr pge mca cmov pat pse36 clflush dts acpi mmx fxsr sse sse2 ss ht tm pbe syscall nx rdtscp lm constant_tsc arch_perfmon pebs bts rep_good nopl xtopology nonstop_tsc aperfmperf eagerfpu pni pclmulqdq dtes64 monitor ds_cpl vmx est tm2 ssse3 cx16 xtpr pdcm pcid sse4_1 sse4_2 x2apic popcnt tsc_deadline_timer xsave avx lahf_lm ida arat epb xsaveopt pln pts dtherm tpr_shadow vnmi flexpriority ept vpid
bogomips	: 4589.97
clflush size	: 64
cache_alignment	: 64
address sizes	: 36 bits physical, 48 bits virtual
power management:

processor	: 3
vendor_id	: GenuineIntel
cpu family	: 6
model		: 42
model name	: Intel(R) Core(TM) i5-2410M CPU @ 2.30GHz
stepping	: 7
microcode	: 0x14
cpu MHz		: 800.000
cache size	: 3072 KB
physical id	: 0
siblings	: 4
core id		: 1
cpu cores	: 2
apicid		: 3
initial apicid	: 3
fpu		: yes
fpu_exception	: yes
cpuid level	: 13
wp		: yes
flags		: fpu vme de pse tsc msr pae mce cx8 apic sep mtrr pge mca cmov pat pse36 clflush dts acpi mmx fxsr sse sse2 ss ht tm pbe syscall nx rdtscp lm constant_tsc arch_perfmon pebs bts rep_good nopl xtopology nonstop_tsc aperfmperf eagerfpu pni pclmulqdq dtes64 monitor ds_cpl vmx est tm2 ssse3 cx16 xtpr pdcm pcid sse4_1 sse4_2 x2apic popcnt tsc_deadline_timer xsave avx lahf_lm ida arat epb xsaveopt pln pts dtherm tpr_shadow vnmi flexpriority ept vpid
bogomips	: 4589.97
clflush size	: 64
cache_alignment	: 64
address sizes	: 36 bits physical, 48 bits virtual
power management:



Memory: 4k page, physical 3892812k(201496k free), swap 4035580k(4034148k free)

vm_info: Java HotSpot(TM) 64-Bit Server VM (25.161-b12) for linux-amd64 JRE (1.8.0_161-b12), built on Dec 19 2017 16:12:43 by "java_re" with gcc 4.3.0 20080428 (Red Hat 4.3.0-8)

time: Mon May  7 00:44:43 2018
elapsed time: 1146 seconds (0d 0h 19m 6s)

