#
# A fatal error has been detected by the Java Runtime Environment:
#
#  SIGSEGV (0xb) at pc=0x00007fac61db9d5e, pid=12820, tid=0x00007fac1a1f7700
#
# JRE version: Java(TM) SE Runtime Environment (8.0_161-b12) (build 1.8.0_161-b12)
# Java VM: Java HotSpot(TM) 64-Bit Server VM (25.161-b12 mixed mode linux-amd64 compressed oops)
# Problematic frame:
# J 6346 C1 org.codehaus.groovy.runtime.callsite.AbstractCallSite.call(Ljava/lang/Object;Ljava/lang/Object;Ljava/lang/Object;)Ljava/lang/Object; (42 bytes) @ 0x00007fac61db9d5e [0x00007fac61db9be0+0x17e]
#
# Failed to write core dump. Core dumps have been disabled. To enable core dumping, try "ulimit -c unlimited" before starting Java again
#
# If you would like to submit a bug report, please visit:
#   http://bugreport.java.com/bugreport/crash.jsp
#

---------------  T H R E A D  ---------------

Current thread (0x00007fac7188c800):  JavaThread "http-nio-8080-exec-5" daemon [_thread_in_Java, id=12875, stack(0x00007fac1a0f7000,0x00007fac1a1f8000)]

siginfo: si_signo: 11 (SIGSEGV), si_code: 1 (SEGV_MAPERR), si_addr: 0x0000000000001fa8

Registers:
RAX=0x00000000f7d44520, RBX=0x0000000000000000, RCX=0x00007fac75518000, RDX=0x00000000f7d44534
RSP=0x00007fac1a1e90c0, RBP=0x00007fac1a1e91a0, RSI=0x00000001000117a8, RDI=0x0000000000000028
R8 =0x0000000000001fa0, R9 =0x00000000fcef4e40, R10=0x00000000d1025b60, R11=0x00000000d2cd9a50
R12=0x0000000000000000, R13=0x00000000d1025b60, R14=0x000000010007e3e0, R15=0x00007fac7188c800
RIP=0x00007fac61db9d5e, EFLAGS=0x0000000000010202, CSGSFS=0x0000000000000033, ERR=0x0000000000000004
  TRAPNO=0x000000000000000e

Top of Stack: (sp=0x00007fac1a1e90c0)
0x00007fac1a1e90c0:   00007fac184fcd30 00007fac184fcd30
0x00007fac1a1e90d0:   00007fac7188c800 00007fac7188c800
0x00007fac1a1e90e0:   00007fac7188c800 00007fac184fcd30
0x00007fac1a1e90f0:   00007fac7188c800 00000000000000b9
0x00007fac1a1e9100:   0000000000000000 00007fac18506f46
0x00007fac1a1e9110:   00007fac1a1e91b8 00007fac7188c800
0x00007fac1a1e9120:   00007fac1a1e91a0 00007fac61008114
0x00007fac1a1e9130:   00007fac1a1e91a0 00007fac61008114
0x00007fac1a1e9140:   0000000000001fa0 00000000d1025b60
0x00007fac1a1e9150:   00000000d2cd9a50 00000000fcef4e40
0x00007fac1a1e9160:   00007fac1a1e9160 00007fac18506f46
0x00007fac1a1e9170:   00007fac1a1e91b8 00007fac186ac448
0x00007fac1a1e9180:   0000000000000000 00007fac18506f70
0x00007fac1a1e9190:   00007fac1a1e9140 00007fac1a1e91b8
0x00007fac1a1e91a0:   00007fac1a1e9200 00007fac61008040
0x00007fac1a1e91b0:   00000000fcef4360 0000000000001fa0
0x00007fac1a1e91c0:   00007fac1a1e91c0 00007fac184f7d61
0x00007fac1a1e91d0:   00007fac1a1e9220 00007fac1850c2b0
0x00007fac1a1e91e0:   0000000000000000 00007fac184f7d68
0x00007fac1a1e91f0:   00007fac1a1e91b8 00007fac1a1e9210
0x00007fac1a1e9200:   00007fac1a1e9268 00007fac61008114
0x00007fac1a1e9210:   0000000000001fa0 0000000000000000
0x00007fac1a1e9220:   00000000f2777848 00007fac1a1e9228
0x00007fac1a1e9230:   00007fac5887b77f 00007fac1a1e9280
0x00007fac1a1e9240:   00007fac1bd80028 0000000000000000
0x00007fac1a1e9250:   00007fac5887b7c0 00007fac1a1e9210
0x00007fac1a1e9260:   00007fac1a1e9280 00007fac1a1e92e0
0x00007fac1a1e9270:   00007fac610007a7 0000000000000000
0x00007fac1a1e9280:   0000000000001fa0 0000000000000000
0x00007fac1a1e9290:   00007fac7188c800 00007fac1a1e9360
0x00007fac1a1e92a0:   00007fac1a1e9670 00007fac1a1e9320
0x00007fac1a1e92b0:   00007fac1a1e9320 00007fac1a1e9678 

Instructions: (pc=0x00007fac61db9d5e)
0x00007fac61db9d3e:   80 51 75 ac 7f 00 00 c6 04 0a 00 48 8d 50 14 49
0x00007fac61db9d4e:   83 f8 00 0f 84 47 00 00 00 8b 70 08 48 c1 e6 03
0x00007fac61db9d5e:   41 8b 78 08 48 c1 e7 03 48 8b b6 e8 00 00 00 48
0x00007fac61db9d6e:   3b fe 0f 84 28 00 00 00 8b 5e 0c 48 3b 34 1f 0f 

Register to memory mapping:

RAX=0x00000000f7d44520 is an oop
[Ljava.lang.Object; 
 - klass: 'java/lang/Object'[]
 - length: 2
RBX=0x0000000000000000 is an unknown value
RCX=0x00007fac75518000 is an unknown value
RDX=0x00000000f7d44534 is an unknown value
RSP=0x00007fac1a1e90c0 is pointing into the stack for thread: 0x00007fac7188c800
RBP=0x00007fac1a1e91a0 is pointing into the stack for thread: 0x00007fac7188c800
RSI=0x00000001000117a8 is pointing into metadata
RDI=0x0000000000000028 is an unknown value
R8 =0x0000000000001fa0 is an unknown value
R9 =0x00000000fcef4e40 is an oop
org.codehaus.groovy.runtime.callsite.AbstractCallSite 
 - klass: 'org/codehaus/groovy/runtime/callsite/AbstractCallSite'
R10=0x00000000d1025b60 is an oop
java.lang.Class 
 - klass: 'java/lang/Class'
R11=0x00000000d2cd9a50 is an oop
java.lang.Class 
 - klass: 'java/lang/Class'
R12=0x0000000000000000 is an unknown value
R13=0x00000000d1025b60 is an oop
java.lang.Class 
 - klass: 'java/lang/Class'
R14=0x000000010007e3e0 is pointing into metadata
R15=0x00007fac7188c800 is a thread


Stack: [0x00007fac1a0f7000,0x00007fac1a1f8000],  sp=0x00007fac1a1e90c0,  free space=968k
Native frames: (J=compiled Java code, j=interpreted, Vv=VM code, C=native code)
J 6346 C1 org.codehaus.groovy.runtime.callsite.AbstractCallSite.call(Ljava/lang/Object;Ljava/lang/Object;Ljava/lang/Object;)Ljava/lang/Object; (42 bytes) @ 0x00007fac61db9d5e [0x00007fac61db9be0+0x17e]
j  dashboard.ExtrategiaVisualizaci贸n$$EQqerSHg.executeQuery(Ljava/lang/CharSequence;)Ljava/util/List;+14
j  dashboard.ExtrategiaVisualizaci贸n$$DQqerSHg.executeQuery(Ldashboard/ExtrategiaVisualizaci贸n;Ljava/lang/CharSequence;)Ljava/util/List;+1
j  dashboard.ExtrategiaVisualizaci贸n.executeQuery(Ljava/lang/CharSequence;)Ljava/util/List;+23
v  ~StubRoutines::call_stub
V  [libjvm.so+0x695ae6]  JavaCalls::call_helper(JavaValue*, methodHandle*, JavaCallArguments*, Thread*)+0x1056
V  [libjvm.so+0x9a3fa7]  Reflection::invoke(instanceKlassHandle, methodHandle, Handle, bool, objArrayHandle, BasicType, objArrayHandle, bool, Thread*)+0x5d7
V  [libjvm.so+0x9a76b7]  Reflection::invoke_method(oopDesc*, Handle, objArrayHandle, Thread*)+0x147
V  [libjvm.so+0x72962b]  JVM_InvokeMethod+0x26b
J 1970  sun.reflect.NativeMethodAccessorImpl.invoke0(Ljava/lang/reflect/Method;Ljava/lang/Object;[Ljava/lang/Object;)Ljava/lang/Object; (0 bytes) @ 0x00007fac6157866d [0x00007fac61578580+0xed]
J 1969 C1 sun.reflect.NativeMethodAccessorImpl.invoke(Ljava/lang/Object;[Ljava/lang/Object;)Ljava/lang/Object; (104 bytes) @ 0x00007fac61578d14 [0x00007fac615789a0+0x374]
J 765 C1 sun.reflect.DelegatingMethodAccessorImpl.invoke(Ljava/lang/Object;[Ljava/lang/Object;)Ljava/lang/Object; (10 bytes) @ 0x00007fac6138a484 [0x00007fac6138a440+0x44]
J 764 C1 java.lang.reflect.Method.invoke(Ljava/lang/Object;[Ljava/lang/Object;)Ljava/lang/Object; (62 bytes) @ 0x00007fac6138a094 [0x00007fac61389fa0+0xf4]
J 1791 C1 org.springsource.loaded.ri.ReflectiveInterceptor.jlrMethodInvoke(Ljava/lang/reflect/Method;Ljava/lang/Object;[Ljava/lang/Object;)Ljava/lang/Object; (2214 bytes) @ 0x00007fac6151fbd4 [0x00007fac6151e5a0+0x1634]
J 3558 C1 org.codehaus.groovy.reflection.CachedMethod.invoke(Ljava/lang/Object;[Ljava/lang/Object;)Ljava/lang/Object; (70 bytes) @ 0x00007fac618bcf34 [0x00007fac618bcf00+0x34]
J 1807 C1 groovy.lang.MetaMethod.doMethodInvoke(Ljava/lang/Object;[Ljava/lang/Object;)Ljava/lang/Object; (22 bytes) @ 0x00007fac615307d4 [0x00007fac61530760+0x74]
J 5601 C1 org.codehaus.groovy.runtime.metaclass.MethodMetaProperty$GetBeanMethodMetaProperty.getProperty(Ljava/lang/Object;)Ljava/lang/Object; (12 bytes) @ 0x00007fac61c2a24c [0x00007fac61c2a200+0x4c]
j  org.codehaus.groovy.runtime.callsite.GetEffectivePogoPropertySite.getProperty(Ljava/lang/Object;)Ljava/lang/Object;+5
J 7594 C1 org.codehaus.groovy.runtime.callsite.GetEffectivePogoPropertySite.callGetProperty(Ljava/lang/Object;)Ljava/lang/Object; (56 bytes) @ 0x00007fac6208fe44 [0x00007fac6208fbe0+0x264]
j  grails.plugin.formfields.FormFieldsTagLib.displayAssociation(Ljava/lang/Object;Lgrails/core/GrailsDomainClass;)Ljava/lang/CharSequence;+78
v  ~StubRoutines::call_stub
V  [libjvm.so+0x695ae6]  JavaCalls::call_helper(JavaValue*, methodHandle*, JavaCallArguments*, Thread*)+0x1056
V  [libjvm.so+0x9a3fa7]  Reflection::invoke(instanceKlassHandle, methodHandle, Handle, bool, objArrayHandle, BasicType, objArrayHandle, bool, Thread*)+0x5d7
V  [libjvm.so+0x9a76b7]  Reflection::invoke_method(oopDesc*, Handle, objArrayHandle, Thread*)+0x147
V  [libjvm.so+0x72962b]  JVM_InvokeMethod+0x26b
J 1970  sun.reflect.NativeMethodAccessorImpl.invoke0(Ljava/lang/reflect/Method;Ljava/lang/Object;[Ljava/lang/Object;)Ljava/lang/Object; (0 bytes) @ 0x00007fac6157866d [0x00007fac61578580+0xed]
J 1969 C1 sun.reflect.NativeMethodAccessorImpl.invoke(Ljava/lang/Object;[Ljava/lang/Object;)Ljava/lang/Object; (104 bytes) @ 0x00007fac61578d14 [0x00007fac615789a0+0x374]
J 765 C1 sun.reflect.DelegatingMethodAccessorImpl.invoke(Ljava/lang/Object;[Ljava/lang/Object;)Ljava/lang/Object; (10 bytes) @ 0x00007fac6138a484 [0x00007fac6138a440+0x44]
J 764 C1 java.lang.reflect.Method.invoke(Ljava/lang/Object;[Ljava/lang/Object;)Ljava/lang/Object; (62 bytes) @ 0x00007fac6138a094 [0x00007fac61389fa0+0xf4]
J 1791 C1 org.springsource.loaded.ri.ReflectiveInterceptor.jlrMethodInvoke(Ljava/lang/reflect/Method;Ljava/lang/Object;[Ljava/lang/Object;)Ljava/lang/Object; (2214 bytes) @ 0x00007fac6151fd24 [0x00007fac6151e5a0+0x1784]
J 6341 C1 org.codehaus.groovy.runtime.callsite.PogoMetaMethodSite$PogoCachedMethodSiteNoUnwrapNoCoerce.invoke(Ljava/lang/Object;[Ljava/lang/Object;)Ljava/lang/Object; (37 bytes) @ 0x00007fac61db82d4 [0x00007fac61db82a0+0x34]
J 6350 C1 org.codehaus.groovy.runtime.callsite.PogoMetaMethodSite.callCurrent(Lgroovy/lang/GroovyObject;[Ljava/lang/Object;)Ljava/lang/Object; (29 bytes) @ 0x00007fac61dbb0fc [0x00007fac61dbb040+0xbc]
J 6350 C1 org.codehaus.groovy.runtime.callsite.PogoMetaMethodSite.callCurrent(Lgroovy/lang/GroovyObject;[Ljava/lang/Object;)Ljava/lang/Object; (29 bytes) @ 0x00007fac61dbb154 [0x00007fac61dbb040+0x114]
J 6688 C1 org.codehaus.groovy.runtime.callsite.AbstractCallSite.callCurrent(Lgroovy/lang/GroovyObject;Ljava/lang/Object;Ljava/lang/Object;)Ljava/lang/Object; (42 bytes) @ 0x00007fac61e5bc84 [0x00007fac61e5baa0+0x1e4]
j  grails.plugin.formfields.FormFieldsTagLib.renderDefaultDisplay(Ljava/util/Map;Ljava/util/Map;Ljava/lang/String;Ljava/lang/String;)Ljava/lang/CharSequence;+303
v  ~StubRoutines::call_stub
V  [libjvm.so+0x695ae6]  JavaCalls::call_helper(JavaValue*, methodHandle*, JavaCallArguments*, Thread*)+0x1056
V  [libjvm.so+0x9a3fa7]  Reflection::invoke(instanceKlassHandle, methodHandle, Handle, bool, objArrayHandle, BasicType, objArrayHandle, bool, Thread*)+0x5d7
V  [libjvm.so+0x9a76b7]  Reflection::invoke_method(oopDesc*, Handle, objArrayHandle, Thread*)+0x147
V  [libjvm.so+0x72962b]  JVM_InvokeMethod+0x26b
J 1970  sun.reflect.NativeMethodAccessorImpl.invoke0(Ljava/lang/reflect/Method;Ljava/lang/Object;[Ljava/lang/Object;)Ljava/lang/Object; (0 bytes) @ 0x00007fac6157866d [0x00007fac61578580+0xed]
J 1969 C1 sun.reflect.NativeMethodAccessorImpl.invoke(Ljava/lang/Object;[Ljava/lang/Object;)Ljava/lang/Object; (104 bytes) @ 0x00007fac61578d14 [0x00007fac615789a0+0x374]
J 765 C1 sun.reflect.DelegatingMethodAccessorImpl.invoke(Ljava/lang/Object;[Ljava/lang/Object;)Ljava/lang/Object; (10 bytes) @ 0x00007fac6138a484 [0x00007fac6138a440+0x44]
J 764 C1 java.lang.reflect.Method.invoke(Ljava/lang/Object;[Ljava/lang/Object;)Ljava/lang/Object; (62 bytes) @ 0x00007fac6138a094 [0x00007fac61389fa0+0xf4]
J 1791 C1 org.springsource.loaded.ri.ReflectiveInterceptor.jlrMethodInvoke(Ljava/lang/reflect/Method;Ljava/lang/Object;[Ljava/lang/Object;)Ljava/lang/Object; (2214 bytes) @ 0x00007fac6151fd24 [0x00007fac6151e5a0+0x1784]
J 6341 C1 org.codehaus.groovy.runtime.callsite.PogoMetaMethodSite$PogoCachedMethodSiteNoUnwrapNoCoerce.invoke(Ljava/lang/Object;[Ljava/lang/Object;)Ljava/lang/Object; (37 bytes) @ 0x00007fac61db82d4 [0x00007fac61db82a0+0x34]
J 6350 C1 org.codehaus.groovy.runtime.callsite.PogoMetaMethodSite.callCurrent(Lgroovy/lang/GroovyObject;[Ljava/lang/Object;)Ljava/lang/Object; (29 bytes) @ 0x00007fac61dbb0fc [0x00007fac61dbb040+0xbc]
J 7571 C1 org.codehaus.groovy.runtime.callsite.AbstractCallSite.callCurrent(Lgroovy/lang/GroovyObject;Ljava/lang/Object;Ljava/lang/Object;Ljava/lang/Object;Ljava/lang/Object;)Ljava/lang/Object; (50 bytes) @ 0x00007fac620855d4 [0x00007fac62085320+0x2b4]
j  grails.plugin.formfields.FormFieldsTagLib.renderDisplayWidget(Lgrails/plugin/formfields/BeanPropertyAccessor;Ljava/util/Map;Ljava/util/Map;Ljava/lang/String;Ljava/lang/String;)Ljava/lang/CharSequence;+394
j  sun.reflect.GeneratedMethodAccessor420.invoke(Ljava/lang/Object;[Ljava/lang/Object;)Ljava/lang/Object;+72
J 765 C1 sun.reflect.DelegatingMethodAccessorImpl.invoke(Ljava/lang/Object;[Ljava/lang/Object;)Ljava/lang/Object; (10 bytes) @ 0x00007fac6138a484 [0x00007fac6138a440+0x44]
J 764 C1 java.lang.reflect.Method.invoke(Ljava/lang/Object;[Ljava/lang/Object;)Ljava/lang/Object; (62 bytes) @ 0x00007fac6138a094 [0x00007fac61389fa0+0xf4]
J 1791 C1 org.springsource.loaded.ri.ReflectiveInterceptor.jlrMethodInvoke(Ljava/lang/reflect/Method;Ljava/lang/Object;[Ljava/lang/Object;)Ljava/lang/Object; (2214 bytes) @ 0x00007fac6151fd24 [0x00007fac6151e5a0+0x1784]
J 3558 C1 org.codehaus.groovy.reflection.CachedMethod.invoke(Ljava/lang/Object;[Ljava/lang/Object;)Ljava/lang/Object; (70 bytes) @ 0x00007fac618bcf34 [0x00007fac618bcf00+0x34]
J 1807 C1 groovy.lang.MetaMethod.doMethodInvoke(Ljava/lang/Object;[Ljava/lang/Object;)Ljava/lang/Object; (22 bytes) @ 0x00007fac615307d4 [0x00007fac61530760+0x74]
J 3493 C1 org.codehaus.groovy.runtime.metaclass.ClosureMetaClass.invokeMethod(Ljava/lang/Class;Ljava/lang/Object;Ljava/lang/String;[Ljava/lang/Object;ZZ)Ljava/lang/Object; (892 bytes) @ 0x00007fac6188c0dc [0x00007fac6188af20+0x11bc]
J 1793 C1 groovy.lang.MetaClassImpl.invokeMethod(Ljava/lang/Object;Ljava/lang/String;[Ljava/lang/Object;)Ljava/lang/Object; (14 bytes) @ 0x00007fac6152dd5c [0x00007fac6152dd00+0x5c]
J 6645 C1 org.codehaus.groovy.runtime.callsite.PogoMetaClassSite.callCurrent(Lgroovy/lang/GroovyObject;[Ljava/lang/Object;)Ljava/lang/Object; (92 bytes) @ 0x00007fac61e49a0c [0x00007fac61e49900+0x10c]
j  grails.plugin.formfields.FormFieldsTagLib$_closure8$_closure22.doCall(Ljava/lang/Object;)Ljava/lang/Object;+124
v  ~StubRoutines::call_stub
V  [libjvm.so+0x695ae6]  JavaCalls::call_helper(JavaValue*, methodHandle*, JavaCallArguments*, Thread*)+0x1056
V  [libjvm.so+0x9a3fa7]  Reflection::invoke(instanceKlassHandle, methodHandle, Handle, bool, objArrayHandle, BasicType, objArrayHandle, bool, Thread*)+0x5d7
V  [libjvm.so+0x9a76b7]  Reflection::invoke_method(oopDesc*, Handle, objArrayHandle, Thread*)+0x147
V  [libjvm.so+0x72962b]  JVM_InvokeMethod+0x26b
J 1970  sun.reflect.NativeMethodAccessorImpl.invoke0(Ljava/lang/reflect/Method;Ljava/lang/Object;[Ljava/lang/Object;)Ljava/lang/Object; (0 bytes) @ 0x00007fac6157866d [0x00007fac61578580+0xed]
J 1969 C1 sun.reflect.NativeMethodAccessorImpl.invoke(Ljava/lang/Object;[Ljava/lang/Object;)Ljava/lang/Object; (104 bytes) @ 0x00007fac61578d14 [0x00007fac615789a0+0x374]
J 765 C1 sun.reflect.DelegatingMethodAccessorImpl.invoke(Ljava/lang/Object;[Ljava/lang/Object;)Ljava/lang/Object; (10 bytes) @ 0x00007fac6138a484 [0x00007fac6138a440+0x44]
J 764 C1 java.lang.reflect.Method.invoke(Ljava/lang/Object;[Ljava/lang/Object;)Ljava/lang/Object; (62 bytes) @ 0x00007fac6138a094 [0x00007fac61389fa0+0xf4]
J 1791 C1 org.springsource.loaded.ri.ReflectiveInterceptor.jlrMethodInvoke(Ljava/lang/reflect/Method;Ljava/lang/Object;[Ljava/lang/Object;)Ljava/lang/Object; (2214 bytes) @ 0x00007fac6151fd24 [0x00007fac6151e5a0+0x1784]
J 3558 C1 org.codehaus.groovy.reflection.CachedMethod.invoke(Ljava/lang/Object;[Ljava/lang/Object;)Ljava/lang/Object; (70 bytes) @ 0x00007fac618bcf34 [0x00007fac618bcf00+0x34]
J 1807 C1 groovy.lang.MetaMethod.doMethodInvoke(Ljava/lang/Object;[Ljava/lang/Object;)Ljava/lang/Object; (22 bytes) @ 0x00007fac615307d4 [0x00007fac61530760+0x74]
J 3493 C1 org.codehaus.groovy.runtime.metaclass.ClosureMetaClass.invokeMethod(Ljava/lang/Class;Ljava/lang/Object;Ljava/lang/String;[Ljava/lang/Object;ZZ)Ljava/lang/Object; (892 bytes) @ 0x00007fac6188c114 [0x00007fac6188af20+0x11f4]
J 1793 C1 groovy.lang.MetaClassImpl.invokeMethod(Ljava/lang/Object;Ljava/lang/String;[Ljava/lang/Object;)Ljava/lang/Object; (14 bytes) @ 0x00007fac6152dd5c [0x00007fac6152dd00+0x5c]
J 4081 C1 groovy.lang.Closure.call([Ljava/lang/Object;)Ljava/lang/Object; (30 bytes) @ 0x00007fac619c437c [0x00007fac619c4300+0x7c]
J 5559 C1 groovy.lang.Closure.call(Ljava/lang/Object;)Ljava/lang/Object; (13 bytes) @ 0x00007fac61c1c534 [0x00007fac61c1c400+0x134]
j  org.grails.taglib.TagBodyClosure.executeClosure(Ljava/lang/Object;)Ljava/lang/Object;+19
j  org.grails.taglib.TagBodyClosure.captureClosureOutput(Ljava/lang/Object;Z)Ljava/lang/Object;+81
j  org.grails.taglib.TagBodyClosure.call(Ljava/lang/Object;)Ljava/lang/Object;+3
v  ~StubRoutines::call_stub
V  [libjvm.so+0x695ae6]  JavaCalls::call_helper(JavaValue*, methodHandle*, JavaCallArguments*, Thread*)+0x1056
V  [libjvm.so+0x9a3fa7]  Reflection::invoke(instanceKlassHandle, methodHandle, Handle, bool, objArrayHandle, BasicType, objArrayHandle, bool, Thread*)+0x5d7
V  [libjvm.so+0x9a76b7]  Reflection::invoke_method(oopDesc*, Handle, objArrayHandle, Thread*)+0x147
V  [libjvm.so+0x72962b]  JVM_InvokeMethod+0x26b
J 1970  sun.reflect.NativeMethodAccessorImpl.invoke0(Ljava/lang/reflect/Method;Ljava/lang/Object;[Ljava/lang/Object;)Ljava/lang/Object; (0 bytes) @ 0x00007fac6157866d [0x00007fac61578580+0xed]
J 1969 C1 sun.reflect.NativeMethodAccessorImpl.invoke(Ljava/lang/Object;[Ljava/lang/Object;)Ljava/lang/Object; (104 bytes) @ 0x00007fac61578d14 [0x00007fac615789a0+0x374]
J 765 C1 sun.reflect.DelegatingMethodAccessorImpl.invoke(Ljava/lang/Object;[Ljava/lang/Object;)Ljava/lang/Object; (10 bytes) @ 0x00007fac6138a484 [0x00007fac6138a440+0x44]
J 764 C1 java.lang.reflect.Method.invoke(Ljava/lang/Object;[Ljava/lang/Object;)Ljava/lang/Object; (62 bytes) @ 0x00007fac6138a094 [0x00007fac61389fa0+0xf4]
J 1791 C1 org.springsource.loaded.ri.ReflectiveInterceptor.jlrMethodInvoke(Ljava/lang/reflect/Method;Ljava/lang/Object;[Ljava/lang/Object;)Ljava/lang/Object; (2214 bytes) @ 0x00007fac6151fd24 [0x00007fac6151e5a0+0x1784]
J 3558 C1 org.codehaus.groovy.reflection.CachedMethod.invoke(Ljava/lang/Object;[Ljava/lang/Object;)Ljava/lang/Object; (70 bytes) @ 0x00007fac618bcf34 [0x00007fac618bcf00+0x34]
J 1807 C1 groovy.lang.MetaMethod.doMethodInvoke(Ljava/lang/Object;[Ljava/lang/Object;)Ljava/lang/Object; (22 bytes) @ 0x00007fac615307d4 [0x00007fac61530760+0x74]
J 3534 C1 groovy.lang.MetaClassImpl.invokeMethod(Ljava/lang/Class;Ljava/lang/Object;Ljava/lang/String;[Ljava/lang/Object;ZZ)Ljava/lang/Object; (1088 bytes) @ 0x00007fac618a8fcc [0x00007fac618a7d40+0x128c]
J 1793 C1 groovy.lang.MetaClassImpl.invokeMethod(Ljava/lang/Object;Ljava/lang/String;[Ljava/lang/Object;)Ljava/lang/Object; (14 bytes) @ 0x00007fac6152dd5c [0x00007fac6152dd00+0x5c]
J 7599 C1 groovy.lang.MetaClassImpl.invokePropertyOrMissing(Ljava/lang/Object;Ljava/lang/String;[Ljava/lang/Object;ZZ)Ljava/lang/Object; (157 bytes) @ 0x00007fac620923a4 [0x00007fac62091e80+0x524]
J 3534 C1 groovy.lang.MetaClassImpl.invokeMethod(Ljava/lang/Class;Ljava/lang/Object;Ljava/lang/String;[Ljava/lang/Object;ZZ)Ljava/lang/Object; (1088 bytes) @ 0x00007fac618a9014 [0x00007fac618a7d40+0x12d4]
J 8674 C1 groovy.lang.ExpandoMetaClass.invokeMethod(Ljava/lang/Class;Ljava/lang/Object;Ljava/lang/String;[Ljava/lang/Object;ZZ)Ljava/lang/Object; (48 bytes) @ 0x00007fac622c899c [0x00007fac622c87a0+0x1fc]
J 1793 C1 groovy.lang.MetaClassImpl.invokeMethod(Ljava/lang/Object;Ljava/lang/String;[Ljava/lang/Object;)Ljava/lang/Object; (14 bytes) @ 0x00007fac6152dd5c [0x00007fac6152dd00+0x5c]
J 6645 C1 org.codehaus.groovy.runtime.callsite.PogoMetaClassSite.callCurrent(Lgroovy/lang/GroovyObject;[Ljava/lang/Object;)Ljava/lang/Object; (92 bytes) @ 0x00007fac61e49a0c [0x00007fac61e49900+0x10c]
J 5903 C1 org.codehaus.groovy.runtime.callsite.AbstractCallSite.callCurrent(Lgroovy/lang/GroovyObject;Ljava/lang/Object;)Ljava/lang/Object; (37 bytes) @ 0x00007fac61ca3c24 [0x00007fac61ca3aa0+0x184]
j  gsp_fields_templates__fields_list_gsp.run()Ljava/lang/Object;+411
j  org.grails.gsp.GroovyPageWritable.doWriteTo(Lorg/grails/taglib/encoder/OutputContext;Ljava/io/Writer;)Ljava/io/Writer;+373
...<more frames>...


---------------  P R O C E S S  ---------------

Java Threads: ( => current thread )
  0x00007fac70016000 JavaThread "DestroyJavaVM" [_thread_blocked, id=12822, stack(0x00007fac79184000,0x00007fac79285000)]
  0x00007fac718d4000 JavaThread "Thread-6" daemon [_thread_blocked, id=12887, stack(0x00007fac194eb000,0x00007fac195ec000)]
  0x00007fac718d2800 JavaThread "Thread-8" [_thread_blocked, id=12886, stack(0x00007fac195ec000,0x00007fac196ed000)]
  0x00007fac718cc800 JavaThread "Thread-7" daemon [_thread_in_native, id=12885, stack(0x00007fac196ed000,0x00007fac197ee000)]
  0x00007fac718ae800 JavaThread "http-nio-8080-AsyncTimeout" daemon [_thread_blocked, id=12884, stack(0x00007fac197ee000,0x00007fac198ef000)]
  0x00007fac718ad000 JavaThread "http-nio-8080-Acceptor-0" daemon [_thread_in_native, id=12883, stack(0x00007fac198ef000,0x00007fac199f0000)]
  0x00007fac718ac000 JavaThread "http-nio-8080-ClientPoller-1" daemon [_thread_in_native, id=12882, stack(0x00007fac199f0000,0x00007fac19af1000)]
  0x00007fac7189e000 JavaThread "http-nio-8080-ClientPoller-0" daemon [_thread_in_native, id=12881, stack(0x00007fac19af1000,0x00007fac19bf2000)]
  0x00007fac71890800 JavaThread "http-nio-8080-exec-10" daemon [_thread_blocked, id=12880, stack(0x00007fac19bf2000,0x00007fac19cf3000)]
  0x00007fac7188f800 JavaThread "http-nio-8080-exec-9" daemon [_thread_blocked, id=12879, stack(0x00007fac19cf3000,0x00007fac19df4000)]
  0x00007fac7188f000 JavaThread "http-nio-8080-exec-8" daemon [_thread_blocked, id=12878, stack(0x00007fac19df4000,0x00007fac19ef5000)]
  0x00007fac7188e000 JavaThread "http-nio-8080-exec-7" daemon [_thread_blocked, id=12877, stack(0x00007fac19ef5000,0x00007fac19ff6000)]
  0x00007fac7188d800 JavaThread "http-nio-8080-exec-6" daemon [_thread_blocked, id=12876, stack(0x00007fac19ff6000,0x00007fac1a0f7000)]
=>0x00007fac7188c800 JavaThread "http-nio-8080-exec-5" daemon [_thread_in_Java, id=12875, stack(0x00007fac1a0f7000,0x00007fac1a1f8000)]
  0x00007fac7188c000 JavaThread "http-nio-8080-exec-4" daemon [_thread_blocked, id=12874, stack(0x00007fac1a1f8000,0x00007fac1a2f9000)]
  0x00007fac7188b000 JavaThread "http-nio-8080-exec-3" daemon [_thread_blocked, id=12873, stack(0x00007fac1a2f9000,0x00007fac1a3fa000)]
  0x00007fac7146d000 JavaThread "http-nio-8080-exec-2" daemon [_thread_blocked, id=12872, stack(0x00007fac1a3fa000,0x00007fac1a4fb000)]
  0x00007fac7146c800 JavaThread "http-nio-8080-exec-1" daemon [_thread_blocked, id=12871, stack(0x00007fac1a4fb000,0x00007fac1a5fc000)]
  0x00007fac71476000 JavaThread "NioBlockingSelector.BlockPoller-1" daemon [_thread_in_native, id=12870, stack(0x00007fac1a5fc000,0x00007fac1a6fd000)]
  0x00007fac717a0000 JavaThread "container-0" [_thread_blocked, id=12869, stack(0x00007fac1aafd000,0x00007fac1abfe000)]
  0x00007fac7179d800 JavaThread "ContainerBackgroundProcessor[StandardEngine[Tomcat]]" daemon [_thread_blocked, id=12868, stack(0x00007fac1abfe000,0x00007fac1acff000)]
  0x00007fac71242800 JavaThread "Tomcat JDBC Pool Cleaner[414493378:1525048506242]" daemon [_thread_blocked, id=12864, stack(0x00007fac5917a000,0x00007fac5927b000)]
  0x00007fac707f7800 JavaThread "FileSystemWatcher: files=#53 cl=sun.misc.Launcher$AppClassLoader@18b4aac2" daemon [_thread_blocked, id=12843, stack(0x00007fac59ed2000,0x00007fac59fd3000)]
  0x00007fac70756000 JavaThread "Service Thread" daemon [_thread_blocked, id=12841, stack(0x00007fac5a0e7000,0x00007fac5a1e8000)]
  0x00007fac7073d800 JavaThread "C1 CompilerThread2" daemon [_thread_blocked, id=12840, stack(0x00007fac5a1e8000,0x00007fac5a2e9000)]
  0x00007fac7073b000 JavaThread "C2 CompilerThread1" daemon [_thread_blocked, id=12839, stack(0x00007fac5a2e9000,0x00007fac5a3ea000)]
  0x00007fac70745800 JavaThread "C2 CompilerThread0" daemon [_thread_blocked, id=12838, stack(0x00007fac5a3ea000,0x00007fac5a4eb000)]
  0x00007fac7018a800 JavaThread "Signal Dispatcher" daemon [_thread_blocked, id=12837, stack(0x00007fac60015000,0x00007fac60116000)]
  0x00007fac70157800 JavaThread "Finalizer" daemon [_thread_blocked, id=12835, stack(0x00007fac607f8000,0x00007fac608f9000)]
  0x00007fac70152800 JavaThread "Reference Handler" daemon [_thread_blocked, id=12834, stack(0x00007fac608f9000,0x00007fac609fa000)]

Other Threads:
  0x00007fac7014b000 VMThread [stack: 0x00007fac609fa000,0x00007fac60afb000] [id=12833]
  0x00007fac70759000 WatcherThread [stack: 0x00007fac59fe6000,0x00007fac5a0e7000] [id=12842]

VM state:not at safepoint (normal execution)

VM Mutex/Monitor currently owned by a thread: None

Heap:
 PSYoungGen      total 226816K, used 161610K [0x00000000f0000000, 0x0000000100000000, 0x0000000100000000)
  eden space 193536K, 66% used [0x00000000f0000000,0x00000000f7d60998,0x00000000fbd00000)
  from space 33280K, 99% used [0x00000000fbd00000,0x00000000fdd71eb0,0x00000000fdd80000)
  to   space 35328K, 0% used [0x00000000fdd80000,0x00000000fdd80000,0x0000000100000000)
 ParOldGen       total 524288K, used 97460K [0x00000000d0000000, 0x00000000f0000000, 0x00000000f0000000)
  object space 524288K, 18% used [0x00000000d0000000,0x00000000d5f2d1f8,0x00000000f0000000)
 Metaspace       used 76637K, capacity 80832K, committed 80896K, reserved 1120256K
  class space    used 9602K, capacity 10975K, committed 11008K, reserved 1048576K

Card table byte_map: [0x00007fac75b98000,0x00007fac75d19000] byte_map_base: 0x00007fac75518000

Marking Bits: (ParMarkBitMap*) 0x00007fac78653920
 Begin Bits: [0x00007fac5a800000, 0x00007fac5b400000)
 End Bits:   [0x00007fac5b400000, 0x00007fac5c000000)

Polling page: 0x00007fac7929e000

CodeCache: size=245760Kb used=20664Kb max_used=20664Kb free=225095Kb
 bounds [0x00007fac61000000, 0x00007fac62440000, 0x00007fac70000000]
 total_blobs=9885 nmethods=9097 adapters=699
 compilation: enabled

Compilation events (10 events):
Event: 572,554 Thread 0x00007fac7073d800 9260       1       grails.util.Pair::<init> (15 bytes)
Event: 572,555 Thread 0x00007fac7073d800 nmethod 9260 0x00007fac6242ff90 code [0x00007fac624300e0, 0x00007fac62430210]
Event: 572,555 Thread 0x00007fac7073d800 9259       1       org.apache.tomcat.jdbc.pool.PooledConnection::getPoolProperties (5 bytes)
Event: 572,555 Thread 0x00007fac7073d800 nmethod 9259 0x00007fac62430290 code [0x00007fac624303e0, 0x00007fac624304f0]
Event: 572,561 Thread 0x00007fac7073d800 9261   !   1       sun.reflect.GeneratedMethodAccessor140::invoke (89 bytes)
Event: 572,561 Thread 0x00007fac7073d800 nmethod 9261 0x00007fac62430550 code [0x00007fac62430720, 0x00007fac62430c88]
Event: 572,562 Thread 0x00007fac7073d800 9262       1       org.grails.web.mapping.DefaultUrlMappingsHolder$UrlMappingsListKey::hashCode (141 bytes)
Event: 572,563 Thread 0x00007fac7073d800 nmethod 9262 0x00007fac62431150 code [0x00007fac62431300, 0x00007fac624315d8]
Event: 572,563 Thread 0x00007fac7073d800 9263       1       grails.core.DefaultGrailsApplication::getArtefactInfo (48 bytes)
Event: 572,563 Thread 0x00007fac7073d800 nmethod 9263 0x00007fac624317d0 code [0x00007fac62431960, 0x00007fac62431bd8]

GC Heap History (10 events):
Event: 192,821 GC heap before
{Heap before GC invocations=28 (full 3):
 PSYoungGen      total 236544K, used 234869K [0x00000000f0000000, 0x0000000100000000, 0x0000000100000000)
  eden space 215040K, 100% used [0x00000000f0000000,0x00000000fd200000,0x00000000fd200000)
  from space 21504K, 92% used [0x00000000feb00000,0x00000000ffe5d518,0x0000000100000000)
  to   space 23552K, 0% used [0x00000000fd200000,0x00000000fd200000,0x00000000fe900000)
 ParOldGen       total 524288K, used 84308K [0x00000000d0000000, 0x00000000f0000000, 0x00000000f0000000)
  object space 524288K, 16% used [0x00000000d0000000,0x00000000d5255320,0x00000000f0000000)
 Metaspace       used 67383K, capacity 70326K, committed 70656K, reserved 1110016K
  class space    used 8780K, capacity 9871K, committed 9984K, reserved 1048576K
Event: 192,847 GC heap after
Heap after GC invocations=28 (full 3):
 PSYoungGen      total 238592K, used 23460K [0x00000000f0000000, 0x0000000100000000, 0x0000000100000000)
  eden space 215040K, 0% used [0x00000000f0000000,0x00000000f0000000,0x00000000fd200000)
  from space 23552K, 99% used [0x00000000fd200000,0x00000000fe8e9118,0x00000000fe900000)
  to   space 23552K, 0% used [0x00000000fe900000,0x00000000fe900000,0x0000000100000000)
 ParOldGen       total 524288K, used 84316K [0x00000000d0000000, 0x00000000f0000000, 0x00000000f0000000)
  object space 524288K, 16% used [0x00000000d0000000,0x00000000d5257320,0x00000000f0000000)
 Metaspace       used 67383K, capacity 70326K, committed 70656K, reserved 1110016K
  class space    used 8780K, capacity 9871K, committed 9984K, reserved 1048576K
}
Event: 200,543 GC heap before
{Heap before GC invocations=29 (full 3):
 PSYoungGen      total 238592K, used 238500K [0x00000000f0000000, 0x0000000100000000, 0x0000000100000000)
  eden space 215040K, 100% used [0x00000000f0000000,0x00000000fd200000,0x00000000fd200000)
  from space 23552K, 99% used [0x00000000fd200000,0x00000000fe8e9118,0x00000000fe900000)
  to   space 23552K, 0% used [0x00000000fe900000,0x00000000fe900000,0x0000000100000000)
 ParOldGen       total 524288K, used 84316K [0x00000000d0000000, 0x00000000f0000000, 0x00000000f0000000)
  object space 524288K, 16% used [0x00000000d0000000,0x00000000d5257320,0x00000000f0000000)
 Metaspace       used 68363K, capacity 71682K, committed 71936K, reserved 1112064K
  class space    used 8960K, capacity 10115K, committed 10240K, reserved 1048576K
Event: 200,573 GC heap after
Heap after GC invocations=29 (full 3):
 PSYoungGen      total 223232K, used 23525K [0x00000000f0000000, 0x0000000100000000, 0x0000000100000000)
  eden space 199680K, 0% used [0x00000000f0000000,0x00000000f0000000,0x00000000fc300000)
  from space 23552K, 99% used [0x00000000fe900000,0x00000000ffff9478,0x0000000100000000)
  to   space 31232K, 0% used [0x00000000fc300000,0x00000000fc300000,0x00000000fe180000)
 ParOldGen       total 524288K, used 87969K [0x00000000d0000000, 0x00000000f0000000, 0x00000000f0000000)
  object space 524288K, 16% used [0x00000000d0000000,0x00000000d55e8628,0x00000000f0000000)
 Metaspace       used 68363K, capacity 71682K, committed 71936K, reserved 1112064K
  class space    used 8960K, capacity 10115K, committed 10240K, reserved 1048576K
}
Event: 210,413 GC heap before
{Heap before GC invocations=30 (full 3):
 PSYoungGen      total 223232K, used 223137K [0x00000000f0000000, 0x0000000100000000, 0x0000000100000000)
  eden space 199680K, 99% used [0x00000000f0000000,0x00000000fc2ef1e8,0x00000000fc300000)
  from space 23552K, 99% used [0x00000000fe900000,0x00000000ffff9478,0x0000000100000000)
  to   space 31232K, 0% used [0x00000000fc300000,0x00000000fc300000,0x00000000fe180000)
 ParOldGen       total 524288K, used 87969K [0x00000000d0000000, 0x00000000f0000000, 0x00000000f0000000)
  object space 524288K, 16% used [0x00000000d0000000,0x00000000d55e8628,0x00000000f0000000)
 Metaspace       used 68822K, capacity 72302K, committed 72576K, reserved 1112064K
  class space    used 9057K, capacity 10275K, committed 10368K, reserved 1048576K
Event: 210,450 GC heap after
Heap after GC invocations=30 (full 3):
 PSYoungGen      total 230912K, used 17261K [0x00000000f0000000, 0x0000000100000000, 0x0000000100000000)
  eden space 199680K, 0% used [0x00000000f0000000,0x00000000f0000000,0x00000000fc300000)
  from space 31232K, 55% used [0x00000000fc300000,0x00000000fd3db680,0x00000000fe180000)
  to   space 30720K, 0% used [0x00000000fe200000,0x00000000fe200000,0x0000000100000000)
 ParOldGen       total 524288K, used 97444K [0x00000000d0000000, 0x00000000f0000000, 0x00000000f0000000)
  object space 524288K, 18% used [0x00000000d0000000,0x00000000d5f291f8,0x00000000f0000000)
 Metaspace       used 68822K, capacity 72302K, committed 72576K, reserved 1112064K
  class space    used 9057K, capacity 10275K, committed 10368K, reserved 1048576K
}
Event: 260,060 GC heap before
{Heap before GC invocations=31 (full 3):
 PSYoungGen      total 230912K, used 216941K [0x00000000f0000000, 0x0000000100000000, 0x0000000100000000)
  eden space 199680K, 100% used [0x00000000f0000000,0x00000000fc300000,0x00000000fc300000)
  from space 31232K, 55% used [0x00000000fc300000,0x00000000fd3db680,0x00000000fe180000)
  to   space 30720K, 0% used [0x00000000fe200000,0x00000000fe200000,0x0000000100000000)
 ParOldGen       total 524288K, used 97444K [0x00000000d0000000, 0x00000000f0000000, 0x00000000f0000000)
  object space 524288K, 18% used [0x00000000d0000000,0x00000000d5f291f8,0x00000000f0000000)
 Metaspace       used 70396K, capacity 74280K, committed 74624K, reserved 1114112K
  class space    used 9248K, capacity 10564K, committed 10624K, reserved 1048576K
Event: 260,088 GC heap after
Heap after GC invocations=31 (full 3):
 PSYoungGen      total 224256K, used 27845K [0x00000000f0000000, 0x0000000100000000, 0x0000000100000000)
  eden space 193536K, 0% used [0x00000000f0000000,0x00000000f0000000,0x00000000fbd00000)
  from space 30720K, 90% used [0x00000000fe200000,0x00000000ffd316d8,0x0000000100000000)
  to   space 34304K, 0% used [0x00000000fbd00000,0x00000000fbd00000,0x00000000fde80000)
 ParOldGen       total 524288K, used 97452K [0x00000000d0000000, 0x00000000f0000000, 0x00000000f0000000)
  object space 524288K, 18% used [0x00000000d0000000,0x00000000d5f2b1f8,0x00000000f0000000)
 Metaspace       used 70396K, capacity 74280K, committed 74624K, reserved 1114112K
  class space    used 9248K, capacity 10564K, committed 10624K, reserved 1048576K
}
Event: 335,448 GC heap before
{Heap before GC invocations=32 (full 3):
 PSYoungGen      total 224256K, used 221381K [0x00000000f0000000, 0x0000000100000000, 0x0000000100000000)
  eden space 193536K, 100% used [0x00000000f0000000,0x00000000fbd00000,0x00000000fbd00000)
  from space 30720K, 90% used [0x00000000fe200000,0x00000000ffd316d8,0x0000000100000000)
  to   space 34304K, 0% used [0x00000000fbd00000,0x00000000fbd00000,0x00000000fde80000)
 ParOldGen       total 524288K, used 97452K [0x00000000d0000000, 0x00000000f0000000, 0x00000000f0000000)
  object space 524288K, 18% used [0x00000000d0000000,0x00000000d5f2b1f8,0x00000000f0000000)
 Metaspace       used 73118K, capacity 77158K, committed 77312K, reserved 1116160K
  class space    used 9401K, capacity 10745K, committed 10752K, reserved 1048576K
Event: 335,618 GC heap after
Heap after GC invocations=32 (full 3):
 PSYoungGen      total 226816K, used 33223K [0x00000000f0000000, 0x0000000100000000, 0x0000000100000000)
  eden space 193536K, 0% used [0x00000000f0000000,0x00000000f0000000,0x00000000fbd00000)
  from space 33280K, 99% used [0x00000000fbd00000,0x00000000fdd71eb0,0x00000000fdd80000)
  to   space 35328K, 0% used [0x00000000fdd80000,0x00000000fdd80000,0x0000000100000000)
 ParOldGen       total 524288K, used 97460K [0x00000000d0000000, 0x00000000f0000000, 0x00000000f0000000)
  object space 524288K, 18% used [0x00000000d0000000,0x00000000d5f2d1f8,0x00000000f0000000)
 Metaspace       used 73118K, capacity 77158K, committed 77312K, reserved 1116160K
  class space    used 9401K, capacity 10745K, committed 10752K, reserved 1048576K
}

Deoptimization events (0 events):
No events

Classes redefined (0 events):
No events

Internal exceptions (10 events):
Event: 572,528 Thread 0x00007fac7188c800 Exception <a 'java/lang/ClassNotFoundException': groovy/lang/GroovyObjectCustomizer> (0x00000000f769df00) thrown at [/HUDSON/workspace/8-2-build-linux-amd64/jdk8u161/10277/hotspot/src/share/vm/classfile/systemDictionary.cpp, line 210]
Event: 572,547 Thread 0x00007fac7188c800 Exception <a 'java/lang/ClassNotFoundException': org/grails/datastore/mapping/dirty/checking/DirtyCheckableCustomizer> (0x00000000f797dc58) thrown at [/HUDSON/workspace/8-2-build-linux-amd64/jdk8u161/10277/hotspot/src/share/vm/classfile/systemDictionary.c
Event: 572,548 Thread 0x00007fac7188c800 Exception <a 'java/lang/ClassNotFoundException': org/grails/datastore/gorm/GormEntityCustomizer> (0x00000000f79a7ab8) thrown at [/HUDSON/workspace/8-2-build-linux-amd64/jdk8u161/10277/hotspot/src/share/vm/classfile/systemDictionary.cpp, line 210]
Event: 572,548 Thread 0x00007fac7188c800 Exception <a 'java/lang/ClassNotFoundException': grails/artefact/DomainClassCustomizer> (0x00000000f79d4948) thrown at [/HUDSON/workspace/8-2-build-linux-amd64/jdk8u161/10277/hotspot/src/share/vm/classfile/systemDictionary.cpp, line 210]
Event: 572,549 Thread 0x00007fac7188c800 Exception <a 'java/lang/ClassNotFoundException': grails/web/databinding/WebDataBindingCustomizer> (0x00000000f79fadb0) thrown at [/HUDSON/workspace/8-2-build-linux-amd64/jdk8u161/10277/hotspot/src/share/vm/classfile/systemDictionary.cpp, line 210]
Event: 572,549 Thread 0x00007fac7188c800 Exception <a 'java/lang/ClassNotFoundException': grails/gorm/EntityCustomizer> (0x00000000f7a1b160) thrown at [/HUDSON/workspace/8-2-build-linux-amd64/jdk8u161/10277/hotspot/src/share/vm/classfile/systemDictionary.cpp, line 210]
Event: 572,550 Thread 0x00007fac7188c800 Exception <a 'java/lang/ClassNotFoundException': org/grails/datastore/mapping/dirty/checking/DirtyCheckable$Trait$FieldHelperCustomizer> (0x00000000f7a533c8) thrown at [/HUDSON/workspace/8-2-build-linux-amd64/jdk8u161/10277/hotspot/src/share/vm/classfile/
Event: 572,550 Thread 0x00007fac7188c800 Exception <a 'java/lang/ClassNotFoundException': org/grails/datastore/gorm/GormValidateable$Trait$FieldHelperCustomizer> (0x00000000f7a85c18) thrown at [/HUDSON/workspace/8-2-build-linux-amd64/jdk8u161/10277/hotspot/src/share/vm/classfile/systemDictionary
Event: 572,550 Thread 0x00007fac7188c800 Exception <a 'java/lang/ClassNotFoundException': groovy/lang/GroovyObjectCustomizer> (0x00000000f7aa7e80) thrown at [/HUDSON/workspace/8-2-build-linux-amd64/jdk8u161/10277/hotspot/src/share/vm/classfile/systemDictionary.cpp, line 210]
Event: 572,562 Thread 0x00007fac7188c800 Exception <a 'java/lang/ClassCastException'> (0x00000000f7d08e98) thrown at [/HUDSON/workspace/8-2-build-linux-amd64/jdk8u161/10277/hotspot/src/share/vm/runtime/sharedRuntime.cpp, line 605]

Events (10 events):
Event: 572,550 loading class org/grails/datastore/gorm/GormValidateable$Trait$FieldHelperCustomizer
Event: 572,550 loading class org/grails/datastore/gorm/GormValidateable$Trait$FieldHelperCustomizer done
Event: 572,550 loading class org/grails/datastore/gorm/GormValidateable$Trait$FieldHelperCustomizer
Event: 572,550 loading class org/grails/datastore/gorm/GormValidateable$Trait$FieldHelperCustomizer done
Event: 572,550 loading class groovy/lang/GroovyObjectCustomizer
Event: 572,550 loading class groovy/lang/GroovyObjectCustomizer done
Event: 572,550 loading class groovy/lang/GroovyObjectCustomizer
Event: 572,550 loading class groovy/lang/GroovyObjectCustomizer done
Event: 572,550 loading class groovy/lang/GroovyObjectCustomizer
Event: 572,550 loading class groovy/lang/GroovyObjectCustomizer done


Dynamic libraries:
00400000-00401000 r-xp 00000000 08:05 5249936                            /usr/lib/jvm/java-8-oracle/bin/java
00600000-00601000 rw-p 00000000 08:05 5249936                            /usr/lib/jvm/java-8-oracle/bin/java
01f85000-01fa6000 rw-p 00000000 00:00 0                                  [heap]
d0000000-100ac0000 rw-p 00000000 00:00 0 
100ac0000-140000000 ---p 00000000 00:00 0 
7fabdc000000-7fabdc09c000 rw-p 00000000 00:00 0 
7fabdc09c000-7fabe0000000 ---p 00000000 00:00 0 
7fabe4000000-7fabe42c5000 rw-p 00000000 00:00 0 
7fabe42c5000-7fabe8000000 ---p 00000000 00:00 0 
7fabe8000000-7fabe8023000 rw-p 00000000 00:00 0 
7fabe8023000-7fabec000000 ---p 00000000 00:00 0 
7fabec000000-7fabec35a000 rw-p 00000000 00:00 0 
7fabec35a000-7fabf0000000 ---p 00000000 00:00 0 
7fabf0000000-7fabf0230000 rw-p 00000000 00:00 0 
7fabf0230000-7fabf4000000 ---p 00000000 00:00 0 
7fabf4000000-7fabf4027000 rw-p 00000000 00:00 0 
7fabf4027000-7fabf8000000 ---p 00000000 00:00 0 
7fabf8000000-7fabf82ae000 rw-p 00000000 00:00 0 
7fabf82ae000-7fabfc000000 ---p 00000000 00:00 0 
7fabfc000000-7fabfc1df000 rw-p 00000000 00:00 0 
7fabfc1df000-7fac00000000 ---p 00000000 00:00 0 
7fac00000000-7fac00027000 rw-p 00000000 00:00 0 
7fac00027000-7fac04000000 ---p 00000000 00:00 0 
7fac04000000-7fac04021000 rw-p 00000000 00:00 0 
7fac04021000-7fac08000000 ---p 00000000 00:00 0 
7fac08000000-7fac0807b000 rw-p 00000000 00:00 0 
7fac0807b000-7fac0c000000 ---p 00000000 00:00 0 
7fac0c000000-7fac0c021000 rw-p 00000000 00:00 0 
7fac0c021000-7fac10000000 ---p 00000000 00:00 0 
7fac10000000-7fac10021000 rw-p 00000000 00:00 0 
7fac10021000-7fac14000000 ---p 00000000 00:00 0 
7fac14000000-7fac14054000 rw-p 00000000 00:00 0 
7fac14054000-7fac18000000 ---p 00000000 00:00 0 
7fac182eb000-7fac1832b000 rw-p 00000000 00:00 0 
7fac1832b000-7fac184eb000 ---p 00000000 00:00 0 
7fac184eb000-7fac186eb000 rw-p 00000000 00:00 0 
7fac186eb000-7fac188eb000 rw-p 00000000 00:00 0 
7fac188eb000-7fac18aeb000 rw-p 00000000 00:00 0 
7fac18aeb000-7fac18ceb000 rw-p 00000000 00:00 0 
7fac18ceb000-7fac18eeb000 rw-p 00000000 00:00 0 
7fac18eeb000-7fac190eb000 rw-p 00000000 00:00 0 
7fac190eb000-7fac192eb000 rw-p 00000000 00:00 0 
7fac192eb000-7fac194eb000 rw-p 00000000 00:00 0 
7fac194eb000-7fac194ee000 ---p 00000000 00:00 0 
7fac194ee000-7fac195ec000 rw-p 00000000 00:00 0                          [stack:12887]
7fac195ec000-7fac195ef000 ---p 00000000 00:00 0 
7fac195ef000-7fac196ed000 rw-p 00000000 00:00 0                          [stack:12886]
7fac196ed000-7fac196f0000 ---p 00000000 00:00 0 
7fac196f0000-7fac197ee000 rw-p 00000000 00:00 0                          [stack:12885]
7fac197ee000-7fac197f1000 ---p 00000000 00:00 0 
7fac197f1000-7fac198ef000 rw-p 00000000 00:00 0                          [stack:12884]
7fac198ef000-7fac198f2000 ---p 00000000 00:00 0 
7fac198f2000-7fac199f0000 rw-p 00000000 00:00 0                          [stack:12883]
7fac199f0000-7fac199f3000 ---p 00000000 00:00 0 
7fac199f3000-7fac19af1000 rw-p 00000000 00:00 0                          [stack:12882]
7fac19af1000-7fac19af4000 ---p 00000000 00:00 0 
7fac19af4000-7fac19bf2000 rw-p 00000000 00:00 0                          [stack:12881]
7fac19bf2000-7fac19bf5000 ---p 00000000 00:00 0 
7fac19bf5000-7fac19cf3000 rw-p 00000000 00:00 0                          [stack:12880]
7fac19cf3000-7fac19cf6000 ---p 00000000 00:00 0 
7fac19cf6000-7fac19df4000 rw-p 00000000 00:00 0                          [stack:12879]
7fac19df4000-7fac19df7000 ---p 00000000 00:00 0 
7fac19df7000-7fac19ef5000 rw-p 00000000 00:00 0                          [stack:12878]
7fac19ef5000-7fac19ef8000 ---p 00000000 00:00 0 
7fac19ef8000-7fac19ff6000 rw-p 00000000 00:00 0                          [stack:12877]
7fac19ff6000-7fac19ff9000 ---p 00000000 00:00 0 
7fac19ff9000-7fac1a0f7000 rw-p 00000000 00:00 0                          [stack:12876]
7fac1a0f7000-7fac1a0fa000 ---p 00000000 00:00 0 
7fac1a0fa000-7fac1a1f8000 rw-p 00000000 00:00 0                          [stack:12875]
7fac1a1f8000-7fac1a1fb000 ---p 00000000 00:00 0 
7fac1a1fb000-7fac1a2f9000 rw-p 00000000 00:00 0                          [stack:12874]
7fac1a2f9000-7fac1a2fc000 ---p 00000000 00:00 0 
7fac1a2fc000-7fac1a3fa000 rw-p 00000000 00:00 0                          [stack:12873]
7fac1a3fa000-7fac1a3fd000 ---p 00000000 00:00 0 
7fac1a3fd000-7fac1a4fb000 rw-p 00000000 00:00 0                          [stack:12872]
7fac1a4fb000-7fac1a4fe000 ---p 00000000 00:00 0 
7fac1a4fe000-7fac1a5fc000 rw-p 00000000 00:00 0                          [stack:12871]
7fac1a5fc000-7fac1a5ff000 ---p 00000000 00:00 0 
7fac1a5ff000-7fac1a8fd000 rw-p 00000000 00:00 0                          [stack:12870]
7fac1a8fd000-7fac1aafd000 rw-p 00000000 00:00 0 
7fac1aafd000-7fac1ab00000 ---p 00000000 00:00 0 
7fac1ab00000-7fac1abfe000 rw-p 00000000 00:00 0                          [stack:12869]
7fac1abfe000-7fac1ac01000 ---p 00000000 00:00 0 
7fac1ac01000-7fac1acff000 rw-p 00000000 00:00 0                          [stack:12868]
7fac1acff000-7fac1ad02000 ---p 00000000 00:00 0 
7fac1ad02000-7fac1b000000 rw-p 00000000 00:00 0 
7fac1b000000-7fac1b200000 rw-p 00000000 00:00 0 
7fac1b200000-7fac1b400000 rw-p 00000000 00:00 0 
7fac1b400000-7fac1b600000 rw-p 00000000 00:00 0 
7fac1b600000-7fac1b800000 rw-p 00000000 00:00 0 
7fac1b800000-7fac1ba00000 rw-p 00000000 00:00 0 
7fac1ba00000-7fac1bc00000 rw-p 00000000 00:00 0 
7fac1bc00000-7fac1be00000 rw-p 00000000 00:00 0 
7fac1be00000-7fac1c000000 rw-p 00000000 00:00 0 
7fac1c000000-7fac1c2a3000 rw-p 00000000 00:00 0 
7fac1c2a3000-7fac20000000 ---p 00000000 00:00 0 
7fac20000000-7fac20021000 rw-p 00000000 00:00 0 
7fac20021000-7fac24000000 ---p 00000000 00:00 0 
7fac24000000-7fac24021000 rw-p 00000000 00:00 0 
7fac24021000-7fac28000000 ---p 00000000 00:00 0 
7fac28000000-7fac2828e000 rw-p 00000000 00:00 0 
7fac2828e000-7fac2c000000 ---p 00000000 00:00 0 
7fac2c000000-7fac2cd34000 rw-p 00000000 00:00 0 
7fac2cd34000-7fac30000000 ---p 00000000 00:00 0 
7fac30000000-7fac30021000 rw-p 00000000 00:00 0 
7fac30021000-7fac34000000 ---p 00000000 00:00 0 
7fac34000000-7fac34021000 rw-p 00000000 00:00 0 
7fac34021000-7fac38000000 ---p 00000000 00:00 0 
7fac38000000-7fac38025000 rw-p 00000000 00:00 0 
7fac38025000-7fac3c000000 ---p 00000000 00:00 0 
7fac3c000000-7fac3c021000 rw-p 00000000 00:00 0 
7fac3c021000-7fac40000000 ---p 00000000 00:00 0 
7fac40000000-7fac40021000 rw-p 00000000 00:00 0 
7fac40021000-7fac44000000 ---p 00000000 00:00 0 
7fac44000000-7fac44082000 rw-p 00000000 00:00 0 
7fac44082000-7fac48000000 ---p 00000000 00:00 0 
7fac48000000-7fac48021000 rw-p 00000000 00:00 0 
7fac48021000-7fac4c000000 ---p 00000000 00:00 0 
7fac4c000000-7fac4c034000 rw-p 00000000 00:00 0 
7fac4c034000-7fac50000000 ---p 00000000 00:00 0 
7fac50000000-7fac5002c000 rw-p 00000000 00:00 0 
7fac5002c000-7fac54000000 ---p 00000000 00:00 0 
7fac54000000-7fac54021000 rw-p 00000000 00:00 0 
7fac54021000-7fac58000000 ---p 00000000 00:00 0 
7fac5805d000-7fac5805e000 rw-p 00000000 00:00 0 
7fac5805e000-7fac58063000 r--s 002f9000 08:05 5116331                    /usr/lib/jvm/java-8-oracle/jre/lib/charsets.jar
7fac58063000-7fac58068000 r--s 0009d000 08:05 5116334                    /usr/lib/jvm/java-8-oracle/jre/lib/jsse.jar
7fac58068000-7fac58268000 rw-p 00000000 00:00 0 
7fac58268000-7fac58468000 rw-p 00000000 00:00 0 
7fac58468000-7fac58668000 rw-p 00000000 00:00 0 
7fac58668000-7fac58679000 r-xp 00000000 08:05 5116183                    /usr/lib/jvm/java-8-oracle/jre/lib/amd64/libnio.so
7fac58679000-7fac58878000 ---p 00011000 08:05 5116183                    /usr/lib/jvm/java-8-oracle/jre/lib/amd64/libnio.so
7fac58878000-7fac58879000 rw-p 00010000 08:05 5116183                    /usr/lib/jvm/java-8-oracle/jre/lib/amd64/libnio.so
7fac58879000-7fac58a79000 rw-p 00000000 00:00 0 
7fac58a79000-7fac58c79000 rw-p 00000000 00:00 0 
7fac58c79000-7fac58e79000 rw-p 00000000 00:00 0 
7fac58e79000-7fac58e7c000 ---p 00000000 00:00 0 
7fac58e7c000-7fac5917a000 rw-p 00000000 00:00 0 
7fac5917a000-7fac5917d000 ---p 00000000 00:00 0 
7fac5917d000-7fac5927b000 rw-p 00000000 00:00 0                          [stack:12864]
7fac5927b000-7fac59284000 r-xp 00000000 08:05 5116227                    /usr/lib/jvm/java-8-oracle/jre/lib/amd64/libmanagement.so
7fac59284000-7fac59483000 ---p 00009000 08:05 5116227                    /usr/lib/jvm/java-8-oracle/jre/lib/amd64/libmanagement.so
7fac59483000-7fac59484000 rw-p 00008000 08:05 5116227                    /usr/lib/jvm/java-8-oracle/jre/lib/amd64/libmanagement.so
7fac59484000-7fac59684000 rw-p 00000000 00:00 0 
7fac59684000-7fac5968e000 r--s 00116000 08:05 5116284                    /usr/lib/jvm/java-8-oracle/jre/lib/ext/localedata.jar
7fac5968e000-7fac5988e000 rw-p 00000000 00:00 0 
7fac5988e000-7fac59a8e000 rw-p 00000000 00:00 0 
7fac59a8e000-7fac59c8e000 rw-p 00000000 00:00 0 
7fac59c8e000-7fac59ca4000 r-xp 00000000 08:05 5116175                    /usr/lib/jvm/java-8-oracle/jre/lib/amd64/libnet.so
7fac59ca4000-7fac59ea4000 ---p 00016000 08:05 5116175                    /usr/lib/jvm/java-8-oracle/jre/lib/amd64/libnet.so
7fac59ea4000-7fac59ea5000 rw-p 00016000 08:05 5116175                    /usr/lib/jvm/java-8-oracle/jre/lib/amd64/libnet.so
7fac59ea5000-7fac59eac000 r--s 00000000 08:05 5243649                    /usr/lib/x86_64-linux-gnu/gconv/gconv-modules.cache
7fac59eac000-7fac59ed2000 r--p 00000000 08:05 5906313                    /usr/share/locale-langpack/es/LC_MESSAGES/libc.mo
7fac59ed2000-7fac59ed5000 ---p 00000000 00:00 0 
7fac59ed5000-7fac59fd3000 rw-p 00000000 00:00 0                          [stack:12843]
7fac59fd3000-7fac59fe6000 r--s 00345000 08:05 5116294                    /usr/lib/jvm/java-8-oracle/jre/lib/resources.jar
7fac59fe6000-7fac59fe7000 ---p 00000000 00:00 0 
7fac59fe7000-7fac5a0e7000 rw-p 00000000 00:00 0                          [stack:12842]
7fac5a0e7000-7fac5a0ea000 ---p 00000000 00:00 0 
7fac5a0ea000-7fac5a1e8000 rw-p 00000000 00:00 0                          [stack:12841]
7fac5a1e8000-7fac5a1eb000 ---p 00000000 00:00 0 
7fac5a1eb000-7fac5a2e9000 rw-p 00000000 00:00 0                          [stack:12840]
7fac5a2e9000-7fac5a2ec000 ---p 00000000 00:00 0 
7fac5a2ec000-7fac5a3ea000 rw-p 00000000 00:00 0                          [stack:12839]
7fac5a3ea000-7fac5a3ed000 ---p 00000000 00:00 0 
7fac5a3ed000-7fac5a4eb000 rw-p 00000000 00:00 0                          [stack:12838]
7fac5a4eb000-7fac5a4f2000 r--s 00063000 08:05 787937                     /home/lucas/.gradle/caches/modules-2/files-2.1/org.springframework/springloaded/1.2.7.RELEASE/36be57f1a306cec1185b0276960fbe95dee08bf/springloaded-1.2.7.RELEASE.jar
7fac5a4f2000-7fac5a52b000 r--s 00382000 08:05 787861                     /home/lucas/.gradle/caches/modules-2/files-2.1/com.google.javascript/closure-compiler-unshaded/v20160713/7df7b683e16c93f65361a15356283599ba012c78/closure-compiler-unshaded-v20160713.jar
7fac5a52b000-7fac5a538000 r--s 00109000 08:05 787860                     /home/lucas/.gradle/caches/modules-2/files-2.1/org.mozilla/rhino/1.7R4/e982f2136574b9a423186fbaeaaa98dc3e5a5288/rhino-1.7R4.jar
7fac5a538000-7fac5a545000 r--s 00083000 08:05 787934                     /home/lucas/.gradle/caches/modules-2/files-2.1/commons-collections/commons-collections/3.2.2/8ad72fe39fa8c91eaaf12aadb21e0c3661fe26d5/commons-collections-3.2.2.jar
7fac5a545000-7fac5a54c000 r--s 0003f000 08:05 788117                     /home/lucas/.gradle/caches/modules-2/files-2.1/commons-codec/commons-codec/1.10/4b95f4897fa13f2cd904aee711aeafc0c5295cd8/commons-codec-1.10.jar
7fac5a54c000-7fac5a550000 r--s 0000c000 08:05 787899                     /home/lucas/.gradle/caches/modules-2/files-2.1/javax.validation/validation-api/1.1.0.Final/8613ae82954779d518631e05daa73a6a954817d5/validation-api-1.1.0.Final.jar
7fac5a550000-7fac5a553000 r--s 00029000 08:05 787918                     /home/lucas/.gradle/caches/modules-2/files-2.1/commons-validator/commons-validator/1.5.1/86d05a46e8f064b300657f751b5a98c62807e2a0/commons-validator-1.5.1.jar
7fac5a553000-7fac5a559000 r--s 00027000 08:05 788116                     /home/lucas/.gradle/caches/modules-2/files-2.1/opensymphony/sitemesh/2.4/fa84c82cce30a9a632c08dd2277d63993d972cf5/sitemesh-2.4.jar
7fac5a559000-7fac5a55b000 r--s 00007000 08:05 788115                     /home/lucas/.gradle/caches/modules-2/files-2.1/org.grails/grails-web-taglib/3.3.0/7605089e33d591b25afdbb342c4babe332cda23f/grails-web-taglib-3.3.0.jar
7fac5a55b000-7fac5a55e000 r--s 00015000 08:05 788114                     /home/lucas/.gradle/caches/modules-2/files-2.1/org.grails/grails-taglib/3.3.0/38a8e5db6edc038642399f0b01268647f50e8acf/grails-taglib-3.3.0.jar
7fac5a55e000-7fac5a561000 r--s 0001d000 08:05 787831                     /home/lucas/.gradle/caches/modules-2/files-2.1/org.codehaus.groovy/groovy-json/2.4.11/98b01ddd7811e27b8bb7900e3ea029d86f243e10/groovy-json-2.4.11.jar
7fac5a561000-7fac5a564000 r--s 00042000 08:05 788113                     /home/lucas/.gradle/caches/modules-2/files-2.1/com.fasterxml.jackson.core/jackson-core/2.8.8/d478fb6de45a7c3d2cad07c8ad70c7f0a797a020/jackson-core-2.8.8.jar
7fac5a564000-7fac5a567000 r--s 0000b000 08:05 788112                     /home/lucas/.gradle/caches/modules-2/files-2.1/com.fasterxml.jackson.core/jackson-annotations/2.8.0/45b426f7796b741035581a176744d91090e2e6fb/jackson-annotations-2.8.0.jar
7fac5a567000-7fac5a568000 r--s 00005000 08:05 788111                     /home/lucas/.gradle/caches/modules-2/files-2.1/org.grails/grails-codecs/3.3.0/f6eda2890fd857e81db689b9cc3ea1a1e0f664fd/grails-codecs-3.3.0.jar
7fac5a568000-7fac5a571000 r--s 0002d000 08:05 788110                     /home/lucas/.gradle/caches/modules-2/files-2.1/xml-apis/xml-apis/1.4.01/3789d9fada2d3d458c4ba2de349d48780f381ee3/xml-apis-1.4.01.jar
7fac5a571000-7fac5a573000 r--s 00008000 08:05 787859                     /home/lucas/.gradle/caches/modules-2/files-2.1/javax.el/javax.el-api/2.2.4/1287562cc3f0ff5439ded6f2949e73ce1c0edaab/javax.el-api-2.2.4.jar
7fac5a573000-7fac5a584000 r--s 000a1000 08:05 788109                     /home/lucas/.gradle/caches/modules-2/files-2.1/org.hibernate/hibernate-validator/5.3.5.Final/622a9bcef2eed6d41b5b8e0662c36212009e375/hibernate-validator-5.3.5.Final.jar
7fac5a584000-7fac5a58b000 r--s 00060000 08:05 787857                     /home/lucas/.gradle/caches/modules-2/files-2.1/org.grails/grails-datastore-gorm-hibernate-core/6.1.6.RELEASE/658edfe541f77d759bd1607cd0c55148e3aed128/grails-datastore-gorm-hibernate-core-6.1.6.RELEASE.jar
7fac5a58b000-7fac5a59d000 r--s 000b7000 08:05 787853                     /home/lucas/.gradle/caches/modules-2/files-2.1/org.springframework/spring-web/4.3.9.RELEASE/91dae64c4280093ad5fb4736a10913c9233479c1/spring-web-4.3.9.RELEASE.jar
7fac5a59d000-7fac5a5a0000 r--s 00013000 08:05 787896                     /home/lucas/.gradle/caches/modules-2/files-2.1/org.grails/grails-datastore-gorm-validation/6.1.6.RELEASE/7d7fbf1a731ba45c1bbbf9eb749a7387032dd0bc/grails-datastore-gorm-validation-6.1.6.RELEASE.jar
7fac5a5a0000-7fac5a5a2000 r--s 00014000 08:05 788108                     /home/lucas/.gradle/caches/modules-2/files-2.1/org.apache.tomcat.embed/tomcat-embed-logging-log4j/8.5.2/53bdd1eebc7393713261d178ac096a742423f940/tomcat-embed-logging-log4j-8.5.2.jar
7fac5a5a2000-7fac5a5b3000 r--s 000cf000 08:05 787855                     /home/lucas/.gradle/caches/modules-2/files-2.1/org.grails/grails-datastore-gorm/6.1.6.RELEASE/6da3526650e1b1da7282d89bfdd394c3a787acd9/grails-datastore-gorm-6.1.6.RELEASE.jar
7fac5a5b3000-7fac5a5b5000 r--s 00012000 08:05 788107                     /home/lucas/.gradle/caches/modules-2/files-2.1/org.codehaus.groovy/groovy-sql/2.4.11/7dc8cd811a8a575a45570d4870e59dd101add69b/groovy-sql-2.4.11.jar
7fac5a5b5000-7fac5a5bf000 r--s 0005f000 08:05 787898                     /home/lucas/.gradle/caches/modules-2/files-2.1/org.springframework/spring-jdbc/4.3.9.RELEASE/ef8476b954a4211a21147b3ae15996443a76c6f8/spring-jdbc-4.3.9.RELEASE.jar
7fac5a5bf000-7fac5a5c0000 r--s 00006000 08:05 788106                     /home/lucas/.gradle/caches/modules-2/files-2.1/org.grails/grails-plugin-domain-class/3.3.0/441b4b426db9089706e2d5ac84c2cd80f4f55c9e/grails-plugin-domain-class-3.3.0.jar
7fac5a5c0000-7fac5a5c1000 r--s 00004000 08:05 788105                     /home/lucas/.gradle/caches/modules-2/files-2.1/org.grails/grails-plugin-validation/3.3.0/adecffd00c3ff79e27b148dd31078161307e675c/grails-plugin-validation-3.3.0.jar
7fac5a5c1000-7fac5a5c3000 r--s 00009000 08:05 788104                     /home/lucas/.gradle/caches/modules-2/files-2.1/org.grails/grails-plugin-mimetypes/3.3.0/8de505bb83d990357416a8d3d3ec00c352a9a20/grails-plugin-mimetypes-3.3.0.jar
7fac5a5c3000-7fac5a5c5000 r--s 0000b000 08:05 788103                     /home/lucas/.gradle/caches/modules-2/files-2.1/org.grails/grails-web-sitemesh/3.3.0/93ce68536c5806bcfc2b4a65cf57971f4bd0d2ce/grails-web-sitemesh-3.3.0.jar
7fac5a5c5000-7fac5a5c7000 r--s 00011000 08:05 788102                     /home/lucas/.gradle/caches/modules-2/files-2.1/org.grails/grails-web-gsp/3.3.0/e0cd55173b03fca8b1caabde8633a4592d0e5dd3/grails-web-gsp-3.3.0.jar
7fac5a5c7000-7fac5a5c8000 r--s 00005000 08:05 788101                     /home/lucas/.gradle/caches/modules-2/files-2.1/org.grails/grails-web-mvc/3.3.0/e80077c3ec7613e108cece41ad24985e990ba226/grails-web-mvc-3.3.0.jar
7fac5a5c8000-7fac5a5cb000 r--s 0002a000 08:05 788100                     /home/lucas/.gradle/caches/modules-2/files-2.1/org.grails/grails-web-url-mappings/3.3.0/790afa755a50c62c6d359e67f20791f30a0e2ff0/grails-web-url-mappings-3.3.0.jar
7fac5a5cb000-7fac5a5ce000 r--s 00014000 08:05 788099                     /home/lucas/.gradle/caches/modules-2/files-2.1/org.grails/grails-web-databinding/3.3.0/132151b730e5ca858454f985d02ff3a7f93825dd/grails-web-databinding-3.3.0.jar
7fac5a5ce000-7fac5a5d3000 r--s 00029000 08:05 788098                     /home/lucas/.gradle/caches/modules-2/files-2.1/org.springframework/spring-context-support/4.3.9.RELEASE/89a700b072aaa699c2c389a86505e03df8d9b634/spring-context-support-4.3.9.RELEASE.jar
7fac5a5d3000-7fac5a5e4000 r--s 000cf000 08:05 788097                     /home/lucas/.gradle/caches/modules-2/files-2.1/org.springframework/spring-webmvc/4.3.9.RELEASE/ca80b4a00abc388d8046bf372099f35564371c47/spring-webmvc-4.3.9.RELEASE.jar
7fac5a5e4000-7fac5a5e7000 r--s 00027000 08:05 788096                     /home/lucas/.gradle/caches/modules-2/files-2.1/org.grails/grails-gsp/3.3.0/58e246e986a5d293806b3768d8efb73b1dc71047/grails-gsp-3.3.0.jar
7fac5a5e7000-7fac5a5ec000 r--s 00029000 08:05 788095                     /home/lucas/.gradle/caches/modules-2/files-2.1/org.grails/grails-encoder/3.3.0/c7c305636ad08d4e6f846a51e9079a79b1a1eaa0/grails-encoder-3.3.0.jar
7fac5a5ec000-7fac5a5ee000 r--s 0000f000 08:05 788094                     /home/lucas/.gradle/caches/modules-2/files-2.1/org.grails/grails-databinding/3.3.0/29d2edc86dda4126afe6d1802c44f6d5d38136f5/grails-databinding-3.3.0.jar
7fac5a5ee000-7fac5a600000 r--s 0011d000 08:05 788093                     /home/lucas/.gradle/caches/modules-2/files-2.1/com.fasterxml.jackson.core/jackson-databind/2.8.8/bf88c7b27e95cbadce4e7c316a56c3efffda8026/jackson-databind-2.8.8.jar
7fac5a600000-7fac5a601000 r--s 00003000 08:05 787895                     /home/lucas/.gradle/caches/modules-2/files-2.1/javax.transaction/jta/1.1/2ca09f0b36ca7d71b762e14ea2ff09d5eac57558/jta-1.1.jar
7fac5a601000-7fac5a607000 r--s 0003d000 08:05 788092                     /home/lucas/.gradle/caches/modules-2/files-2.1/org.yaml/snakeyaml/1.17/7a27ea250c5130b2922b86dea63cbb1cc10a660c/snakeyaml-1.17.jar
7fac5a607000-7fac5a609000 r--s 00016000 08:05 787839                     /home/lucas/.gradle/caches/modules-2/files-2.1/org.codehaus.groovy/groovy-templates/2.4.11/2c091b3dd45a99376e696e8f2d04cfcfb4da6a96/groovy-templates-2.4.11.jar
7fac5a609000-7fac5a60d000 r--s 00031000 08:05 787838                     /home/lucas/.gradle/caches/modules-2/files-2.1/org.codehaus.groovy/groovy-xml/2.4.11/5841f1ac5141c7a930ec0c28b14dacdfbc5640e6/groovy-xml-2.4.11.jar
7fac5a60d000-7fac5a612000 r--s 0003c000 08:05 788091                     /home/lucas/.gradle/caches/modules-2/files-2.1/org.springframework/spring-expression/4.3.9.RELEASE/4edca6913da9e62a6586714e053e01a61952a153/spring-expression-4.3.9.RELEASE.jar
7fac5a612000-7fac5a61b000 r--s 00054000 08:05 788090                     /home/lucas/.gradle/caches/modules-2/files-2.1/org.springframework/spring-aop/4.3.9.RELEASE/95f5f5cf3cae64266a89dc1bc9e0484425cd8358/spring-aop-4.3.9.RELEASE.jar
7fac5a61b000-7fac5a61d000 r--s 0000e000 08:05 787925                     /home/lucas/.gradle/caches/modules-2/files-2.1/commons-logging/commons-logging/1.2/4bfc12adfe4842bf07b657f0369c4cb522955686/commons-logging-1.2.jar
7fac5a61d000-7fac5a628000 r--s 0006a000 08:05 788089                     /home/lucas/.gradle/caches/modules-2/files-2.1/ch.qos.logback/logback-core/1.1.11/88b8df40340eed549fb07e2613879bf6b006704d/logback-core-1.1.11.jar
7fac5a628000-7fac5a62c000 r--s 00049000 08:05 787828                     /home/lucas/.gradle/caches/modules-2/files-2.1/com.bertramlabs.plugins/asset-pipeline-core/2.14.2/91e427fa721bb38ff18b8b1752b1081f8e90fc76/asset-pipeline-core-2.14.2.jar
7fac5a62c000-7fac5a62e000 r--s 00009000 08:05 788088                     /home/lucas/.gradle/caches/modules-2/files-2.1/org.apache.tomcat/tomcat-juli/8.5.15/b21c47750b0d0356acbbbf0c30cb36cb2268dc8d/tomcat-juli-8.5.15.jar
7fac5a62e000-7fac5a630000 r--s 00007000 08:05 788087                     /home/lucas/.gradle/caches/modules-2/files-2.1/javax.el/el-api/2.1.2-b03/1ac087d9d1a632d2ff82fa1e8b6610aca025ff2a/el-api-2.1.2-b03.jar
7fac5a630000-7fac5a631000 r--s 00004000 08:05 788086                     /home/lucas/.gradle/caches/modules-2/files-2.1/org.grails/grails-plugin-codecs/3.3.0/d34f5e87c7d01e3a99fafc0a50e0e80d73335759/grails-plugin-codecs-3.3.0.jar
7fac5a631000-7fac5a636000 r--s 00041000 08:05 788085                     /home/lucas/.gradle/caches/modules-2/files-2.1/commons-lang/commons-lang/2.6/ce1edb914c94ebc388f086c6827e8bdeec71ac2/commons-lang-2.6.jar
7fac5a636000-7fac5a638000 r--s 0000b000 08:05 788084                     /home/lucas/.gradle/caches/modules-2/files-2.1/org.grails/grails-web-gsp-taglib/3.3.0/72e3b9636f0a777bebfeb117e3b2f95defd44959/grails-web-gsp-taglib-3.3.0.jar
7fac5a638000-7fac5a63a000 r--s 0001f000 08:05 788083                     /home/lucas/.gradle/caches/modules-2/files-2.1/org.grails/grails-web-jsp/3.3.0/83df1e17ef4301c34db377e817bdb6a842e82b8e/grails-web-jsp-3.3.0.jar
7fac5a63a000-7fac5a63d000 r--s 00010000 08:05 787851                     /home/lucas/.gradle/caches/modules-2/files-2.1/org.hibernate.common/hibernate-commons-annotations/5.0.1.Final/71e1cff3fcb20d3b3af4f3363c3ddb24d33c6879/hibernate-commons-annotations-5.0.1.Final.jar
7fac5a63d000-7fac5a642000 r--s 00048000 08:05 787850                     /home/lucas/.gradle/caches/modules-2/files-2.1/dom4j/dom4j/1.6.1/5d3ccc056b6f056dbf0dddfdf43894b9065a8f94/dom4j-1.6.1.jar
7fac5a642000-7fac5a644000 r--s 0000e000 08:05 788082                     /home/lucas/.gradle/caches/modules-2/files-2.1/com.fasterxml/classmate/1.3.3/864c8e370a691e343210cc7c532fc198cee460d8/classmate-1.3.3.jar
7fac5a644000-7fac5a647000 r--s 0002b000 08:05 787848                     /home/lucas/.gradle/caches/modules-2/files-2.1/org.jboss/jandex/2.0.3.Final/bfc4d6257dbff7a33a357f0de116be6ff951d849/jandex-2.0.3.Final.jar
7fac5a647000-7fac5a648000 r--s 00003000 08:05 787847                     /home/lucas/.gradle/caches/modules-2/files-2.1/org.apache.geronimo.specs/geronimo-jta_1.1_spec/1.1.1/aabab3165b8ea936b9360abbf448459c0d04a5a4/geronimo-jta_1.1_spec-1.1.1.jar
7fac5a648000-7fac5a64d000 r--s 00068000 08:05 787846                     /home/lucas/.gradle/caches/modules-2/files-2.1/antlr/antlr/2.7.7/83cd2cd674a217ade95a4bb83a8a14f351f48bd0/antlr-2.7.7.jar
7fac5a64d000-7fac5a650000 r--s 0000e000 08:05 788081                     /home/lucas/.gradle/caches/modules-2/files-2.1/org.jboss.logging/jboss-logging/3.3.1.Final/c46217ab74b532568c0ed31dc599db3048bd1b67/jboss-logging-3.3.1.Final.jar
7fac5a650000-7fac5a65a000 r--s 0006b000 08:05 787923                     /home/lucas/.gradle/caches/modules-2/files-2.1/org.springframework/spring-orm/4.3.9.RELEASE/ea9de867a7b686744f0e0bc1ecfcc9d3844e4cd7/spring-orm-4.3.9.RELEASE.jar
7fac5a65a000-7fac5a65e000 r--s 00039000 08:05 787827                     /home/lucas/.gradle/caches/modules-2/files-2.1/org.grails/grails-datastore-gorm-hibernate5/6.1.6.RELEASE/1ee42c7ede3f81020dbbfe9b692fc4f249d60897/grails-datastore-gorm-hibernate5-6.1.6.RELEASE.jar
7fac5a65e000-7fac5a661000 r--s 00012000 08:05 787826                     /home/lucas/.gradle/caches/modules-2/files-2.1/org.grails/grails-datastore-gorm-support/6.1.6.RELEASE/f365df7d32d534cf1f1994302b38705ec787056b/grails-datastore-gorm-support-6.1.6.RELEASE.jar
7fac5a661000-7fac5a663000 r--s 00001000 08:05 787825                     /home/lucas/.gradle/caches/modules-2/files-2.1/org.grails/grails-datastore-web/6.1.6.RELEASE/f09bd65e28503797e4ea31534d2f57ed4e0fc6ff/grails-datastore-web-6.1.6.RELEASE.jar
7fac5a663000-7fac5a665000 r--s 00003000 08:05 788080                     /home/lucas/.gradle/caches/modules-2/files-2.1/org.grails/grails-events-compat/3.3.0/206a3c79a79b799ab72b5cc9da8797c9a5c932b9/grails-events-compat-3.3.0.jar
7fac5a665000-7fac5a667000 r--s 00006000 08:05 788079                     /home/lucas/.gradle/caches/modules-2/files-2.1/org.grails/grails-events-transform/3.3.0/8627740511bb37d2ac100ef22813b89fa664ebe5/grails-events-transform-3.3.0.jar
7fac5a667000-7fac5a669000 r--s 0000b000 08:05 788078                     /home/lucas/.gradle/caches/modules-2/files-2.1/org.grails/grails-events/3.3.0/1631acc33606179319ca44d57af8bc2c2db91b9/grails-events-3.3.0.jar
7fac5a669000-7fac5a66b000 r--s 0001e000 08:05 788077                     /home/lucas/.gradle/caches/modules-2/files-2.1/org.grails.plugins/fields/2.1.5/74ccc593e1088b224449b0a31f6132211ac8ee47/fields-2.1.5.jar
7fac5a66b000-7fac5a66e000 r--s 0000e000 08:05 788076                     /home/lucas/.gradle/caches/modules-2/files-2.1/org.grails/grails-async/3.3.0/f50982b9d3aa7ea37336ca69a3a027bf8b87b29b/grails-async-3.3.0.jar
7fac5a66e000-7fac5a678000 r--s 000aa000 08:05 787924                     /home/lucas/.gradle/caches/modules-2/files-2.1/org.javassist/javassist/3.21.0-GA/598244f595db5c5fb713731eddbb1c91a58d959b/javassist-3.21.0-GA.jar
7fac5a678000-7fac5a67b000 r--s 00016000 08:05 788075                     /home/lucas/.gradle/caches/modules-2/files-2.1/org.grails/grails-validation/3.3.0/6b4f40ddf6245fe52649320432fd34cd48c57883/grails-validation-3.3.0.jar
7fac5a67b000-7fac5a67f000 r--s 0001e000 08:05 788074                     /home/lucas/.gradle/caches/modules-2/files-2.1/org.grails.plugins/converters/3.3.0/531bcff1aa1f98d7ae50a8fadd690c7dd2888a93/converters-3.3.0.jar
7fac5a67f000-7fac5a681000 r--s 00005000 08:05 788073                     /home/lucas/.gradle/caches/modules-2/files-2.1/org.grails/grails-plugin-datasource/3.3.0/e96112616bc65dd920f2cfc725de10cb716e5483/grails-plugin-datasource-3.3.0.jar
7fac5a681000-7fac5a684000 r--s 00019000 08:05 788072                     /home/lucas/.gradle/caches/modules-2/files-2.1/org.grails/grails-plugin-controllers/3.3.0/458466035737211e5ae09b9b62bed61d7220249a/grails-plugin-controllers-3.3.0.jar
7fac5a684000-7fac5a685000 r--s 00005000 08:05 788071                     /home/lucas/.gradle/caches/modules-2/files-2.1/org.grails/grails-web/3.3.0/b2b3e4cd775169863734da3f79acf2a079d6d9f4/grails-web-3.3.0.jar
7fac5a685000-7fac5a689000 r--s 00028000 08:05 788070                     /home/lucas/.gradle/caches/modules-2/files-2.1/org.grails/grails-web-common/3.3.0/9796c1880f90819a3d967c7b60ccd503d850f6f2/grails-web-common-3.3.0.jar
7fac5a689000-7fac5a68f000 r--s 00036000 08:05 788069                     /home/lucas/.gradle/caches/modules-2/files-2.1/org.apache.tomcat.embed/tomcat-embed-websocket/8.5.15/a92b066b0ea9ee1cb05b7d5e4bfed4ad8898f741/tomcat-embed-websocket-8.5.15.jar
7fac5a68f000-7fac5a694000 r--s 00036000 08:05 788068                     /home/lucas/.gradle/caches/modules-2/files-2.1/org.apache.tomcat.embed/tomcat-embed-el/8.5.15/e4000e5386056eeebb43bf71e7d30c58d2473166/tomcat-embed-el-8.5.15.jar
7fac5a694000-7fac5a6be000 r--s 002c0000 08:05 788067                     /home/lucas/.gradle/caches/modules-2/files-2.1/org.apache.tomcat.embed/tomcat-embed-core/8.5.15/f197a93ae66212767b004fd93d7a1a8ea62bc3fa/tomcat-embed-core-8.5.15.jar
7fac5a6be000-7fac5a6ce000 r--s 00078000 08:05 788066                     /home/lucas/.gradle/caches/modules-2/files-2.1/org.springframework.boot/spring-boot-actuator/1.5.4.RELEASE/6fed8833ba044e22a2924f8fe70db4f126be7489/spring-boot-actuator-1.5.4.RELEASE.jar
7fac5a6ce000-7fac5a6cf000 r--s 00000000 08:05 788065                     /home/lucas/.gradle/caches/modules-2/files-2.1/org.springframework.boot/spring-boot-starter/1.5.4.RELEASE/74d5aa641503ddd12833c82cc19b295f9f40e8fa/spring-boot-starter-1.5.4.RELEASE.jar
7fac5a6cf000-7fac5a6d3000 r--s 00040000 08:05 788064                     /home/lucas/.gradle/caches/modules-2/files-2.1/xalan/serializer/2.7.2/24247f3bb052ee068971393bdb83e04512bb1c3c/serializer-2.7.2.jar
7fac5a6d3000-7fac5a6e0000 r--s 00081000 08:05 787852                     /home/lucas/.gradle/caches/modules-2/files-2.1/org.grails/grails-datastore-core/6.1.6.RELEASE/ec5403831ce08708a4525755e86bcb944476e70d/grails-datastore-core-6.1.6.RELEASE.jar
7fac5a6e0000-7fac5a6e1000 r--s 00009000 08:05 788063                     /home/lucas/.gradle/caches/modules-2/files-2.1/org.grails/grails-spring/3.3.0/2ec60d186ee0a9bf42cb514c392282771a419b8d/grails-spring-3.3.0.jar
7fac5a6e1000-7fac5a6e6000 r--s 00038000 08:05 787820                     /home/lucas/.gradle/caches/modules-2/files-2.1/org.grails/grails-bootstrap/3.3.0/bee9828a4d0e6cd3a3d404512614ed1ee3b7d36b/grails-bootstrap-3.3.0.jar
7fac5a6e6000-7fac5a6ff000 r--s 000fe000 08:05 787854                     /home/lucas/.gradle/caches/modules-2/files-2.1/org.springframework/spring-context/4.3.9.RELEASE/a186823724f03b98becd5f93b1fa107fe6f7a7ff/spring-context-4.3.9.RELEASE.jar
7fac5a6ff000-7fac5a70d000 r--s 000ad000 08:05 787893                     /home/lucas/.gradle/caches/modules-2/files-2.1/org.springframework/spring-beans/4.3.9.RELEASE/daa5abf3779c8cad1a2910e1ea08e4272489d8ae/spring-beans-4.3.9.RELEASE.jar
7fac5a70d000-7fac5a715000 r--s 0003a000 08:05 787894                     /home/lucas/.gradle/caches/modules-2/files-2.1/org.springframework/spring-tx/4.3.9.RELEASE/7a7b1775e1e604841f8b619e110e43d9929c37ab/spring-tx-4.3.9.RELEASE.jar
7fac5a715000-7fac5a72b000 r--s 000fc000 08:05 787868                     /home/lucas/.gradle/caches/modules-2/files-2.1/org.springframework/spring-core/4.3.9.RELEASE/430b7298bfb85d66fb61e19ca8f06231b911e9f5/spring-core-4.3.9.RELEASE.jar
7fac5a72b000-7fac5a730000 r--s 00017000 08:05 787845                     /home/lucas/.gradle/caches/modules-2/files-2.1/org.hibernate.javax.persistence/hibernate-jpa-2.1-api/1.0.0.Final/5e731d961297e5a07290bfaf3db1fbc8bbbf405a/hibernate-jpa-2.1-api-1.0.0.Final.jar
7fac5a730000-7fac5a77d000 r--s 0040d000 08:05 787815                     /home/lucas/.gradle/caches/modules-2/files-2.1/org.codehaus.groovy/groovy/2.4.11/52a60df8b4cbfe39469171a42ca77a3e4eb4e737/groovy-2.4.11.jar
7fac5a77d000-7fac5a78d000 r--s 00095000 08:05 788061                     /home/lucas/.gradle/caches/modules-2/files-2.1/org.springframework.boot/spring-boot/1.5.4.RELEASE/cf51bb0751c1362a417eb59824d27d2907780d2/spring-boot-1.5.4.RELEASE.jar
7fac5a78d000-7fac5a794000 r--s 00045000 08:05 788057                     /home/lucas/.gradle/caches/modules-2/files-2.1/ch.qos.logback/logback-classic/1.1.11/ccedfbacef4a6515d2983e3f89ed753d5d4fb665/logback-classic-1.1.11.jar
7fac5a794000-7fac5a800000 r--s 0050a000 08:05 787824                     /home/lucas/.gradle/caches/modules-2/files-2.1/org.hibernate/hibernate-core/5.1.5.Final/28366d161d448e82370e5bbd871eb2835ba0fb7b/hibernate-core-5.1.5.Final.jar
7fac5a800000-7fac5c000000 rw-p 00000000 00:00 0 
7fac5c000000-7fac5c021000 rw-p 00000000 00:00 0 
7fac5c021000-7fac60000000 ---p 00000000 00:00 0 
7fac60000000-7fac60004000 r--s 00019000 08:05 787892                     /home/lucas/.gradle/caches/modules-2/files-2.1/com.googlecode.concurrentlinkedhashmap/concurrentlinkedhashmap-lru/1.4.2/2eaf3d3c9746d526ff7e5b93931d482c3887e6ac/concurrentlinkedhashmap-lru-1.4.2.jar
7fac60004000-7fac60006000 r--s 00009000 08:05 788062                     /home/lucas/.gradle/caches/modules-2/files-2.1/org.slf4j/slf4j-api/1.7.25/da76ca59f6a57ee3102f8f9bd9cee742973efa8a/slf4j-api-1.7.25.jar
7fac60006000-7fac60015000 r--s 001ae000 08:05 788054                     /home/lucas/.gradle/caches/modules-2/files-2.1/com.h2database/h2/1.4.195/b25cc38f12b977694b8c85848e5bbecb2d88fd96/h2-1.4.195.jar
7fac60015000-7fac60018000 ---p 00000000 00:00 0 
7fac60018000-7fac60116000 rw-p 00000000 00:00 0                          [stack:12837]
7fac60116000-7fac607f8000 r--p 00000000 08:05 4856772                    /usr/lib/locale/locale-archive
7fac607f8000-7fac607fb000 ---p 00000000 00:00 0 
7fac607fb000-7fac608f9000 rw-p 00000000 00:00 0                          [stack:12835]
7fac608f9000-7fac608fc000 ---p 00000000 00:00 0 
7fac608fc000-7fac609fa000 rw-p 00000000 00:00 0                          [stack:12834]
7fac609fa000-7fac609fb000 ---p 00000000 00:00 0 
7fac609fb000-7fac61000000 rw-p 00000000 00:00 0                          [stack:12833]
7fac61000000-7fac62440000 rwxp 00000000 00:00 0 
7fac62440000-7fac70000000 ---p 00000000 00:00 0 
7fac70000000-7fac718f3000 rw-p 00000000 00:00 0 
7fac718f3000-7fac74000000 ---p 00000000 00:00 0 
7fac74000000-7fac74002000 r--s 00004000 08:05 788060                     /home/lucas/.gradle/caches/modules-2/files-2.1/org.slf4j/log4j-over-slf4j/1.7.25/a87bb47468f47ee7aabbd54f93e133d4215769c3/log4j-over-slf4j-1.7.25.jar
7fac74002000-7fac74004000 r--s 00000000 08:05 788059                     /home/lucas/.gradle/caches/modules-2/files-2.1/org.slf4j/jul-to-slf4j/1.7.25/af5364cd6679bfffb114f0dec8a157aaa283b76/jul-to-slf4j-1.7.25.jar
7fac74004000-7fac74006000 r--s 00003000 08:05 788058                     /home/lucas/.gradle/caches/modules-2/files-2.1/org.slf4j/jcl-over-slf4j/1.7.25/f8c32b13ff142a513eeb5b6330b1588dcb2c0461/jcl-over-slf4j-1.7.25.jar
7fac74006000-7fac74009000 r--s 0001d000 08:05 788056                     /home/lucas/.gradle/caches/modules-2/files-2.1/com.bertramlabs.plugins/asset-pipeline-grails/2.14.2/78d9651f5fc3dee1fce57cd5b01a18f9e53486b0/asset-pipeline-grails-2.14.2.jar
7fac74009000-7fac7400c000 r--s 00021000 08:05 788055                     /home/lucas/.gradle/caches/modules-2/files-2.1/org.apache.tomcat/tomcat-jdbc/8.5.15/1f802a58c21283fcdff1572a390bf98ae7231ea3/tomcat-jdbc-8.5.15.jar
7fac7400c000-7fac7400f000 r--s 00018000 08:05 788053                     /home/lucas/.gradle/caches/modules-2/files-2.1/org.glassfish.web/el-impl/2.1.2-b03/6bab1211b6e6b191fdbf06067bd05d2f75a62ac0/el-impl-2.1.2-b03.jar
7fac7400f000-7fac74014000 r--s 0004b000 08:05 788052                     /home/lucas/.gradle/caches/modules-2/files-2.1/org.grails.plugins/gsp/3.3.0/207d8d9c87e33608297fcd9a97c2105043774287/gsp-3.3.0.jar
7fac74014000-7fac74016000 r--s 00006000 08:05 787813                     /home/lucas/.gradle/caches/modules-2/files-2.1/org.grails.plugins/hibernate5/6.1.6/c7f1bb43b5229be989d827eaa9d432f056ed53bf/hibernate5-6.1.6.jar
7fac74016000-7fac74017000 r--s 00001000 08:05 788051                     /home/lucas/.gradle/caches/modules-2/files-2.1/org.grails.plugins/events/3.3.0/3df6529c92e6d5b6932c3341af62b5689cffb46/events-3.3.0.jar
7fac74017000-7fac74018000 r--s 00006000 08:05 788050                     /home/lucas/.gradle/caches/modules-2/files-2.1/org.grails.plugins/scaffolding/3.3.3/84c5d0b6452caa16edf90248c99d1033544eb993/scaffolding-3.3.3.jar
7fac74018000-7fac7401b000 r--s 0000c000 08:05 788049                     /home/lucas/.gradle/caches/modules-2/files-2.1/org.grails.plugins/async/3.3.0/92d772e45c110e6052114f0aec29c59d8ae0d904/async-3.3.0.jar
7fac7401b000-7fac7401d000 r--s 00011000 08:05 788048                     /home/lucas/.gradle/caches/modules-2/files-2.1/org.grails.plugins/cache/4.0.0/72be24e2f8b3e5407048f5cc5186dcd32e8de841/cache-4.0.0.jar
7fac7401d000-7fac7401f000 r--s 00004000 08:05 788046                     /home/lucas/.gradle/caches/modules-2/files-2.1/org.grails/grails-plugin-url-mappings/3.3.0/df7a2ef0b11a3c07f2cd1815b1d2c2722d4e75fe/grails-plugin-url-mappings-3.3.0.jar
7fac7401f000-7fac7402c000 r--s 000ae000 08:05 788037                     /home/lucas/.gradle/caches/modules-2/files-2.1/org.grails/grails-core/3.3.0/255a93e9ce20367b66217c435c820dfafa22b522/grails-core-3.3.0.jar
7fac7402c000-7fac7404c000 r--s 000e5000 08:05 788036                     /home/lucas/.gradle/caches/modules-2/files-2.1/org.springframework.boot/spring-boot-autoconfigure/1.5.4.RELEASE/5591fa7358d950f374532c7d92dccf113ebfa1bb/spring-boot-autoconfigure-1.5.4.RELEASE.jar
7fac7404c000-7fac740e2000 r--s 0110a000 08:05 5116286                    /usr/lib/jvm/java-8-oracle/jre/lib/ext/jfxrt.jar
7fac740e2000-7fac74b3b000 rw-p 00000000 00:00 0 
7fac74b3b000-7fac74d14000 r--s 03d64000 08:05 5116291                    /usr/lib/jvm/java-8-oracle/jre/lib/rt.jar
7fac74d14000-7fac75694000 rw-p 00000000 00:00 0 
7fac75694000-7fac75695000 ---p 00000000 00:00 0 
7fac75695000-7fac75795000 rw-p 00000000 00:00 0                          [stack:12832]
7fac75795000-7fac75796000 ---p 00000000 00:00 0 
7fac75796000-7fac75896000 rw-p 00000000 00:00 0                          [stack:12831]
7fac75896000-7fac75897000 ---p 00000000 00:00 0 
7fac75897000-7fac75997000 rw-p 00000000 00:00 0                          [stack:12830]
7fac75997000-7fac75998000 ---p 00000000 00:00 0 
7fac75998000-7fac75d6a000 rw-p 00000000 00:00 0                          [stack:12829]
7fac75d6a000-7fac760d9000 ---p 00000000 00:00 0 
7fac760d9000-7fac760f4000 r-xp 00000000 08:05 5116182                    /usr/lib/jvm/java-8-oracle/jre/lib/amd64/libzip.so
7fac760f4000-7fac762f4000 ---p 0001b000 08:05 5116182                    /usr/lib/jvm/java-8-oracle/jre/lib/amd64/libzip.so
7fac762f4000-7fac762f5000 rw-p 0001b000 08:05 5116182                    /usr/lib/jvm/java-8-oracle/jre/lib/amd64/libzip.so
7fac762f5000-7fac76300000 r-xp 00000000 08:05 1183729                    /lib/x86_64-linux-gnu/libnss_files-2.19.so
7fac76300000-7fac764ff000 ---p 0000b000 08:05 1183729                    /lib/x86_64-linux-gnu/libnss_files-2.19.so
7fac764ff000-7fac76500000 r--p 0000a000 08:05 1183729                    /lib/x86_64-linux-gnu/libnss_files-2.19.so
7fac76500000-7fac76501000 rw-p 0000b000 08:05 1183729                    /lib/x86_64-linux-gnu/libnss_files-2.19.so
7fac76501000-7fac7650c000 r-xp 00000000 08:05 1183739                    /lib/x86_64-linux-gnu/libnss_nis-2.19.so
7fac7650c000-7fac7670b000 ---p 0000b000 08:05 1183739                    /lib/x86_64-linux-gnu/libnss_nis-2.19.so
7fac7670b000-7fac7670c000 r--p 0000a000 08:05 1183739                    /lib/x86_64-linux-gnu/libnss_nis-2.19.so
7fac7670c000-7fac7670d000 rw-p 0000b000 08:05 1183739                    /lib/x86_64-linux-gnu/libnss_nis-2.19.so
7fac7670d000-7fac76724000 r-xp 00000000 08:05 1183723                    /lib/x86_64-linux-gnu/libnsl-2.19.so
7fac76724000-7fac76923000 ---p 00017000 08:05 1183723                    /lib/x86_64-linux-gnu/libnsl-2.19.so
7fac76923000-7fac76924000 r--p 00016000 08:05 1183723                    /lib/x86_64-linux-gnu/libnsl-2.19.so
7fac76924000-7fac76925000 rw-p 00017000 08:05 1183723                    /lib/x86_64-linux-gnu/libnsl-2.19.so
7fac76925000-7fac76927000 rw-p 00000000 00:00 0 
7fac76927000-7fac76930000 r-xp 00000000 08:05 1183725                    /lib/x86_64-linux-gnu/libnss_compat-2.19.so
7fac76930000-7fac76b2f000 ---p 00009000 08:05 1183725                    /lib/x86_64-linux-gnu/libnss_compat-2.19.so
7fac76b2f000-7fac76b30000 r--p 00008000 08:05 1183725                    /lib/x86_64-linux-gnu/libnss_compat-2.19.so
7fac76b30000-7fac76b31000 rw-p 00009000 08:05 1183725                    /lib/x86_64-linux-gnu/libnss_compat-2.19.so
7fac76b31000-7fac76b3b000 r-xp 00000000 08:05 5116224                    /usr/lib/jvm/java-8-oracle/jre/lib/amd64/libinstrument.so
7fac76b3b000-7fac76d3a000 ---p 0000a000 08:05 5116224                    /usr/lib/jvm/java-8-oracle/jre/lib/amd64/libinstrument.so
7fac76d3a000-7fac76d3b000 rw-p 00009000 08:05 5116224                    /usr/lib/jvm/java-8-oracle/jre/lib/amd64/libinstrument.so
7fac76d3b000-7fac76d66000 r-xp 00000000 08:05 5116177                    /usr/lib/jvm/java-8-oracle/jre/lib/amd64/libjava.so
7fac76d66000-7fac76f65000 ---p 0002b000 08:05 5116177                    /usr/lib/jvm/java-8-oracle/jre/lib/amd64/libjava.so
7fac76f65000-7fac76f67000 rw-p 0002a000 08:05 5116177                    /usr/lib/jvm/java-8-oracle/jre/lib/amd64/libjava.so
7fac76f67000-7fac76f74000 r-xp 00000000 08:05 5116185                    /usr/lib/jvm/java-8-oracle/jre/lib/amd64/libverify.so
7fac76f74000-7fac77174000 ---p 0000d000 08:05 5116185                    /usr/lib/jvm/java-8-oracle/jre/lib/amd64/libverify.so
7fac77174000-7fac77176000 rw-p 0000d000 08:05 5116185                    /usr/lib/jvm/java-8-oracle/jre/lib/amd64/libverify.so
7fac77176000-7fac7717d000 r-xp 00000000 08:05 1183782                    /lib/x86_64-linux-gnu/librt-2.19.so
7fac7717d000-7fac7737c000 ---p 00007000 08:05 1183782                    /lib/x86_64-linux-gnu/librt-2.19.so
7fac7737c000-7fac7737d000 r--p 00006000 08:05 1183782                    /lib/x86_64-linux-gnu/librt-2.19.so
7fac7737d000-7fac7737e000 rw-p 00007000 08:05 1183782                    /lib/x86_64-linux-gnu/librt-2.19.so
7fac7737e000-7fac77483000 r-xp 00000000 08:05 1183704                    /lib/x86_64-linux-gnu/libm-2.19.so
7fac77483000-7fac77682000 ---p 00105000 08:05 1183704                    /lib/x86_64-linux-gnu/libm-2.19.so
7fac77682000-7fac77683000 r--p 00104000 08:05 1183704                    /lib/x86_64-linux-gnu/libm-2.19.so
7fac77683000-7fac77684000 rw-p 00105000 08:05 1183704                    /lib/x86_64-linux-gnu/libm-2.19.so
7fac77684000-7fac7835d000 r-xp 00000000 08:05 5116209                    /usr/lib/jvm/java-8-oracle/jre/lib/amd64/server/libjvm.so
7fac7835d000-7fac7855c000 ---p 00cd9000 08:05 5116209                    /usr/lib/jvm/java-8-oracle/jre/lib/amd64/server/libjvm.so
7fac7855c000-7fac78635000 rw-p 00cd8000 08:05 5116209                    /usr/lib/jvm/java-8-oracle/jre/lib/amd64/server/libjvm.so
7fac78635000-7fac78681000 rw-p 00000000 00:00 0 
7fac78681000-7fac7883d000 r-xp 00000000 08:05 1183654                    /lib/x86_64-linux-gnu/libc-2.19.so
7fac7883d000-7fac78a3c000 ---p 001bc000 08:05 1183654                    /lib/x86_64-linux-gnu/libc-2.19.so
7fac78a3c000-7fac78a40000 r--p 001bb000 08:05 1183654                    /lib/x86_64-linux-gnu/libc-2.19.so
7fac78a40000-7fac78a42000 rw-p 001bf000 08:05 1183654                    /lib/x86_64-linux-gnu/libc-2.19.so
7fac78a42000-7fac78a47000 rw-p 00000000 00:00 0 
7fac78a47000-7fac78a4a000 r-xp 00000000 08:05 1183671                    /lib/x86_64-linux-gnu/libdl-2.19.so
7fac78a4a000-7fac78c49000 ---p 00003000 08:05 1183671                    /lib/x86_64-linux-gnu/libdl-2.19.so
7fac78c49000-7fac78c4a000 r--p 00002000 08:05 1183671                    /lib/x86_64-linux-gnu/libdl-2.19.so
7fac78c4a000-7fac78c4b000 rw-p 00003000 08:05 1183671                    /lib/x86_64-linux-gnu/libdl-2.19.so
7fac78c4b000-7fac78c61000 r-xp 00000000 08:05 5249981                    /usr/lib/jvm/java-8-oracle/lib/amd64/jli/libjli.so
7fac78c61000-7fac78e60000 ---p 00016000 08:05 5249981                    /usr/lib/jvm/java-8-oracle/lib/amd64/jli/libjli.so
7fac78e60000-7fac78e61000 rw-p 00015000 08:05 5249981                    /usr/lib/jvm/java-8-oracle/lib/amd64/jli/libjli.so
7fac78e61000-7fac78e7a000 r-xp 00000000 08:05 1183774                    /lib/x86_64-linux-gnu/libpthread-2.19.so
7fac78e7a000-7fac79079000 ---p 00019000 08:05 1183774                    /lib/x86_64-linux-gnu/libpthread-2.19.so
7fac79079000-7fac7907a000 r--p 00018000 08:05 1183774                    /lib/x86_64-linux-gnu/libpthread-2.19.so
7fac7907a000-7fac7907b000 rw-p 00019000 08:05 1183774                    /lib/x86_64-linux-gnu/libpthread-2.19.so
7fac7907b000-7fac7907f000 rw-p 00000000 00:00 0 
7fac7907f000-7fac790a2000 r-xp 00000000 08:05 1183630                    /lib/x86_64-linux-gnu/ld-2.19.so
7fac790a2000-7fac790a4000 r--s 00003000 08:05 788045                     /home/lucas/.gradle/caches/modules-2/files-2.1/org.grails/grails-plugin-services/3.3.0/3a241ac30b3056e24b3e017e669c6118c1a9d19f/grails-plugin-services-3.3.0.jar
7fac790a4000-7fac79184000 rw-p 00000000 00:00 0 
7fac79184000-7fac79187000 ---p 00000000 00:00 0 
7fac79187000-7fac79289000 rw-p 00000000 00:00 0                          [stack:12822]
7fac79289000-7fac7928a000 r--s 00008000 08:05 788047                     /home/lucas/.gradle/caches/modules-2/files-2.1/org.grails/grails-plugin-interceptors/3.3.0/9864d7565f9623c76a0daafafe0ca45ca31cd46d/grails-plugin-interceptors-3.3.0.jar
7fac7928a000-7fac7928b000 r--s 00003000 08:05 788044                     /home/lucas/.gradle/caches/modules-2/files-2.1/org.grails/grails-plugin-i18n/3.3.0/dc4faa0d2038c884f3d95ed49262874973d3a436/grails-plugin-i18n-3.3.0.jar
7fac7928b000-7fac7928c000 r--s 00004000 08:05 788043                     /home/lucas/.gradle/caches/modules-2/files-2.1/org.grails/grails-plugin-databinding/3.3.0/748320c551d8176e45cbf32ae8a9e5188af83e12/grails-plugin-databinding-3.3.0.jar
7fac7928c000-7fac79290000 r--s 00031000 08:05 788042                     /home/lucas/.gradle/caches/modules-2/files-2.1/org.grails/grails-plugin-rest/3.3.0/377755023c8a739decae53eef2b455508a50b03b/grails-plugin-rest-3.3.0.jar
7fac79290000-7fac79291000 r--s 00000000 08:05 788041                     /home/lucas/.gradle/caches/modules-2/files-2.1/org.grails/grails-logging/3.3.0/76509fc3d6f8c98a47516b2491fe094a48565d1e/grails-logging-3.3.0.jar
7fac79291000-7fac79292000 r--s 00001000 08:05 788040                     /home/lucas/.gradle/caches/modules-2/files-2.1/org.grails/grails-web-boot/3.3.0/36f9f00eccf77cbf13853b1aeac8c8e18f02f8ec/grails-web-boot-3.3.0.jar
7fac79292000-7fac79293000 r--s 00000000 08:05 788039                     /home/lucas/.gradle/caches/modules-2/files-2.1/org.springframework.boot/spring-boot-starter-tomcat/1.5.4.RELEASE/d7e26f1d0e594bd1aab7da227649fc12c1958416/spring-boot-starter-tomcat-1.5.4.RELEASE.jar
7fac79293000-7fac79294000 r--s 00000000 08:05 788038                     /home/lucas/.gradle/caches/modules-2/files-2.1/org.springframework.boot/spring-boot-starter-actuator/1.5.4.RELEASE/10f526d22f58a32a8c3af26ccb0a6f16f4649935/spring-boot-starter-actuator-1.5.4.RELEASE.jar
7fac79294000-7fac79295000 r--s 00000000 08:05 788035                     /home/lucas/.gradle/caches/modules-2/files-2.1/org.springframework.boot/spring-boot-starter-logging/1.5.4.RELEASE/6b4364cfee82890ce9a9c2c59066f3a6e525debd/spring-boot-starter-logging-1.5.4.RELEASE.jar
7fac79295000-7fac7929d000 rw-s 00000000 08:05 917554                     /tmp/hsperfdata_lucas/12820
7fac7929d000-7fac7929e000 rw-p 00000000 00:00 0 
7fac7929e000-7fac7929f000 r--p 00000000 00:00 0 
7fac7929f000-7fac792a1000 rw-p 00000000 00:00 0 
7fac792a1000-7fac792a2000 r--p 00022000 08:05 1183630                    /lib/x86_64-linux-gnu/ld-2.19.so
7fac792a2000-7fac792a3000 rw-p 00023000 08:05 1183630                    /lib/x86_64-linux-gnu/ld-2.19.so
7fac792a3000-7fac792a4000 rw-p 00000000 00:00 0 
7fffc2ac1000-7fffc2ae7000 rw-p 00000000 00:00 0                          [stack]
7fffc2bfe000-7fffc2c00000 r-xp 00000000 00:00 0                          [vdso]
ffffffffff600000-ffffffffff601000 r-xp 00000000 00:00 0                  [vsyscall]

VM Arguments:
jvm_args: -Dendpoints.shutdown.enabled=true -Denv=development -Dfull.stacktrace=false -Dgrails.env=development -Dgrails.full.stacktrace=false -Dinfo.app.grailsVersion=3.3.0 -Dinfo.app.name=Dashboard -Dinfo.app.version=0.1 -Djdk.reflect.allowGetCallerClass=true -Drun.active=true -Dspring.output.ansi.enabled=always -Dspringloaded=inclusions=grails.plugins..*;synchronize=true;allowSplitPackages=true;cacheDir=/home/lucas/Escritorio/Disenio/TablaInstrumentos/Dashboard/build/springloaded -Dverbose=false -XX:+TieredCompilation -XX:TieredStopAtLevel=1 -XX:CICompilerCount=3 -javaagent:/home/lucas/.gradle/caches/modules-2/files-2.1/org.springframework/springloaded/1.2.7.RELEASE/36be57f1a306cec1185b0276960fbe95dee08bf/springloaded-1.2.7.RELEASE.jar -Xverify:none -Xms768m -Xmx768m -Dfile.encoding=UTF-8 -Duser.country=AR -Duser.language=es -Duser.variant 
java_command: dashboard.Application
java_class_path (initial): /home/lucas/Escritorio/Disenio/TablaInstrumentos/Dashboard/src/main/resources:/home/lucas/Escritorio/Disenio/TablaInstrumentos/Dashboard/grails-app/views:/home/lucas/Escritorio/Disenio/TablaInstrumentos/Dashboard/grails-app/i18n:/home/lucas/Escritorio/Disenio/TablaInstrumentos/Dashboard/grails-app/conf:/home/lucas/Escritorio/Disenio/TablaInstrumentos/Dashboard/build/classes/main:/home/lucas/Escritorio/Disenio/TablaInstrumentos/Dashboard/build/resources/main:/home/lucas/Escritorio/Disenio/TablaInstrumentos/Dashboard/gsp-classes:/home/lucas/.gradle/caches/modules-2/files-2.1/org.springframework.boot/spring-boot-starter-logging/1.5.4.RELEASE/6b4364cfee82890ce9a9c2c59066f3a6e525debd/spring-boot-starter-logging-1.5.4.RELEASE.jar:/home/lucas/.gradle/caches/modules-2/files-2.1/org.springframework.boot/spring-boot-autoconfigure/1.5.4.RELEASE/5591fa7358d950f374532c7d92dccf113ebfa1bb/spring-boot-autoconfigure-1.5.4.RELEASE.jar:/home/lucas/.gradle/caches/modules-2/files-2.1/org.grails/grails-core/3.3.0/255a93e9ce20367b66217c435c820dfafa22b522/grails-core-3.3.0.jar:/home/lucas/.gradle/caches/modules-2/files-2.1/org.springframework.boot/spring-boot-starter-actuator/1.5.4.RELEASE/10f526d22f58a32a8c3af26ccb0a6f16f4649935/spring-boot-starter-actuator-1.5.4.RELEASE.jar:/home/lucas/.gradle/caches/modules-2/files-2.1/org.springframework.boot/spring-boot-starter-tomcat/1.5.4.RELEASE/d7e26f1d0e594bd1aab7da227649fc12c1958416/spring-boot-starter-tomcat-1.5.4.RELEASE.jar:/home/lucas/.gradle/caches/modules-2/files-2.1/org.grails/grails-web-boot/3.3.0/36f9f00eccf77cbf13853b1aeac8c8e18f02f8ec/grails-web-boot-3.3.0.jar:/home/lucas/.gradle/caches/modules-2/files-2.1/org.grails/grails-logging/3.3.0/76509fc3d6f8c98a47516b2491fe094a48565d1e/grails-logging-3.3.0.jar:/home/lucas/.gradle/caches/modules-2/files-2.1/org.grails/grails-plugin-rest/3.3.0/377755023c8a739decae53eef2b455508a50b03b/grails-plugin-rest-3.3.0.jar:/home/lucas/.gradle/caches/modules-2/files-2.1/org.gra
Launcher Type: SUN_STANDARD

Environment Variables:
JAVA_HOME=/usr/lib/jvm/java-8-oracle
PATH=/home/lucas/.sdkman/candidates/grails/current/bin:/usr/local/sbin:/usr/local/bin:/usr/sbin:/usr/bin:/sbin:/bin:/usr/games:/usr/local/games:/usr/lib/jvm/java-8-oracle/bin:/usr/lib/jvm/java-8-oracle/db/bin:/usr/lib/jvm/java-8-oracle/jre/bin
SHELL=/bin/bash
DISPLAY=:0

Signal Handlers:
SIGSEGV: [libjvm.so+0xad01e0], sa_mask[0]=11111111011111111101111111111110, sa_flags=SA_RESTART|SA_SIGINFO
SIGBUS: [libjvm.so+0xad01e0], sa_mask[0]=11111111011111111101111111111110, sa_flags=SA_RESTART|SA_SIGINFO
SIGFPE: [libjvm.so+0x927fb0], sa_mask[0]=11111111011111111101111111111110, sa_flags=SA_RESTART|SA_SIGINFO
SIGPIPE: [libjvm.so+0x927fb0], sa_mask[0]=11111111011111111101111111111110, sa_flags=SA_RESTART|SA_SIGINFO
SIGXFSZ: [libjvm.so+0x927fb0], sa_mask[0]=11111111011111111101111111111110, sa_flags=SA_RESTART|SA_SIGINFO
SIGILL: [libjvm.so+0x927fb0], sa_mask[0]=11111111011111111101111111111110, sa_flags=SA_RESTART|SA_SIGINFO
SIGUSR1: SIG_DFL, sa_mask[0]=00000000000000000000000000000000, sa_flags=none
SIGUSR2: [libjvm.so+0x9297f0], sa_mask[0]=00100000000000000000000000000000, sa_flags=SA_RESTART|SA_SIGINFO
SIGHUP: [libjvm.so+0x92abf0], sa_mask[0]=11111111011111111101111111111110, sa_flags=SA_RESTART|SA_SIGINFO
SIGINT: [libjvm.so+0x92abf0], sa_mask[0]=11111111011111111101111111111110, sa_flags=SA_RESTART|SA_SIGINFO
SIGTERM: [libjvm.so+0x92abf0], sa_mask[0]=11111111011111111101111111111110, sa_flags=SA_RESTART|SA_SIGINFO
SIGQUIT: [libjvm.so+0x92abf0], sa_mask[0]=11111111011111111101111111111110, sa_flags=SA_RESTART|SA_SIGINFO


---------------  S Y S T E M  ---------------

OS:DISTRIB_ID=Ubuntu
DISTRIB_RELEASE=14.04
DISTRIB_CODENAME=trusty
DISTRIB_DESCRIPTION="Ubuntu 14.04.1 LTS"

uname:Linux 3.13.0-32-generic #57-Ubuntu SMP Tue Jul 15 03:51:08 UTC 2014 x86_64
libc:glibc 2.19 NPTL 2.19 
rlimit: STACK 8192k, CORE 0k, NPROC 30244, NOFILE 4096, AS infinity
load average:1,89 2,83 2,68

/proc/meminfo:
MemTotal:        3892812 kB
MemFree:          623276 kB
Buffers:            3944 kB
Cached:           378376 kB
SwapCached:       124932 kB
Active:          1936920 kB
Inactive:        1082020 kB
Active(anon):    1880496 kB
Inactive(anon):   938616 kB
Active(file):      56424 kB
Inactive(file):   143404 kB
Unevictable:         280 kB
Mlocked:             280 kB
SwapTotal:       4035580 kB
SwapFree:        1537524 kB
Dirty:              1008 kB
Writeback:             0 kB
AnonPages:       2520616 kB
Mapped:           118748 kB
Shmem:            182348 kB
Slab:              64880 kB
SReclaimable:      29976 kB
SUnreclaim:        34904 kB
KernelStack:        5920 kB
PageTables:        51820 kB
NFS_Unstable:          0 kB
Bounce:                0 kB
WritebackTmp:          0 kB
CommitLimit:     5981984 kB
Committed_AS:   12381476 kB
VmallocTotal:   34359738367 kB
VmallocUsed:      544776 kB
VmallocChunk:   34359183324 kB
HardwareCorrupted:     0 kB
AnonHugePages:   1294336 kB
HugePages_Total:       0
HugePages_Free:        0
HugePages_Rsvd:        0
HugePages_Surp:        0
Hugepagesize:       2048 kB
DirectMap4k:       72600 kB
DirectMap2M:     3964928 kB


CPU:total 4 (initial active 4) (2 cores per cpu, 2 threads per core) family 6 model 42 stepping 7, cmov, cx8, fxsr, mmx, sse, sse2, sse3, ssse3, sse4.1, sse4.2, popcnt, avx, clmul, ht, tsc, tscinvbit

/proc/cpuinfo:
processor	: 0
vendor_id	: GenuineIntel
cpu family	: 6
model		: 42
model name	: Intel(R) Core(TM) i5-2410M CPU @ 2.30GHz
stepping	: 7
microcode	: 0x14
cpu MHz		: 2301.000
cache size	: 3072 KB
physical id	: 0
siblings	: 4
core id		: 0
cpu cores	: 2
apicid		: 0
initial apicid	: 0
fpu		: yes
fpu_exception	: yes
cpuid level	: 13
wp		: yes
flags		: fpu vme de pse tsc msr pae mce cx8 apic sep mtrr pge mca cmov pat pse36 clflush dts acpi mmx fxsr sse sse2 ss ht tm pbe syscall nx rdtscp lm constant_tsc arch_perfmon pebs bts rep_good nopl xtopology nonstop_tsc aperfmperf eagerfpu pni pclmulqdq dtes64 monitor ds_cpl vmx est tm2 ssse3 cx16 xtpr pdcm pcid sse4_1 sse4_2 x2apic popcnt tsc_deadline_timer xsave avx lahf_lm ida arat epb xsaveopt pln pts dtherm tpr_shadow vnmi flexpriority ept vpid
bogomips	: 4589.33
clflush size	: 64
cache_alignment	: 64
address sizes	: 36 bits physical, 48 bits virtual
power management:

processor	: 1
vendor_id	: GenuineIntel
cpu family	: 6
model		: 42
model name	: Intel(R) Core(TM) i5-2410M CPU @ 2.30GHz
stepping	: 7
microcode	: 0x14
cpu MHz		: 1200.000
cache size	: 3072 KB
physical id	: 0
siblings	: 4
core id		: 1
cpu cores	: 2
apicid		: 2
initial apicid	: 2
fpu		: yes
fpu_exception	: yes
cpuid level	: 13
wp		: yes
flags		: fpu vme de pse tsc msr pae mce cx8 apic sep mtrr pge mca cmov pat pse36 clflush dts acpi mmx fxsr sse sse2 ss ht tm pbe syscall nx rdtscp lm constant_tsc arch_perfmon pebs bts rep_good nopl xtopology nonstop_tsc aperfmperf eagerfpu pni pclmulqdq dtes64 monitor ds_cpl vmx est tm2 ssse3 cx16 xtpr pdcm pcid sse4_1 sse4_2 x2apic popcnt tsc_deadline_timer xsave avx lahf_lm ida arat epb xsaveopt pln pts dtherm tpr_shadow vnmi flexpriority ept vpid
bogomips	: 4589.33
clflush size	: 64
cache_alignment	: 64
address sizes	: 36 bits physical, 48 bits virtual
power management:

processor	: 2
vendor_id	: GenuineIntel
cpu family	: 6
model		: 42
model name	: Intel(R) Core(TM) i5-2410M CPU @ 2.30GHz
stepping	: 7
microcode	: 0x14
cpu MHz		: 800.000
cache size	: 3072 KB
physical id	: 0
siblings	: 4
core id		: 0
cpu cores	: 2
apicid		: 1
initial apicid	: 1
fpu		: yes
fpu_exception	: yes
cpuid level	: 13
wp		: yes
flags		: fpu vme de pse tsc msr pae mce cx8 apic sep mtrr pge mca cmov pat pse36 clflush dts acpi mmx fxsr sse sse2 ss ht tm pbe syscall nx rdtscp lm constant_tsc arch_perfmon pebs bts rep_good nopl xtopology nonstop_tsc aperfmperf eagerfpu pni pclmulqdq dtes64 monitor ds_cpl vmx est tm2 ssse3 cx16 xtpr pdcm pcid sse4_1 sse4_2 x2apic popcnt tsc_deadline_timer xsave avx lahf_lm ida arat epb xsaveopt pln pts dtherm tpr_shadow vnmi flexpriority ept vpid
bogomips	: 4589.33
clflush size	: 64
cache_alignment	: 64
address sizes	: 36 bits physical, 48 bits virtual
power management:

processor	: 3
vendor_id	: GenuineIntel
cpu family	: 6
model		: 42
model name	: Intel(R) Core(TM) i5-2410M CPU @ 2.30GHz
stepping	: 7
microcode	: 0x14
cpu MHz		: 2301.000
cache size	: 3072 KB
physical id	: 0
siblings	: 4
core id		: 1
cpu cores	: 2
apicid		: 3
initial apicid	: 3
fpu		: yes
fpu_exception	: yes
cpuid level	: 13
wp		: yes
flags		: fpu vme de pse tsc msr pae mce cx8 apic sep mtrr pge mca cmov pat pse36 clflush dts acpi mmx fxsr sse sse2 ss ht tm pbe syscall nx rdtscp lm constant_tsc arch_perfmon pebs bts rep_good nopl xtopology nonstop_tsc aperfmperf eagerfpu pni pclmulqdq dtes64 monitor ds_cpl vmx est tm2 ssse3 cx16 xtpr pdcm pcid sse4_1 sse4_2 x2apic popcnt tsc_deadline_timer xsave avx lahf_lm ida arat epb xsaveopt pln pts dtherm tpr_shadow vnmi flexpriority ept vpid
bogomips	: 4589.33
clflush size	: 64
cache_alignment	: 64
address sizes	: 36 bits physical, 48 bits virtual
power management:



Memory: 4k page, physical 3892812k(623276k free), swap 4035580k(1537524k free)

vm_info: Java HotSpot(TM) 64-Bit Server VM (25.161-b12) for linux-amd64 JRE (1.8.0_161-b12), built on Dec 19 2017 16:12:43 by "java_re" with gcc 4.3.0 20080428 (Red Hat 4.3.0-8)

time: Sun Apr 29 21:44:26 2018
elapsed time: 573 seconds (0d 0h 9m 33s)

