#
# There is insufficient memory for the Java Runtime Environment to continue.
# Native memory allocation (mmap) failed to map 268435456 bytes for committing reserved memory.
# Possible reasons:
#   The system is out of physical RAM or swap space
#   In 32 bit mode, the process size limit was hit
# Possible solutions:
#   Reduce memory load on the system
#   Increase physical memory or swap space
#   Check if swap backing store is full
#   Use 64 bit Java on a 64 bit OS
#   Decrease Java heap size (-Xmx/-Xms)
#   Decrease number of Java threads
#   Decrease Java thread stack sizes (-Xss)
#   Set larger code cache with -XX:ReservedCodeCacheSize=
# This output file may be truncated or incomplete.
#
#  Out of Memory Error (os_linux.cpp:2640), pid=8795, tid=0x00007f6ae8b8c700
#
# JRE version:  (8.0_161-b12) (build )
# Java VM: Java HotSpot(TM) 64-Bit Server VM (25.161-b12 mixed mode linux-amd64 compressed oops)
# Failed to write core dump. Core dumps have been disabled. To enable core dumping, try "ulimit -c unlimited" before starting Java again
#

---------------  T H R E A D  ---------------

Current thread (0x00007f6ae0016000):  JavaThread "Unknown thread" [_thread_in_vm, id=8802, stack(0x00007f6ae8a8c000,0x00007f6ae8b8d000)]

Stack: [0x00007f6ae8a8c000,0x00007f6ae8b8d000],  sp=0x00007f6ae8b8b3c0,  free space=1020k
Native frames: (J=compiled Java code, j=interpreted, Vv=VM code, C=native code)
V  [libjvm.so+0xacf94a]  VMError::report_and_die()+0x2ba
V  [libjvm.so+0x50050b]  report_vm_out_of_memory(char const*, int, unsigned long, VMErrorType, char const*)+0x8b
V  [libjvm.so+0x92b133]  os::Linux::commit_memory_impl(char*, unsigned long, bool)+0x103
V  [libjvm.so+0x92b5c9]  os::pd_commit_memory(char*, unsigned long, unsigned long, bool)+0x29
V  [libjvm.so+0x924c0a]  os::commit_memory(char*, unsigned long, unsigned long, bool)+0x2a
V  [libjvm.so+0x99ab53]  PSVirtualSpace::expand_by(unsigned long)+0x53
V  [libjvm.so+0x99bb15]  PSYoungGen::initialize_virtual_space(ReservedSpace, unsigned long)+0x75
V  [libjvm.so+0x99c47e]  PSYoungGen::initialize(ReservedSpace, unsigned long)+0x3e
V  [libjvm.so+0x2db2b5]  AdjoiningGenerations::AdjoiningGenerations(ReservedSpace, GenerationSizer*, unsigned long)+0x345
V  [libjvm.so+0x94ec56]  ParallelScavengeHeap::initialize()+0x1d6
V  [libjvm.so+0xa979f3]  Universe::initialize_heap()+0xf3
V  [libjvm.so+0xa97f5e]  universe_init()+0x3e
V  [libjvm.so+0x641fb5]  init_globals()+0x65
V  [libjvm.so+0xa7c5ae]  Threads::create_vm(JavaVMInitArgs*, bool*)+0x23e
V  [libjvm.so+0x6d6c24]  JNI_CreateJavaVM+0x74
C  [libjli.so+0x797e]  JavaMain+0x9e
C  [libpthread.so.0+0x8182]  start_thread+0xc2


---------------  P R O C E S S  ---------------

Java Threads: ( => current thread )

Other Threads:

=>0x00007f6ae0016000 (exited) JavaThread "Unknown thread" [_thread_in_vm, id=8802, stack(0x00007f6ae8a8c000,0x00007f6ae8b8d000)]

VM state:not at safepoint (not fully initialized)

VM Mutex/Monitor currently owned by a thread: None

GC Heap History (0 events):
No events

Deoptimization events (0 events):
No events

Classes redefined (0 events):
No events

Internal exceptions (0 events):
No events

Events (0 events):
No events


Dynamic libraries:
00400000-00401000 r-xp 00000000 08:05 5249936                            /usr/lib/jvm/java-8-oracle/bin/java
00600000-00601000 rw-p 00000000 08:05 5249936                            /usr/lib/jvm/java-8-oracle/bin/java
0229b000-022bc000 rw-p 00000000 00:00 0                                  [heap]
d0000000-f0000000 ---p 00000000 00:00 0 
7f6ad1000000-7f6ad1270000 rwxp 00000000 00:00 0 
7f6ad1270000-7f6ae0000000 ---p 00000000 00:00 0 
7f6ae0000000-7f6ae003d000 rw-p 00000000 00:00 0 
7f6ae003d000-7f6ae4000000 ---p 00000000 00:00 0 
7f6ae5218000-7f6ae54a0000 rw-p 00000000 00:00 0 
7f6ae54a0000-7f6ae5620000 ---p 00000000 00:00 0 
7f6ae5620000-7f6ae562b000 rw-p 00000000 00:00 0 
7f6ae562b000-7f6ae59e1000 ---p 00000000 00:00 0 
7f6ae59e1000-7f6ae59fc000 r-xp 00000000 08:05 5116182                    /usr/lib/jvm/java-8-oracle/jre/lib/amd64/libzip.so
7f6ae59fc000-7f6ae5bfc000 ---p 0001b000 08:05 5116182                    /usr/lib/jvm/java-8-oracle/jre/lib/amd64/libzip.so
7f6ae5bfc000-7f6ae5bfd000 rw-p 0001b000 08:05 5116182                    /usr/lib/jvm/java-8-oracle/jre/lib/amd64/libzip.so
7f6ae5bfd000-7f6ae5c08000 r-xp 00000000 08:05 1183729                    /lib/x86_64-linux-gnu/libnss_files-2.19.so
7f6ae5c08000-7f6ae5e07000 ---p 0000b000 08:05 1183729                    /lib/x86_64-linux-gnu/libnss_files-2.19.so
7f6ae5e07000-7f6ae5e08000 r--p 0000a000 08:05 1183729                    /lib/x86_64-linux-gnu/libnss_files-2.19.so
7f6ae5e08000-7f6ae5e09000 rw-p 0000b000 08:05 1183729                    /lib/x86_64-linux-gnu/libnss_files-2.19.so
7f6ae5e09000-7f6ae5e14000 r-xp 00000000 08:05 1183739                    /lib/x86_64-linux-gnu/libnss_nis-2.19.so
7f6ae5e14000-7f6ae6013000 ---p 0000b000 08:05 1183739                    /lib/x86_64-linux-gnu/libnss_nis-2.19.so
7f6ae6013000-7f6ae6014000 r--p 0000a000 08:05 1183739                    /lib/x86_64-linux-gnu/libnss_nis-2.19.so
7f6ae6014000-7f6ae6015000 rw-p 0000b000 08:05 1183739                    /lib/x86_64-linux-gnu/libnss_nis-2.19.so
7f6ae6015000-7f6ae602c000 r-xp 00000000 08:05 1183723                    /lib/x86_64-linux-gnu/libnsl-2.19.so
7f6ae602c000-7f6ae622b000 ---p 00017000 08:05 1183723                    /lib/x86_64-linux-gnu/libnsl-2.19.so
7f6ae622b000-7f6ae622c000 r--p 00016000 08:05 1183723                    /lib/x86_64-linux-gnu/libnsl-2.19.so
7f6ae622c000-7f6ae622d000 rw-p 00017000 08:05 1183723                    /lib/x86_64-linux-gnu/libnsl-2.19.so
7f6ae622d000-7f6ae622f000 rw-p 00000000 00:00 0 
7f6ae622f000-7f6ae6238000 r-xp 00000000 08:05 1183725                    /lib/x86_64-linux-gnu/libnss_compat-2.19.so
7f6ae6238000-7f6ae6437000 ---p 00009000 08:05 1183725                    /lib/x86_64-linux-gnu/libnss_compat-2.19.so
7f6ae6437000-7f6ae6438000 r--p 00008000 08:05 1183725                    /lib/x86_64-linux-gnu/libnss_compat-2.19.so
7f6ae6438000-7f6ae6439000 rw-p 00009000 08:05 1183725                    /lib/x86_64-linux-gnu/libnss_compat-2.19.so
7f6ae6439000-7f6ae6443000 r-xp 00000000 08:05 5116224                    /usr/lib/jvm/java-8-oracle/jre/lib/amd64/libinstrument.so
7f6ae6443000-7f6ae6642000 ---p 0000a000 08:05 5116224                    /usr/lib/jvm/java-8-oracle/jre/lib/amd64/libinstrument.so
7f6ae6642000-7f6ae6643000 rw-p 00009000 08:05 5116224                    /usr/lib/jvm/java-8-oracle/jre/lib/amd64/libinstrument.so
7f6ae6643000-7f6ae666e000 r-xp 00000000 08:05 5116177                    /usr/lib/jvm/java-8-oracle/jre/lib/amd64/libjava.so
7f6ae666e000-7f6ae686d000 ---p 0002b000 08:05 5116177                    /usr/lib/jvm/java-8-oracle/jre/lib/amd64/libjava.so
7f6ae686d000-7f6ae686f000 rw-p 0002a000 08:05 5116177                    /usr/lib/jvm/java-8-oracle/jre/lib/amd64/libjava.so
7f6ae686f000-7f6ae687c000 r-xp 00000000 08:05 5116185                    /usr/lib/jvm/java-8-oracle/jre/lib/amd64/libverify.so
7f6ae687c000-7f6ae6a7c000 ---p 0000d000 08:05 5116185                    /usr/lib/jvm/java-8-oracle/jre/lib/amd64/libverify.so
7f6ae6a7c000-7f6ae6a7e000 rw-p 0000d000 08:05 5116185                    /usr/lib/jvm/java-8-oracle/jre/lib/amd64/libverify.so
7f6ae6a7e000-7f6ae6a85000 r-xp 00000000 08:05 1183782                    /lib/x86_64-linux-gnu/librt-2.19.so
7f6ae6a85000-7f6ae6c84000 ---p 00007000 08:05 1183782                    /lib/x86_64-linux-gnu/librt-2.19.so
7f6ae6c84000-7f6ae6c85000 r--p 00006000 08:05 1183782                    /lib/x86_64-linux-gnu/librt-2.19.so
7f6ae6c85000-7f6ae6c86000 rw-p 00007000 08:05 1183782                    /lib/x86_64-linux-gnu/librt-2.19.so
7f6ae6c86000-7f6ae6d8b000 r-xp 00000000 08:05 1183704                    /lib/x86_64-linux-gnu/libm-2.19.so
7f6ae6d8b000-7f6ae6f8a000 ---p 00105000 08:05 1183704                    /lib/x86_64-linux-gnu/libm-2.19.so
7f6ae6f8a000-7f6ae6f8b000 r--p 00104000 08:05 1183704                    /lib/x86_64-linux-gnu/libm-2.19.so
7f6ae6f8b000-7f6ae6f8c000 rw-p 00105000 08:05 1183704                    /lib/x86_64-linux-gnu/libm-2.19.so
7f6ae6f8c000-7f6ae7c65000 r-xp 00000000 08:05 5116209                    /usr/lib/jvm/java-8-oracle/jre/lib/amd64/server/libjvm.so
7f6ae7c65000-7f6ae7e64000 ---p 00cd9000 08:05 5116209                    /usr/lib/jvm/java-8-oracle/jre/lib/amd64/server/libjvm.so
7f6ae7e64000-7f6ae7f3d000 rw-p 00cd8000 08:05 5116209                    /usr/lib/jvm/java-8-oracle/jre/lib/amd64/server/libjvm.so
7f6ae7f3d000-7f6ae7f89000 rw-p 00000000 00:00 0 
7f6ae7f89000-7f6ae8145000 r-xp 00000000 08:05 1183654                    /lib/x86_64-linux-gnu/libc-2.19.so
7f6ae8145000-7f6ae8344000 ---p 001bc000 08:05 1183654                    /lib/x86_64-linux-gnu/libc-2.19.so
7f6ae8344000-7f6ae8348000 r--p 001bb000 08:05 1183654                    /lib/x86_64-linux-gnu/libc-2.19.so
7f6ae8348000-7f6ae834a000 rw-p 001bf000 08:05 1183654                    /lib/x86_64-linux-gnu/libc-2.19.so
7f6ae834a000-7f6ae834f000 rw-p 00000000 00:00 0 
7f6ae834f000-7f6ae8352000 r-xp 00000000 08:05 1183671                    /lib/x86_64-linux-gnu/libdl-2.19.so
7f6ae8352000-7f6ae8551000 ---p 00003000 08:05 1183671                    /lib/x86_64-linux-gnu/libdl-2.19.so
7f6ae8551000-7f6ae8552000 r--p 00002000 08:05 1183671                    /lib/x86_64-linux-gnu/libdl-2.19.so
7f6ae8552000-7f6ae8553000 rw-p 00003000 08:05 1183671                    /lib/x86_64-linux-gnu/libdl-2.19.so
7f6ae8553000-7f6ae8569000 r-xp 00000000 08:05 5249981                    /usr/lib/jvm/java-8-oracle/lib/amd64/jli/libjli.so
7f6ae8569000-7f6ae8768000 ---p 00016000 08:05 5249981                    /usr/lib/jvm/java-8-oracle/lib/amd64/jli/libjli.so
7f6ae8768000-7f6ae8769000 rw-p 00015000 08:05 5249981                    /usr/lib/jvm/java-8-oracle/lib/amd64/jli/libjli.so
7f6ae8769000-7f6ae8782000 r-xp 00000000 08:05 1183774                    /lib/x86_64-linux-gnu/libpthread-2.19.so
7f6ae8782000-7f6ae8981000 ---p 00019000 08:05 1183774                    /lib/x86_64-linux-gnu/libpthread-2.19.so
7f6ae8981000-7f6ae8982000 r--p 00018000 08:05 1183774                    /lib/x86_64-linux-gnu/libpthread-2.19.so
7f6ae8982000-7f6ae8983000 rw-p 00019000 08:05 1183774                    /lib/x86_64-linux-gnu/libpthread-2.19.so
7f6ae8983000-7f6ae8987000 rw-p 00000000 00:00 0 
7f6ae8987000-7f6ae89aa000 r-xp 00000000 08:05 1183630                    /lib/x86_64-linux-gnu/ld-2.19.so
7f6ae8a8c000-7f6ae8a8f000 ---p 00000000 00:00 0 
7f6ae8a8f000-7f6ae8b91000 rw-p 00000000 00:00 0                          [stack:8802]
7f6ae8b9a000-7f6ae8b9d000 rw-p 00000000 00:00 0 
7f6ae8b9d000-7f6ae8ba5000 rw-s 00000000 08:05 917636                     /tmp/hsperfdata_lucas/8795
7f6ae8ba5000-7f6ae8ba6000 rw-p 00000000 00:00 0 
7f6ae8ba6000-7f6ae8ba7000 r--p 00000000 00:00 0 
7f6ae8ba7000-7f6ae8ba9000 rw-p 00000000 00:00 0 
7f6ae8ba9000-7f6ae8baa000 r--p 00022000 08:05 1183630                    /lib/x86_64-linux-gnu/ld-2.19.so
7f6ae8baa000-7f6ae8bab000 rw-p 00023000 08:05 1183630                    /lib/x86_64-linux-gnu/ld-2.19.so
7f6ae8bab000-7f6ae8bac000 rw-p 00000000 00:00 0 
7fffc4284000-7fffc42aa000 rw-p 00000000 00:00 0                          [stack]
7fffc43fe000-7fffc4400000 r-xp 00000000 00:00 0                          [vdso]
ffffffffff600000-ffffffffff601000 r-xp 00000000 00:00 0                  [vsyscall]

VM Arguments:
jvm_args: -Dendpoints.shutdown.enabled=true -Denv=development -Dfull.stacktrace=false -Dgrails.env=development -Dgrails.full.stacktrace=false -Dinfo.app.grailsVersion=3.3.0 -Dinfo.app.name=Dashboard -Dinfo.app.version=0.1 -Djdk.reflect.allowGetCallerClass=true -Drun.active=true -Dspring.output.ansi.enabled=always -Dspringloaded=inclusions=grails.plugins..*;synchronize=true;allowSplitPackages=true;cacheDir=/home/lucas/Escritorio/Disenio/TablaInstrumentos/Dashboard/build/springloaded -Dverbose=false -XX:+TieredCompilation -XX:TieredStopAtLevel=1 -XX:CICompilerCount=3 -javaagent:/home/lucas/.gradle/caches/modules-2/files-2.1/org.springframework/springloaded/1.2.7.RELEASE/36be57f1a306cec1185b0276960fbe95dee08bf/springloaded-1.2.7.RELEASE.jar -Xverify:none -Xms768m -Xmx768m -Dfile.encoding=UTF-8 -Duser.country=AR -Duser.language=es -Duser.variant 
java_command: dashboard.Application
java_class_path (initial): /home/lucas/Escritorio/Disenio/TablaInstrumentos/Dashboard/src/main/resources:/home/lucas/Escritorio/Disenio/TablaInstrumentos/Dashboard/grails-app/views:/home/lucas/Escritorio/Disenio/TablaInstrumentos/Dashboard/grails-app/i18n:/home/lucas/Escritorio/Disenio/TablaInstrumentos/Dashboard/grails-app/conf:/home/lucas/Escritorio/Disenio/TablaInstrumentos/Dashboard/build/classes/main:/home/lucas/Escritorio/Disenio/TablaInstrumentos/Dashboard/build/resources/main:/home/lucas/Escritorio/Disenio/TablaInstrumentos/Dashboard/gsp-classes:/home/lucas/.gradle/caches/modules-2/files-2.1/org.springframework.boot/spring-boot-starter-logging/1.5.4.RELEASE/6b4364cfee82890ce9a9c2c59066f3a6e525debd/spring-boot-starter-logging-1.5.4.RELEASE.jar:/home/lucas/.gradle/caches/modules-2/files-2.1/org.springframework.boot/spring-boot-autoconfigure/1.5.4.RELEASE/5591fa7358d950f374532c7d92dccf113ebfa1bb/spring-boot-autoconfigure-1.5.4.RELEASE.jar:/home/lucas/.gradle/caches/modules-2/files-2.1/org.grails/grails-core/3.3.0/255a93e9ce20367b66217c435c820dfafa22b522/grails-core-3.3.0.jar:/home/lucas/.gradle/caches/modules-2/files-2.1/org.springframework.boot/spring-boot-starter-actuator/1.5.4.RELEASE/10f526d22f58a32a8c3af26ccb0a6f16f4649935/spring-boot-starter-actuator-1.5.4.RELEASE.jar:/home/lucas/.gradle/caches/modules-2/files-2.1/org.springframework.boot/spring-boot-starter-tomcat/1.5.4.RELEASE/d7e26f1d0e594bd1aab7da227649fc12c1958416/spring-boot-starter-tomcat-1.5.4.RELEASE.jar:/home/lucas/.gradle/caches/modules-2/files-2.1/org.grails/grails-web-boot/3.3.0/36f9f00eccf77cbf13853b1aeac8c8e18f02f8ec/grails-web-boot-3.3.0.jar:/home/lucas/.gradle/caches/modules-2/files-2.1/org.grails/grails-logging/3.3.0/76509fc3d6f8c98a47516b2491fe094a48565d1e/grails-logging-3.3.0.jar:/home/lucas/.gradle/caches/modules-2/files-2.1/org.grails/grails-plugin-rest/3.3.0/377755023c8a739decae53eef2b455508a50b03b/grails-plugin-rest-3.3.0.jar:/home/lucas/.gradle/caches/modules-2/files-2.1/org.gra
Launcher Type: SUN_STANDARD

Environment Variables:
JAVA_HOME=/usr/lib/jvm/java-8-oracle
PATH=/home/lucas/.sdkman/candidates/grails/current/bin:/usr/local/sbin:/usr/local/bin:/usr/sbin:/usr/bin:/sbin:/bin:/usr/games:/usr/local/games:/usr/lib/jvm/java-8-oracle/bin:/usr/lib/jvm/java-8-oracle/db/bin:/usr/lib/jvm/java-8-oracle/jre/bin
SHELL=/bin/bash
DISPLAY=:0

Signal Handlers:
SIGSEGV: [libjvm.so+0xad01e0], sa_mask[0]=11111111011111111101111111111110, sa_flags=SA_RESTART|SA_SIGINFO
SIGBUS: [libjvm.so+0xad01e0], sa_mask[0]=11111111011111111101111111111110, sa_flags=SA_RESTART|SA_SIGINFO
SIGFPE: [libjvm.so+0x927fb0], sa_mask[0]=11111111011111111101111111111110, sa_flags=SA_RESTART|SA_SIGINFO
SIGPIPE: [libjvm.so+0x927fb0], sa_mask[0]=11111111011111111101111111111110, sa_flags=SA_RESTART|SA_SIGINFO
SIGXFSZ: [libjvm.so+0x927fb0], sa_mask[0]=11111111011111111101111111111110, sa_flags=SA_RESTART|SA_SIGINFO
SIGILL: [libjvm.so+0x927fb0], sa_mask[0]=11111111011111111101111111111110, sa_flags=SA_RESTART|SA_SIGINFO
SIGUSR1: SIG_DFL, sa_mask[0]=00000000000000000000000000000000, sa_flags=none
SIGUSR2: [libjvm.so+0x9297f0], sa_mask[0]=00100000000000000000000000000000, sa_flags=SA_RESTART|SA_SIGINFO
SIGHUP: SIG_DFL, sa_mask[0]=00000000000000000000000000000000, sa_flags=none
SIGINT: SIG_DFL, sa_mask[0]=00000000000000000000000000000000, sa_flags=none
SIGTERM: SIG_DFL, sa_mask[0]=00000000000000000000000000000000, sa_flags=none
SIGQUIT: SIG_DFL, sa_mask[0]=00000000000000000000000000000000, sa_flags=none


---------------  S Y S T E M  ---------------

OS:DISTRIB_ID=Ubuntu
DISTRIB_RELEASE=14.04
DISTRIB_CODENAME=trusty
DISTRIB_DESCRIPTION="Ubuntu 14.04.1 LTS"

uname:Linux 3.13.0-32-generic #57-Ubuntu SMP Tue Jul 15 03:51:08 UTC 2014 x86_64
libc:glibc 2.19 NPTL 2.19 
rlimit: STACK 8192k, CORE 0k, NPROC 30244, NOFILE 4096, AS infinity
load average:5.12 3.55 2.92

/proc/meminfo:
MemTotal:        3892812 kB
MemFree:          107192 kB
Buffers:            1004 kB
Cached:           353152 kB
SwapCached:        76760 kB
Active:          2615356 kB
Inactive:         887052 kB
Active(anon):    2600260 kB
Inactive(anon):   866080 kB
Active(file):      15096 kB
Inactive(file):    20972 kB
Unevictable:         280 kB
Mlocked:             280 kB
SwapTotal:       4035580 kB
SwapFree:           3920 kB
Dirty:               332 kB
Writeback:             0 kB
AnonPages:       3075920 kB
Mapped:            75776 kB
Shmem:            317648 kB
Slab:              61496 kB
SReclaimable:      23864 kB
SUnreclaim:        37632 kB
KernelStack:        7432 kB
PageTables:        60148 kB
NFS_Unstable:          0 kB
Bounce:                0 kB
WritebackTmp:          0 kB
CommitLimit:     5981984 kB
Committed_AS:   15685052 kB
VmallocTotal:   34359738367 kB
VmallocUsed:      544776 kB
VmallocChunk:   34359184668 kB
HardwareCorrupted:     0 kB
AnonHugePages:   1783808 kB
HugePages_Total:       0
HugePages_Free:        0
HugePages_Rsvd:        0
HugePages_Surp:        0
Hugepagesize:       2048 kB
DirectMap4k:       60312 kB
DirectMap2M:     3977216 kB


CPU:total 4 (initial active 4) (2 cores per cpu, 2 threads per core) family 6 model 42 stepping 7, cmov, cx8, fxsr, mmx, sse, sse2, sse3, ssse3, sse4.1, sse4.2, popcnt, avx, clmul, ht, tsc, tscinvbit

/proc/cpuinfo:
processor	: 0
vendor_id	: GenuineIntel
cpu family	: 6
model		: 42
model name	: Intel(R) Core(TM) i5-2410M CPU @ 2.30GHz
stepping	: 7
microcode	: 0x14
cpu MHz		: 800.000
cache size	: 3072 KB
physical id	: 0
siblings	: 4
core id		: 0
cpu cores	: 2
apicid		: 0
initial apicid	: 0
fpu		: yes
fpu_exception	: yes
cpuid level	: 13
wp		: yes
flags		: fpu vme de pse tsc msr pae mce cx8 apic sep mtrr pge mca cmov pat pse36 clflush dts acpi mmx fxsr sse sse2 ss ht tm pbe syscall nx rdtscp lm constant_tsc arch_perfmon pebs bts rep_good nopl xtopology nonstop_tsc aperfmperf eagerfpu pni pclmulqdq dtes64 monitor ds_cpl vmx est tm2 ssse3 cx16 xtpr pdcm pcid sse4_1 sse4_2 x2apic popcnt tsc_deadline_timer xsave avx lahf_lm ida arat epb xsaveopt pln pts dtherm tpr_shadow vnmi flexpriority ept vpid
bogomips	: 4589.51
clflush size	: 64
cache_alignment	: 64
address sizes	: 36 bits physical, 48 bits virtual
power management:

processor	: 1
vendor_id	: GenuineIntel
cpu family	: 6
model		: 42
model name	: Intel(R) Core(TM) i5-2410M CPU @ 2.30GHz
stepping	: 7
microcode	: 0x14
cpu MHz		: 2301.000
cache size	: 3072 KB
physical id	: 0
siblings	: 4
core id		: 1
cpu cores	: 2
apicid		: 2
initial apicid	: 2
fpu		: yes
fpu_exception	: yes
cpuid level	: 13
wp		: yes
flags		: fpu vme de pse tsc msr pae mce cx8 apic sep mtrr pge mca cmov pat pse36 clflush dts acpi mmx fxsr sse sse2 ss ht tm pbe syscall nx rdtscp lm constant_tsc arch_perfmon pebs bts rep_good nopl xtopology nonstop_tsc aperfmperf eagerfpu pni pclmulqdq dtes64 monitor ds_cpl vmx est tm2 ssse3 cx16 xtpr pdcm pcid sse4_1 sse4_2 x2apic popcnt tsc_deadline_timer xsave avx lahf_lm ida arat epb xsaveopt pln pts dtherm tpr_shadow vnmi flexpriority ept vpid
bogomips	: 4589.51
clflush size	: 64
cache_alignment	: 64
address sizes	: 36 bits physical, 48 bits virtual
power management:

processor	: 2
vendor_id	: GenuineIntel
cpu family	: 6
model		: 42
model name	: Intel(R) Core(TM) i5-2410M CPU @ 2.30GHz
stepping	: 7
microcode	: 0x14
cpu MHz		: 2301.000
cache size	: 3072 KB
physical id	: 0
siblings	: 4
core id		: 0
cpu cores	: 2
apicid		: 1
initial apicid	: 1
fpu		: yes
fpu_exception	: yes
cpuid level	: 13
wp		: yes
flags		: fpu vme de pse tsc msr pae mce cx8 apic sep mtrr pge mca cmov pat pse36 clflush dts acpi mmx fxsr sse sse2 ss ht tm pbe syscall nx rdtscp lm constant_tsc arch_perfmon pebs bts rep_good nopl xtopology nonstop_tsc aperfmperf eagerfpu pni pclmulqdq dtes64 monitor ds_cpl vmx est tm2 ssse3 cx16 xtpr pdcm pcid sse4_1 sse4_2 x2apic popcnt tsc_deadline_timer xsave avx lahf_lm ida arat epb xsaveopt pln pts dtherm tpr_shadow vnmi flexpriority ept vpid
bogomips	: 4589.51
clflush size	: 64
cache_alignment	: 64
address sizes	: 36 bits physical, 48 bits virtual
power management:

processor	: 3
vendor_id	: GenuineIntel
cpu family	: 6
model		: 42
model name	: Intel(R) Core(TM) i5-2410M CPU @ 2.30GHz
stepping	: 7
microcode	: 0x14
cpu MHz		: 2301.000
cache size	: 3072 KB
physical id	: 0
siblings	: 4
core id		: 1
cpu cores	: 2
apicid		: 3
initial apicid	: 3
fpu		: yes
fpu_exception	: yes
cpuid level	: 13
wp		: yes
flags		: fpu vme de pse tsc msr pae mce cx8 apic sep mtrr pge mca cmov pat pse36 clflush dts acpi mmx fxsr sse sse2 ss ht tm pbe syscall nx rdtscp lm constant_tsc arch_perfmon pebs bts rep_good nopl xtopology nonstop_tsc aperfmperf eagerfpu pni pclmulqdq dtes64 monitor ds_cpl vmx est tm2 ssse3 cx16 xtpr pdcm pcid sse4_1 sse4_2 x2apic popcnt tsc_deadline_timer xsave avx lahf_lm ida arat epb xsaveopt pln pts dtherm tpr_shadow vnmi flexpriority ept vpid
bogomips	: 4589.51
clflush size	: 64
cache_alignment	: 64
address sizes	: 36 bits physical, 48 bits virtual
power management:



Memory: 4k page, physical 3892812k(107192k free), swap 4035580k(3920k free)

vm_info: Java HotSpot(TM) 64-Bit Server VM (25.161-b12) for linux-amd64 JRE (1.8.0_161-b12), built on Dec 19 2017 16:12:43 by "java_re" with gcc 4.3.0 20080428 (Red Hat 4.3.0-8)

time: Sat May  5 17:09:25 2018
elapsed time: 4 seconds (0d 0h 0m 4s)

