#
# A fatal error has been detected by the Java Runtime Environment:
#
#  SIGSEGV (0xb) at pc=0x00007f3dcdc5a81e, pid=12108, tid=0x00007f3dc05db700
#
# JRE version: Java(TM) SE Runtime Environment (8.0_161-b12) (build 1.8.0_161-b12)
# Java VM: Java HotSpot(TM) 64-Bit Server VM (25.161-b12 mixed mode linux-amd64 compressed oops)
# Problematic frame:
# J 5691 C1 org.codehaus.groovy.runtime.callsite.AbstractCallSite.call(Ljava/lang/Object;Ljava/lang/Object;Ljava/lang/Object;)Ljava/lang/Object; (42 bytes) @ 0x00007f3dcdc5a81e [0x00007f3dcdc5a6a0+0x17e]
#
# Failed to write core dump. Core dumps have been disabled. To enable core dumping, try "ulimit -c unlimited" before starting Java again
#
# If you would like to submit a bug report, please visit:
#   http://bugreport.java.com/bugreport/crash.jsp
#

---------------  T H R E A D  ---------------

Current thread (0x00007f3ddd922000):  JavaThread "http-nio-8080-exec-5" daemon [_thread_in_Java, id=12183, stack(0x00007f3dc04db000,0x00007f3dc05dc000)]

siginfo: si_signo: 11 (SIGSEGV), si_code: 1 (SEGV_MAPERR), si_addr: 0x0000000000001fa8

Registers:
RAX=0x00000000f83fc400, RBX=0x0000000000000000, RCX=0x00007f3ddf9cf000, RDX=0x00000000f83fc414
RSP=0x00007f3dc05cf470, RBP=0x00007f3dc05cf550, RSI=0x00000001000117a8, RDI=0x0000000000000028
R8 =0x0000000000001fa0, R9 =0x00000000f78a9d18, R10=0x00000000d0f88958, R11=0x00000000d31206c0
R12=0x0000000000000000, R13=0x00000000d0f88958, R14=0x000000010007e3e0, R15=0x00007f3ddd922000
RIP=0x00007f3dcdc5a81e, EFLAGS=0x0000000000010202, CSGSFS=0x0000000000000033, ERR=0x0000000000000004
  TRAPNO=0x000000000000000e

Top of Stack: (sp=0x00007f3dc05cf470)
0x00007f3dc05cf470:   00007f3dc05cf550 00007f3dc05cf500
0x00007f3dc05cf480:   00007f3d52784a78 00007f3ddd922000
0x00007f3dc05cf490:   00007f3d52784a78 00007f3d52784a78
0x00007f3dc05cf4a0:   00007f3ddd922000 00007f3d52784a78
0x00007f3dc05cf4b0:   00007f3ddd922000 00007f3d52794b69
0x00007f3dc05cf4c0:   0000000000000048 0000000000000000
0x00007f3dc05cf4d0:   00007f3dc05cf550 00007f3dcd008114
0x00007f3dc05cf4e0:   00007f3dc05cf550 00007f3dcd008114
0x00007f3dc05cf4f0:   0000000000001fa0 00000000d0f88958
0x00007f3dc05cf500:   00000000d31206c0 00000000f78a9d18
0x00007f3dc05cf510:   00007f3dc05cf510 00007f3d5278f8c6
0x00007f3dc05cf520:   00007f3dc05cf568 00007f3d52796d88
0x00007f3dc05cf530:   0000000000000000 00007f3d5278f8f0
0x00007f3dc05cf540:   00007f3dc05cf4f0 00007f3dc05cf568
0x00007f3dc05cf550:   00007f3dc05cf5b0 00007f3dcd008040
0x00007f3dc05cf560:   00000000f78a8a00 0000000000001fa0
0x00007f3dc05cf570:   00007f3dc05cf570 00007f3d52718589
0x00007f3dc05cf580:   00007f3dc05cf5d0 00007f3d52794c80
0x00007f3dc05cf590:   0000000000000000 00007f3d52718590
0x00007f3dc05cf5a0:   00007f3dc05cf568 00007f3dc05cf5c0
0x00007f3dc05cf5b0:   00007f3dc05cf618 00007f3dcd008114
0x00007f3dc05cf5c0:   0000000000001fa0 0000000000000000
0x00007f3dc05cf5d0:   00000000f787cd00 00007f3dc05cf5d8
0x00007f3dc05cf5e0:   00007f3dc2d67d5f 00007f3dc05cf630
0x00007f3dc05cf5f0:   00007f3dc1e6c2b8 0000000000000000
0x00007f3dc05cf600:   00007f3dc2d67da0 00007f3dc05cf5c0
0x00007f3dc05cf610:   00007f3dc05cf630 00007f3dc05cf690
0x00007f3dc05cf620:   00007f3dcd0007a7 0000000000000000
0x00007f3dc05cf630:   0000000000001fa0 0000000000000000
0x00007f3dc05cf640:   00007f3ddd922000 00007f3dc05cf710
0x00007f3dc05cf650:   00007f3dc05cfa20 00007f3dc05cf6d0
0x00007f3dc05cf660:   00007f3dc05cf6d0 00007f3dc05cfa28 

Instructions: (pc=0x00007f3dcdc5a81e)
0x00007f3dcdc5a7fe:   f0 9c df 3d 7f 00 00 c6 04 0a 00 48 8d 50 14 49
0x00007f3dcdc5a80e:   83 f8 00 0f 84 47 00 00 00 8b 70 08 48 c1 e6 03
0x00007f3dcdc5a81e:   41 8b 78 08 48 c1 e7 03 48 8b b6 e8 00 00 00 48
0x00007f3dcdc5a82e:   3b fe 0f 84 28 00 00 00 8b 5e 0c 48 3b 34 1f 0f 

Register to memory mapping:

RAX=0x00000000f83fc400 is an oop
[Ljava.lang.Object; 
 - klass: 'java/lang/Object'[]
 - length: 2
RBX=0x0000000000000000 is an unknown value
RCX=0x00007f3ddf9cf000 is an unknown value
RDX=0x00000000f83fc414 is an unknown value
RSP=0x00007f3dc05cf470 is pointing into the stack for thread: 0x00007f3ddd922000
RBP=0x00007f3dc05cf550 is pointing into the stack for thread: 0x00007f3ddd922000
RSI=0x00000001000117a8 is pointing into metadata
RDI=0x0000000000000028 is an unknown value
R8 =0x0000000000001fa0 is an unknown value
R9 =0x00000000f78a9d18 is an oop
org.codehaus.groovy.runtime.callsite.AbstractCallSite 
 - klass: 'org/codehaus/groovy/runtime/callsite/AbstractCallSite'
R10=0x00000000d0f88958 is an oop
java.lang.Class 
 - klass: 'java/lang/Class'
R11=0x00000000d31206c0 is an oop
java.lang.Class 
 - klass: 'java/lang/Class'
R12=0x0000000000000000 is an unknown value
R13=0x00000000d0f88958 is an oop
java.lang.Class 
 - klass: 'java/lang/Class'
R14=0x000000010007e3e0 is pointing into metadata
R15=0x00007f3ddd922000 is a thread


Stack: [0x00007f3dc04db000,0x00007f3dc05dc000],  sp=0x00007f3dc05cf470,  free space=977k
Native frames: (J=compiled Java code, j=interpreted, Vv=VM code, C=native code)
J 5691 C1 org.codehaus.groovy.runtime.callsite.AbstractCallSite.call(Ljava/lang/Object;Ljava/lang/Object;Ljava/lang/Object;)Ljava/lang/Object; (42 bytes) @ 0x00007f3dcdc5a81e [0x00007f3dcdc5a6a0+0x17e]
j  dashboard.MotorDeDatos$$EQrJRRRI.executeQuery(Ljava/lang/CharSequence;)Ljava/util/List;+14
j  dashboard.MotorDeDatos$$DQrJRRRI.executeQuery(Ldashboard/MotorDeDatos;Ljava/lang/CharSequence;)Ljava/util/List;+1
j  dashboard.MotorDeDatos.executeQuery(Ljava/lang/CharSequence;)Ljava/util/List;+23
v  ~StubRoutines::call_stub
V  [libjvm.so+0x695ae6]  JavaCalls::call_helper(JavaValue*, methodHandle*, JavaCallArguments*, Thread*)+0x1056
V  [libjvm.so+0x9a3fa7]  Reflection::invoke(instanceKlassHandle, methodHandle, Handle, bool, objArrayHandle, BasicType, objArrayHandle, bool, Thread*)+0x5d7
V  [libjvm.so+0x9a76b7]  Reflection::invoke_method(oopDesc*, Handle, objArrayHandle, Thread*)+0x147
V  [libjvm.so+0x72962b]  JVM_InvokeMethod+0x26b
J 1975  sun.reflect.NativeMethodAccessorImpl.invoke0(Ljava/lang/reflect/Method;Ljava/lang/Object;[Ljava/lang/Object;)Ljava/lang/Object; (0 bytes) @ 0x00007f3dcd579e2d [0x00007f3dcd579d40+0xed]
J 1974 C1 sun.reflect.NativeMethodAccessorImpl.invoke(Ljava/lang/Object;[Ljava/lang/Object;)Ljava/lang/Object; (104 bytes) @ 0x00007f3dcd57a4d4 [0x00007f3dcd57a160+0x374]
J 773 C1 sun.reflect.DelegatingMethodAccessorImpl.invoke(Ljava/lang/Object;[Ljava/lang/Object;)Ljava/lang/Object; (10 bytes) @ 0x00007f3dcd38ccc4 [0x00007f3dcd38cc80+0x44]
J 772 C1 java.lang.reflect.Method.invoke(Ljava/lang/Object;[Ljava/lang/Object;)Ljava/lang/Object; (62 bytes) @ 0x00007f3dcd38c8d4 [0x00007f3dcd38c7e0+0xf4]
J 1814 C1 org.springsource.loaded.ri.ReflectiveInterceptor.jlrMethodInvoke(Ljava/lang/reflect/Method;Ljava/lang/Object;[Ljava/lang/Object;)Ljava/lang/Object; (2214 bytes) @ 0x00007f3dcd526694 [0x00007f3dcd525060+0x1634]
J 3585 C1 org.codehaus.groovy.reflection.CachedMethod.invoke(Ljava/lang/Object;[Ljava/lang/Object;)Ljava/lang/Object; (70 bytes) @ 0x00007f3dcd8ce074 [0x00007f3dcd8ce040+0x34]
J 3077 C1 groovy.lang.MetaMethod.doMethodInvoke(Ljava/lang/Object;[Ljava/lang/Object;)Ljava/lang/Object; (22 bytes) @ 0x00007f3dcd7a6994 [0x00007f3dcd7a6920+0x74]
J 5666 C1 org.codehaus.groovy.runtime.metaclass.MethodMetaProperty$GetBeanMethodMetaProperty.getProperty(Ljava/lang/Object;)Ljava/lang/Object; (12 bytes) @ 0x00007f3dcdc4b84c [0x00007f3dcdc4b800+0x4c]
j  org.codehaus.groovy.runtime.callsite.GetEffectivePogoPropertySite.getProperty(Ljava/lang/Object;)Ljava/lang/Object;+5
J 3615 C1 org.codehaus.groovy.runtime.callsite.AbstractCallSite.callGetProperty(Ljava/lang/Object;)Ljava/lang/Object; (12 bytes) @ 0x00007f3dcd8e0324 [0x00007f3dcd8e02c0+0x64]
j  grails.plugin.formfields.FormFieldsTagLib.displayAssociation(Ljava/lang/Object;Lgrails/core/GrailsDomainClass;)Ljava/lang/CharSequence;+78
v  ~StubRoutines::call_stub
V  [libjvm.so+0x695ae6]  JavaCalls::call_helper(JavaValue*, methodHandle*, JavaCallArguments*, Thread*)+0x1056
V  [libjvm.so+0x9a3fa7]  Reflection::invoke(instanceKlassHandle, methodHandle, Handle, bool, objArrayHandle, BasicType, objArrayHandle, bool, Thread*)+0x5d7
V  [libjvm.so+0x9a76b7]  Reflection::invoke_method(oopDesc*, Handle, objArrayHandle, Thread*)+0x147
V  [libjvm.so+0x72962b]  JVM_InvokeMethod+0x26b
J 1975  sun.reflect.NativeMethodAccessorImpl.invoke0(Ljava/lang/reflect/Method;Ljava/lang/Object;[Ljava/lang/Object;)Ljava/lang/Object; (0 bytes) @ 0x00007f3dcd579e2d [0x00007f3dcd579d40+0xed]
J 1974 C1 sun.reflect.NativeMethodAccessorImpl.invoke(Ljava/lang/Object;[Ljava/lang/Object;)Ljava/lang/Object; (104 bytes) @ 0x00007f3dcd57a4d4 [0x00007f3dcd57a160+0x374]
J 773 C1 sun.reflect.DelegatingMethodAccessorImpl.invoke(Ljava/lang/Object;[Ljava/lang/Object;)Ljava/lang/Object; (10 bytes) @ 0x00007f3dcd38ccc4 [0x00007f3dcd38cc80+0x44]
J 772 C1 java.lang.reflect.Method.invoke(Ljava/lang/Object;[Ljava/lang/Object;)Ljava/lang/Object; (62 bytes) @ 0x00007f3dcd38c8d4 [0x00007f3dcd38c7e0+0xf4]
J 1814 C1 org.springsource.loaded.ri.ReflectiveInterceptor.jlrMethodInvoke(Ljava/lang/reflect/Method;Ljava/lang/Object;[Ljava/lang/Object;)Ljava/lang/Object; (2214 bytes) @ 0x00007f3dcd5267e4 [0x00007f3dcd525060+0x1784]
J 6480 C1 org.codehaus.groovy.runtime.callsite.PogoMetaMethodSite$PogoCachedMethodSiteNoUnwrapNoCoerce.invoke(Ljava/lang/Object;[Ljava/lang/Object;)Ljava/lang/Object; (37 bytes) @ 0x00007f3dcddfc314 [0x00007f3dcddfc2e0+0x34]
J 6468 C1 org.codehaus.groovy.runtime.callsite.PogoMetaMethodSite.callCurrent(Lgroovy/lang/GroovyObject;[Ljava/lang/Object;)Ljava/lang/Object; (29 bytes) @ 0x00007f3dcddf707c [0x00007f3dcddf6fc0+0xbc]
J 6839 C1 org.codehaus.groovy.runtime.callsite.AbstractCallSite.callCurrent(Lgroovy/lang/GroovyObject;Ljava/lang/Object;Ljava/lang/Object;)Ljava/lang/Object; (42 bytes) @ 0x00007f3dcdead884 [0x00007f3dcdead6a0+0x1e4]
j  grails.plugin.formfields.FormFieldsTagLib.renderDefaultDisplay(Ljava/util/Map;Ljava/util/Map;Ljava/lang/String;Ljava/lang/String;)Ljava/lang/CharSequence;+303
j  sun.reflect.GeneratedMethodAccessor477.invoke(Ljava/lang/Object;[Ljava/lang/Object;)Ljava/lang/Object;+64
J 773 C1 sun.reflect.DelegatingMethodAccessorImpl.invoke(Ljava/lang/Object;[Ljava/lang/Object;)Ljava/lang/Object; (10 bytes) @ 0x00007f3dcd38ccc4 [0x00007f3dcd38cc80+0x44]
J 772 C1 java.lang.reflect.Method.invoke(Ljava/lang/Object;[Ljava/lang/Object;)Ljava/lang/Object; (62 bytes) @ 0x00007f3dcd38c8d4 [0x00007f3dcd38c7e0+0xf4]
J 1814 C1 org.springsource.loaded.ri.ReflectiveInterceptor.jlrMethodInvoke(Ljava/lang/reflect/Method;Ljava/lang/Object;[Ljava/lang/Object;)Ljava/lang/Object; (2214 bytes) @ 0x00007f3dcd5267e4 [0x00007f3dcd525060+0x1784]
J 6480 C1 org.codehaus.groovy.runtime.callsite.PogoMetaMethodSite$PogoCachedMethodSiteNoUnwrapNoCoerce.invoke(Ljava/lang/Object;[Ljava/lang/Object;)Ljava/lang/Object; (37 bytes) @ 0x00007f3dcddfc314 [0x00007f3dcddfc2e0+0x34]
J 6468 C1 org.codehaus.groovy.runtime.callsite.PogoMetaMethodSite.callCurrent(Lgroovy/lang/GroovyObject;[Ljava/lang/Object;)Ljava/lang/Object; (29 bytes) @ 0x00007f3dcddf707c [0x00007f3dcddf6fc0+0xbc]
J 7721 C1 org.codehaus.groovy.runtime.callsite.AbstractCallSite.callCurrent(Lgroovy/lang/GroovyObject;Ljava/lang/Object;Ljava/lang/Object;Ljava/lang/Object;Ljava/lang/Object;)Ljava/lang/Object; (50 bytes) @ 0x00007f3dce0c40d4 [0x00007f3dce0c3e20+0x2b4]
j  grails.plugin.formfields.FormFieldsTagLib.renderDisplayWidget(Lgrails/plugin/formfields/BeanPropertyAccessor;Ljava/util/Map;Ljava/util/Map;Ljava/lang/String;Ljava/lang/String;)Ljava/lang/CharSequence;+394
j  sun.reflect.GeneratedMethodAccessor455.invoke(Ljava/lang/Object;[Ljava/lang/Object;)Ljava/lang/Object;+72
J 773 C1 sun.reflect.DelegatingMethodAccessorImpl.invoke(Ljava/lang/Object;[Ljava/lang/Object;)Ljava/lang/Object; (10 bytes) @ 0x00007f3dcd38ccc4 [0x00007f3dcd38cc80+0x44]
J 772 C1 java.lang.reflect.Method.invoke(Ljava/lang/Object;[Ljava/lang/Object;)Ljava/lang/Object; (62 bytes) @ 0x00007f3dcd38c8d4 [0x00007f3dcd38c7e0+0xf4]
J 1814 C1 org.springsource.loaded.ri.ReflectiveInterceptor.jlrMethodInvoke(Ljava/lang/reflect/Method;Ljava/lang/Object;[Ljava/lang/Object;)Ljava/lang/Object; (2214 bytes) @ 0x00007f3dcd5267e4 [0x00007f3dcd525060+0x1784]
J 3585 C1 org.codehaus.groovy.reflection.CachedMethod.invoke(Ljava/lang/Object;[Ljava/lang/Object;)Ljava/lang/Object; (70 bytes) @ 0x00007f3dcd8ce074 [0x00007f3dcd8ce040+0x34]
J 3077 C1 groovy.lang.MetaMethod.doMethodInvoke(Ljava/lang/Object;[Ljava/lang/Object;)Ljava/lang/Object; (22 bytes) @ 0x00007f3dcd7a6994 [0x00007f3dcd7a6920+0x74]
J 3501 C1 org.codehaus.groovy.runtime.metaclass.ClosureMetaClass.invokeMethod(Ljava/lang/Class;Ljava/lang/Object;Ljava/lang/String;[Ljava/lang/Object;ZZ)Ljava/lang/Object; (892 bytes) @ 0x00007f3dcd8944dc [0x00007f3dcd893320+0x11bc]
J 1816 C1 groovy.lang.MetaClassImpl.invokeMethod(Ljava/lang/Object;Ljava/lang/String;[Ljava/lang/Object;)Ljava/lang/Object; (14 bytes) @ 0x00007f3dcd5346dc [0x00007f3dcd534680+0x5c]
J 6770 C1 org.codehaus.groovy.runtime.callsite.PogoMetaClassSite.callCurrent(Lgroovy/lang/GroovyObject;[Ljava/lang/Object;)Ljava/lang/Object; (92 bytes) @ 0x00007f3dcde90b8c [0x00007f3dcde90a80+0x10c]
j  grails.plugin.formfields.FormFieldsTagLib$_closure8$_closure22.doCall(Ljava/lang/Object;)Ljava/lang/Object;+124
j  sun.reflect.GeneratedMethodAccessor454.invoke(Ljava/lang/Object;[Ljava/lang/Object;)Ljava/lang/Object;+40
J 773 C1 sun.reflect.DelegatingMethodAccessorImpl.invoke(Ljava/lang/Object;[Ljava/lang/Object;)Ljava/lang/Object; (10 bytes) @ 0x00007f3dcd38ccc4 [0x00007f3dcd38cc80+0x44]
J 772 C1 java.lang.reflect.Method.invoke(Ljava/lang/Object;[Ljava/lang/Object;)Ljava/lang/Object; (62 bytes) @ 0x00007f3dcd38c8d4 [0x00007f3dcd38c7e0+0xf4]
J 1814 C1 org.springsource.loaded.ri.ReflectiveInterceptor.jlrMethodInvoke(Ljava/lang/reflect/Method;Ljava/lang/Object;[Ljava/lang/Object;)Ljava/lang/Object; (2214 bytes) @ 0x00007f3dcd5267e4 [0x00007f3dcd525060+0x1784]
J 3585 C1 org.codehaus.groovy.reflection.CachedMethod.invoke(Ljava/lang/Object;[Ljava/lang/Object;)Ljava/lang/Object; (70 bytes) @ 0x00007f3dcd8ce074 [0x00007f3dcd8ce040+0x34]
J 3077 C1 groovy.lang.MetaMethod.doMethodInvoke(Ljava/lang/Object;[Ljava/lang/Object;)Ljava/lang/Object; (22 bytes) @ 0x00007f3dcd7a6994 [0x00007f3dcd7a6920+0x74]
J 3501 C1 org.codehaus.groovy.runtime.metaclass.ClosureMetaClass.invokeMethod(Ljava/lang/Class;Ljava/lang/Object;Ljava/lang/String;[Ljava/lang/Object;ZZ)Ljava/lang/Object; (892 bytes) @ 0x00007f3dcd894514 [0x00007f3dcd893320+0x11f4]
J 1816 C1 groovy.lang.MetaClassImpl.invokeMethod(Ljava/lang/Object;Ljava/lang/String;[Ljava/lang/Object;)Ljava/lang/Object; (14 bytes) @ 0x00007f3dcd5346dc [0x00007f3dcd534680+0x5c]
J 4063 C1 groovy.lang.Closure.call([Ljava/lang/Object;)Ljava/lang/Object; (30 bytes) @ 0x00007f3dcd9b4cbc [0x00007f3dcd9b4c40+0x7c]
J 5682 C1 groovy.lang.Closure.call(Ljava/lang/Object;)Ljava/lang/Object; (13 bytes) @ 0x00007f3dcdc52a74 [0x00007f3dcdc52940+0x134]
J 10755 C1 org.grails.taglib.TagBodyClosure.captureClosureOutput(Ljava/lang/Object;Z)Ljava/lang/Object; (214 bytes) @ 0x00007f3dce77b1ec [0x00007f3dce77abc0+0x62c]
j  org.grails.taglib.TagBodyClosure.call(Ljava/lang/Object;)Ljava/lang/Object;+3
j  sun.reflect.GeneratedMethodAccessor453.invoke(Ljava/lang/Object;[Ljava/lang/Object;)Ljava/lang/Object;+40
J 773 C1 sun.reflect.DelegatingMethodAccessorImpl.invoke(Ljava/lang/Object;[Ljava/lang/Object;)Ljava/lang/Object; (10 bytes) @ 0x00007f3dcd38ccc4 [0x00007f3dcd38cc80+0x44]
J 772 C1 java.lang.reflect.Method.invoke(Ljava/lang/Object;[Ljava/lang/Object;)Ljava/lang/Object; (62 bytes) @ 0x00007f3dcd38c8d4 [0x00007f3dcd38c7e0+0xf4]
J 1814 C1 org.springsource.loaded.ri.ReflectiveInterceptor.jlrMethodInvoke(Ljava/lang/reflect/Method;Ljava/lang/Object;[Ljava/lang/Object;)Ljava/lang/Object; (2214 bytes) @ 0x00007f3dcd5267e4 [0x00007f3dcd525060+0x1784]
J 3585 C1 org.codehaus.groovy.reflection.CachedMethod.invoke(Ljava/lang/Object;[Ljava/lang/Object;)Ljava/lang/Object; (70 bytes) @ 0x00007f3dcd8ce074 [0x00007f3dcd8ce040+0x34]
J 3077 C1 groovy.lang.MetaMethod.doMethodInvoke(Ljava/lang/Object;[Ljava/lang/Object;)Ljava/lang/Object; (22 bytes) @ 0x00007f3dcd7a6994 [0x00007f3dcd7a6920+0x74]
J 3528 C1 groovy.lang.MetaClassImpl.invokeMethod(Ljava/lang/Class;Ljava/lang/Object;Ljava/lang/String;[Ljava/lang/Object;ZZ)Ljava/lang/Object; (1088 bytes) @ 0x00007f3dcd8a51cc [0x00007f3dcd8a3f40+0x128c]
J 1816 C1 groovy.lang.MetaClassImpl.invokeMethod(Ljava/lang/Object;Ljava/lang/String;[Ljava/lang/Object;)Ljava/lang/Object; (14 bytes) @ 0x00007f3dcd5346dc [0x00007f3dcd534680+0x5c]
J 7535 C1 groovy.lang.MetaClassImpl.invokePropertyOrMissing(Ljava/lang/Object;Ljava/lang/String;[Ljava/lang/Object;ZZ)Ljava/lang/Object; (157 bytes) @ 0x00007f3dce0699e4 [0x00007f3dce0694c0+0x524]
J 3528 C1 groovy.lang.MetaClassImpl.invokeMethod(Ljava/lang/Class;Ljava/lang/Object;Ljava/lang/String;[Ljava/lang/Object;ZZ)Ljava/lang/Object; (1088 bytes) @ 0x00007f3dcd8a5214 [0x00007f3dcd8a3f40+0x12d4]
J 8210 C1 groovy.lang.ExpandoMetaClass.invokeMethod(Ljava/lang/Class;Ljava/lang/Object;Ljava/lang/String;[Ljava/lang/Object;ZZ)Ljava/lang/Object; (48 bytes) @ 0x00007f3dce1d4b1c [0x00007f3dce1d4920+0x1fc]
J 1816 C1 groovy.lang.MetaClassImpl.invokeMethod(Ljava/lang/Object;Ljava/lang/String;[Ljava/lang/Object;)Ljava/lang/Object; (14 bytes) @ 0x00007f3dcd5346dc [0x00007f3dcd534680+0x5c]
J 6770 C1 org.codehaus.groovy.runtime.callsite.PogoMetaClassSite.callCurrent(Lgroovy/lang/GroovyObject;[Ljava/lang/Object;)Ljava/lang/Object; (92 bytes) @ 0x00007f3dcde90b8c [0x00007f3dcde90a80+0x10c]
J 6620 C1 org.codehaus.groovy.runtime.callsite.AbstractCallSite.callCurrent(Lgroovy/lang/GroovyObject;Ljava/lang/Object;)Ljava/lang/Object; (37 bytes) @ 0x00007f3dcde230e4 [0x00007f3dcde22f60+0x184]
j  gsp_fields_templates__fields_list_gsp.run()Ljava/lang/Object;+411
j  org.grails.gsp.GroovyPageWritable.doWriteTo(Lorg/grails/taglib/encoder/OutputContext;Ljava/io/Writer;)Ljava/io/Writer;+373
j  org.grails.gsp.GroovyPageWritable.writeTo(Ljava/io/Writer;)Ljava/io/Writer;+13
j  org.grails.web.gsp.GroovyPagesTemplateRenderer.makeTemplate(Lorg/grails/web/servlet/mvc/GrailsWebRequest;Lgroovy/text/Template;Ljava/util/Map;Ljava/lang/Object;Ljava/io/Writer;)V+326
j  org.grails.web.gsp.GroovyPagesTemplateRenderer.render(Lorg/grails/web/servlet/mvc/GrailsWebRequest;Lorg/grails/taglib/TemplateVariableBinding;Ljava/util/Map;Ljava/lang/Object;Ljava/io/Writer;)V+162
j  org.grails.plugins.web.taglib.RenderTagLib$_closure7.doCall(Ljava/util/Map;Ljava/lang/Object;)Ljava/lang/Object;+74
j  sun.reflect.GeneratedMethodAccessor525.invoke(Ljava/lang/Object;[Ljava/lang/Object;)Ljava/lang/Object;+48
J 773 C1 sun.reflect.DelegatingMethodAccessorImpl.invoke(Ljava/lang/Object;[Ljava/lang/Object;)Ljava/lang/Object; (10 bytes) @ 0x00007f3dcd38ccc4 [0x00007f3dcd38cc80+0x44]
J 772 C1 java.lang.reflect.Method.invoke(Ljava/lang/Object;[Ljava/lang/Object;)Ljava/lang/Object; (62 bytes) @ 0x00007f3dcd38c8d4 [0x00007f3dcd38c7e0+0xf4]
J 1814 C1 org.springsource.loaded.ri.ReflectiveInterceptor.jlrMethodInvoke(Ljava/lang/reflect/Method;Ljava/lang/Object;[Ljava/lang/Object;)Ljava/lang/Object; (2214 bytes) @ 0x00007f3dcd5267e4 [0x00007f3dcd525060+0x1784]
J 3585 C1 org.codehaus.groovy.reflection.CachedMethod.invoke(Ljava/lang/Object;[Ljava/lang/Object;)Ljava/lang/Object; (70 bytes) @ 0x00007f3dcd8ce074 [0x00007f3dcd8ce040+0x34]
J 3077 C1 groovy.lang.MetaMethod.doMethodInvoke(Ljava/lang/Object;[Ljava/lang/Object;)Ljava/lang/Object; (22 bytes) @ 0x00007f3dcd7a6994 [0x00007f3dcd7a6920+0x74]
J 3501 C1 org.codehaus.groovy.runtime.metaclass.ClosureMetaClass.invokeMethod(Ljava/lang/Class;Ljava/lang/Object;Ljava/lang/String;[Ljava/lang/Object;ZZ)Ljava/lang/Object; (892 bytes) @ 0x00007f3dcd894514 [0x00007f3dcd893320+0x11f4]
J 1816 C1 groovy.lang.MetaClassImpl.invokeMethod(Ljava/lang/Object;Ljava/lang/String;[Ljava/lang/Object;)Ljava/lang/Object; (14 bytes) @ 0x00007f3dcd5346dc [0x00007f3dcd534680+0x5c]
J 4063 C1 groovy.lang.Closure.call([Ljava/lang/Object;)Ljava/lang/Object; (30 bytes) @ 0x00007f3dcd9b4cbc [0x00007f3dcd9b4c40+0x7c]
J 8437 C1 org.grails.taglib.TagOutput.captureTagOutput(Lorg/grails/taglib/TagLibraryLookup;Ljava/lang/String;Ljava/lang/String;Ljava/util/Map;Ljava/lang/Object;Lorg/grails/taglib/encoder/OutputContext;)Ljava/lang/Object; (558 bytes) @ 0x00007f3dce252294 [0x00007f3dce251460+0xe34]
j  org.grails.taglib.TagLibraryMetaUtils$_registerMethodMissingForTags_closure1.doCall(Ljava/util/Map;Lgroovy/lang/Closure;)Ljava/lang/Object;+46
j  sun.reflect.GeneratedMethodAccessor535.invoke(Ljava/lang/Object;[Ljava/lang/Object;)Ljava/lang/Object;+48
J 773 C1 sun.reflect.DelegatingMethodAccessorImpl.invoke(Ljava/lang/Object;[Ljava/lang/Object;)Ljava/lang/Object; (10 bytes) @ 0x00007f3dcd38ccc4 [0x00007f3dcd38cc80+0x44]
J 772 C1 java.lang.reflect.Method.invoke(Ljava/lang/Object;[Ljava/lang/Object;)Ljava/lang/Object; (62 bytes) @ 0x00007f3dcd38c8d4 [0x00007f3dcd38c7e0+0xf4]
J 1814 C1 org.springsource.loaded.ri.ReflectiveInterceptor.jlrMethodInvoke(Ljava/lang/reflect/Method;Ljava/lang/Object;[Ljava/lang/Object;)Ljava/lang/Object; (2214 bytes) @ 0x00007f3dcd5267e4 [0x00007f3dcd525060+0x1784]
J 3585 C1 org.codehaus.groovy.reflection.CachedMethod.invoke(Ljava/lang/Object;[Ljava/lang/Object;)Ljava/lang/Object; (70 bytes) @ 0x00007f3dcd8ce074 [0x00007f3dcd8ce040+0x34]
...<more frames>...


---------------  P R O C E S S  ---------------

Java Threads: ( => current thread )
  0x00007f3ddc016800 JavaThread "DestroyJavaVM" [_thread_blocked, id=12113, stack(0x00007f3de363b000,0x00007f3de373c000)]
  0x00007f3ddd973800 JavaThread "Thread-6" daemon [_thread_blocked, id=12195, stack(0x00007f3d535f8000,0x00007f3d536f9000)]
  0x00007f3ddd972000 JavaThread "Thread-8" [_thread_blocked, id=12194, stack(0x00007f3d536f9000,0x00007f3d537fa000)]
  0x00007f3ddd96a800 JavaThread "Thread-7" daemon [_thread_in_native, id=12193, stack(0x00007f3d537fa000,0x00007f3d538fb000)]
  0x00007f3ddd94e000 JavaThread "http-nio-8080-AsyncTimeout" daemon [_thread_blocked, id=12192, stack(0x00007f3d53afb000,0x00007f3d53bfc000)]
  0x00007f3ddd94c800 JavaThread "http-nio-8080-Acceptor-0" daemon [_thread_in_native, id=12191, stack(0x00007f3d53bfc000,0x00007f3d53cfd000)]
  0x00007f3ddd94a000 JavaThread "http-nio-8080-ClientPoller-1" daemon [_thread_in_native, id=12190, stack(0x00007f3d53cfd000,0x00007f3d53dfe000)]
  0x00007f3ddd93b800 JavaThread "http-nio-8080-ClientPoller-0" daemon [_thread_in_native, id=12189, stack(0x00007f3d53dfe000,0x00007f3d53eff000)]
  0x00007f3ddd92b800 JavaThread "http-nio-8080-exec-10" daemon [_thread_blocked, id=12188, stack(0x00007f3d53eff000,0x00007f3d54000000)]
  0x00007f3ddd929800 JavaThread "http-nio-8080-exec-9" daemon [_thread_blocked, id=12187, stack(0x00007f3dc00d7000,0x00007f3dc01d8000)]
  0x00007f3ddd927800 JavaThread "http-nio-8080-exec-8" daemon [_thread_blocked, id=12186, stack(0x00007f3dc01d8000,0x00007f3dc02d9000)]
  0x00007f3ddd925800 JavaThread "http-nio-8080-exec-7" daemon [_thread_blocked, id=12185, stack(0x00007f3dc02d9000,0x00007f3dc03da000)]
  0x00007f3ddd924000 JavaThread "http-nio-8080-exec-6" daemon [_thread_blocked, id=12184, stack(0x00007f3dc03da000,0x00007f3dc04db000)]
=>0x00007f3ddd922000 JavaThread "http-nio-8080-exec-5" daemon [_thread_in_Java, id=12183, stack(0x00007f3dc04db000,0x00007f3dc05dc000)]
  0x00007f3ddd920000 JavaThread "http-nio-8080-exec-4" daemon [_thread_blocked, id=12182, stack(0x00007f3dc05dc000,0x00007f3dc06dd000)]
  0x00007f3ddd91e000 JavaThread "http-nio-8080-exec-3" daemon [_thread_blocked, id=12181, stack(0x00007f3dc06dd000,0x00007f3dc07de000)]
  0x00007f3ddd91c000 JavaThread "http-nio-8080-exec-2" daemon [_thread_blocked, id=12180, stack(0x00007f3dc07de000,0x00007f3dc08df000)]
  0x00007f3ddd91a800 JavaThread "http-nio-8080-exec-1" daemon [_thread_blocked, id=12179, stack(0x00007f3dc08df000,0x00007f3dc09e0000)]
  0x00007f3ddd917800 JavaThread "NioBlockingSelector.BlockPoller-1" daemon [_thread_in_native, id=12178, stack(0x00007f3dc09e0000,0x00007f3dc0ae1000)]
  0x00007f3ddd481000 JavaThread "container-0" [_thread_blocked, id=12169, stack(0x00007f3dc0ee1000,0x00007f3dc0fe2000)]
  0x00007f3ddd478800 JavaThread "ContainerBackgroundProcessor[StandardEngine[Tomcat]]" daemon [_thread_blocked, id=12168, stack(0x00007f3dc0fe2000,0x00007f3dc10e3000)]
  0x00007f3ddd2b9000 JavaThread "Tomcat JDBC Pool Cleaner[414493378:1525647356605]" daemon [_thread_blocked, id=12156, stack(0x00007f3dc34f6000,0x00007f3dc35f7000)]
  0x00007f3ddc805000 JavaThread "FileSystemWatcher: files=#63 cl=sun.misc.Launcher$AppClassLoader@18b4aac2" daemon [_thread_blocked, id=12130, stack(0x00007f3dc8336000,0x00007f3dc8437000)]
  0x00007f3ddc77d800 JavaThread "Service Thread" daemon [_thread_blocked, id=12128, stack(0x00007f3dc854b000,0x00007f3dc864c000)]
  0x00007f3ddc76d000 JavaThread "C1 CompilerThread2" daemon [_thread_blocked, id=12127, stack(0x00007f3dc864c000,0x00007f3dc874d000)]
  0x00007f3ddc76a800 JavaThread "C2 CompilerThread1" daemon [_thread_blocked, id=12126, stack(0x00007f3dc874d000,0x00007f3dc884e000)]
  0x00007f3ddc775000 JavaThread "C2 CompilerThread0" daemon [_thread_blocked, id=12125, stack(0x00007f3dc884e000,0x00007f3dc894f000)]
  0x00007f3ddc18a800 JavaThread "Signal Dispatcher" daemon [_thread_blocked, id=12124, stack(0x00007f3dc8dae000,0x00007f3dc8eaf000)]
  0x00007f3ddc157800 JavaThread "Finalizer" daemon [_thread_blocked, id=12123, stack(0x00007f3dc9591000,0x00007f3dc9692000)]
  0x00007f3ddc153000 JavaThread "Reference Handler" daemon [_thread_blocked, id=12122, stack(0x00007f3dc9692000,0x00007f3dc9793000)]

Other Threads:
  0x00007f3ddc14b800 VMThread [stack: 0x00007f3dc9793000,0x00007f3dc9894000] [id=12121]
  0x00007f3ddc780800 WatcherThread [stack: 0x00007f3dc844a000,0x00007f3dc854b000] [id=12129]

VM state:not at safepoint (normal execution)

VM Mutex/Monitor currently owned by a thread: None

Heap:
 PSYoungGen      total 199168K, used 176349K [0x00000000f0000000, 0x0000000100000000, 0x0000000100000000)
  eden space 137216K, 98% used [0x00000000f0000000,0x00000000f8426d50,0x00000000f8600000)
  from space 61952K, 66% used [0x00000000fc380000,0x00000000feb906b8,0x0000000100000000)
  to   space 62464K, 0% used [0x00000000f8600000,0x00000000f8600000,0x00000000fc300000)
 ParOldGen       total 524288K, used 98826K [0x00000000d0000000, 0x00000000f0000000, 0x00000000f0000000)
  object space 524288K, 18% used [0x00000000d0000000,0x00000000d6082ae0,0x00000000f0000000)
 Metaspace       used 77891K, capacity 82614K, committed 82708K, reserved 1120256K
  class space    used 9888K, capacity 11304K, committed 11324K, reserved 1048576K

Card table byte_map: [0x00007f3de004f000,0x00007f3de01d0000] byte_map_base: 0x00007f3ddf9cf000

Marking Bits: (ParMarkBitMap*) 0x00007f3de2b0a920
 Begin Bits: [0x00007f3dcb2fc000, 0x00007f3dcbefc000)
 End Bits:   [0x00007f3dcbefc000, 0x00007f3dccafc000)

Polling page: 0x00007f3de3755000

CodeCache: size=245760Kb used=24888Kb max_used=24888Kb free=220871Kb
 bounds [0x00007f3dcd000000, 0x00007f3dce860000, 0x00007f3ddc000000]
 total_blobs=11608 nmethods=10820 adapters=700
 compilation: enabled

Compilation events (10 events):
Event: 1128,482 Thread 0x00007f3ddc76d000 11141       1       groovy.lang.Binding::hasVariable (26 bytes)
Event: 1128,482 Thread 0x00007f3ddc76d000 nmethod 11141 0x00007f3dce852e50 code [0x00007f3dce852fc0, 0x00007f3dce853128]
Event: 1128,483 Thread 0x00007f3ddc76d000 11142       1       org.grails.core.DefaultGrailsDomainClass::getConstrainedProperties (54 bytes)
Event: 1128,484 Thread 0x00007f3ddc76d000 nmethod 11142 0x00007f3dce853190 code [0x00007f3dce853360, 0x00007f3dce853708]
Event: 1128,485 Thread 0x00007f3ddc76d000 11143       1       sun.util.calendar.ZoneInfo::getTransitionIndex (156 bytes)
Event: 1128,486 Thread 0x00007f3ddc76d000 nmethod 11143 0x00007f3dce853a10 code [0x00007f3dce853b80, 0x00007f3dce853e30]
Event: 1128,486 Thread 0x00007f3ddc76d000 11144       1       grails.core.DefaultGrailsApplication::invokeMethod (272 bytes)
Event: 1128,490 Thread 0x00007f3ddc76d000 nmethod 11144 0x00007f3dce854150 code [0x00007f3dce8544e0, 0x00007f3dce8553f8]
Event: 1128,490 Thread 0x00007f3ddc76d000 11145       1       org.grails.taglib.TemplateVariableBinding::getVariable (119 bytes)
Event: 1128,492 Thread 0x00007f3ddc76d000 nmethod 11145 0x00007f3dce8566d0 code [0x00007f3dce856900, 0x00007f3dce857128]

GC Heap History (10 events):
Event: 466,413 GC heap before
{Heap before GC invocations=35 (full 3):
 PSYoungGen      total 198656K, used 198577K [0x00000000f0000000, 0x0000000100000000, 0x0000000100000000)
  eden space 158720K, 100% used [0x00000000f0000000,0x00000000f9b00000,0x00000000f9b00000)
  from space 39936K, 99% used [0x00000000f9b00000,0x00000000fc1ec6b8,0x00000000fc200000)
  to   space 54784K, 0% used [0x00000000fca80000,0x00000000fca80000,0x0000000100000000)
 ParOldGen       total 524288K, used 98786K [0x00000000d0000000, 0x00000000f0000000, 0x00000000f0000000)
  object space 524288K, 18% used [0x00000000d0000000,0x00000000d6078ae0,0x00000000f0000000)
 Metaspace       used 74245K, capacity 78630K, committed 78868K, reserved 1118208K
  class space    used 9605K, capacity 10966K, committed 11068K, reserved 1048576K
Event: 466,469 GC heap after
Heap after GC invocations=35 (full 3):
 PSYoungGen      total 202240K, used 39817K [0x00000000f0000000, 0x0000000100000000, 0x0000000100000000)
  eden space 147456K, 0% used [0x00000000f0000000,0x00000000f0000000,0x00000000f9000000)
  from space 54784K, 72% used [0x00000000fca80000,0x00000000ff162478,0x0000000100000000)
  to   space 57344K, 0% used [0x00000000f9000000,0x00000000f9000000,0x00000000fc800000)
 ParOldGen       total 524288K, used 98794K [0x00000000d0000000, 0x00000000f0000000, 0x00000000f0000000)
  object space 524288K, 18% used [0x00000000d0000000,0x00000000d607aae0,0x00000000f0000000)
 Metaspace       used 74245K, capacity 78630K, committed 78868K, reserved 1118208K
  class space    used 9605K, capacity 10966K, committed 11068K, reserved 1048576K
}
Event: 523,011 GC heap before
{Heap before GC invocations=36 (full 3):
 PSYoungGen      total 202240K, used 187166K [0x00000000f0000000, 0x0000000100000000, 0x0000000100000000)
  eden space 147456K, 99% used [0x00000000f0000000,0x00000000f8fe5458,0x00000000f9000000)
  from space 54784K, 72% used [0x00000000fca80000,0x00000000ff162478,0x0000000100000000)
  to   space 57344K, 0% used [0x00000000f9000000,0x00000000f9000000,0x00000000fc800000)
 ParOldGen       total 524288K, used 98794K [0x00000000d0000000, 0x00000000f0000000, 0x00000000f0000000)
  object space 524288K, 18% used [0x00000000d0000000,0x00000000d607aae0,0x00000000f0000000)
 Metaspace       used 74753K, capacity 79272K, committed 79380K, reserved 1118208K
  class space    used 9650K, capacity 11025K, committed 11068K, reserved 1048576K
Event: 523,051 GC heap after
Heap after GC invocations=36 (full 3):
 PSYoungGen      total 187904K, used 40128K [0x00000000f0000000, 0x0000000100000000, 0x0000000100000000)
  eden space 147456K, 0% used [0x00000000f0000000,0x00000000f0000000,0x00000000f9000000)
  from space 40448K, 99% used [0x00000000f9000000,0x00000000fb730078,0x00000000fb780000)
  to   space 59392K, 0% used [0x00000000fc600000,0x00000000fc600000,0x0000000100000000)
 ParOldGen       total 524288K, used 98802K [0x00000000d0000000, 0x00000000f0000000, 0x00000000f0000000)
  object space 524288K, 18% used [0x00000000d0000000,0x00000000d607cae0,0x00000000f0000000)
 Metaspace       used 74753K, capacity 79272K, committed 79380K, reserved 1118208K
  class space    used 9650K, capacity 11025K, committed 11068K, reserved 1048576K
}
Event: 553,107 GC heap before
{Heap before GC invocations=37 (full 3):
 PSYoungGen      total 187904K, used 187584K [0x00000000f0000000, 0x0000000100000000, 0x0000000100000000)
  eden space 147456K, 100% used [0x00000000f0000000,0x00000000f9000000,0x00000000f9000000)
  from space 40448K, 99% used [0x00000000f9000000,0x00000000fb730078,0x00000000fb780000)
  to   space 59392K, 0% used [0x00000000fc600000,0x00000000fc600000,0x0000000100000000)
 ParOldGen       total 524288K, used 98802K [0x00000000d0000000, 0x00000000f0000000, 0x00000000f0000000)
  object space 524288K, 18% used [0x00000000d0000000,0x00000000d607cae0,0x00000000f0000000)
 Metaspace       used 76026K, capacity 80596K, committed 80788K, reserved 1118208K
  class space    used 9742K, capacity 11124K, committed 11196K, reserved 1048576K
Event: 553,148 GC heap after
Heap after GC invocations=37 (full 3):
 PSYoungGen      total 200704K, used 39284K [0x00000000f0000000, 0x0000000100000000, 0x0000000100000000)
  eden space 141312K, 0% used [0x00000000f0000000,0x00000000f0000000,0x00000000f8a00000)
  from space 59392K, 66% used [0x00000000fc600000,0x00000000fec5d010,0x0000000100000000)
  to   space 60416K, 0% used [0x00000000f8a00000,0x00000000f8a00000,0x00000000fc500000)
 ParOldGen       total 524288K, used 98810K [0x00000000d0000000, 0x00000000f0000000, 0x00000000f0000000)
  object space 524288K, 18% used [0x00000000d0000000,0x00000000d607eae0,0x00000000f0000000)
 Metaspace       used 76026K, capacity 80596K, committed 80788K, reserved 1118208K
  class space    used 9742K, capacity 11124K, committed 11196K, reserved 1048576K
}
Event: 615,527 GC heap before
{Heap before GC invocations=38 (full 3):
 PSYoungGen      total 200704K, used 180596K [0x00000000f0000000, 0x0000000100000000, 0x0000000100000000)
  eden space 141312K, 100% used [0x00000000f0000000,0x00000000f8a00000,0x00000000f8a00000)
  from space 59392K, 66% used [0x00000000fc600000,0x00000000fec5d010,0x0000000100000000)
  to   space 60416K, 0% used [0x00000000f8a00000,0x00000000f8a00000,0x00000000fc500000)
 ParOldGen       total 524288K, used 98810K [0x00000000d0000000, 0x00000000f0000000, 0x00000000f0000000)
  object space 524288K, 18% used [0x00000000d0000000,0x00000000d607eae0,0x00000000f0000000)
 Metaspace       used 76508K, capacity 81050K, committed 81300K, reserved 1120256K
  class space    used 9782K, capacity 11164K, committed 11196K, reserved 1048576K
Event: 615,573 GC heap after
Heap after GC invocations=38 (full 3):
 PSYoungGen      total 180736K, used 40593K [0x00000000f0000000, 0x0000000100000000, 0x0000000100000000)
  eden space 139776K, 0% used [0x00000000f0000000,0x00000000f0000000,0x00000000f8880000)
  from space 40960K, 99% used [0x00000000f8a00000,0x00000000fb1a4740,0x00000000fb200000)
  to   space 61952K, 0% used [0x00000000fc380000,0x00000000fc380000,0x0000000100000000)
 ParOldGen       total 524288K, used 98818K [0x00000000d0000000, 0x00000000f0000000, 0x00000000f0000000)
  object space 524288K, 18% used [0x00000000d0000000,0x00000000d6080ae0,0x00000000f0000000)
 Metaspace       used 76508K, capacity 81050K, committed 81300K, reserved 1120256K
  class space    used 9782K, capacity 11164K, committed 11196K, reserved 1048576K
}
Event: 922,175 GC heap before
{Heap before GC invocations=39 (full 3):
 PSYoungGen      total 180736K, used 180368K [0x00000000f0000000, 0x0000000100000000, 0x0000000100000000)
  eden space 139776K, 99% used [0x00000000f0000000,0x00000000f887f9a0,0x00000000f8880000)
  from space 40960K, 99% used [0x00000000f8a00000,0x00000000fb1a4740,0x00000000fb200000)
  to   space 61952K, 0% used [0x00000000fc380000,0x00000000fc380000,0x0000000100000000)
 ParOldGen       total 524288K, used 98818K [0x00000000d0000000, 0x00000000f0000000, 0x00000000f0000000)
  object space 524288K, 18% used [0x00000000d0000000,0x00000000d6080ae0,0x00000000f0000000)
 Metaspace       used 77567K, capacity 82320K, committed 82452K, reserved 1120256K
  class space    used 9856K, capacity 11286K, committed 11324K, reserved 1048576K
Event: 922,240 GC heap after
Heap after GC invocations=39 (full 3):
 PSYoungGen      total 199168K, used 41025K [0x00000000f0000000, 0x0000000100000000, 0x0000000100000000)
  eden space 137216K, 0% used [0x00000000f0000000,0x00000000f0000000,0x00000000f8600000)
  from space 61952K, 66% used [0x00000000fc380000,0x00000000feb906b8,0x0000000100000000)
  to   space 62464K, 0% used [0x00000000f8600000,0x00000000f8600000,0x00000000fc300000)
 ParOldGen       total 524288K, used 98826K [0x00000000d0000000, 0x00000000f0000000, 0x00000000f0000000)
  object space 524288K, 18% used [0x00000000d0000000,0x00000000d6082ae0,0x00000000f0000000)
 Metaspace       used 77567K, capacity 82320K, committed 82452K, reserved 1120256K
  class space    used 9856K, capacity 11286K, committed 11324K, reserved 1048576K
}

Deoptimization events (0 events):
No events

Classes redefined (0 events):
No events

Internal exceptions (10 events):
Event: 1128,446 Thread 0x00007f3ddd91c000 Exception <a 'java/lang/ArrayIndexOutOfBoundsException'> (0x00000000f805a348) thrown at [/HUDSON/workspace/8-2-build-linux-amd64/jdk8u161/10277/hotspot/src/share/vm/runtime/sharedRuntime.cpp, line 605]
Event: 1128,446 Thread 0x00007f3ddd91c000 Exception <a 'java/lang/ArrayIndexOutOfBoundsException'> (0x00000000f8060bb8) thrown at [/HUDSON/workspace/8-2-build-linux-amd64/jdk8u161/10277/hotspot/src/share/vm/runtime/sharedRuntime.cpp, line 605]
Event: 1128,446 Thread 0x00007f3ddd91c000 Exception <a 'java/lang/ArrayIndexOutOfBoundsException'> (0x00000000f8064850) thrown at [/HUDSON/workspace/8-2-build-linux-amd64/jdk8u161/10277/hotspot/src/share/vm/runtime/sharedRuntime.cpp, line 605]
Event: 1128,446 Thread 0x00007f3ddd91c000 Exception <a 'java/lang/ArrayIndexOutOfBoundsException'> (0x00000000f806d760) thrown at [/HUDSON/workspace/8-2-build-linux-amd64/jdk8u161/10277/hotspot/src/share/vm/runtime/sharedRuntime.cpp, line 605]
Event: 1128,446 Thread 0x00007f3ddd91c000 Exception <a 'java/lang/ArrayIndexOutOfBoundsException'> (0x00000000f80725b8) thrown at [/HUDSON/workspace/8-2-build-linux-amd64/jdk8u161/10277/hotspot/src/share/vm/runtime/sharedRuntime.cpp, line 605]
Event: 1128,446 Thread 0x00007f3ddd91c000 Exception <a 'java/lang/ArrayIndexOutOfBoundsException'> (0x00000000f8075988) thrown at [/HUDSON/workspace/8-2-build-linux-amd64/jdk8u161/10277/hotspot/src/share/vm/runtime/sharedRuntime.cpp, line 605]
Event: 1128,446 Thread 0x00007f3ddd91c000 Exception <a 'java/lang/ArrayIndexOutOfBoundsException'> (0x00000000f80775e0) thrown at [/HUDSON/workspace/8-2-build-linux-amd64/jdk8u161/10277/hotspot/src/share/vm/runtime/sharedRuntime.cpp, line 605]
Event: 1128,483 Thread 0x00007f3ddd922000 NullPointerException at vtable entry 0x00007f3dcd379837
Event: 1128,483 Thread 0x00007f3ddd922000 Exception <a 'java/lang/NullPointerException'> (0x00000000f83e75a0) thrown at [/HUDSON/workspace/8-2-build-linux-amd64/jdk8u161/10277/hotspot/src/share/vm/runtime/sharedRuntime.cpp, line 605]
Event: 1128,484 Thread 0x00007f3ddd922000 Exception <a 'java/lang/ClassNotFoundException': int> (0x00000000f83ef368) thrown at [/HUDSON/workspace/8-2-build-linux-amd64/jdk8u161/10277/hotspot/src/share/vm/classfile/systemDictionary.cpp, line 210]

Events (10 events):
Event: 1128,442 loading class dashboard/MotorDeDatosCustomizer
Event: 1128,442 loading class dashboard/MotorDeDatosCustomizer done
Event: 1128,442 loading class dashboard/MotorDeDatosCustomizer
Event: 1128,442 loading class dashboard/MotorDeDatosCustomizer done
Event: 1128,442 loading class dashboard/MotorDeDatosCustomizer
Event: 1128,442 loading class dashboard/MotorDeDatosCustomizer done
Event: 1128,475 Executing VM operation: RevokeBias
Event: 1128,476 Executing VM operation: RevokeBias done
Event: 1128,484 loading class int
Event: 1128,484 loading class int done


Dynamic libraries:
00400000-00401000 r-xp 00000000 08:05 5249936                            /usr/lib/jvm/java-8-oracle/bin/java
00600000-00601000 rw-p 00000000 08:05 5249936                            /usr/lib/jvm/java-8-oracle/bin/java
00c1f000-00c40000 rw-p 00000000 00:00 0                                  [heap]
d0000000-100b0f000 rw-p 00000000 00:00 0 
100b0f000-140000000 ---p 00000000 00:00 0 
7f3d48000000-7f3d4804b000 rw-p 00000000 00:00 0 
7f3d4804b000-7f3d4c000000 ---p 00000000 00:00 0 
7f3d4c000000-7f3d4c12d000 rw-p 00000000 00:00 0 
7f3d4c12d000-7f3d50000000 ---p 00000000 00:00 0 
7f3d525f8000-7f3d527b8000 rw-p 00000000 00:00 0 
7f3d527b8000-7f3d527f8000 ---p 00000000 00:00 0 
7f3d527f8000-7f3d529f8000 rw-p 00000000 00:00 0 
7f3d529f8000-7f3d52bf8000 rw-p 00000000 00:00 0 
7f3d52bf8000-7f3d52df8000 rw-p 00000000 00:00 0 
7f3d52df8000-7f3d52ff8000 rw-p 00000000 00:00 0 
7f3d52ff8000-7f3d531f8000 rw-p 00000000 00:00 0 
7f3d531f8000-7f3d533f8000 rw-p 00000000 00:00 0 
7f3d533f8000-7f3d535f8000 rw-p 00000000 00:00 0 
7f3d535f8000-7f3d535fb000 ---p 00000000 00:00 0 
7f3d535fb000-7f3d536f9000 rw-p 00000000 00:00 0                          [stack:12195]
7f3d536f9000-7f3d536fc000 ---p 00000000 00:00 0 
7f3d536fc000-7f3d537fa000 rw-p 00000000 00:00 0                          [stack:12194]
7f3d537fa000-7f3d537fd000 ---p 00000000 00:00 0 
7f3d537fd000-7f3d53afb000 rw-p 00000000 00:00 0                          [stack:12193]
7f3d53afb000-7f3d53afe000 ---p 00000000 00:00 0 
7f3d53afe000-7f3d53bfc000 rw-p 00000000 00:00 0                          [stack:12192]
7f3d53bfc000-7f3d53bff000 ---p 00000000 00:00 0 
7f3d53bff000-7f3d53cfd000 rw-p 00000000 00:00 0                          [stack:12191]
7f3d53cfd000-7f3d53d00000 ---p 00000000 00:00 0 
7f3d53d00000-7f3d53dfe000 rw-p 00000000 00:00 0                          [stack:12190]
7f3d53dfe000-7f3d53e01000 ---p 00000000 00:00 0 
7f3d53e01000-7f3d53eff000 rw-p 00000000 00:00 0                          [stack:12189]
7f3d53eff000-7f3d53f02000 ---p 00000000 00:00 0 
7f3d53f02000-7f3d54000000 rw-p 00000000 00:00 0                          [stack:12188]
7f3d54000000-7f3d540ff000 rw-p 00000000 00:00 0 
7f3d540ff000-7f3d58000000 ---p 00000000 00:00 0 
7f3d58000000-7f3d58293000 rw-p 00000000 00:00 0 
7f3d58293000-7f3d5c000000 ---p 00000000 00:00 0 
7f3d5c000000-7f3d5c2a6000 rw-p 00000000 00:00 0 
7f3d5c2a6000-7f3d60000000 ---p 00000000 00:00 0 
7f3d60000000-7f3d60205000 rw-p 00000000 00:00 0 
7f3d60205000-7f3d64000000 ---p 00000000 00:00 0 
7f3d64000000-7f3d64034000 rw-p 00000000 00:00 0 
7f3d64034000-7f3d68000000 ---p 00000000 00:00 0 
7f3d68000000-7f3d68158000 rw-p 00000000 00:00 0 
7f3d68158000-7f3d6c000000 ---p 00000000 00:00 0 
7f3d6c000000-7f3d6c260000 rw-p 00000000 00:00 0 
7f3d6c260000-7f3d70000000 ---p 00000000 00:00 0 
7f3d70000000-7f3d701ca000 rw-p 00000000 00:00 0 
7f3d701ca000-7f3d74000000 ---p 00000000 00:00 0 
7f3d74000000-7f3d74021000 rw-p 00000000 00:00 0 
7f3d74021000-7f3d78000000 ---p 00000000 00:00 0 
7f3d78000000-7f3d78021000 rw-p 00000000 00:00 0 
7f3d78021000-7f3d7c000000 ---p 00000000 00:00 0 
7f3d7c000000-7f3d7c07e000 rw-p 00000000 00:00 0 
7f3d7c07e000-7f3d80000000 ---p 00000000 00:00 0 
7f3d80000000-7f3d80021000 rw-p 00000000 00:00 0 
7f3d80021000-7f3d84000000 ---p 00000000 00:00 0 
7f3d84000000-7f3d841b2000 rw-p 00000000 00:00 0 
7f3d841b2000-7f3d88000000 ---p 00000000 00:00 0 
7f3d88000000-7f3d8802c000 rw-p 00000000 00:00 0 
7f3d8802c000-7f3d8c000000 ---p 00000000 00:00 0 
7f3d8c000000-7f3d8c021000 rw-p 00000000 00:00 0 
7f3d8c021000-7f3d90000000 ---p 00000000 00:00 0 
7f3d90000000-7f3d90099000 rw-p 00000000 00:00 0 
7f3d90099000-7f3d94000000 ---p 00000000 00:00 0 
7f3d94000000-7f3d94dfa000 rw-p 00000000 00:00 0 
7f3d94dfa000-7f3d98000000 ---p 00000000 00:00 0 
7f3d98000000-7f3d98021000 rw-p 00000000 00:00 0 
7f3d98021000-7f3d9c000000 ---p 00000000 00:00 0 
7f3d9c000000-7f3d9c021000 rw-p 00000000 00:00 0 
7f3d9c021000-7f3da0000000 ---p 00000000 00:00 0 
7f3da0000000-7f3da002d000 rw-p 00000000 00:00 0 
7f3da002d000-7f3da4000000 ---p 00000000 00:00 0 
7f3da4000000-7f3da4021000 rw-p 00000000 00:00 0 
7f3da4021000-7f3da8000000 ---p 00000000 00:00 0 
7f3da8000000-7f3da8021000 rw-p 00000000 00:00 0 
7f3da8021000-7f3dac000000 ---p 00000000 00:00 0 
7f3dac000000-7f3dac102000 rw-p 00000000 00:00 0 
7f3dac102000-7f3db0000000 ---p 00000000 00:00 0 
7f3db0000000-7f3db0021000 rw-p 00000000 00:00 0 
7f3db0021000-7f3db4000000 ---p 00000000 00:00 0 
7f3db4000000-7f3db4021000 rw-p 00000000 00:00 0 
7f3db4021000-7f3db8000000 ---p 00000000 00:00 0 
7f3db8000000-7f3db8045000 rw-p 00000000 00:00 0 
7f3db8045000-7f3dbc000000 ---p 00000000 00:00 0 
7f3dbc000000-7f3dbc030000 rw-p 00000000 00:00 0 
7f3dbc030000-7f3dc0000000 ---p 00000000 00:00 0 
7f3dc00d7000-7f3dc00da000 ---p 00000000 00:00 0 
7f3dc00da000-7f3dc01d8000 rw-p 00000000 00:00 0                          [stack:12187]
7f3dc01d8000-7f3dc01db000 ---p 00000000 00:00 0 
7f3dc01db000-7f3dc02d9000 rw-p 00000000 00:00 0                          [stack:12186]
7f3dc02d9000-7f3dc02dc000 ---p 00000000 00:00 0 
7f3dc02dc000-7f3dc03da000 rw-p 00000000 00:00 0                          [stack:12185]
7f3dc03da000-7f3dc03dd000 ---p 00000000 00:00 0 
7f3dc03dd000-7f3dc04db000 rw-p 00000000 00:00 0                          [stack:12184]
7f3dc04db000-7f3dc04de000 ---p 00000000 00:00 0 
7f3dc04de000-7f3dc05dc000 rw-p 00000000 00:00 0                          [stack:12183]
7f3dc05dc000-7f3dc05df000 ---p 00000000 00:00 0 
7f3dc05df000-7f3dc06dd000 rw-p 00000000 00:00 0                          [stack:12182]
7f3dc06dd000-7f3dc06e0000 ---p 00000000 00:00 0 
7f3dc06e0000-7f3dc07de000 rw-p 00000000 00:00 0                          [stack:12181]
7f3dc07de000-7f3dc07e1000 ---p 00000000 00:00 0 
7f3dc07e1000-7f3dc08df000 rw-p 00000000 00:00 0                          [stack:12180]
7f3dc08df000-7f3dc08e2000 ---p 00000000 00:00 0 
7f3dc08e2000-7f3dc09e0000 rw-p 00000000 00:00 0                          [stack:12179]
7f3dc09e0000-7f3dc09e3000 ---p 00000000 00:00 0 
7f3dc09e3000-7f3dc0ce1000 rw-p 00000000 00:00 0                          [stack:12178]
7f3dc0ce1000-7f3dc0ee1000 rw-p 00000000 00:00 0 
7f3dc0ee1000-7f3dc0ee4000 ---p 00000000 00:00 0 
7f3dc0ee4000-7f3dc0fe2000 rw-p 00000000 00:00 0                          [stack:12169]
7f3dc0fe2000-7f3dc0fe5000 ---p 00000000 00:00 0 
7f3dc0fe5000-7f3dc10e3000 rw-p 00000000 00:00 0                          [stack:12168]
7f3dc10e3000-7f3dc10e6000 ---p 00000000 00:00 0 
7f3dc10e6000-7f3dc13e4000 rw-p 00000000 00:00 0 
7f3dc13e4000-7f3dc15e4000 rw-p 00000000 00:00 0 
7f3dc15e4000-7f3dc17e4000 rw-p 00000000 00:00 0 
7f3dc17e4000-7f3dc19e4000 rw-p 00000000 00:00 0 
7f3dc19e4000-7f3dc1be4000 rw-p 00000000 00:00 0 
7f3dc1be4000-7f3dc1de4000 rw-p 00000000 00:00 0 
7f3dc1de4000-7f3dc1fe4000 rw-p 00000000 00:00 0 
7f3dc1fe4000-7f3dc21e4000 rw-p 00000000 00:00 0 
7f3dc21e4000-7f3dc23da000 rw-p 00000000 00:00 0 
7f3dc23da000-7f3dc23e4000 ---p 00000000 00:00 0 
7f3dc23e4000-7f3dc25e4000 rw-p 00000000 00:00 0 
7f3dc25e4000-7f3dc27e4000 rw-p 00000000 00:00 0 
7f3dc27e4000-7f3dc29e4000 rw-p 00000000 00:00 0 
7f3dc29e4000-7f3dc29f5000 r-xp 00000000 08:05 5116183                    /usr/lib/jvm/java-8-oracle/jre/lib/amd64/libnio.so
7f3dc29f5000-7f3dc2bf4000 ---p 00011000 08:05 5116183                    /usr/lib/jvm/java-8-oracle/jre/lib/amd64/libnio.so
7f3dc2bf4000-7f3dc2bf5000 rw-p 00010000 08:05 5116183                    /usr/lib/jvm/java-8-oracle/jre/lib/amd64/libnio.so
7f3dc2bf5000-7f3dc2df5000 rw-p 00000000 00:00 0 
7f3dc2df5000-7f3dc2ff5000 rw-p 00000000 00:00 0 
7f3dc2ff5000-7f3dc31f5000 rw-p 00000000 00:00 0 
7f3dc31f5000-7f3dc31f8000 ---p 00000000 00:00 0 
7f3dc31f8000-7f3dc34f6000 rw-p 00000000 00:00 0 
7f3dc34f6000-7f3dc34f9000 ---p 00000000 00:00 0 
7f3dc34f9000-7f3dc35f7000 rw-p 00000000 00:00 0                          [stack:12156]
7f3dc35f7000-7f3dc3600000 r-xp 00000000 08:05 5116227                    /usr/lib/jvm/java-8-oracle/jre/lib/amd64/libmanagement.so
7f3dc3600000-7f3dc37ff000 ---p 00009000 08:05 5116227                    /usr/lib/jvm/java-8-oracle/jre/lib/amd64/libmanagement.so
7f3dc37ff000-7f3dc3800000 rw-p 00008000 08:05 5116227                    /usr/lib/jvm/java-8-oracle/jre/lib/amd64/libmanagement.so
7f3dc3800000-7f3dc3a00000 rw-p 00000000 00:00 0 
7f3dc3a00000-7f3dc3c00000 rw-p 00000000 00:00 0 
7f3dc3c00000-7f3dc3e00000 rw-p 00000000 00:00 0 
7f3dc3e00000-7f3dc4000000 rw-p 00000000 00:00 0 
7f3dc4000000-7f3dc4021000 rw-p 00000000 00:00 0 
7f3dc4021000-7f3dc8000000 ---p 00000000 00:00 0 
7f3dc80dd000-7f3dc80de000 rw-p 00000000 00:00 0 
7f3dc80de000-7f3dc80e3000 r--s 002f9000 08:05 5116331                    /usr/lib/jvm/java-8-oracle/jre/lib/charsets.jar
7f3dc80e3000-7f3dc80e8000 r--s 0009d000 08:05 5116334                    /usr/lib/jvm/java-8-oracle/jre/lib/jsse.jar
7f3dc80e8000-7f3dc80f2000 r--s 00116000 08:05 5116284                    /usr/lib/jvm/java-8-oracle/jre/lib/ext/localedata.jar
7f3dc80f2000-7f3dc8108000 r-xp 00000000 08:05 5116175                    /usr/lib/jvm/java-8-oracle/jre/lib/amd64/libnet.so
7f3dc8108000-7f3dc8308000 ---p 00016000 08:05 5116175                    /usr/lib/jvm/java-8-oracle/jre/lib/amd64/libnet.so
7f3dc8308000-7f3dc8309000 rw-p 00016000 08:05 5116175                    /usr/lib/jvm/java-8-oracle/jre/lib/amd64/libnet.so
7f3dc8309000-7f3dc8310000 r--s 00000000 08:05 5243649                    /usr/lib/x86_64-linux-gnu/gconv/gconv-modules.cache
7f3dc8310000-7f3dc8336000 r--p 00000000 08:05 5906313                    /usr/share/locale-langpack/es/LC_MESSAGES/libc.mo
7f3dc8336000-7f3dc8339000 ---p 00000000 00:00 0 
7f3dc8339000-7f3dc8437000 rw-p 00000000 00:00 0                          [stack:12130]
7f3dc8437000-7f3dc844a000 r--s 00345000 08:05 5116294                    /usr/lib/jvm/java-8-oracle/jre/lib/resources.jar
7f3dc844a000-7f3dc844b000 ---p 00000000 00:00 0 
7f3dc844b000-7f3dc854b000 rw-p 00000000 00:00 0                          [stack:12129]
7f3dc854b000-7f3dc854e000 ---p 00000000 00:00 0 
7f3dc854e000-7f3dc864c000 rw-p 00000000 00:00 0                          [stack:12128]
7f3dc864c000-7f3dc864f000 ---p 00000000 00:00 0 
7f3dc864f000-7f3dc874d000 rw-p 00000000 00:00 0                          [stack:12127]
7f3dc874d000-7f3dc8750000 ---p 00000000 00:00 0 
7f3dc8750000-7f3dc884e000 rw-p 00000000 00:00 0                          [stack:12126]
7f3dc884e000-7f3dc8851000 ---p 00000000 00:00 0 
7f3dc8851000-7f3dc894f000 rw-p 00000000 00:00 0                          [stack:12125]
7f3dc894f000-7f3dc8956000 r--s 00063000 08:05 787937                     /home/lucas/.gradle/caches/modules-2/files-2.1/org.springframework/springloaded/1.2.7.RELEASE/36be57f1a306cec1185b0276960fbe95dee08bf/springloaded-1.2.7.RELEASE.jar
7f3dc8956000-7f3dc898f000 r--s 00382000 08:05 787861                     /home/lucas/.gradle/caches/modules-2/files-2.1/com.google.javascript/closure-compiler-unshaded/v20160713/7df7b683e16c93f65361a15356283599ba012c78/closure-compiler-unshaded-v20160713.jar
7f3dc898f000-7f3dc899c000 r--s 00109000 08:05 787860                     /home/lucas/.gradle/caches/modules-2/files-2.1/org.mozilla/rhino/1.7R4/e982f2136574b9a423186fbaeaaa98dc3e5a5288/rhino-1.7R4.jar
7f3dc899c000-7f3dc89a9000 r--s 00083000 08:05 787934                     /home/lucas/.gradle/caches/modules-2/files-2.1/commons-collections/commons-collections/3.2.2/8ad72fe39fa8c91eaaf12aadb21e0c3661fe26d5/commons-collections-3.2.2.jar
7f3dc89a9000-7f3dc89b0000 r--s 0003f000 08:05 788117                     /home/lucas/.gradle/caches/modules-2/files-2.1/commons-codec/commons-codec/1.10/4b95f4897fa13f2cd904aee711aeafc0c5295cd8/commons-codec-1.10.jar
7f3dc89b0000-7f3dc89b4000 r--s 0000c000 08:05 787899                     /home/lucas/.gradle/caches/modules-2/files-2.1/javax.validation/validation-api/1.1.0.Final/8613ae82954779d518631e05daa73a6a954817d5/validation-api-1.1.0.Final.jar
7f3dc89b4000-7f3dc89b7000 r--s 00029000 08:05 787918                     /home/lucas/.gradle/caches/modules-2/files-2.1/commons-validator/commons-validator/1.5.1/86d05a46e8f064b300657f751b5a98c62807e2a0/commons-validator-1.5.1.jar
7f3dc89b7000-7f3dc89bd000 r--s 00027000 08:05 788116                     /home/lucas/.gradle/caches/modules-2/files-2.1/opensymphony/sitemesh/2.4/fa84c82cce30a9a632c08dd2277d63993d972cf5/sitemesh-2.4.jar
7f3dc89bd000-7f3dc89bf000 r--s 00007000 08:05 788115                     /home/lucas/.gradle/caches/modules-2/files-2.1/org.grails/grails-web-taglib/3.3.0/7605089e33d591b25afdbb342c4babe332cda23f/grails-web-taglib-3.3.0.jar
7f3dc89bf000-7f3dc89c2000 r--s 00015000 08:05 788114                     /home/lucas/.gradle/caches/modules-2/files-2.1/org.grails/grails-taglib/3.3.0/38a8e5db6edc038642399f0b01268647f50e8acf/grails-taglib-3.3.0.jar
7f3dc89c2000-7f3dc89c5000 r--s 0001d000 08:05 787831                     /home/lucas/.gradle/caches/modules-2/files-2.1/org.codehaus.groovy/groovy-json/2.4.11/98b01ddd7811e27b8bb7900e3ea029d86f243e10/groovy-json-2.4.11.jar
7f3dc89c5000-7f3dc89c8000 r--s 00042000 08:05 788113                     /home/lucas/.gradle/caches/modules-2/files-2.1/com.fasterxml.jackson.core/jackson-core/2.8.8/d478fb6de45a7c3d2cad07c8ad70c7f0a797a020/jackson-core-2.8.8.jar
7f3dc89c8000-7f3dc89cb000 r--s 0000b000 08:05 788112                     /home/lucas/.gradle/caches/modules-2/files-2.1/com.fasterxml.jackson.core/jackson-annotations/2.8.0/45b426f7796b741035581a176744d91090e2e6fb/jackson-annotations-2.8.0.jar
7f3dc89cb000-7f3dc89cc000 r--s 00005000 08:05 788111                     /home/lucas/.gradle/caches/modules-2/files-2.1/org.grails/grails-codecs/3.3.0/f6eda2890fd857e81db689b9cc3ea1a1e0f664fd/grails-codecs-3.3.0.jar
7f3dc89cc000-7f3dc89d5000 r--s 0002d000 08:05 788110                     /home/lucas/.gradle/caches/modules-2/files-2.1/xml-apis/xml-apis/1.4.01/3789d9fada2d3d458c4ba2de349d48780f381ee3/xml-apis-1.4.01.jar
7f3dc89d5000-7f3dc89d7000 r--s 00008000 08:05 787859                     /home/lucas/.gradle/caches/modules-2/files-2.1/javax.el/javax.el-api/2.2.4/1287562cc3f0ff5439ded6f2949e73ce1c0edaab/javax.el-api-2.2.4.jar
7f3dc89d7000-7f3dc89e8000 r--s 000a1000 08:05 788109                     /home/lucas/.gradle/caches/modules-2/files-2.1/org.hibernate/hibernate-validator/5.3.5.Final/622a9bcef2eed6d41b5b8e0662c36212009e375/hibernate-validator-5.3.5.Final.jar
7f3dc89e8000-7f3dc89ef000 r--s 00060000 08:05 787857                     /home/lucas/.gradle/caches/modules-2/files-2.1/org.grails/grails-datastore-gorm-hibernate-core/6.1.6.RELEASE/658edfe541f77d759bd1607cd0c55148e3aed128/grails-datastore-gorm-hibernate-core-6.1.6.RELEASE.jar
7f3dc89ef000-7f3dc8a01000 r--s 000b7000 08:05 787853                     /home/lucas/.gradle/caches/modules-2/files-2.1/org.springframework/spring-web/4.3.9.RELEASE/91dae64c4280093ad5fb4736a10913c9233479c1/spring-web-4.3.9.RELEASE.jar
7f3dc8a01000-7f3dc8a04000 r--s 00013000 08:05 787896                     /home/lucas/.gradle/caches/modules-2/files-2.1/org.grails/grails-datastore-gorm-validation/6.1.6.RELEASE/7d7fbf1a731ba45c1bbbf9eb749a7387032dd0bc/grails-datastore-gorm-validation-6.1.6.RELEASE.jar
7f3dc8a04000-7f3dc8a06000 r--s 00014000 08:05 788108                     /home/lucas/.gradle/caches/modules-2/files-2.1/org.apache.tomcat.embed/tomcat-embed-logging-log4j/8.5.2/53bdd1eebc7393713261d178ac096a742423f940/tomcat-embed-logging-log4j-8.5.2.jar
7f3dc8a06000-7f3dc8a17000 r--s 000cf000 08:05 787855                     /home/lucas/.gradle/caches/modules-2/files-2.1/org.grails/grails-datastore-gorm/6.1.6.RELEASE/6da3526650e1b1da7282d89bfdd394c3a787acd9/grails-datastore-gorm-6.1.6.RELEASE.jar
7f3dc8a17000-7f3dc8a19000 r--s 00012000 08:05 788107                     /home/lucas/.gradle/caches/modules-2/files-2.1/org.codehaus.groovy/groovy-sql/2.4.11/7dc8cd811a8a575a45570d4870e59dd101add69b/groovy-sql-2.4.11.jar
7f3dc8a19000-7f3dc8a23000 r--s 0005f000 08:05 787898                     /home/lucas/.gradle/caches/modules-2/files-2.1/org.springframework/spring-jdbc/4.3.9.RELEASE/ef8476b954a4211a21147b3ae15996443a76c6f8/spring-jdbc-4.3.9.RELEASE.jar
7f3dc8a23000-7f3dc8a24000 r--s 00006000 08:05 788106                     /home/lucas/.gradle/caches/modules-2/files-2.1/org.grails/grails-plugin-domain-class/3.3.0/441b4b426db9089706e2d5ac84c2cd80f4f55c9e/grails-plugin-domain-class-3.3.0.jar
7f3dc8a24000-7f3dc8a25000 r--s 00004000 08:05 788105                     /home/lucas/.gradle/caches/modules-2/files-2.1/org.grails/grails-plugin-validation/3.3.0/adecffd00c3ff79e27b148dd31078161307e675c/grails-plugin-validation-3.3.0.jar
7f3dc8a25000-7f3dc8a27000 r--s 00009000 08:05 788104                     /home/lucas/.gradle/caches/modules-2/files-2.1/org.grails/grails-plugin-mimetypes/3.3.0/8de505bb83d990357416a8d3d3ec00c352a9a20/grails-plugin-mimetypes-3.3.0.jar
7f3dc8a27000-7f3dc8a29000 r--s 0000b000 08:05 788103                     /home/lucas/.gradle/caches/modules-2/files-2.1/org.grails/grails-web-sitemesh/3.3.0/93ce68536c5806bcfc2b4a65cf57971f4bd0d2ce/grails-web-sitemesh-3.3.0.jar
7f3dc8a29000-7f3dc8a2b000 r--s 00011000 08:05 788102                     /home/lucas/.gradle/caches/modules-2/files-2.1/org.grails/grails-web-gsp/3.3.0/e0cd55173b03fca8b1caabde8633a4592d0e5dd3/grails-web-gsp-3.3.0.jar
7f3dc8a2b000-7f3dc8a2c000 r--s 00005000 08:05 788101                     /home/lucas/.gradle/caches/modules-2/files-2.1/org.grails/grails-web-mvc/3.3.0/e80077c3ec7613e108cece41ad24985e990ba226/grails-web-mvc-3.3.0.jar
7f3dc8a2c000-7f3dc8a2f000 r--s 0002a000 08:05 788100                     /home/lucas/.gradle/caches/modules-2/files-2.1/org.grails/grails-web-url-mappings/3.3.0/790afa755a50c62c6d359e67f20791f30a0e2ff0/grails-web-url-mappings-3.3.0.jar
7f3dc8a2f000-7f3dc8a32000 r--s 00014000 08:05 788099                     /home/lucas/.gradle/caches/modules-2/files-2.1/org.grails/grails-web-databinding/3.3.0/132151b730e5ca858454f985d02ff3a7f93825dd/grails-web-databinding-3.3.0.jar
7f3dc8a32000-7f3dc8a37000 r--s 00029000 08:05 788098                     /home/lucas/.gradle/caches/modules-2/files-2.1/org.springframework/spring-context-support/4.3.9.RELEASE/89a700b072aaa699c2c389a86505e03df8d9b634/spring-context-support-4.3.9.RELEASE.jar
7f3dc8a37000-7f3dc8a48000 r--s 000cf000 08:05 788097                     /home/lucas/.gradle/caches/modules-2/files-2.1/org.springframework/spring-webmvc/4.3.9.RELEASE/ca80b4a00abc388d8046bf372099f35564371c47/spring-webmvc-4.3.9.RELEASE.jar
7f3dc8a48000-7f3dc8a4b000 r--s 00027000 08:05 788096                     /home/lucas/.gradle/caches/modules-2/files-2.1/org.grails/grails-gsp/3.3.0/58e246e986a5d293806b3768d8efb73b1dc71047/grails-gsp-3.3.0.jar
7f3dc8a4b000-7f3dc8a50000 r--s 00029000 08:05 788095                     /home/lucas/.gradle/caches/modules-2/files-2.1/org.grails/grails-encoder/3.3.0/c7c305636ad08d4e6f846a51e9079a79b1a1eaa0/grails-encoder-3.3.0.jar
7f3dc8a50000-7f3dc8a52000 r--s 0000f000 08:05 788094                     /home/lucas/.gradle/caches/modules-2/files-2.1/org.grails/grails-databinding/3.3.0/29d2edc86dda4126afe6d1802c44f6d5d38136f5/grails-databinding-3.3.0.jar
7f3dc8a52000-7f3dc8a64000 r--s 0011d000 08:05 788093                     /home/lucas/.gradle/caches/modules-2/files-2.1/com.fasterxml.jackson.core/jackson-databind/2.8.8/bf88c7b27e95cbadce4e7c316a56c3efffda8026/jackson-databind-2.8.8.jar
7f3dc8a64000-7f3dc8a65000 r--s 00003000 08:05 787895                     /home/lucas/.gradle/caches/modules-2/files-2.1/javax.transaction/jta/1.1/2ca09f0b36ca7d71b762e14ea2ff09d5eac57558/jta-1.1.jar
7f3dc8a65000-7f3dc8a6b000 r--s 0003d000 08:05 788092                     /home/lucas/.gradle/caches/modules-2/files-2.1/org.yaml/snakeyaml/1.17/7a27ea250c5130b2922b86dea63cbb1cc10a660c/snakeyaml-1.17.jar
7f3dc8a6b000-7f3dc8a6d000 r--s 00016000 08:05 787839                     /home/lucas/.gradle/caches/modules-2/files-2.1/org.codehaus.groovy/groovy-templates/2.4.11/2c091b3dd45a99376e696e8f2d04cfcfb4da6a96/groovy-templates-2.4.11.jar
7f3dc8a6d000-7f3dc8a71000 r--s 00031000 08:05 787838                     /home/lucas/.gradle/caches/modules-2/files-2.1/org.codehaus.groovy/groovy-xml/2.4.11/5841f1ac5141c7a930ec0c28b14dacdfbc5640e6/groovy-xml-2.4.11.jar
7f3dc8a71000-7f3dc8a76000 r--s 0003c000 08:05 788091                     /home/lucas/.gradle/caches/modules-2/files-2.1/org.springframework/spring-expression/4.3.9.RELEASE/4edca6913da9e62a6586714e053e01a61952a153/spring-expression-4.3.9.RELEASE.jar
7f3dc8a76000-7f3dc8a7f000 r--s 00054000 08:05 788090                     /home/lucas/.gradle/caches/modules-2/files-2.1/org.springframework/spring-aop/4.3.9.RELEASE/95f5f5cf3cae64266a89dc1bc9e0484425cd8358/spring-aop-4.3.9.RELEASE.jar
7f3dc8a7f000-7f3dc8a81000 r--s 0000e000 08:05 787925                     /home/lucas/.gradle/caches/modules-2/files-2.1/commons-logging/commons-logging/1.2/4bfc12adfe4842bf07b657f0369c4cb522955686/commons-logging-1.2.jar
7f3dc8a81000-7f3dc8a8c000 r--s 0006a000 08:05 788089                     /home/lucas/.gradle/caches/modules-2/files-2.1/ch.qos.logback/logback-core/1.1.11/88b8df40340eed549fb07e2613879bf6b006704d/logback-core-1.1.11.jar
7f3dc8a8c000-7f3dc8a90000 r--s 00049000 08:05 787828                     /home/lucas/.gradle/caches/modules-2/files-2.1/com.bertramlabs.plugins/asset-pipeline-core/2.14.2/91e427fa721bb38ff18b8b1752b1081f8e90fc76/asset-pipeline-core-2.14.2.jar
7f3dc8a90000-7f3dc8a92000 r--s 00009000 08:05 788088                     /home/lucas/.gradle/caches/modules-2/files-2.1/org.apache.tomcat/tomcat-juli/8.5.15/b21c47750b0d0356acbbbf0c30cb36cb2268dc8d/tomcat-juli-8.5.15.jar
7f3dc8a92000-7f3dc8a94000 r--s 00007000 08:05 788087                     /home/lucas/.gradle/caches/modules-2/files-2.1/javax.el/el-api/2.1.2-b03/1ac087d9d1a632d2ff82fa1e8b6610aca025ff2a/el-api-2.1.2-b03.jar
7f3dc8a94000-7f3dc8a96000 r--s 00000000 08:05 788699                     /home/lucas/.gradle/caches/modules-2/files-2.1/org.clojure/core.specs.alpha/0.1.24/2637e33f693f51267f04e63f2acfb5d182e7bf56/core.specs.alpha-0.1.24.jar
7f3dc8a96000-7f3dc8aa2000 r--s 00085000 08:05 788698                     /home/lucas/.gradle/caches/modules-2/files-2.1/org.clojure/spec.alpha/0.1.143/54057fc4330a7b439127effafa92d1bfeefc23f5/spec.alpha-0.1.143.jar
7f3dc8aa2000-7f3dc8aa3000 r--s 00004000 08:05 788086                     /home/lucas/.gradle/caches/modules-2/files-2.1/org.grails/grails-plugin-codecs/3.3.0/d34f5e87c7d01e3a99fafc0a50e0e80d73335759/grails-plugin-codecs-3.3.0.jar
7f3dc8aa3000-7f3dc8aa8000 r--s 00041000 08:05 788085                     /home/lucas/.gradle/caches/modules-2/files-2.1/commons-lang/commons-lang/2.6/ce1edb914c94ebc388f086c6827e8bdeec71ac2/commons-lang-2.6.jar
7f3dc8aa8000-7f3dc8aaa000 r--s 0000b000 08:05 788084                     /home/lucas/.gradle/caches/modules-2/files-2.1/org.grails/grails-web-gsp-taglib/3.3.0/72e3b9636f0a777bebfeb117e3b2f95defd44959/grails-web-gsp-taglib-3.3.0.jar
7f3dc8aaa000-7f3dc8aac000 r--s 0001f000 08:05 788083                     /home/lucas/.gradle/caches/modules-2/files-2.1/org.grails/grails-web-jsp/3.3.0/83df1e17ef4301c34db377e817bdb6a842e82b8e/grails-web-jsp-3.3.0.jar
7f3dc8aac000-7f3dc8aaf000 r--s 00010000 08:05 787851                     /home/lucas/.gradle/caches/modules-2/files-2.1/org.hibernate.common/hibernate-commons-annotations/5.0.1.Final/71e1cff3fcb20d3b3af4f3363c3ddb24d33c6879/hibernate-commons-annotations-5.0.1.Final.jar
7f3dc8aaf000-7f3dc8ab4000 r--s 00048000 08:05 787850                     /home/lucas/.gradle/caches/modules-2/files-2.1/dom4j/dom4j/1.6.1/5d3ccc056b6f056dbf0dddfdf43894b9065a8f94/dom4j-1.6.1.jar
7f3dc8ab4000-7f3dc8ab6000 r--s 0000e000 08:05 788082                     /home/lucas/.gradle/caches/modules-2/files-2.1/com.fasterxml/classmate/1.3.3/864c8e370a691e343210cc7c532fc198cee460d8/classmate-1.3.3.jar
7f3dc8ab6000-7f3dc8ab9000 r--s 0002b000 08:05 787848                     /home/lucas/.gradle/caches/modules-2/files-2.1/org.jboss/jandex/2.0.3.Final/bfc4d6257dbff7a33a357f0de116be6ff951d849/jandex-2.0.3.Final.jar
7f3dc8ab9000-7f3dc8aba000 r--s 00003000 08:05 787847                     /home/lucas/.gradle/caches/modules-2/files-2.1/org.apache.geronimo.specs/geronimo-jta_1.1_spec/1.1.1/aabab3165b8ea936b9360abbf448459c0d04a5a4/geronimo-jta_1.1_spec-1.1.1.jar
7f3dc8aba000-7f3dc8abf000 r--s 00068000 08:05 787846                     /home/lucas/.gradle/caches/modules-2/files-2.1/antlr/antlr/2.7.7/83cd2cd674a217ade95a4bb83a8a14f351f48bd0/antlr-2.7.7.jar
7f3dc8abf000-7f3dc8ac2000 r--s 0000e000 08:05 788081                     /home/lucas/.gradle/caches/modules-2/files-2.1/org.jboss.logging/jboss-logging/3.3.1.Final/c46217ab74b532568c0ed31dc599db3048bd1b67/jboss-logging-3.3.1.Final.jar
7f3dc8ac2000-7f3dc8acc000 r--s 0006b000 08:05 787923                     /home/lucas/.gradle/caches/modules-2/files-2.1/org.springframework/spring-orm/4.3.9.RELEASE/ea9de867a7b686744f0e0bc1ecfcc9d3844e4cd7/spring-orm-4.3.9.RELEASE.jar
7f3dc8acc000-7f3dc8ad0000 r--s 00039000 08:05 787827                     /home/lucas/.gradle/caches/modules-2/files-2.1/org.grails/grails-datastore-gorm-hibernate5/6.1.6.RELEASE/1ee42c7ede3f81020dbbfe9b692fc4f249d60897/grails-datastore-gorm-hibernate5-6.1.6.RELEASE.jar
7f3dc8ad0000-7f3dc8ad3000 r--s 00012000 08:05 787826                     /home/lucas/.gradle/caches/modules-2/files-2.1/org.grails/grails-datastore-gorm-support/6.1.6.RELEASE/f365df7d32d534cf1f1994302b38705ec787056b/grails-datastore-gorm-support-6.1.6.RELEASE.jar
7f3dc8ad3000-7f3dc8ad5000 r--s 00001000 08:05 787825                     /home/lucas/.gradle/caches/modules-2/files-2.1/org.grails/grails-datastore-web/6.1.6.RELEASE/f09bd65e28503797e4ea31534d2f57ed4e0fc6ff/grails-datastore-web-6.1.6.RELEASE.jar
7f3dc8ad5000-7f3dc8ad7000 r--s 00003000 08:05 788080                     /home/lucas/.gradle/caches/modules-2/files-2.1/org.grails/grails-events-compat/3.3.0/206a3c79a79b799ab72b5cc9da8797c9a5c932b9/grails-events-compat-3.3.0.jar
7f3dc8ad7000-7f3dc8ad9000 r--s 00006000 08:05 788079                     /home/lucas/.gradle/caches/modules-2/files-2.1/org.grails/grails-events-transform/3.3.0/8627740511bb37d2ac100ef22813b89fa664ebe5/grails-events-transform-3.3.0.jar
7f3dc8ad9000-7f3dc8adb000 r--s 0000b000 08:05 788078                     /home/lucas/.gradle/caches/modules-2/files-2.1/org.grails/grails-events/3.3.0/1631acc33606179319ca44d57af8bc2c2db91b9/grails-events-3.3.0.jar
7f3dc8adb000-7f3dc8add000 r--s 0001e000 08:05 788077                     /home/lucas/.gradle/caches/modules-2/files-2.1/org.grails.plugins/fields/2.1.5/74ccc593e1088b224449b0a31f6132211ac8ee47/fields-2.1.5.jar
7f3dc8add000-7f3dc8ae0000 r--s 0000e000 08:05 788076                     /home/lucas/.gradle/caches/modules-2/files-2.1/org.grails/grails-async/3.3.0/f50982b9d3aa7ea37336ca69a3a027bf8b87b29b/grails-async-3.3.0.jar
7f3dc8ae0000-7f3dc8aea000 r--s 000aa000 08:05 787924                     /home/lucas/.gradle/caches/modules-2/files-2.1/org.javassist/javassist/3.21.0-GA/598244f595db5c5fb713731eddbb1c91a58d959b/javassist-3.21.0-GA.jar
7f3dc8aea000-7f3dc8aed000 r--s 00016000 08:05 788075                     /home/lucas/.gradle/caches/modules-2/files-2.1/org.grails/grails-validation/3.3.0/6b4f40ddf6245fe52649320432fd34cd48c57883/grails-validation-3.3.0.jar
7f3dc8aed000-7f3dc8af1000 r--s 0001e000 08:05 788074                     /home/lucas/.gradle/caches/modules-2/files-2.1/org.grails.plugins/converters/3.3.0/531bcff1aa1f98d7ae50a8fadd690c7dd2888a93/converters-3.3.0.jar
7f3dc8af1000-7f3dc8af3000 r--s 00005000 08:05 788073                     /home/lucas/.gradle/caches/modules-2/files-2.1/org.grails/grails-plugin-datasource/3.3.0/e96112616bc65dd920f2cfc725de10cb716e5483/grails-plugin-datasource-3.3.0.jar
7f3dc8af3000-7f3dc8af6000 r--s 00019000 08:05 788072                     /home/lucas/.gradle/caches/modules-2/files-2.1/org.grails/grails-plugin-controllers/3.3.0/458466035737211e5ae09b9b62bed61d7220249a/grails-plugin-controllers-3.3.0.jar
7f3dc8af6000-7f3dc8af7000 r--s 00005000 08:05 788071                     /home/lucas/.gradle/caches/modules-2/files-2.1/org.grails/grails-web/3.3.0/b2b3e4cd775169863734da3f79acf2a079d6d9f4/grails-web-3.3.0.jar
7f3dc8af7000-7f3dc8afb000 r--s 00028000 08:05 788070                     /home/lucas/.gradle/caches/modules-2/files-2.1/org.grails/grails-web-common/3.3.0/9796c1880f90819a3d967c7b60ccd503d850f6f2/grails-web-common-3.3.0.jar
7f3dc8afb000-7f3dc8b01000 r--s 00036000 08:05 788069                     /home/lucas/.gradle/caches/modules-2/files-2.1/org.apache.tomcat.embed/tomcat-embed-websocket/8.5.15/a92b066b0ea9ee1cb05b7d5e4bfed4ad8898f741/tomcat-embed-websocket-8.5.15.jar
7f3dc8b01000-7f3dc8b06000 r--s 00036000 08:05 788068                     /home/lucas/.gradle/caches/modules-2/files-2.1/org.apache.tomcat.embed/tomcat-embed-el/8.5.15/e4000e5386056eeebb43bf71e7d30c58d2473166/tomcat-embed-el-8.5.15.jar
7f3dc8b06000-7f3dc8b30000 r--s 002c0000 08:05 788067                     /home/lucas/.gradle/caches/modules-2/files-2.1/org.apache.tomcat.embed/tomcat-embed-core/8.5.15/f197a93ae66212767b004fd93d7a1a8ea62bc3fa/tomcat-embed-core-8.5.15.jar
7f3dc8b30000-7f3dc8b40000 r--s 00078000 08:05 788066                     /home/lucas/.gradle/caches/modules-2/files-2.1/org.springframework.boot/spring-boot-actuator/1.5.4.RELEASE/6fed8833ba044e22a2924f8fe70db4f126be7489/spring-boot-actuator-1.5.4.RELEASE.jar
7f3dc8b40000-7f3dc8b41000 r--s 00000000 08:05 788065                     /home/lucas/.gradle/caches/modules-2/files-2.1/org.springframework.boot/spring-boot-starter/1.5.4.RELEASE/74d5aa641503ddd12833c82cc19b295f9f40e8fa/spring-boot-starter-1.5.4.RELEASE.jar
7f3dc8b41000-7f3dc8b45000 r--s 00040000 08:05 788064                     /home/lucas/.gradle/caches/modules-2/files-2.1/xalan/serializer/2.7.2/24247f3bb052ee068971393bdb83e04512bb1c3c/serializer-2.7.2.jar
7f3dc8b45000-7f3dc8b52000 r--s 00081000 08:05 787852                     /home/lucas/.gradle/caches/modules-2/files-2.1/org.grails/grails-datastore-core/6.1.6.RELEASE/ec5403831ce08708a4525755e86bcb944476e70d/grails-datastore-core-6.1.6.RELEASE.jar
7f3dc8b52000-7f3dc8b53000 r--s 00009000 08:05 788063                     /home/lucas/.gradle/caches/modules-2/files-2.1/org.grails/grails-spring/3.3.0/2ec60d186ee0a9bf42cb514c392282771a419b8d/grails-spring-3.3.0.jar
7f3dc8b53000-7f3dc8b58000 r--s 00038000 08:05 787820                     /home/lucas/.gradle/caches/modules-2/files-2.1/org.grails/grails-bootstrap/3.3.0/bee9828a4d0e6cd3a3d404512614ed1ee3b7d36b/grails-bootstrap-3.3.0.jar
7f3dc8b58000-7f3dc8b71000 r--s 000fe000 08:05 787854                     /home/lucas/.gradle/caches/modules-2/files-2.1/org.springframework/spring-context/4.3.9.RELEASE/a186823724f03b98becd5f93b1fa107fe6f7a7ff/spring-context-4.3.9.RELEASE.jar
7f3dc8b71000-7f3dc8b7f000 r--s 000ad000 08:05 787893                     /home/lucas/.gradle/caches/modules-2/files-2.1/org.springframework/spring-beans/4.3.9.RELEASE/daa5abf3779c8cad1a2910e1ea08e4272489d8ae/spring-beans-4.3.9.RELEASE.jar
7f3dc8b7f000-7f3dc8b87000 r--s 0003a000 08:05 787894                     /home/lucas/.gradle/caches/modules-2/files-2.1/org.springframework/spring-tx/4.3.9.RELEASE/7a7b1775e1e604841f8b619e110e43d9929c37ab/spring-tx-4.3.9.RELEASE.jar
7f3dc8b87000-7f3dc8b9d000 r--s 000fc000 08:05 787868                     /home/lucas/.gradle/caches/modules-2/files-2.1/org.springframework/spring-core/4.3.9.RELEASE/430b7298bfb85d66fb61e19ca8f06231b911e9f5/spring-core-4.3.9.RELEASE.jar
7f3dc8b9d000-7f3dc8ba1000 r--s 00019000 08:05 787892                     /home/lucas/.gradle/caches/modules-2/files-2.1/com.googlecode.concurrentlinkedhashmap/concurrentlinkedhashmap-lru/1.4.2/2eaf3d3c9746d526ff7e5b93931d482c3887e6ac/concurrentlinkedhashmap-lru-1.4.2.jar
7f3dc8ba1000-7f3dc8ba6000 r--s 00017000 08:05 787845                     /home/lucas/.gradle/caches/modules-2/files-2.1/org.hibernate.javax.persistence/hibernate-jpa-2.1-api/1.0.0.Final/5e731d961297e5a07290bfaf3db1fbc8bbbf405a/hibernate-jpa-2.1-api-1.0.0.Final.jar
7f3dc8ba6000-7f3dc8ba8000 r--s 00009000 08:05 788062                     /home/lucas/.gradle/caches/modules-2/files-2.1/org.slf4j/slf4j-api/1.7.25/da76ca59f6a57ee3102f8f9bd9cee742973efa8a/slf4j-api-1.7.25.jar
7f3dc8ba8000-7f3dc8bf5000 r--s 0040d000 08:05 787815                     /home/lucas/.gradle/caches/modules-2/files-2.1/org.codehaus.groovy/groovy/2.4.11/52a60df8b4cbfe39469171a42ca77a3e4eb4e737/groovy-2.4.11.jar
7f3dc8bf5000-7f3dc8c05000 r--s 00095000 08:05 788061                     /home/lucas/.gradle/caches/modules-2/files-2.1/org.springframework.boot/spring-boot/1.5.4.RELEASE/cf51bb0751c1362a417eb59824d27d2907780d2/spring-boot-1.5.4.RELEASE.jar
7f3dc8c05000-7f3dc8c07000 r--s 00004000 08:05 788060                     /home/lucas/.gradle/caches/modules-2/files-2.1/org.slf4j/log4j-over-slf4j/1.7.25/a87bb47468f47ee7aabbd54f93e133d4215769c3/log4j-over-slf4j-1.7.25.jar
7f3dc8c07000-7f3dc8c09000 r--s 00000000 08:05 788059                     /home/lucas/.gradle/caches/modules-2/files-2.1/org.slf4j/jul-to-slf4j/1.7.25/af5364cd6679bfffb114f0dec8a157aaa283b76/jul-to-slf4j-1.7.25.jar
7f3dc8c09000-7f3dc8c0b000 r--s 00003000 08:05 788058                     /home/lucas/.gradle/caches/modules-2/files-2.1/org.slf4j/jcl-over-slf4j/1.7.25/f8c32b13ff142a513eeb5b6330b1588dcb2c0461/jcl-over-slf4j-1.7.25.jar
7f3dc8c0b000-7f3dc8c12000 r--s 00045000 08:05 788057                     /home/lucas/.gradle/caches/modules-2/files-2.1/ch.qos.logback/logback-classic/1.1.11/ccedfbacef4a6515d2983e3f89ed753d5d4fb665/logback-classic-1.1.11.jar
7f3dc8c12000-7f3dc8c15000 r--s 0001d000 08:05 788056                     /home/lucas/.gradle/caches/modules-2/files-2.1/com.bertramlabs.plugins/asset-pipeline-grails/2.14.2/78d9651f5fc3dee1fce57cd5b01a18f9e53486b0/asset-pipeline-grails-2.14.2.jar
7f3dc8c15000-7f3dc8c18000 r--s 00021000 08:05 788055                     /home/lucas/.gradle/caches/modules-2/files-2.1/org.apache.tomcat/tomcat-jdbc/8.5.15/1f802a58c21283fcdff1572a390bf98ae7231ea3/tomcat-jdbc-8.5.15.jar
7f3dc8c18000-7f3dc8c27000 r--s 001ae000 08:05 788054                     /home/lucas/.gradle/caches/modules-2/files-2.1/com.h2database/h2/1.4.195/b25cc38f12b977694b8c85848e5bbecb2d88fd96/h2-1.4.195.jar
7f3dc8c27000-7f3dc8c2a000 r--s 00018000 08:05 788053                     /home/lucas/.gradle/caches/modules-2/files-2.1/org.glassfish.web/el-impl/2.1.2-b03/6bab1211b6e6b191fdbf06067bd05d2f75a62ac0/el-impl-2.1.2-b03.jar
7f3dc8c2a000-7f3dc8c6f000 r--s 00349000 08:05 788697                     /home/lucas/.gradle/caches/modules-2/files-2.1/org.clojure/clojure/1.10.0-alpha4/70bc8e3ab1f528c70b8160f74f3d058b802e318a/clojure-1.10.0-alpha4.jar
7f3dc8c6f000-7f3dc8c74000 r--s 0004b000 08:05 788052                     /home/lucas/.gradle/caches/modules-2/files-2.1/org.grails.plugins/gsp/3.3.0/207d8d9c87e33608297fcd9a97c2105043774287/gsp-3.3.0.jar
7f3dc8c74000-7f3dc8ce0000 r--s 0050a000 08:05 787824                     /home/lucas/.gradle/caches/modules-2/files-2.1/org.hibernate/hibernate-core/5.1.5.Final/28366d161d448e82370e5bbd871eb2835ba0fb7b/hibernate-core-5.1.5.Final.jar
7f3dc8ce0000-7f3dc8ce2000 r--s 00006000 08:05 787813                     /home/lucas/.gradle/caches/modules-2/files-2.1/org.grails.plugins/hibernate5/6.1.6/c7f1bb43b5229be989d827eaa9d432f056ed53bf/hibernate5-6.1.6.jar
7f3dc8ce2000-7f3dc8ce3000 r--s 00001000 08:05 788051                     /home/lucas/.gradle/caches/modules-2/files-2.1/org.grails.plugins/events/3.3.0/3df6529c92e6d5b6932c3341af62b5689cffb46/events-3.3.0.jar
7f3dc8ce3000-7f3dc8ce4000 r--s 00006000 08:05 788050                     /home/lucas/.gradle/caches/modules-2/files-2.1/org.grails.plugins/scaffolding/3.3.3/84c5d0b6452caa16edf90248c99d1033544eb993/scaffolding-3.3.3.jar
7f3dc8ce4000-7f3dc8ce7000 r--s 0000c000 08:05 788049                     /home/lucas/.gradle/caches/modules-2/files-2.1/org.grails.plugins/async/3.3.0/92d772e45c110e6052114f0aec29c59d8ae0d904/async-3.3.0.jar
7f3dc8ce7000-7f3dc8ce9000 r--s 00011000 08:05 788048                     /home/lucas/.gradle/caches/modules-2/files-2.1/org.grails.plugins/cache/4.0.0/72be24e2f8b3e5407048f5cc5186dcd32e8de841/cache-4.0.0.jar
7f3dc8ce9000-7f3dc8ceb000 r--s 00004000 08:05 788046                     /home/lucas/.gradle/caches/modules-2/files-2.1/org.grails/grails-plugin-url-mappings/3.3.0/df7a2ef0b11a3c07f2cd1815b1d2c2722d4e75fe/grails-plugin-url-mappings-3.3.0.jar
7f3dc8ceb000-7f3dc8cf8000 r--s 000ae000 08:05 788037                     /home/lucas/.gradle/caches/modules-2/files-2.1/org.grails/grails-core/3.3.0/255a93e9ce20367b66217c435c820dfafa22b522/grails-core-3.3.0.jar
7f3dc8cf8000-7f3dc8d18000 r--s 000e5000 08:05 788036                     /home/lucas/.gradle/caches/modules-2/files-2.1/org.springframework.boot/spring-boot-autoconfigure/1.5.4.RELEASE/5591fa7358d950f374532c7d92dccf113ebfa1bb/spring-boot-autoconfigure-1.5.4.RELEASE.jar
7f3dc8d18000-7f3dc8dae000 r--s 0110a000 08:05 5116286                    /usr/lib/jvm/java-8-oracle/jre/lib/ext/jfxrt.jar
7f3dc8dae000-7f3dc8db1000 ---p 00000000 00:00 0 
7f3dc8db1000-7f3dc8eaf000 rw-p 00000000 00:00 0                          [stack:12124]
7f3dc8eaf000-7f3dc9591000 r--p 00000000 08:05 4856772                    /usr/lib/locale/locale-archive
7f3dc9591000-7f3dc9594000 ---p 00000000 00:00 0 
7f3dc9594000-7f3dc9692000 rw-p 00000000 00:00 0                          [stack:12123]
7f3dc9692000-7f3dc9695000 ---p 00000000 00:00 0 
7f3dc9695000-7f3dc9793000 rw-p 00000000 00:00 0                          [stack:12122]
7f3dc9793000-7f3dc9794000 ---p 00000000 00:00 0 
7f3dc9794000-7f3dca7a3000 rw-p 00000000 00:00 0                          [stack:12121]
7f3dca7a3000-7f3dca97c000 r--s 03d64000 08:05 5116291                    /usr/lib/jvm/java-8-oracle/jre/lib/rt.jar
7f3dca97c000-7f3dccafc000 rw-p 00000000 00:00 0 
7f3dccafc000-7f3dccafd000 ---p 00000000 00:00 0 
7f3dccafd000-7f3dccbfd000 rw-p 00000000 00:00 0                          [stack:12119]
7f3dccbfd000-7f3dccbfe000 ---p 00000000 00:00 0 
7f3dccbfe000-7f3dcccfe000 rw-p 00000000 00:00 0                          [stack:12118]
7f3dcccfe000-7f3dcccff000 ---p 00000000 00:00 0 
7f3dcccff000-7f3dccdff000 rw-p 00000000 00:00 0                          [stack:12117]
7f3dccdff000-7f3dcce00000 ---p 00000000 00:00 0 
7f3dcce00000-7f3dcd000000 rw-p 00000000 00:00 0                          [stack:12116]
7f3dcd000000-7f3dce860000 rwxp 00000000 00:00 0 
7f3dce860000-7f3ddc000000 ---p 00000000 00:00 0 
7f3ddc000000-7f3ddd9a1000 rw-p 00000000 00:00 0 
7f3ddd9a1000-7f3de0000000 ---p 00000000 00:00 0 
7f3de0000000-7f3de0232000 rw-p 00000000 00:00 0 
7f3de0232000-7f3de0590000 ---p 00000000 00:00 0 
7f3de0590000-7f3de05ab000 r-xp 00000000 08:05 5116182                    /usr/lib/jvm/java-8-oracle/jre/lib/amd64/libzip.so
7f3de05ab000-7f3de07ab000 ---p 0001b000 08:05 5116182                    /usr/lib/jvm/java-8-oracle/jre/lib/amd64/libzip.so
7f3de07ab000-7f3de07ac000 rw-p 0001b000 08:05 5116182                    /usr/lib/jvm/java-8-oracle/jre/lib/amd64/libzip.so
7f3de07ac000-7f3de07b7000 r-xp 00000000 08:05 1183729                    /lib/x86_64-linux-gnu/libnss_files-2.19.so
7f3de07b7000-7f3de09b6000 ---p 0000b000 08:05 1183729                    /lib/x86_64-linux-gnu/libnss_files-2.19.so
7f3de09b6000-7f3de09b7000 r--p 0000a000 08:05 1183729                    /lib/x86_64-linux-gnu/libnss_files-2.19.so
7f3de09b7000-7f3de09b8000 rw-p 0000b000 08:05 1183729                    /lib/x86_64-linux-gnu/libnss_files-2.19.so
7f3de09b8000-7f3de09c3000 r-xp 00000000 08:05 1183739                    /lib/x86_64-linux-gnu/libnss_nis-2.19.so
7f3de09c3000-7f3de0bc2000 ---p 0000b000 08:05 1183739                    /lib/x86_64-linux-gnu/libnss_nis-2.19.so
7f3de0bc2000-7f3de0bc3000 r--p 0000a000 08:05 1183739                    /lib/x86_64-linux-gnu/libnss_nis-2.19.so
7f3de0bc3000-7f3de0bc4000 rw-p 0000b000 08:05 1183739                    /lib/x86_64-linux-gnu/libnss_nis-2.19.so
7f3de0bc4000-7f3de0bdb000 r-xp 00000000 08:05 1183723                    /lib/x86_64-linux-gnu/libnsl-2.19.so
7f3de0bdb000-7f3de0dda000 ---p 00017000 08:05 1183723                    /lib/x86_64-linux-gnu/libnsl-2.19.so
7f3de0dda000-7f3de0ddb000 r--p 00016000 08:05 1183723                    /lib/x86_64-linux-gnu/libnsl-2.19.so
7f3de0ddb000-7f3de0ddc000 rw-p 00017000 08:05 1183723                    /lib/x86_64-linux-gnu/libnsl-2.19.so
7f3de0ddc000-7f3de0dde000 rw-p 00000000 00:00 0 
7f3de0dde000-7f3de0de7000 r-xp 00000000 08:05 1183725                    /lib/x86_64-linux-gnu/libnss_compat-2.19.so
7f3de0de7000-7f3de0fe6000 ---p 00009000 08:05 1183725                    /lib/x86_64-linux-gnu/libnss_compat-2.19.so
7f3de0fe6000-7f3de0fe7000 r--p 00008000 08:05 1183725                    /lib/x86_64-linux-gnu/libnss_compat-2.19.so
7f3de0fe7000-7f3de0fe8000 rw-p 00009000 08:05 1183725                    /lib/x86_64-linux-gnu/libnss_compat-2.19.so
7f3de0fe8000-7f3de0ff2000 r-xp 00000000 08:05 5116224                    /usr/lib/jvm/java-8-oracle/jre/lib/amd64/libinstrument.so
7f3de0ff2000-7f3de11f1000 ---p 0000a000 08:05 5116224                    /usr/lib/jvm/java-8-oracle/jre/lib/amd64/libinstrument.so
7f3de11f1000-7f3de11f2000 rw-p 00009000 08:05 5116224                    /usr/lib/jvm/java-8-oracle/jre/lib/amd64/libinstrument.so
7f3de11f2000-7f3de121d000 r-xp 00000000 08:05 5116177                    /usr/lib/jvm/java-8-oracle/jre/lib/amd64/libjava.so
7f3de121d000-7f3de141c000 ---p 0002b000 08:05 5116177                    /usr/lib/jvm/java-8-oracle/jre/lib/amd64/libjava.so
7f3de141c000-7f3de141e000 rw-p 0002a000 08:05 5116177                    /usr/lib/jvm/java-8-oracle/jre/lib/amd64/libjava.so
7f3de141e000-7f3de142b000 r-xp 00000000 08:05 5116185                    /usr/lib/jvm/java-8-oracle/jre/lib/amd64/libverify.so
7f3de142b000-7f3de162b000 ---p 0000d000 08:05 5116185                    /usr/lib/jvm/java-8-oracle/jre/lib/amd64/libverify.so
7f3de162b000-7f3de162d000 rw-p 0000d000 08:05 5116185                    /usr/lib/jvm/java-8-oracle/jre/lib/amd64/libverify.so
7f3de162d000-7f3de1634000 r-xp 00000000 08:05 1183782                    /lib/x86_64-linux-gnu/librt-2.19.so
7f3de1634000-7f3de1833000 ---p 00007000 08:05 1183782                    /lib/x86_64-linux-gnu/librt-2.19.so
7f3de1833000-7f3de1834000 r--p 00006000 08:05 1183782                    /lib/x86_64-linux-gnu/librt-2.19.so
7f3de1834000-7f3de1835000 rw-p 00007000 08:05 1183782                    /lib/x86_64-linux-gnu/librt-2.19.so
7f3de1835000-7f3de193a000 r-xp 00000000 08:05 1183704                    /lib/x86_64-linux-gnu/libm-2.19.so
7f3de193a000-7f3de1b39000 ---p 00105000 08:05 1183704                    /lib/x86_64-linux-gnu/libm-2.19.so
7f3de1b39000-7f3de1b3a000 r--p 00104000 08:05 1183704                    /lib/x86_64-linux-gnu/libm-2.19.so
7f3de1b3a000-7f3de1b3b000 rw-p 00105000 08:05 1183704                    /lib/x86_64-linux-gnu/libm-2.19.so
7f3de1b3b000-7f3de2814000 r-xp 00000000 08:05 5116209                    /usr/lib/jvm/java-8-oracle/jre/lib/amd64/server/libjvm.so
7f3de2814000-7f3de2a13000 ---p 00cd9000 08:05 5116209                    /usr/lib/jvm/java-8-oracle/jre/lib/amd64/server/libjvm.so
7f3de2a13000-7f3de2aec000 rw-p 00cd8000 08:05 5116209                    /usr/lib/jvm/java-8-oracle/jre/lib/amd64/server/libjvm.so
7f3de2aec000-7f3de2b38000 rw-p 00000000 00:00 0 
7f3de2b38000-7f3de2cf4000 r-xp 00000000 08:05 1183654                    /lib/x86_64-linux-gnu/libc-2.19.so
7f3de2cf4000-7f3de2ef3000 ---p 001bc000 08:05 1183654                    /lib/x86_64-linux-gnu/libc-2.19.so
7f3de2ef3000-7f3de2ef7000 r--p 001bb000 08:05 1183654                    /lib/x86_64-linux-gnu/libc-2.19.so
7f3de2ef7000-7f3de2ef9000 rw-p 001bf000 08:05 1183654                    /lib/x86_64-linux-gnu/libc-2.19.so
7f3de2ef9000-7f3de2efe000 rw-p 00000000 00:00 0 
7f3de2efe000-7f3de2f01000 r-xp 00000000 08:05 1183671                    /lib/x86_64-linux-gnu/libdl-2.19.so
7f3de2f01000-7f3de3100000 ---p 00003000 08:05 1183671                    /lib/x86_64-linux-gnu/libdl-2.19.so
7f3de3100000-7f3de3101000 r--p 00002000 08:05 1183671                    /lib/x86_64-linux-gnu/libdl-2.19.so
7f3de3101000-7f3de3102000 rw-p 00003000 08:05 1183671                    /lib/x86_64-linux-gnu/libdl-2.19.so
7f3de3102000-7f3de3118000 r-xp 00000000 08:05 5249981                    /usr/lib/jvm/java-8-oracle/lib/amd64/jli/libjli.so
7f3de3118000-7f3de3317000 ---p 00016000 08:05 5249981                    /usr/lib/jvm/java-8-oracle/lib/amd64/jli/libjli.so
7f3de3317000-7f3de3318000 rw-p 00015000 08:05 5249981                    /usr/lib/jvm/java-8-oracle/lib/amd64/jli/libjli.so
7f3de3318000-7f3de3331000 r-xp 00000000 08:05 1183774                    /lib/x86_64-linux-gnu/libpthread-2.19.so
7f3de3331000-7f3de3530000 ---p 00019000 08:05 1183774                    /lib/x86_64-linux-gnu/libpthread-2.19.so
7f3de3530000-7f3de3531000 r--p 00018000 08:05 1183774                    /lib/x86_64-linux-gnu/libpthread-2.19.so
7f3de3531000-7f3de3532000 rw-p 00019000 08:05 1183774                    /lib/x86_64-linux-gnu/libpthread-2.19.so
7f3de3532000-7f3de3536000 rw-p 00000000 00:00 0 
7f3de3536000-7f3de3559000 r-xp 00000000 08:05 1183630                    /lib/x86_64-linux-gnu/ld-2.19.so
7f3de3559000-7f3de355b000 r--s 00003000 08:05 788045                     /home/lucas/.gradle/caches/modules-2/files-2.1/org.grails/grails-plugin-services/3.3.0/3a241ac30b3056e24b3e017e669c6118c1a9d19f/grails-plugin-services-3.3.0.jar
7f3de355b000-7f3de363b000 rw-p 00000000 00:00 0 
7f3de363b000-7f3de363e000 ---p 00000000 00:00 0 
7f3de363e000-7f3de3740000 rw-p 00000000 00:00 0                          [stack:12113]
7f3de3740000-7f3de3741000 r--s 00008000 08:05 788047                     /home/lucas/.gradle/caches/modules-2/files-2.1/org.grails/grails-plugin-interceptors/3.3.0/9864d7565f9623c76a0daafafe0ca45ca31cd46d/grails-plugin-interceptors-3.3.0.jar
7f3de3741000-7f3de3742000 r--s 00003000 08:05 788044                     /home/lucas/.gradle/caches/modules-2/files-2.1/org.grails/grails-plugin-i18n/3.3.0/dc4faa0d2038c884f3d95ed49262874973d3a436/grails-plugin-i18n-3.3.0.jar
7f3de3742000-7f3de3743000 r--s 00004000 08:05 788043                     /home/lucas/.gradle/caches/modules-2/files-2.1/org.grails/grails-plugin-databinding/3.3.0/748320c551d8176e45cbf32ae8a9e5188af83e12/grails-plugin-databinding-3.3.0.jar
7f3de3743000-7f3de3747000 r--s 00031000 08:05 788042                     /home/lucas/.gradle/caches/modules-2/files-2.1/org.grails/grails-plugin-rest/3.3.0/377755023c8a739decae53eef2b455508a50b03b/grails-plugin-rest-3.3.0.jar
7f3de3747000-7f3de3748000 r--s 00000000 08:05 788041                     /home/lucas/.gradle/caches/modules-2/files-2.1/org.grails/grails-logging/3.3.0/76509fc3d6f8c98a47516b2491fe094a48565d1e/grails-logging-3.3.0.jar
7f3de3748000-7f3de3749000 r--s 00001000 08:05 788040                     /home/lucas/.gradle/caches/modules-2/files-2.1/org.grails/grails-web-boot/3.3.0/36f9f00eccf77cbf13853b1aeac8c8e18f02f8ec/grails-web-boot-3.3.0.jar
7f3de3749000-7f3de374a000 r--s 00000000 08:05 788039                     /home/lucas/.gradle/caches/modules-2/files-2.1/org.springframework.boot/spring-boot-starter-tomcat/1.5.4.RELEASE/d7e26f1d0e594bd1aab7da227649fc12c1958416/spring-boot-starter-tomcat-1.5.4.RELEASE.jar
7f3de374a000-7f3de374b000 r--s 00000000 08:05 788038                     /home/lucas/.gradle/caches/modules-2/files-2.1/org.springframework.boot/spring-boot-starter-actuator/1.5.4.RELEASE/10f526d22f58a32a8c3af26ccb0a6f16f4649935/spring-boot-starter-actuator-1.5.4.RELEASE.jar
7f3de374b000-7f3de374c000 r--s 00000000 08:05 788035                     /home/lucas/.gradle/caches/modules-2/files-2.1/org.springframework.boot/spring-boot-starter-logging/1.5.4.RELEASE/6b4364cfee82890ce9a9c2c59066f3a6e525debd/spring-boot-starter-logging-1.5.4.RELEASE.jar
7f3de374c000-7f3de3754000 rw-s 00000000 08:05 917620                     /tmp/hsperfdata_lucas/12108
7f3de3754000-7f3de3755000 rw-p 00000000 00:00 0 
7f3de3755000-7f3de3756000 r--p 00000000 00:00 0 
7f3de3756000-7f3de3758000 rw-p 00000000 00:00 0 
7f3de3758000-7f3de3759000 r--p 00022000 08:05 1183630                    /lib/x86_64-linux-gnu/ld-2.19.so
7f3de3759000-7f3de375a000 rw-p 00023000 08:05 1183630                    /lib/x86_64-linux-gnu/ld-2.19.so
7f3de375a000-7f3de375b000 rw-p 00000000 00:00 0 
7fffbfb7d000-7fffbfba4000 rw-p 00000000 00:00 0                          [stack]
7fffbfbfe000-7fffbfc00000 r-xp 00000000 00:00 0                          [vdso]
ffffffffff600000-ffffffffff601000 r-xp 00000000 00:00 0                  [vsyscall]

VM Arguments:
jvm_args: -Dendpoints.shutdown.enabled=true -Denv=development -Dfull.stacktrace=false -Dgrails.env=development -Dgrails.full.stacktrace=false -Dinfo.app.grailsVersion=3.3.0 -Dinfo.app.name=Dashboard -Dinfo.app.version=0.1 -Djdk.reflect.allowGetCallerClass=true -Drun.active=true -Dspring.output.ansi.enabled=always -Dspringloaded=inclusions=grails.plugins..*;synchronize=true;allowSplitPackages=true;cacheDir=/home/lucas/Escritorio/Disenio/TablaInstrumentos/Dashboard/build/springloaded -Dverbose=false -XX:+TieredCompilation -XX:TieredStopAtLevel=1 -XX:CICompilerCount=3 -javaagent:/home/lucas/.gradle/caches/modules-2/files-2.1/org.springframework/springloaded/1.2.7.RELEASE/36be57f1a306cec1185b0276960fbe95dee08bf/springloaded-1.2.7.RELEASE.jar -Xverify:none -Xms768m -Xmx768m -Dfile.encoding=UTF-8 -Duser.country=AR -Duser.language=es -Duser.variant 
java_command: dashboard.Application
java_class_path (initial): /home/lucas/Escritorio/Disenio/TablaInstrumentos/Dashboard/src/main/resources:/home/lucas/Escritorio/Disenio/TablaInstrumentos/Dashboard/grails-app/views:/home/lucas/Escritorio/Disenio/TablaInstrumentos/Dashboard/grails-app/i18n:/home/lucas/Escritorio/Disenio/TablaInstrumentos/Dashboard/grails-app/conf:/home/lucas/Escritorio/Disenio/TablaInstrumentos/Dashboard/build/classes/main:/home/lucas/Escritorio/Disenio/TablaInstrumentos/Dashboard/build/resources/main:/home/lucas/Escritorio/Disenio/TablaInstrumentos/Dashboard/gsp-classes:/home/lucas/.gradle/caches/modules-2/files-2.1/org.springframework.boot/spring-boot-starter-logging/1.5.4.RELEASE/6b4364cfee82890ce9a9c2c59066f3a6e525debd/spring-boot-starter-logging-1.5.4.RELEASE.jar:/home/lucas/.gradle/caches/modules-2/files-2.1/org.springframework.boot/spring-boot-autoconfigure/1.5.4.RELEASE/5591fa7358d950f374532c7d92dccf113ebfa1bb/spring-boot-autoconfigure-1.5.4.RELEASE.jar:/home/lucas/.gradle/caches/modules-2/files-2.1/org.grails/grails-core/3.3.0/255a93e9ce20367b66217c435c820dfafa22b522/grails-core-3.3.0.jar:/home/lucas/.gradle/caches/modules-2/files-2.1/org.springframework.boot/spring-boot-starter-actuator/1.5.4.RELEASE/10f526d22f58a32a8c3af26ccb0a6f16f4649935/spring-boot-starter-actuator-1.5.4.RELEASE.jar:/home/lucas/.gradle/caches/modules-2/files-2.1/org.springframework.boot/spring-boot-starter-tomcat/1.5.4.RELEASE/d7e26f1d0e594bd1aab7da227649fc12c1958416/spring-boot-starter-tomcat-1.5.4.RELEASE.jar:/home/lucas/.gradle/caches/modules-2/files-2.1/org.grails/grails-web-boot/3.3.0/36f9f00eccf77cbf13853b1aeac8c8e18f02f8ec/grails-web-boot-3.3.0.jar:/home/lucas/.gradle/caches/modules-2/files-2.1/org.grails/grails-logging/3.3.0/76509fc3d6f8c98a47516b2491fe094a48565d1e/grails-logging-3.3.0.jar:/home/lucas/.gradle/caches/modules-2/files-2.1/org.grails/grails-plugin-rest/3.3.0/377755023c8a739decae53eef2b455508a50b03b/grails-plugin-rest-3.3.0.jar:/home/lucas/.gradle/caches/modules-2/files-2.1/org.gra
Launcher Type: SUN_STANDARD

Environment Variables:
JAVA_HOME=/usr/lib/jvm/java-8-oracle
PATH=/home/lucas/.sdkman/candidates/grails/current/bin:/usr/local/sbin:/usr/local/bin:/usr/sbin:/usr/bin:/sbin:/bin:/usr/games:/usr/local/games:/usr/lib/jvm/java-8-oracle/bin:/usr/lib/jvm/java-8-oracle/db/bin:/usr/lib/jvm/java-8-oracle/jre/bin
SHELL=/bin/bash
DISPLAY=:0

Signal Handlers:
SIGSEGV: [libjvm.so+0xad01e0], sa_mask[0]=11111111011111111101111111111110, sa_flags=SA_RESTART|SA_SIGINFO
SIGBUS: [libjvm.so+0xad01e0], sa_mask[0]=11111111011111111101111111111110, sa_flags=SA_RESTART|SA_SIGINFO
SIGFPE: [libjvm.so+0x927fb0], sa_mask[0]=11111111011111111101111111111110, sa_flags=SA_RESTART|SA_SIGINFO
SIGPIPE: [libjvm.so+0x927fb0], sa_mask[0]=11111111011111111101111111111110, sa_flags=SA_RESTART|SA_SIGINFO
SIGXFSZ: [libjvm.so+0x927fb0], sa_mask[0]=11111111011111111101111111111110, sa_flags=SA_RESTART|SA_SIGINFO
SIGILL: [libjvm.so+0x927fb0], sa_mask[0]=11111111011111111101111111111110, sa_flags=SA_RESTART|SA_SIGINFO
SIGUSR1: SIG_DFL, sa_mask[0]=00000000000000000000000000000000, sa_flags=none
SIGUSR2: [libjvm.so+0x9297f0], sa_mask[0]=00100000000000000000000000000000, sa_flags=SA_RESTART|SA_SIGINFO
SIGHUP: [libjvm.so+0x92abf0], sa_mask[0]=11111111011111111101111111111110, sa_flags=SA_RESTART|SA_SIGINFO
SIGINT: [libjvm.so+0x92abf0], sa_mask[0]=11111111011111111101111111111110, sa_flags=SA_RESTART|SA_SIGINFO
SIGTERM: [libjvm.so+0x92abf0], sa_mask[0]=11111111011111111101111111111110, sa_flags=SA_RESTART|SA_SIGINFO
SIGQUIT: [libjvm.so+0x92abf0], sa_mask[0]=11111111011111111101111111111110, sa_flags=SA_RESTART|SA_SIGINFO


---------------  S Y S T E M  ---------------

OS:DISTRIB_ID=Ubuntu
DISTRIB_RELEASE=14.04
DISTRIB_CODENAME=trusty
DISTRIB_DESCRIPTION="Ubuntu 14.04.1 LTS"

uname:Linux 3.13.0-32-generic #57-Ubuntu SMP Tue Jul 15 03:51:08 UTC 2014 x86_64
libc:glibc 2.19 NPTL 2.19 
rlimit: STACK 8192k, CORE 0k, NPROC 30244, NOFILE 4096, AS infinity
load average:0,59 0,60 1,00

/proc/meminfo:
MemTotal:        3892812 kB
MemFree:          310564 kB
Buffers:           13088 kB
Cached:           503216 kB
SwapCached:        53368 kB
Active:          2480200 kB
Inactive:         844504 kB
Active(anon):    2319792 kB
Inactive(anon):   738244 kB
Active(file):     160408 kB
Inactive(file):   106260 kB
Unevictable:         444 kB
Mlocked:             444 kB
SwapTotal:       4035580 kB
SwapFree:        1849004 kB
Dirty:              1028 kB
Writeback:             0 kB
AnonPages:       2765400 kB
Mapped:           211528 kB
Shmem:            249252 kB
Slab:              74384 kB
SReclaimable:      34176 kB
SUnreclaim:        40208 kB
KernelStack:        7512 kB
PageTables:        64504 kB
NFS_Unstable:          0 kB
Bounce:                0 kB
WritebackTmp:          0 kB
CommitLimit:     5981984 kB
Committed_AS:   13376744 kB
VmallocTotal:   34359738367 kB
VmallocUsed:      544712 kB
VmallocChunk:   34359182204 kB
HardwareCorrupted:     0 kB
AnonHugePages:   1236992 kB
HugePages_Total:       0
HugePages_Free:        0
HugePages_Rsvd:        0
HugePages_Surp:        0
Hugepagesize:       2048 kB
DirectMap4k:       84888 kB
DirectMap2M:     3952640 kB


CPU:total 4 (initial active 4) (2 cores per cpu, 2 threads per core) family 6 model 42 stepping 7, cmov, cx8, fxsr, mmx, sse, sse2, sse3, ssse3, sse4.1, sse4.2, popcnt, avx, clmul, ht, tsc, tscinvbit

/proc/cpuinfo:
processor	: 0
vendor_id	: GenuineIntel
cpu family	: 6
model		: 42
model name	: Intel(R) Core(TM) i5-2410M CPU @ 2.30GHz
stepping	: 7
microcode	: 0x14
cpu MHz		: 800.000
cache size	: 3072 KB
physical id	: 0
siblings	: 4
core id		: 0
cpu cores	: 2
apicid		: 0
initial apicid	: 0
fpu		: yes
fpu_exception	: yes
cpuid level	: 13
wp		: yes
flags		: fpu vme de pse tsc msr pae mce cx8 apic sep mtrr pge mca cmov pat pse36 clflush dts acpi mmx fxsr sse sse2 ss ht tm pbe syscall nx rdtscp lm constant_tsc arch_perfmon pebs bts rep_good nopl xtopology nonstop_tsc aperfmperf eagerfpu pni pclmulqdq dtes64 monitor ds_cpl vmx est tm2 ssse3 cx16 xtpr pdcm pcid sse4_1 sse4_2 x2apic popcnt tsc_deadline_timer xsave avx lahf_lm ida arat epb xsaveopt pln pts dtherm tpr_shadow vnmi flexpriority ept vpid
bogomips	: 4589.58
clflush size	: 64
cache_alignment	: 64
address sizes	: 36 bits physical, 48 bits virtual
power management:

processor	: 1
vendor_id	: GenuineIntel
cpu family	: 6
model		: 42
model name	: Intel(R) Core(TM) i5-2410M CPU @ 2.30GHz
stepping	: 7
microcode	: 0x14
cpu MHz		: 2301.000
cache size	: 3072 KB
physical id	: 0
siblings	: 4
core id		: 1
cpu cores	: 2
apicid		: 2
initial apicid	: 2
fpu		: yes
fpu_exception	: yes
cpuid level	: 13
wp		: yes
flags		: fpu vme de pse tsc msr pae mce cx8 apic sep mtrr pge mca cmov pat pse36 clflush dts acpi mmx fxsr sse sse2 ss ht tm pbe syscall nx rdtscp lm constant_tsc arch_perfmon pebs bts rep_good nopl xtopology nonstop_tsc aperfmperf eagerfpu pni pclmulqdq dtes64 monitor ds_cpl vmx est tm2 ssse3 cx16 xtpr pdcm pcid sse4_1 sse4_2 x2apic popcnt tsc_deadline_timer xsave avx lahf_lm ida arat epb xsaveopt pln pts dtherm tpr_shadow vnmi flexpriority ept vpid
bogomips	: 4589.58
clflush size	: 64
cache_alignment	: 64
address sizes	: 36 bits physical, 48 bits virtual
power management:

processor	: 2
vendor_id	: GenuineIntel
cpu family	: 6
model		: 42
model name	: Intel(R) Core(TM) i5-2410M CPU @ 2.30GHz
stepping	: 7
microcode	: 0x14
cpu MHz		: 800.000
cache size	: 3072 KB
physical id	: 0
siblings	: 4
core id		: 0
cpu cores	: 2
apicid		: 1
initial apicid	: 1
fpu		: yes
fpu_exception	: yes
cpuid level	: 13
wp		: yes
flags		: fpu vme de pse tsc msr pae mce cx8 apic sep mtrr pge mca cmov pat pse36 clflush dts acpi mmx fxsr sse sse2 ss ht tm pbe syscall nx rdtscp lm constant_tsc arch_perfmon pebs bts rep_good nopl xtopology nonstop_tsc aperfmperf eagerfpu pni pclmulqdq dtes64 monitor ds_cpl vmx est tm2 ssse3 cx16 xtpr pdcm pcid sse4_1 sse4_2 x2apic popcnt tsc_deadline_timer xsave avx lahf_lm ida arat epb xsaveopt pln pts dtherm tpr_shadow vnmi flexpriority ept vpid
bogomips	: 4589.58
clflush size	: 64
cache_alignment	: 64
address sizes	: 36 bits physical, 48 bits virtual
power management:

processor	: 3
vendor_id	: GenuineIntel
cpu family	: 6
model		: 42
model name	: Intel(R) Core(TM) i5-2410M CPU @ 2.30GHz
stepping	: 7
microcode	: 0x14
cpu MHz		: 800.000
cache size	: 3072 KB
physical id	: 0
siblings	: 4
core id		: 1
cpu cores	: 2
apicid		: 3
initial apicid	: 3
fpu		: yes
fpu_exception	: yes
cpuid level	: 13
wp		: yes
flags		: fpu vme de pse tsc msr pae mce cx8 apic sep mtrr pge mca cmov pat pse36 clflush dts acpi mmx fxsr sse sse2 ss ht tm pbe syscall nx rdtscp lm constant_tsc arch_perfmon pebs bts rep_good nopl xtopology nonstop_tsc aperfmperf eagerfpu pni pclmulqdq dtes64 monitor ds_cpl vmx est tm2 ssse3 cx16 xtpr pdcm pcid sse4_1 sse4_2 x2apic popcnt tsc_deadline_timer xsave avx lahf_lm ida arat epb xsaveopt pln pts dtherm tpr_shadow vnmi flexpriority ept vpid
bogomips	: 4589.58
clflush size	: 64
cache_alignment	: 64
address sizes	: 36 bits physical, 48 bits virtual
power management:



Memory: 4k page, physical 3892812k(310564k free), swap 4035580k(1849004k free)

vm_info: Java HotSpot(TM) 64-Bit Server VM (25.161-b12) for linux-amd64 JRE (1.8.0_161-b12), built on Dec 19 2017 16:12:43 by "java_re" with gcc 4.3.0 20080428 (Red Hat 4.3.0-8)

time: Sun May  6 20:14:22 2018
elapsed time: 1128 seconds (0d 0h 18m 48s)

