#
# A fatal error has been detected by the Java Runtime Environment:
#
#  SIGSEGV (0xb) at pc=0x00007f9fb8f5579e, pid=11766, tid=0x00007f9f6f7fb700
#
# JRE version: Java(TM) SE Runtime Environment (8.0_161-b12) (build 1.8.0_161-b12)
# Java VM: Java HotSpot(TM) 64-Bit Server VM (25.161-b12 mixed mode linux-amd64 compressed oops)
# Problematic frame:
# J 6429 C1 org.codehaus.groovy.runtime.callsite.AbstractCallSite.call(Ljava/lang/Object;Ljava/lang/Object;Ljava/lang/Object;)Ljava/lang/Object; (42 bytes) @ 0x00007f9fb8f5579e [0x00007f9fb8f55620+0x17e]
#
# Failed to write core dump. Core dumps have been disabled. To enable core dumping, try "ulimit -c unlimited" before starting Java again
#
# If you would like to submit a bug report, please visit:
#   http://bugreport.java.com/bugreport/crash.jsp
#

---------------  T H R E A D  ---------------

Current thread (0x00007f9fc98cd000):  JavaThread "http-nio-8080-exec-1" daemon [_thread_in_Java, id=11828, stack(0x00007f9f6f6fb000,0x00007f9f6f7fc000)]

siginfo: si_signo: 11 (SIGSEGV), si_code: 1 (SEGV_MAPERR), si_addr: 0x0000000000001fa8

Registers:
RAX=0x00000000f3d9f088, RBX=0x0000000000000000, RCX=0x00007f9fcb9c2000, RDX=0x00000000f3d9f09c
RSP=0x00007f9f6f7ed390, RBP=0x00007f9f6f7ed470, RSI=0x00000001000117a8, RDI=0x0000000000000028
R8 =0x0000000000001fa0, R9 =0x00000000fe4a3428, R10=0x00000000d1506870, R11=0x00000000d2c2d2b8
R12=0x0000000000000000, R13=0x00000000d1506870, R14=0x000000010007e3e0, R15=0x00007f9fc98cd000
RIP=0x00007f9fb8f5579e, EFLAGS=0x0000000000010202, CSGSFS=0x0000000000000033, ERR=0x0000000000000004
  TRAPNO=0x000000000000000e

Top of Stack: (sp=0x00007f9f6f7ed390)
0x00007f9f6f7ed390:   00007f9f6dac3010 00007f9f6dac3010
0x00007f9f6f7ed3a0:   00007f9fc98cd000 00007f9fc98cd000
0x00007f9f6f7ed3b0:   00007f9fc98cd000 00007f9f6dac3010
0x00007f9f6f7ed3c0:   00007f9fc98cd000 00000000000000b9
0x00007f9f6f7ed3d0:   0000000000000000 00007f9f6dacd226
0x00007f9f6f7ed3e0:   00007f9f6f7ed488 00007f9fc98cd000
0x00007f9f6f7ed3f0:   00007f9f6f7ed470 00007f9fb817a114
0x00007f9f6f7ed400:   00007f9f6f7ed470 00007f9fb817a114
0x00007f9f6f7ed410:   0000000000001fa0 00000000d1506870
0x00007f9f6f7ed420:   00000000d2c2d2b8 00000000fe4a3428
0x00007f9f6f7ed430:   00007f9f6f7ed430 00007f9f6dacd226
0x00007f9f6f7ed440:   00007f9f6f7ed488 00007f9f6d87f840
0x00007f9f6f7ed450:   0000000000000000 00007f9f6dacd250
0x00007f9f6f7ed460:   00007f9f6f7ed410 00007f9f6f7ed488
0x00007f9f6f7ed470:   00007f9f6f7ed4d0 00007f9fb817a040
0x00007f9f6f7ed480:   00000000fe4a2948 0000000000001fa0
0x00007f9f6f7ed490:   00007f9f6f7ed490 00007f9f6dabe031
0x00007f9f6f7ed4a0:   00007f9f6f7ed4f0 00007f9f6dad25a0
0x00007f9f6f7ed4b0:   0000000000000000 00007f9f6dabe038
0x00007f9f6f7ed4c0:   00007f9f6f7ed488 00007f9f6f7ed4e0
0x00007f9f6f7ed4d0:   00007f9f6f7ed538 00007f9fb817a114
0x00007f9f6f7ed4e0:   0000000000001fa0 0000000000000000
0x00007f9f6f7ed4f0:   00000000ff0f4310 00007f9f6f7ed4f8
0x00007f9f6f7ed500:   00007f9fadad7887 00007f9f6f7ed550
0x00007f9f6f7ed510:   00007f9fad030c60 0000000000000000
0x00007f9f6f7ed520:   00007f9fadad78c8 00007f9f6f7ed4e0
0x00007f9f6f7ed530:   00007f9f6f7ed550 00007f9f6f7ed5b0
0x00007f9f6f7ed540:   00007f9fb81727a7 0000000000000000
0x00007f9f6f7ed550:   0000000000001fa0 0000000000000000
0x00007f9f6f7ed560:   00007f9fc98cd000 00007f9f6f7ed630
0x00007f9f6f7ed570:   00007f9f6f7ed940 00007f9f6f7ed5f0
0x00007f9f6f7ed580:   00007f9f6f7ed5f0 00007f9f6f7ed948 

Instructions: (pc=0x00007f9fb8f5579e)
0x00007f9fb8f5577e:   20 9c cb 9f 7f 00 00 c6 04 0a 00 48 8d 50 14 49
0x00007f9fb8f5578e:   83 f8 00 0f 84 47 00 00 00 8b 70 08 48 c1 e6 03
0x00007f9fb8f5579e:   41 8b 78 08 48 c1 e7 03 48 8b b6 e8 00 00 00 48
0x00007f9fb8f557ae:   3b fe 0f 84 28 00 00 00 8b 5e 0c 48 3b 34 1f 0f 

Register to memory mapping:

RAX=0x00000000f3d9f088 is an oop
[Ljava.lang.Object; 
 - klass: 'java/lang/Object'[]
 - length: 2
RBX=0x0000000000000000 is an unknown value
RCX=0x00007f9fcb9c2000 is an unknown value
RDX=0x00000000f3d9f09c is an unknown value
RSP=0x00007f9f6f7ed390 is pointing into the stack for thread: 0x00007f9fc98cd000
RBP=0x00007f9f6f7ed470 is pointing into the stack for thread: 0x00007f9fc98cd000
RSI=0x00000001000117a8 is pointing into metadata
RDI=0x0000000000000028 is an unknown value
R8 =0x0000000000001fa0 is an unknown value
R9 =0x00000000fe4a3428 is an oop
org.codehaus.groovy.runtime.callsite.AbstractCallSite 
 - klass: 'org/codehaus/groovy/runtime/callsite/AbstractCallSite'
R10=0x00000000d1506870 is an oop
java.lang.Class 
 - klass: 'java/lang/Class'
R11=0x00000000d2c2d2b8 is an oop
java.lang.Class 
 - klass: 'java/lang/Class'
R12=0x0000000000000000 is an unknown value
R13=0x00000000d1506870 is an oop
java.lang.Class 
 - klass: 'java/lang/Class'
R14=0x000000010007e3e0 is pointing into metadata
R15=0x00007f9fc98cd000 is a thread


Stack: [0x00007f9f6f6fb000,0x00007f9f6f7fc000],  sp=0x00007f9f6f7ed390,  free space=968k
Native frames: (J=compiled Java code, j=interpreted, Vv=VM code, C=native code)
J 6429 C1 org.codehaus.groovy.runtime.callsite.AbstractCallSite.call(Ljava/lang/Object;Ljava/lang/Object;Ljava/lang/Object;)Ljava/lang/Object; (42 bytes) @ 0x00007f9fb8f5579e [0x00007f9fb8f55620+0x17e]
j  dashboard.ExtrategiaVisualizaci贸n$$EQqeohd2.executeQuery(Ljava/lang/CharSequence;)Ljava/util/List;+14
j  dashboard.ExtrategiaVisualizaci贸n$$DQqeohd2.executeQuery(Ldashboard/ExtrategiaVisualizaci贸n;Ljava/lang/CharSequence;)Ljava/util/List;+1
j  dashboard.ExtrategiaVisualizaci贸n.executeQuery(Ljava/lang/CharSequence;)Ljava/util/List;+23
v  ~StubRoutines::call_stub
V  [libjvm.so+0x695ae6]  JavaCalls::call_helper(JavaValue*, methodHandle*, JavaCallArguments*, Thread*)+0x1056
V  [libjvm.so+0x9a3fa7]  Reflection::invoke(instanceKlassHandle, methodHandle, Handle, bool, objArrayHandle, BasicType, objArrayHandle, bool, Thread*)+0x5d7
V  [libjvm.so+0x9a76b7]  Reflection::invoke_method(oopDesc*, Handle, objArrayHandle, Thread*)+0x147
V  [libjvm.so+0x72962b]  JVM_InvokeMethod+0x26b
J 1997  sun.reflect.NativeMethodAccessorImpl.invoke0(Ljava/lang/reflect/Method;Ljava/lang/Object;[Ljava/lang/Object;)Ljava/lang/Object; (0 bytes) @ 0x00007f9fb86f576d [0x00007f9fb86f5680+0xed]
J 1996 C1 sun.reflect.NativeMethodAccessorImpl.invoke(Ljava/lang/Object;[Ljava/lang/Object;)Ljava/lang/Object; (104 bytes) @ 0x00007f9fb86f5e14 [0x00007f9fb86f5aa0+0x374]
J 774 C1 sun.reflect.DelegatingMethodAccessorImpl.invoke(Ljava/lang/Object;[Ljava/lang/Object;)Ljava/lang/Object; (10 bytes) @ 0x00007f9fb84fc284 [0x00007f9fb84fc240+0x44]
J 773 C1 java.lang.reflect.Method.invoke(Ljava/lang/Object;[Ljava/lang/Object;)Ljava/lang/Object; (62 bytes) @ 0x00007f9fb84fbe94 [0x00007f9fb84fbda0+0xf4]
J 1814 C1 org.springsource.loaded.ri.ReflectiveInterceptor.jlrMethodInvoke(Ljava/lang/reflect/Method;Ljava/lang/Object;[Ljava/lang/Object;)Ljava/lang/Object; (2214 bytes) @ 0x00007f9fb869b5d4 [0x00007f9fb8699fa0+0x1634]
J 3618 C1 org.codehaus.groovy.reflection.CachedMethod.invoke(Ljava/lang/Object;[Ljava/lang/Object;)Ljava/lang/Object; (70 bytes) @ 0x00007f9fb8a410b4 [0x00007f9fb8a41080+0x34]
J 3281 C1 groovy.lang.MetaMethod.doMethodInvoke(Ljava/lang/Object;[Ljava/lang/Object;)Ljava/lang/Object; (22 bytes) @ 0x00007f9fb8973054 [0x00007f9fb8972fe0+0x74]
J 5624 C1 org.codehaus.groovy.runtime.metaclass.MethodMetaProperty$GetBeanMethodMetaProperty.getProperty(Ljava/lang/Object;)Ljava/lang/Object; (12 bytes) @ 0x00007f9fb8da824c [0x00007f9fb8da8200+0x4c]
j  org.codehaus.groovy.runtime.callsite.GetEffectivePogoPropertySite.getProperty(Ljava/lang/Object;)Ljava/lang/Object;+5
J 7370 C1 org.codehaus.groovy.runtime.callsite.GetEffectivePogoPropertySite.callGetProperty(Ljava/lang/Object;)Ljava/lang/Object; (56 bytes) @ 0x00007f9fb9177b84 [0x00007f9fb9177920+0x264]
j  grails.plugin.formfields.FormFieldsTagLib.displayAssociation(Ljava/lang/Object;Lgrails/core/GrailsDomainClass;)Ljava/lang/CharSequence;+78
v  ~StubRoutines::call_stub
V  [libjvm.so+0x695ae6]  JavaCalls::call_helper(JavaValue*, methodHandle*, JavaCallArguments*, Thread*)+0x1056
V  [libjvm.so+0x9a3fa7]  Reflection::invoke(instanceKlassHandle, methodHandle, Handle, bool, objArrayHandle, BasicType, objArrayHandle, bool, Thread*)+0x5d7
V  [libjvm.so+0x9a76b7]  Reflection::invoke_method(oopDesc*, Handle, objArrayHandle, Thread*)+0x147
V  [libjvm.so+0x72962b]  JVM_InvokeMethod+0x26b
J 1997  sun.reflect.NativeMethodAccessorImpl.invoke0(Ljava/lang/reflect/Method;Ljava/lang/Object;[Ljava/lang/Object;)Ljava/lang/Object; (0 bytes) @ 0x00007f9fb86f576d [0x00007f9fb86f5680+0xed]
J 1996 C1 sun.reflect.NativeMethodAccessorImpl.invoke(Ljava/lang/Object;[Ljava/lang/Object;)Ljava/lang/Object; (104 bytes) @ 0x00007f9fb86f5e14 [0x00007f9fb86f5aa0+0x374]
J 774 C1 sun.reflect.DelegatingMethodAccessorImpl.invoke(Ljava/lang/Object;[Ljava/lang/Object;)Ljava/lang/Object; (10 bytes) @ 0x00007f9fb84fc284 [0x00007f9fb84fc240+0x44]
J 773 C1 java.lang.reflect.Method.invoke(Ljava/lang/Object;[Ljava/lang/Object;)Ljava/lang/Object; (62 bytes) @ 0x00007f9fb84fbe94 [0x00007f9fb84fbda0+0xf4]
J 1814 C1 org.springsource.loaded.ri.ReflectiveInterceptor.jlrMethodInvoke(Ljava/lang/reflect/Method;Ljava/lang/Object;[Ljava/lang/Object;)Ljava/lang/Object; (2214 bytes) @ 0x00007f9fb869b724 [0x00007f9fb8699fa0+0x1784]
J 6420 C1 org.codehaus.groovy.runtime.callsite.PogoMetaMethodSite$PogoCachedMethodSiteNoUnwrapNoCoerce.invoke(Ljava/lang/Object;[Ljava/lang/Object;)Ljava/lang/Object; (37 bytes) @ 0x00007f9fb8f51814 [0x00007f9fb8f517e0+0x34]
J 6430 C1 org.codehaus.groovy.runtime.callsite.PogoMetaMethodSite.callCurrent(Lgroovy/lang/GroovyObject;[Ljava/lang/Object;)Ljava/lang/Object; (29 bytes) @ 0x00007f9fb8f5653c [0x00007f9fb8f56480+0xbc]
J 6430 C1 org.codehaus.groovy.runtime.callsite.PogoMetaMethodSite.callCurrent(Lgroovy/lang/GroovyObject;[Ljava/lang/Object;)Ljava/lang/Object; (29 bytes) @ 0x00007f9fb8f56594 [0x00007f9fb8f56480+0x114]
J 6820 C1 org.codehaus.groovy.runtime.callsite.AbstractCallSite.callCurrent(Lgroovy/lang/GroovyObject;Ljava/lang/Object;Ljava/lang/Object;)Ljava/lang/Object; (42 bytes) @ 0x00007f9fb901dcc4 [0x00007f9fb901dae0+0x1e4]
j  grails.plugin.formfields.FormFieldsTagLib.renderDefaultDisplay(Ljava/util/Map;Ljava/util/Map;Ljava/lang/String;Ljava/lang/String;)Ljava/lang/CharSequence;+303
v  ~StubRoutines::call_stub
V  [libjvm.so+0x695ae6]  JavaCalls::call_helper(JavaValue*, methodHandle*, JavaCallArguments*, Thread*)+0x1056
V  [libjvm.so+0x9a3fa7]  Reflection::invoke(instanceKlassHandle, methodHandle, Handle, bool, objArrayHandle, BasicType, objArrayHandle, bool, Thread*)+0x5d7
V  [libjvm.so+0x9a76b7]  Reflection::invoke_method(oopDesc*, Handle, objArrayHandle, Thread*)+0x147
V  [libjvm.so+0x72962b]  JVM_InvokeMethod+0x26b
J 1997  sun.reflect.NativeMethodAccessorImpl.invoke0(Ljava/lang/reflect/Method;Ljava/lang/Object;[Ljava/lang/Object;)Ljava/lang/Object; (0 bytes) @ 0x00007f9fb86f576d [0x00007f9fb86f5680+0xed]
J 1996 C1 sun.reflect.NativeMethodAccessorImpl.invoke(Ljava/lang/Object;[Ljava/lang/Object;)Ljava/lang/Object; (104 bytes) @ 0x00007f9fb86f5e14 [0x00007f9fb86f5aa0+0x374]
J 774 C1 sun.reflect.DelegatingMethodAccessorImpl.invoke(Ljava/lang/Object;[Ljava/lang/Object;)Ljava/lang/Object; (10 bytes) @ 0x00007f9fb84fc284 [0x00007f9fb84fc240+0x44]
J 773 C1 java.lang.reflect.Method.invoke(Ljava/lang/Object;[Ljava/lang/Object;)Ljava/lang/Object; (62 bytes) @ 0x00007f9fb84fbe94 [0x00007f9fb84fbda0+0xf4]
J 1814 C1 org.springsource.loaded.ri.ReflectiveInterceptor.jlrMethodInvoke(Ljava/lang/reflect/Method;Ljava/lang/Object;[Ljava/lang/Object;)Ljava/lang/Object; (2214 bytes) @ 0x00007f9fb869b724 [0x00007f9fb8699fa0+0x1784]
J 6420 C1 org.codehaus.groovy.runtime.callsite.PogoMetaMethodSite$PogoCachedMethodSiteNoUnwrapNoCoerce.invoke(Ljava/lang/Object;[Ljava/lang/Object;)Ljava/lang/Object; (37 bytes) @ 0x00007f9fb8f51814 [0x00007f9fb8f517e0+0x34]
J 6430 C1 org.codehaus.groovy.runtime.callsite.PogoMetaMethodSite.callCurrent(Lgroovy/lang/GroovyObject;[Ljava/lang/Object;)Ljava/lang/Object; (29 bytes) @ 0x00007f9fb8f5653c [0x00007f9fb8f56480+0xbc]
J 7646 C1 org.codehaus.groovy.runtime.callsite.AbstractCallSite.callCurrent(Lgroovy/lang/GroovyObject;Ljava/lang/Object;Ljava/lang/Object;Ljava/lang/Object;Ljava/lang/Object;)Ljava/lang/Object; (50 bytes) @ 0x00007f9fb91f5354 [0x00007f9fb91f50a0+0x2b4]
j  grails.plugin.formfields.FormFieldsTagLib.renderDisplayWidget(Lgrails/plugin/formfields/BeanPropertyAccessor;Ljava/util/Map;Ljava/util/Map;Ljava/lang/String;Ljava/lang/String;)Ljava/lang/CharSequence;+394
j  sun.reflect.GeneratedMethodAccessor443.invoke(Ljava/lang/Object;[Ljava/lang/Object;)Ljava/lang/Object;+72
J 774 C1 sun.reflect.DelegatingMethodAccessorImpl.invoke(Ljava/lang/Object;[Ljava/lang/Object;)Ljava/lang/Object; (10 bytes) @ 0x00007f9fb84fc284 [0x00007f9fb84fc240+0x44]
J 773 C1 java.lang.reflect.Method.invoke(Ljava/lang/Object;[Ljava/lang/Object;)Ljava/lang/Object; (62 bytes) @ 0x00007f9fb84fbe94 [0x00007f9fb84fbda0+0xf4]
J 1814 C1 org.springsource.loaded.ri.ReflectiveInterceptor.jlrMethodInvoke(Ljava/lang/reflect/Method;Ljava/lang/Object;[Ljava/lang/Object;)Ljava/lang/Object; (2214 bytes) @ 0x00007f9fb869b724 [0x00007f9fb8699fa0+0x1784]
J 3618 C1 org.codehaus.groovy.reflection.CachedMethod.invoke(Ljava/lang/Object;[Ljava/lang/Object;)Ljava/lang/Object; (70 bytes) @ 0x00007f9fb8a410b4 [0x00007f9fb8a41080+0x34]
J 3281 C1 groovy.lang.MetaMethod.doMethodInvoke(Ljava/lang/Object;[Ljava/lang/Object;)Ljava/lang/Object; (22 bytes) @ 0x00007f9fb8973054 [0x00007f9fb8972fe0+0x74]
J 3554 C1 org.codehaus.groovy.runtime.metaclass.ClosureMetaClass.invokeMethod(Ljava/lang/Class;Ljava/lang/Object;Ljava/lang/String;[Ljava/lang/Object;ZZ)Ljava/lang/Object; (892 bytes) @ 0x00007f9fb8a1641c [0x00007f9fb8a15260+0x11bc]
J 1816 C1 groovy.lang.MetaClassImpl.invokeMethod(Ljava/lang/Object;Ljava/lang/String;[Ljava/lang/Object;)Ljava/lang/Object; (14 bytes) @ 0x00007f9fb86a8c9c [0x00007f9fb86a8c40+0x5c]
J 6600 C1 org.codehaus.groovy.runtime.callsite.PogoMetaClassSite.callCurrent(Lgroovy/lang/GroovyObject;[Ljava/lang/Object;)Ljava/lang/Object; (92 bytes) @ 0x00007f9fb8f8b28c [0x00007f9fb8f8b180+0x10c]
j  grails.plugin.formfields.FormFieldsTagLib$_closure8$_closure22.doCall(Ljava/lang/Object;)Ljava/lang/Object;+124
v  ~StubRoutines::call_stub
V  [libjvm.so+0x695ae6]  JavaCalls::call_helper(JavaValue*, methodHandle*, JavaCallArguments*, Thread*)+0x1056
V  [libjvm.so+0x9a3fa7]  Reflection::invoke(instanceKlassHandle, methodHandle, Handle, bool, objArrayHandle, BasicType, objArrayHandle, bool, Thread*)+0x5d7
V  [libjvm.so+0x9a76b7]  Reflection::invoke_method(oopDesc*, Handle, objArrayHandle, Thread*)+0x147
V  [libjvm.so+0x72962b]  JVM_InvokeMethod+0x26b
J 1997  sun.reflect.NativeMethodAccessorImpl.invoke0(Ljava/lang/reflect/Method;Ljava/lang/Object;[Ljava/lang/Object;)Ljava/lang/Object; (0 bytes) @ 0x00007f9fb86f576d [0x00007f9fb86f5680+0xed]
J 1996 C1 sun.reflect.NativeMethodAccessorImpl.invoke(Ljava/lang/Object;[Ljava/lang/Object;)Ljava/lang/Object; (104 bytes) @ 0x00007f9fb86f5e14 [0x00007f9fb86f5aa0+0x374]
J 774 C1 sun.reflect.DelegatingMethodAccessorImpl.invoke(Ljava/lang/Object;[Ljava/lang/Object;)Ljava/lang/Object; (10 bytes) @ 0x00007f9fb84fc284 [0x00007f9fb84fc240+0x44]
J 773 C1 java.lang.reflect.Method.invoke(Ljava/lang/Object;[Ljava/lang/Object;)Ljava/lang/Object; (62 bytes) @ 0x00007f9fb84fbe94 [0x00007f9fb84fbda0+0xf4]
J 1814 C1 org.springsource.loaded.ri.ReflectiveInterceptor.jlrMethodInvoke(Ljava/lang/reflect/Method;Ljava/lang/Object;[Ljava/lang/Object;)Ljava/lang/Object; (2214 bytes) @ 0x00007f9fb869b724 [0x00007f9fb8699fa0+0x1784]
J 3618 C1 org.codehaus.groovy.reflection.CachedMethod.invoke(Ljava/lang/Object;[Ljava/lang/Object;)Ljava/lang/Object; (70 bytes) @ 0x00007f9fb8a410b4 [0x00007f9fb8a41080+0x34]
J 3281 C1 groovy.lang.MetaMethod.doMethodInvoke(Ljava/lang/Object;[Ljava/lang/Object;)Ljava/lang/Object; (22 bytes) @ 0x00007f9fb8973054 [0x00007f9fb8972fe0+0x74]
J 3554 C1 org.codehaus.groovy.runtime.metaclass.ClosureMetaClass.invokeMethod(Ljava/lang/Class;Ljava/lang/Object;Ljava/lang/String;[Ljava/lang/Object;ZZ)Ljava/lang/Object; (892 bytes) @ 0x00007f9fb8a16454 [0x00007f9fb8a15260+0x11f4]
J 1816 C1 groovy.lang.MetaClassImpl.invokeMethod(Ljava/lang/Object;Ljava/lang/String;[Ljava/lang/Object;)Ljava/lang/Object; (14 bytes) @ 0x00007f9fb86a8c9c [0x00007f9fb86a8c40+0x5c]
J 4132 C1 groovy.lang.Closure.call([Ljava/lang/Object;)Ljava/lang/Object; (30 bytes) @ 0x00007f9fb8b4fe3c [0x00007f9fb8b4fdc0+0x7c]
J 5572 C1 groovy.lang.Closure.call(Ljava/lang/Object;)Ljava/lang/Object; (13 bytes) @ 0x00007f9fb8d93334 [0x00007f9fb8d93200+0x134]
J 9361 C1 org.grails.taglib.TagBodyClosure.captureClosureOutput(Ljava/lang/Object;Z)Ljava/lang/Object; (214 bytes) @ 0x00007f9fb95e762c [0x00007f9fb95e7000+0x62c]
j  org.grails.taglib.TagBodyClosure.call(Ljava/lang/Object;)Ljava/lang/Object;+3
v  ~StubRoutines::call_stub
V  [libjvm.so+0x695ae6]  JavaCalls::call_helper(JavaValue*, methodHandle*, JavaCallArguments*, Thread*)+0x1056
V  [libjvm.so+0x9a3fa7]  Reflection::invoke(instanceKlassHandle, methodHandle, Handle, bool, objArrayHandle, BasicType, objArrayHandle, bool, Thread*)+0x5d7
V  [libjvm.so+0x9a76b7]  Reflection::invoke_method(oopDesc*, Handle, objArrayHandle, Thread*)+0x147
V  [libjvm.so+0x72962b]  JVM_InvokeMethod+0x26b
J 1997  sun.reflect.NativeMethodAccessorImpl.invoke0(Ljava/lang/reflect/Method;Ljava/lang/Object;[Ljava/lang/Object;)Ljava/lang/Object; (0 bytes) @ 0x00007f9fb86f576d [0x00007f9fb86f5680+0xed]
J 1996 C1 sun.reflect.NativeMethodAccessorImpl.invoke(Ljava/lang/Object;[Ljava/lang/Object;)Ljava/lang/Object; (104 bytes) @ 0x00007f9fb86f5e14 [0x00007f9fb86f5aa0+0x374]
J 774 C1 sun.reflect.DelegatingMethodAccessorImpl.invoke(Ljava/lang/Object;[Ljava/lang/Object;)Ljava/lang/Object; (10 bytes) @ 0x00007f9fb84fc284 [0x00007f9fb84fc240+0x44]
J 773 C1 java.lang.reflect.Method.invoke(Ljava/lang/Object;[Ljava/lang/Object;)Ljava/lang/Object; (62 bytes) @ 0x00007f9fb84fbe94 [0x00007f9fb84fbda0+0xf4]
J 1814 C1 org.springsource.loaded.ri.ReflectiveInterceptor.jlrMethodInvoke(Ljava/lang/reflect/Method;Ljava/lang/Object;[Ljava/lang/Object;)Ljava/lang/Object; (2214 bytes) @ 0x00007f9fb869b724 [0x00007f9fb8699fa0+0x1784]
J 3618 C1 org.codehaus.groovy.reflection.CachedMethod.invoke(Ljava/lang/Object;[Ljava/lang/Object;)Ljava/lang/Object; (70 bytes) @ 0x00007f9fb8a410b4 [0x00007f9fb8a41080+0x34]
J 3281 C1 groovy.lang.MetaMethod.doMethodInvoke(Ljava/lang/Object;[Ljava/lang/Object;)Ljava/lang/Object; (22 bytes) @ 0x00007f9fb8973054 [0x00007f9fb8972fe0+0x74]
J 3637 C1 groovy.lang.MetaClassImpl.invokeMethod(Ljava/lang/Class;Ljava/lang/Object;Ljava/lang/String;[Ljava/lang/Object;ZZ)Ljava/lang/Object; (1088 bytes) @ 0x00007f9fb8a4964c [0x00007f9fb8a483c0+0x128c]
J 1816 C1 groovy.lang.MetaClassImpl.invokeMethod(Ljava/lang/Object;Ljava/lang/String;[Ljava/lang/Object;)Ljava/lang/Object; (14 bytes) @ 0x00007f9fb86a8c9c [0x00007f9fb86a8c40+0x5c]
J 8448 C1 groovy.lang.MetaClassImpl.invokePropertyOrMissing(Ljava/lang/Object;Ljava/lang/String;[Ljava/lang/Object;ZZ)Ljava/lang/Object; (157 bytes) @ 0x00007f9fb93ab3a4 [0x00007f9fb93aae80+0x524]
J 3637 C1 groovy.lang.MetaClassImpl.invokeMethod(Ljava/lang/Class;Ljava/lang/Object;Ljava/lang/String;[Ljava/lang/Object;ZZ)Ljava/lang/Object; (1088 bytes) @ 0x00007f9fb8a49694 [0x00007f9fb8a483c0+0x12d4]
J 8737 C1 groovy.lang.ExpandoMetaClass.invokeMethod(Ljava/lang/Class;Ljava/lang/Object;Ljava/lang/String;[Ljava/lang/Object;ZZ)Ljava/lang/Object; (48 bytes) @ 0x00007f9fb9451a9c [0x00007f9fb94518a0+0x1fc]
J 1816 C1 groovy.lang.MetaClassImpl.invokeMethod(Ljava/lang/Object;Ljava/lang/String;[Ljava/lang/Object;)Ljava/lang/Object; (14 bytes) @ 0x00007f9fb86a8c9c [0x00007f9fb86a8c40+0x5c]
J 6600 C1 org.codehaus.groovy.runtime.callsite.PogoMetaClassSite.callCurrent(Lgroovy/lang/GroovyObject;[Ljava/lang/Object;)Ljava/lang/Object; (92 bytes) @ 0x00007f9fb8f8b28c [0x00007f9fb8f8b180+0x10c]
J 6421 C1 org.codehaus.groovy.runtime.callsite.AbstractCallSite.callCurrent(Lgroovy/lang/GroovyObject;Ljava/lang/Object;)Ljava/lang/Object; (37 bytes) @ 0x00007f9fb8f526a4 [0x00007f9fb8f52520+0x184]
j  gsp_fields_templates__fields_list_gsp.run()Ljava/lang/Object;+411
j  org.grails.gsp.GroovyPageWritable.doWriteTo(Lorg/grails/taglib/encoder/OutputContext;Ljava/io/Writer;)Ljava/io/Writer;+373
j  org.grails.gsp.GroovyPageWritable.writeTo(Ljava/io/Writer;)Ljava/io/Writer;+13
...<more frames>...


---------------  P R O C E S S  ---------------

Java Threads: ( => current thread )
  0x00007f9fc8016000 JavaThread "DestroyJavaVM" [_thread_blocked, id=11767, stack(0x00007f9fce3e0000,0x00007f9fce4e1000)]
  0x00007f9fc98fc800 JavaThread "Thread-6" daemon [_thread_blocked, id=11844, stack(0x00007f9f6e6eb000,0x00007f9f6e7ec000)]
  0x00007f9fc97b1000 JavaThread "Thread-8" [_thread_blocked, id=11843, stack(0x00007f9f6e7ec000,0x00007f9f6e8ed000)]
  0x00007f9fc9796800 JavaThread "Thread-7" daemon [_thread_in_native, id=11842, stack(0x00007f9f6e8ed000,0x00007f9f6e9ee000)]
  0x00007f9fc93e2800 JavaThread "http-nio-8080-AsyncTimeout" daemon [_thread_blocked, id=11841, stack(0x00007f9f6e9ee000,0x00007f9f6eaef000)]
  0x00007f9fc93e1800 JavaThread "http-nio-8080-Acceptor-0" daemon [_thread_in_native, id=11840, stack(0x00007f9f6eaef000,0x00007f9f6ebf0000)]
  0x00007f9fc9786800 JavaThread "http-nio-8080-ClientPoller-1" daemon [_thread_blocked, id=11839, stack(0x00007f9f6ebf0000,0x00007f9f6ecf1000)]
  0x00007f9fc9784800 JavaThread "http-nio-8080-ClientPoller-0" daemon [_thread_blocked, id=11838, stack(0x00007f9f6ecf1000,0x00007f9f6edf2000)]
  0x00007f9fc9782800 JavaThread "http-nio-8080-exec-10" daemon [_thread_blocked, id=11837, stack(0x00007f9f6edf2000,0x00007f9f6eef3000)]
  0x00007f9fc9780800 JavaThread "http-nio-8080-exec-9" daemon [_thread_blocked, id=11836, stack(0x00007f9f6eef3000,0x00007f9f6eff4000)]
  0x00007f9fc98d2000 JavaThread "http-nio-8080-exec-8" daemon [_thread_blocked, id=11835, stack(0x00007f9f6eff4000,0x00007f9f6f0f5000)]
  0x00007f9fc98d1800 JavaThread "http-nio-8080-exec-7" daemon [_thread_blocked, id=11834, stack(0x00007f9f6f0f5000,0x00007f9f6f1f6000)]
  0x00007f9fc98d0800 JavaThread "http-nio-8080-exec-6" daemon [_thread_blocked, id=11833, stack(0x00007f9f6f1f6000,0x00007f9f6f2f7000)]
  0x00007f9fc98d0000 JavaThread "http-nio-8080-exec-5" daemon [_thread_blocked, id=11832, stack(0x00007f9f6f2f7000,0x00007f9f6f3f8000)]
  0x00007f9fc98cf000 JavaThread "http-nio-8080-exec-4" daemon [_thread_blocked, id=11831, stack(0x00007f9f6f3f8000,0x00007f9f6f4f9000)]
  0x00007f9fc98ce800 JavaThread "http-nio-8080-exec-3" daemon [_thread_blocked, id=11830, stack(0x00007f9f6f4f9000,0x00007f9f6f5fa000)]
  0x00007f9fc98cd800 JavaThread "http-nio-8080-exec-2" daemon [_thread_blocked, id=11829, stack(0x00007f9f6f5fa000,0x00007f9f6f6fb000)]
=>0x00007f9fc98cd000 JavaThread "http-nio-8080-exec-1" daemon [_thread_in_Java, id=11828, stack(0x00007f9f6f6fb000,0x00007f9f6f7fc000)]
  0x00007f9fc98dc800 JavaThread "NioBlockingSelector.BlockPoller-1" daemon [_thread_blocked, id=11827, stack(0x00007f9f6f7fc000,0x00007f9f6f8fd000)]
  0x00007f9fc9432800 JavaThread "container-0" [_thread_blocked, id=11820, stack(0x00007f9f6fcfd000,0x00007f9f6fdfe000)]
  0x00007f9fc9430800 JavaThread "ContainerBackgroundProcessor[StandardEngine[Tomcat]]" daemon [_thread_blocked, id=11819, stack(0x00007f9f6fdfe000,0x00007f9f6feff000)]
  0x00007f9fc9240000 JavaThread "Tomcat JDBC Pool Cleaner[414493378:1525047807245]" daemon [_thread_blocked, id=11812, stack(0x00007f9fae3d6000,0x00007f9fae4d7000)]
  0x00007f9fc87fe800 JavaThread "FileSystemWatcher: files=#54 cl=sun.misc.Launcher$AppClassLoader@18b4aac2" daemon [_thread_blocked, id=11788, stack(0x00007f9faf12e000,0x00007f9faf22f000)]
  0x00007f9fc874e000 JavaThread "Service Thread" daemon [_thread_blocked, id=11786, stack(0x00007f9faf343000,0x00007f9faf444000)]
  0x00007f9fc873d800 JavaThread "C1 CompilerThread2" daemon [_thread_blocked, id=11785, stack(0x00007f9faf444000,0x00007f9faf545000)]
  0x00007f9fc873b000 JavaThread "C2 CompilerThread1" daemon [_thread_blocked, id=11784, stack(0x00007f9faf545000,0x00007f9faf646000)]
  0x00007f9fc8745800 JavaThread "C2 CompilerThread0" daemon [_thread_blocked, id=11783, stack(0x00007f9faf646000,0x00007f9faf747000)]
  0x00007f9fc818a800 JavaThread "Signal Dispatcher" daemon [_thread_blocked, id=11782, stack(0x00007f9fb41f3000,0x00007f9fb42f4000)]
  0x00007f9fc8157800 JavaThread "Finalizer" daemon [_thread_blocked, id=11780, stack(0x00007f9fb42f4000,0x00007f9fb43f5000)]
  0x00007f9fc8152800 JavaThread "Reference Handler" daemon [_thread_blocked, id=11779, stack(0x00007f9fb43f5000,0x00007f9fb44f6000)]

Other Threads:
  0x00007f9fc814b000 VMThread [stack: 0x00007f9fb44f6000,0x00007f9fb45f7000] [id=11778]
  0x00007f9fc8751000 WatcherThread [stack: 0x00007f9faf242000,0x00007f9faf343000] [id=11787]

VM state:synchronizing (normal execution)

VM Mutex/Monitor currently owned by a thread:  ([mutex/lock_event])
[0x00007f9fc800c450] Safepoint_lock - owner thread: 0x00007f9fc814b000
[0x00007f9fc800c4d0] Threads_lock - owner thread: 0x00007f9fc814b000

Heap:
 PSYoungGen      total 192512K, used 103136K [0x00000000f0000000, 0x0000000100000000, 0x0000000100000000)
  eden space 152576K, 41% used [0x00000000f0000000,0x00000000f3dbe340,0x00000000f9500000)
  from space 39936K, 99% used [0x00000000fd900000,0x00000000ffffa070,0x0000000100000000)
  to   space 54784K, 0% used [0x00000000f9500000,0x00000000f9500000,0x00000000fca80000)
 ParOldGen       total 524288K, used 95524K [0x00000000d0000000, 0x00000000f0000000, 0x00000000f0000000)
  object space 524288K, 18% used [0x00000000d0000000,0x00000000d5d49318,0x00000000f0000000)
 Metaspace       used 76519K, capacity 80650K, committed 80920K, reserved 1120256K
  class space    used 9652K, capacity 10996K, committed 11032K, reserved 1048576K

Card table byte_map: [0x00007f9fcc042000,0x00007f9fcc1c3000] byte_map_base: 0x00007f9fcb9c2000

Marking Bits: (ParMarkBitMap*) 0x00007f9fcd8af920
 Begin Bits: [0x00007f9fb60ae000, 0x00007f9fb6cae000)
 End Bits:   [0x00007f9fb6cae000, 0x00007f9fb78ae000)

Polling page: 0x00007f9fce4fa000

CodeCache: size=245760Kb used=20617Kb max_used=20930Kb free=225142Kb
 bounds [0x00007f9fb8172000, 0x00007f9fb95f2000, 0x00007f9fc7172000]
 total_blobs=9890 nmethods=9104 adapters=698
 compilation: enabled

Compilation events (10 events):
Event: 442,631 Thread 0x00007f9fc873d800 9359       1       org.springsource.loaded.FieldReaderWriter::<init> (5 bytes)
Event: 442,631 Thread 0x00007f9fc873d800 nmethod 9359 0x00007f9fb858f890 code [0x00007f9fb858f9e0, 0x00007f9fb858faf0]
Event: 444,337 Thread 0x00007f9fc873d800 9360       1       org.grails.plugins.web.taglib.SitemeshTagLib::getOut (7 bytes)
Event: 444,338 Thread 0x00007f9fc873d800 nmethod 9360 0x00007f9fb858f410 code [0x00007f9fb858f580, 0x00007f9fb858f718]
Event: 444,339 Thread 0x00007f9fc873d800 9361   !   1       org.grails.taglib.TagBodyClosure::captureClosureOutput (214 bytes)
Event: 444,342 Thread 0x00007f9fc873d800 nmethod 9361 0x00007f9fb95e6b90 code [0x00007f9fb95e7000, 0x00007f9fb95e8688]
Event: 444,342 Thread 0x00007f9fc873d800 9362       1       org.grails.taglib.TagBodyClosure::pushCapturedOut (29 bytes)
Event: 444,343 Thread 0x00007f9fc873d800 nmethod 9362 0x00007f9fb8f11a50 code [0x00007f9fb8f11c60, 0x00007f9fb8f12208]
Event: 444,344 Thread 0x00007f9fc873d800 9363       1       org.grails.web.mapping.DefaultLinkGenerator::getRequestStateLookupStrategy (5 bytes)
Event: 444,344 Thread 0x00007f9fc873d800 nmethod 9363 0x00007f9fb8ff99d0 code [0x00007f9fb8ff9b20, 0x00007f9fb8ff9c30]

GC Heap History (10 events):
Event: 208,135 GC heap before
{Heap before GC invocations=29 (full 3):
 PSYoungGen      total 233984K, used 233887K [0x00000000f0000000, 0x0000000100000000, 0x0000000100000000)
  eden space 209920K, 100% used [0x00000000f0000000,0x00000000fcd00000,0x00000000fcd00000)
  from space 24064K, 99% used [0x00000000fcd00000,0x00000000fe467f90,0x00000000fe480000)
  to   space 28160K, 0% used [0x00000000fe480000,0x00000000fe480000,0x0000000100000000)
 ParOldGen       total 524288K, used 84619K [0x00000000d0000000, 0x00000000f0000000, 0x00000000f0000000)
  object space 524288K, 16% used [0x00000000d0000000,0x00000000d52a2ea0,0x00000000f0000000)
 Metaspace       used 68284K, capacity 71694K, committed 71832K, reserved 1112064K
  class space    used 8933K, capacity 10091K, committed 10136K, reserved 1048576K
Event: 208,161 GC heap after
Heap after GC invocations=29 (full 3):
 PSYoungGen      total 225792K, used 26486K [0x00000000f0000000, 0x0000000100000000, 0x0000000100000000)
  eden space 197632K, 0% used [0x00000000f0000000,0x00000000f0000000,0x00000000fc100000)
  from space 28160K, 94% used [0x00000000fe480000,0x00000000ffe5d820,0x0000000100000000)
  to   space 32256K, 0% used [0x00000000fc100000,0x00000000fc100000,0x00000000fe080000)
 ParOldGen       total 524288K, used 84627K [0x00000000d0000000, 0x00000000f0000000, 0x00000000f0000000)
  object space 524288K, 16% used [0x00000000d0000000,0x00000000d52a4ea0,0x00000000f0000000)
 Metaspace       used 68284K, capacity 71694K, committed 71832K, reserved 1112064K
  class space    used 8933K, capacity 10091K, committed 10136K, reserved 1048576K
}
Event: 212,277 GC heap before
{Heap before GC invocations=30 (full 3):
 PSYoungGen      total 225792K, used 224118K [0x00000000f0000000, 0x0000000100000000, 0x0000000100000000)
  eden space 197632K, 100% used [0x00000000f0000000,0x00000000fc100000,0x00000000fc100000)
  from space 28160K, 94% used [0x00000000fe480000,0x00000000ffe5d820,0x0000000100000000)
  to   space 32256K, 0% used [0x00000000fc100000,0x00000000fc100000,0x00000000fe080000)
 ParOldGen       total 524288K, used 84627K [0x00000000d0000000, 0x00000000f0000000, 0x00000000f0000000)
  object space 524288K, 16% used [0x00000000d0000000,0x00000000d52a4ea0,0x00000000f0000000)
 Metaspace       used 68856K, capacity 72436K, committed 72472K, reserved 1112064K
  class space    used 9061K, capacity 10261K, committed 10264K, reserved 1048576K
Event: 212,304 GC heap after
Heap after GC invocations=30 (full 3):
 PSYoungGen      total 227328K, used 29295K [0x00000000f0000000, 0x0000000100000000, 0x0000000100000000)
  eden space 197632K, 0% used [0x00000000f0000000,0x00000000f0000000,0x00000000fc100000)
  from space 29696K, 98% used [0x00000000fc100000,0x00000000fdd9bfb0,0x00000000fde00000)
  to   space 34816K, 0% used [0x00000000fde00000,0x00000000fde00000,0x0000000100000000)
 ParOldGen       total 524288K, used 84635K [0x00000000d0000000, 0x00000000f0000000, 0x00000000f0000000)
  object space 524288K, 16% used [0x00000000d0000000,0x00000000d52a6ea0,0x00000000f0000000)
 Metaspace       used 68856K, capacity 72436K, committed 72472K, reserved 1112064K
  class space    used 9061K, capacity 10261K, committed 10264K, reserved 1048576K
}
Event: 227,094 GC heap before
{Heap before GC invocations=31 (full 3):
 PSYoungGen      total 227328K, used 226927K [0x00000000f0000000, 0x0000000100000000, 0x0000000100000000)
  eden space 197632K, 100% used [0x00000000f0000000,0x00000000fc100000,0x00000000fc100000)
  from space 29696K, 98% used [0x00000000fc100000,0x00000000fdd9bfb0,0x00000000fde00000)
  to   space 34816K, 0% used [0x00000000fde00000,0x00000000fde00000,0x0000000100000000)
 ParOldGen       total 524288K, used 84635K [0x00000000d0000000, 0x00000000f0000000, 0x00000000f0000000)
  object space 524288K, 16% used [0x00000000d0000000,0x00000000d52a6ea0,0x00000000f0000000)
 Metaspace       used 69380K, capacity 73178K, committed 73368K, reserved 1112064K
  class space    used 9141K, capacity 10378K, committed 10392K, reserved 1048576K
Event: 227,125 GC heap after
Heap after GC invocations=31 (full 3):
 PSYoungGen      total 217088K, used 31110K [0x00000000f0000000, 0x0000000100000000, 0x0000000100000000)
  eden space 182272K, 0% used [0x00000000f0000000,0x00000000f0000000,0x00000000fb200000)
  from space 34816K, 89% used [0x00000000fde00000,0x00000000ffc618c8,0x0000000100000000)
  to   space 39936K, 0% used [0x00000000fb200000,0x00000000fb200000,0x00000000fd900000)
 ParOldGen       total 524288K, used 84643K [0x00000000d0000000, 0x00000000f0000000, 0x00000000f0000000)
  object space 524288K, 16% used [0x00000000d0000000,0x00000000d52a8ea0,0x00000000f0000000)
 Metaspace       used 69380K, capacity 73178K, committed 73368K, reserved 1112064K
  class space    used 9141K, capacity 10378K, committed 10392K, reserved 1048576K
}
Event: 289,798 GC heap before
{Heap before GC invocations=32 (full 3):
 PSYoungGen      total 217088K, used 213382K [0x00000000f0000000, 0x0000000100000000, 0x0000000100000000)
  eden space 182272K, 100% used [0x00000000f0000000,0x00000000fb200000,0x00000000fb200000)
  from space 34816K, 89% used [0x00000000fde00000,0x00000000ffc618c8,0x0000000100000000)
  to   space 39936K, 0% used [0x00000000fb200000,0x00000000fb200000,0x00000000fd900000)
 ParOldGen       total 524288K, used 84643K [0x00000000d0000000, 0x00000000f0000000, 0x00000000f0000000)
  object space 524288K, 16% used [0x00000000d0000000,0x00000000d52a8ea0,0x00000000f0000000)
 Metaspace       used 70955K, capacity 74950K, committed 75160K, reserved 1114112K
  class space    used 9338K, capacity 10644K, committed 10648K, reserved 1048576K
Event: 289,839 GC heap after
Heap after GC invocations=32 (full 3):
 PSYoungGen      total 222208K, used 39919K [0x00000000f0000000, 0x0000000100000000, 0x0000000100000000)
  eden space 182272K, 0% used [0x00000000f0000000,0x00000000f0000000,0x00000000fb200000)
  from space 39936K, 99% used [0x00000000fb200000,0x00000000fd8fbd68,0x00000000fd900000)
  to   space 39936K, 0% used [0x00000000fd900000,0x00000000fd900000,0x0000000100000000)
 ParOldGen       total 524288K, used 87074K [0x00000000d0000000, 0x00000000f0000000, 0x00000000f0000000)
  object space 524288K, 16% used [0x00000000d0000000,0x00000000d5508b80,0x00000000f0000000)
 Metaspace       used 70955K, capacity 74950K, committed 75160K, reserved 1114112K
  class space    used 9338K, capacity 10644K, committed 10648K, reserved 1048576K
}
Event: 388,566 GC heap before
{Heap before GC invocations=33 (full 3):
 PSYoungGen      total 222208K, used 222191K [0x00000000f0000000, 0x0000000100000000, 0x0000000100000000)
  eden space 182272K, 100% used [0x00000000f0000000,0x00000000fb200000,0x00000000fb200000)
  from space 39936K, 99% used [0x00000000fb200000,0x00000000fd8fbd68,0x00000000fd900000)
  to   space 39936K, 0% used [0x00000000fd900000,0x00000000fd900000,0x0000000100000000)
 ParOldGen       total 524288K, used 87074K [0x00000000d0000000, 0x00000000f0000000, 0x00000000f0000000)
  object space 524288K, 16% used [0x00000000d0000000,0x00000000d5508b80,0x00000000f0000000)
 Metaspace       used 76355K, capacity 80400K, committed 80664K, reserved 1118208K
  class space    used 9622K, capacity 10930K, committed 11032K, reserved 1048576K
Event: 388,700 GC heap after
Heap after GC invocations=33 (full 3):
 PSYoungGen      total 192512K, used 39912K [0x00000000f0000000, 0x0000000100000000, 0x0000000100000000)
  eden space 152576K, 0% used [0x00000000f0000000,0x00000000f0000000,0x00000000f9500000)
  from space 39936K, 99% used [0x00000000fd900000,0x00000000ffffa070,0x0000000100000000)
  to   space 54784K, 0% used [0x00000000f9500000,0x00000000f9500000,0x00000000fca80000)
 ParOldGen       total 524288K, used 95524K [0x00000000d0000000, 0x00000000f0000000, 0x00000000f0000000)
  object space 524288K, 18% used [0x00000000d0000000,0x00000000d5d49318,0x00000000f0000000)
 Metaspace       used 76355K, capacity 80400K, committed 80664K, reserved 1118208K
  class space    used 9622K, capacity 10930K, committed 11032K, reserved 1048576K
}

Deoptimization events (0 events):
No events

Classes redefined (0 events):
No events

Internal exceptions (10 events):
Event: 442,587 Thread 0x00007f9fc98cd000 Exception <a 'java/lang/ClassNotFoundException': groovy/lang/GroovyObjectCustomizer> (0x00000000f36e4be8) thrown at [/HUDSON/workspace/8-2-build-linux-amd64/jdk8u161/10277/hotspot/src/share/vm/classfile/systemDictionary.cpp, line 210]
Event: 442,620 Thread 0x00007f9fc98cd000 Exception <a 'java/lang/ClassNotFoundException': org/grails/datastore/mapping/dirty/checking/DirtyCheckableCustomizer> (0x00000000f39c9948) thrown at [/HUDSON/workspace/8-2-build-linux-amd64/jdk8u161/10277/hotspot/src/share/vm/classfile/systemDictionary.c
Event: 442,621 Thread 0x00007f9fc98cd000 Exception <a 'java/lang/ClassNotFoundException': org/grails/datastore/gorm/GormEntityCustomizer> (0x00000000f39f3e10) thrown at [/HUDSON/workspace/8-2-build-linux-amd64/jdk8u161/10277/hotspot/src/share/vm/classfile/systemDictionary.cpp, line 210]
Event: 442,622 Thread 0x00007f9fc98cd000 Exception <a 'java/lang/ClassNotFoundException': grails/artefact/DomainClassCustomizer> (0x00000000f3a21270) thrown at [/HUDSON/workspace/8-2-build-linux-amd64/jdk8u161/10277/hotspot/src/share/vm/classfile/systemDictionary.cpp, line 210]
Event: 442,622 Thread 0x00007f9fc98cd000 Exception <a 'java/lang/ClassNotFoundException': grails/web/databinding/WebDataBindingCustomizer> (0x00000000f3a47c00) thrown at [/HUDSON/workspace/8-2-build-linux-amd64/jdk8u161/10277/hotspot/src/share/vm/classfile/systemDictionary.cpp, line 210]
Event: 442,623 Thread 0x00007f9fc98cd000 Exception <a 'java/lang/ClassNotFoundException': grails/gorm/EntityCustomizer> (0x00000000f3a684d0) thrown at [/HUDSON/workspace/8-2-build-linux-amd64/jdk8u161/10277/hotspot/src/share/vm/classfile/systemDictionary.cpp, line 210]
Event: 442,623 Thread 0x00007f9fc98cd000 Exception <a 'java/lang/ClassNotFoundException': org/grails/datastore/mapping/dirty/checking/DirtyCheckable$Trait$FieldHelperCustomizer> (0x00000000f3aa0e10) thrown at [/HUDSON/workspace/8-2-build-linux-amd64/jdk8u161/10277/hotspot/src/share/vm/classfile/
Event: 442,624 Thread 0x00007f9fc98cd000 Exception <a 'java/lang/ClassNotFoundException': org/grails/datastore/gorm/GormValidateable$Trait$FieldHelperCustomizer> (0x00000000f3ad3c98) thrown at [/HUDSON/workspace/8-2-build-linux-amd64/jdk8u161/10277/hotspot/src/share/vm/classfile/systemDictionary
Event: 442,625 Thread 0x00007f9fc98cd000 Exception <a 'java/lang/ClassNotFoundException': groovy/lang/GroovyObjectCustomizer> (0x00000000f3af5f28) thrown at [/HUDSON/workspace/8-2-build-linux-amd64/jdk8u161/10277/hotspot/src/share/vm/classfile/systemDictionary.cpp, line 210]
Event: 444,339 Thread 0x00007f9fc98cd000 Exception <a 'java/lang/ClassCastException'> (0x00000000f3d5c808) thrown at [/HUDSON/workspace/8-2-build-linux-amd64/jdk8u161/10277/hotspot/src/share/vm/runtime/sharedRuntime.cpp, line 605]

Events (10 events):
Event: 444,344 Thread 0x00007f9fc873d800 flushing nmethod 0x00007f9fb9155a10
Event: 444,344 Thread 0x00007f9fc873d800 flushing nmethod 0x00007f9fb915bdd0
Event: 444,344 Thread 0x00007f9fc873d800 flushing nmethod 0x00007f9fb915cd90
Event: 444,344 Thread 0x00007f9fc873d800 flushing nmethod 0x00007f9fb9160c50
Event: 444,344 Thread 0x00007f9fc873d800 flushing nmethod 0x00007f9fb9161a50
Event: 444,344 Thread 0x00007f9fc873d800 flushing nmethod 0x00007f9fb9166290
Event: 444,344 Thread 0x00007f9fc873d800 flushing nmethod 0x00007f9fb9167f90
Event: 444,344 Thread 0x00007f9fc873d800 flushing nmethod 0x00007f9fb9168f10
Event: 444,344 Thread 0x00007f9fc873d800 flushing nmethod 0x00007f9fb9169b10
Event: 444,344 Thread 0x00007f9fc873d800 flushing nmethod 0x00007f9fb916a1d0


Dynamic libraries:
00400000-00401000 r-xp 00000000 08:05 5249936                            /usr/lib/jvm/java-8-oracle/bin/java
00600000-00601000 rw-p 00000000 08:05 5249936                            /usr/lib/jvm/java-8-oracle/bin/java
010e4000-01105000 rw-p 00000000 00:00 0                                  [heap]
d0000000-100ac6000 rw-p 00000000 00:00 0 
100ac6000-140000000 ---p 00000000 00:00 0 
7f9f30000000-7f9f30042000 rw-p 00000000 00:00 0 
7f9f30042000-7f9f34000000 ---p 00000000 00:00 0 
7f9f38000000-7f9f38309000 rw-p 00000000 00:00 0 
7f9f38309000-7f9f3c000000 ---p 00000000 00:00 0 
7f9f3c000000-7f9f3c150000 rw-p 00000000 00:00 0 
7f9f3c150000-7f9f40000000 ---p 00000000 00:00 0 
7f9f40000000-7f9f402ab000 rw-p 00000000 00:00 0 
7f9f402ab000-7f9f44000000 ---p 00000000 00:00 0 
7f9f44000000-7f9f44025000 rw-p 00000000 00:00 0 
7f9f44025000-7f9f48000000 ---p 00000000 00:00 0 
7f9f48000000-7f9f481df000 rw-p 00000000 00:00 0 
7f9f481df000-7f9f4c000000 ---p 00000000 00:00 0 
7f9f4c000000-7f9f4c021000 rw-p 00000000 00:00 0 
7f9f4c021000-7f9f50000000 ---p 00000000 00:00 0 
7f9f50000000-7f9f50021000 rw-p 00000000 00:00 0 
7f9f50021000-7f9f54000000 ---p 00000000 00:00 0 
7f9f54000000-7f9f54101000 rw-p 00000000 00:00 0 
7f9f54101000-7f9f58000000 ---p 00000000 00:00 0 
7f9f58000000-7f9f58021000 rw-p 00000000 00:00 0 
7f9f58021000-7f9f5c000000 ---p 00000000 00:00 0 
7f9f5c000000-7f9f5c39f000 rw-p 00000000 00:00 0 
7f9f5c39f000-7f9f60000000 ---p 00000000 00:00 0 
7f9f60000000-7f9f60021000 rw-p 00000000 00:00 0 
7f9f60021000-7f9f64000000 ---p 00000000 00:00 0 
7f9f64000000-7f9f64021000 rw-p 00000000 00:00 0 
7f9f64021000-7f9f68000000 ---p 00000000 00:00 0 
7f9f68000000-7f9f6805e000 rw-p 00000000 00:00 0 
7f9f6805e000-7f9f6c000000 ---p 00000000 00:00 0 
7f9f6d4eb000-7f9f6d52b000 rw-p 00000000 00:00 0 
7f9f6d52b000-7f9f6d6eb000 ---p 00000000 00:00 0 
7f9f6d6eb000-7f9f6d8eb000 rw-p 00000000 00:00 0 
7f9f6d8eb000-7f9f6daeb000 rw-p 00000000 00:00 0 
7f9f6daeb000-7f9f6dceb000 rw-p 00000000 00:00 0 
7f9f6dceb000-7f9f6deeb000 rw-p 00000000 00:00 0 
7f9f6deeb000-7f9f6e0eb000 rw-p 00000000 00:00 0 
7f9f6e0eb000-7f9f6e2eb000 rw-p 00000000 00:00 0 
7f9f6e2eb000-7f9f6e4eb000 rw-p 00000000 00:00 0 
7f9f6e4eb000-7f9f6e6eb000 rw-p 00000000 00:00 0 
7f9f6e6eb000-7f9f6e6ee000 ---p 00000000 00:00 0 
7f9f6e6ee000-7f9f6e7ec000 rw-p 00000000 00:00 0                          [stack:11844]
7f9f6e7ec000-7f9f6e7ef000 ---p 00000000 00:00 0 
7f9f6e7ef000-7f9f6e8ed000 rw-p 00000000 00:00 0                          [stack:11843]
7f9f6e8ed000-7f9f6e8f0000 ---p 00000000 00:00 0 
7f9f6e8f0000-7f9f6e9ee000 rw-p 00000000 00:00 0                          [stack:11842]
7f9f6e9ee000-7f9f6e9f1000 ---p 00000000 00:00 0 
7f9f6e9f1000-7f9f6eaef000 rw-p 00000000 00:00 0                          [stack:11841]
7f9f6eaef000-7f9f6eaf2000 ---p 00000000 00:00 0 
7f9f6eaf2000-7f9f6ebf0000 rw-p 00000000 00:00 0                          [stack:11840]
7f9f6ebf0000-7f9f6ebf3000 ---p 00000000 00:00 0 
7f9f6ebf3000-7f9f6ecf1000 rw-p 00000000 00:00 0                          [stack:11839]
7f9f6ecf1000-7f9f6ecf4000 ---p 00000000 00:00 0 
7f9f6ecf4000-7f9f6edf2000 rw-p 00000000 00:00 0                          [stack:11838]
7f9f6edf2000-7f9f6edf5000 ---p 00000000 00:00 0 
7f9f6edf5000-7f9f6eef3000 rw-p 00000000 00:00 0                          [stack:11837]
7f9f6eef3000-7f9f6eef6000 ---p 00000000 00:00 0 
7f9f6eef6000-7f9f6eff4000 rw-p 00000000 00:00 0                          [stack:11836]
7f9f6eff4000-7f9f6eff7000 ---p 00000000 00:00 0 
7f9f6eff7000-7f9f6f0f5000 rw-p 00000000 00:00 0                          [stack:11835]
7f9f6f0f5000-7f9f6f0f8000 ---p 00000000 00:00 0 
7f9f6f0f8000-7f9f6f1f6000 rw-p 00000000 00:00 0                          [stack:11834]
7f9f6f1f6000-7f9f6f1f9000 ---p 00000000 00:00 0 
7f9f6f1f9000-7f9f6f2f7000 rw-p 00000000 00:00 0                          [stack:11833]
7f9f6f2f7000-7f9f6f2fa000 ---p 00000000 00:00 0 
7f9f6f2fa000-7f9f6f3f8000 rw-p 00000000 00:00 0                          [stack:11832]
7f9f6f3f8000-7f9f6f3fb000 ---p 00000000 00:00 0 
7f9f6f3fb000-7f9f6f4f9000 rw-p 00000000 00:00 0                          [stack:11831]
7f9f6f4f9000-7f9f6f4fc000 ---p 00000000 00:00 0 
7f9f6f4fc000-7f9f6f5fa000 rw-p 00000000 00:00 0                          [stack:11830]
7f9f6f5fa000-7f9f6f5fd000 ---p 00000000 00:00 0 
7f9f6f5fd000-7f9f6f6fb000 rw-p 00000000 00:00 0                          [stack:11829]
7f9f6f6fb000-7f9f6f6fe000 ---p 00000000 00:00 0 
7f9f6f6fe000-7f9f6f7fc000 rw-p 00000000 00:00 0                          [stack:11828]
7f9f6f7fc000-7f9f6f7ff000 ---p 00000000 00:00 0 
7f9f6f7ff000-7f9f6fafd000 rw-p 00000000 00:00 0                          [stack:11827]
7f9f6fafd000-7f9f6fcfd000 rw-p 00000000 00:00 0 
7f9f6fcfd000-7f9f6fd00000 ---p 00000000 00:00 0 
7f9f6fd00000-7f9f6fdfe000 rw-p 00000000 00:00 0                          [stack:11820]
7f9f6fdfe000-7f9f6fe01000 ---p 00000000 00:00 0 
7f9f6fe01000-7f9f6feff000 rw-p 00000000 00:00 0                          [stack:11819]
7f9f6feff000-7f9f6ff02000 ---p 00000000 00:00 0 
7f9f6ff02000-7f9f70000000 rw-p 00000000 00:00 0 
7f9f70000000-7f9f701d9000 rw-p 00000000 00:00 0 
7f9f701d9000-7f9f74000000 ---p 00000000 00:00 0 
7f9f74000000-7f9f74021000 rw-p 00000000 00:00 0 
7f9f74021000-7f9f78000000 ---p 00000000 00:00 0 
7f9f78000000-7f9f78021000 rw-p 00000000 00:00 0 
7f9f78021000-7f9f7c000000 ---p 00000000 00:00 0 
7f9f7c000000-7f9f7c087000 rw-p 00000000 00:00 0 
7f9f7c087000-7f9f80000000 ---p 00000000 00:00 0 
7f9f80000000-7f9f80ddf000 rw-p 00000000 00:00 0 
7f9f80ddf000-7f9f84000000 ---p 00000000 00:00 0 
7f9f84000000-7f9f84021000 rw-p 00000000 00:00 0 
7f9f84021000-7f9f88000000 ---p 00000000 00:00 0 
7f9f88000000-7f9f8807e000 rw-p 00000000 00:00 0 
7f9f8807e000-7f9f8c000000 ---p 00000000 00:00 0 
7f9f8c000000-7f9f8c021000 rw-p 00000000 00:00 0 
7f9f8c021000-7f9f90000000 ---p 00000000 00:00 0 
7f9f90000000-7f9f90021000 rw-p 00000000 00:00 0 
7f9f90021000-7f9f94000000 ---p 00000000 00:00 0 
7f9f94000000-7f9f94021000 rw-p 00000000 00:00 0 
7f9f94021000-7f9f98000000 ---p 00000000 00:00 0 
7f9f98000000-7f9f980ca000 rw-p 00000000 00:00 0 
7f9f980ca000-7f9f9c000000 ---p 00000000 00:00 0 
7f9f9c000000-7f9f9c021000 rw-p 00000000 00:00 0 
7f9f9c021000-7f9fa0000000 ---p 00000000 00:00 0 
7f9fa0000000-7f9fa0021000 rw-p 00000000 00:00 0 
7f9fa0021000-7f9fa4000000 ---p 00000000 00:00 0 
7f9fa4000000-7f9fa4021000 rw-p 00000000 00:00 0 
7f9fa4021000-7f9fa8000000 ---p 00000000 00:00 0 
7f9fa8000000-7f9fa8037000 rw-p 00000000 00:00 0 
7f9fa8037000-7f9fac000000 ---p 00000000 00:00 0 
7f9fac0b9000-7f9fac2ba000 rw-p 00000000 00:00 0 
7f9fac2ba000-7f9fac2bf000 r--s 002f9000 08:05 5116331                    /usr/lib/jvm/java-8-oracle/jre/lib/charsets.jar
7f9fac2bf000-7f9fac4bf000 rw-p 00000000 00:00 0 
7f9fac4bf000-7f9fac6bf000 rw-p 00000000 00:00 0 
7f9fac6bf000-7f9fac8bf000 rw-p 00000000 00:00 0 
7f9fac8bf000-7f9facabf000 rw-p 00000000 00:00 0 
7f9facabf000-7f9facac4000 r--s 0009d000 08:05 5116334                    /usr/lib/jvm/java-8-oracle/jre/lib/jsse.jar
7f9facac4000-7f9faccc4000 rw-p 00000000 00:00 0 
7f9faccc4000-7f9facec4000 rw-p 00000000 00:00 0 
7f9facec4000-7f9fad0c4000 rw-p 00000000 00:00 0 
7f9fad0c4000-7f9fad2c4000 rw-p 00000000 00:00 0 
7f9fad2c4000-7f9fad4c4000 rw-p 00000000 00:00 0 
7f9fad4c4000-7f9fad6c4000 rw-p 00000000 00:00 0 
7f9fad6c4000-7f9fad8c4000 rw-p 00000000 00:00 0 
7f9fad8c4000-7f9fad8d5000 r-xp 00000000 08:05 5116183                    /usr/lib/jvm/java-8-oracle/jre/lib/amd64/libnio.so
7f9fad8d5000-7f9fadad4000 ---p 00011000 08:05 5116183                    /usr/lib/jvm/java-8-oracle/jre/lib/amd64/libnio.so
7f9fadad4000-7f9fadad5000 rw-p 00010000 08:05 5116183                    /usr/lib/jvm/java-8-oracle/jre/lib/amd64/libnio.so
7f9fadad5000-7f9fadcd5000 rw-p 00000000 00:00 0 
7f9fadcd5000-7f9faded5000 rw-p 00000000 00:00 0 
7f9faded5000-7f9fae0d5000 rw-p 00000000 00:00 0 
7f9fae0d5000-7f9fae0d8000 ---p 00000000 00:00 0 
7f9fae0d8000-7f9fae3d6000 rw-p 00000000 00:00 0 
7f9fae3d6000-7f9fae3d9000 ---p 00000000 00:00 0 
7f9fae3d9000-7f9fae4d7000 rw-p 00000000 00:00 0                          [stack:11812]
7f9fae4d7000-7f9fae4e0000 r-xp 00000000 08:05 5116227                    /usr/lib/jvm/java-8-oracle/jre/lib/amd64/libmanagement.so
7f9fae4e0000-7f9fae6df000 ---p 00009000 08:05 5116227                    /usr/lib/jvm/java-8-oracle/jre/lib/amd64/libmanagement.so
7f9fae6df000-7f9fae6e0000 rw-p 00008000 08:05 5116227                    /usr/lib/jvm/java-8-oracle/jre/lib/amd64/libmanagement.so
7f9fae6e0000-7f9fae8e0000 rw-p 00000000 00:00 0 
7f9fae8e0000-7f9fae8ea000 r--s 00116000 08:05 5116284                    /usr/lib/jvm/java-8-oracle/jre/lib/ext/localedata.jar
7f9fae8ea000-7f9faeaea000 rw-p 00000000 00:00 0 
7f9faeaea000-7f9faecea000 rw-p 00000000 00:00 0 
7f9faecea000-7f9faeeea000 rw-p 00000000 00:00 0 
7f9faeeea000-7f9faef00000 r-xp 00000000 08:05 5116175                    /usr/lib/jvm/java-8-oracle/jre/lib/amd64/libnet.so
7f9faef00000-7f9faf100000 ---p 00016000 08:05 5116175                    /usr/lib/jvm/java-8-oracle/jre/lib/amd64/libnet.so
7f9faf100000-7f9faf101000 rw-p 00016000 08:05 5116175                    /usr/lib/jvm/java-8-oracle/jre/lib/amd64/libnet.so
7f9faf101000-7f9faf108000 r--s 00000000 08:05 5243649                    /usr/lib/x86_64-linux-gnu/gconv/gconv-modules.cache
7f9faf108000-7f9faf12e000 r--p 00000000 08:05 5906313                    /usr/share/locale-langpack/es/LC_MESSAGES/libc.mo
7f9faf12e000-7f9faf131000 ---p 00000000 00:00 0 
7f9faf131000-7f9faf22f000 rw-p 00000000 00:00 0                          [stack:11788]
7f9faf22f000-7f9faf242000 r--s 00345000 08:05 5116294                    /usr/lib/jvm/java-8-oracle/jre/lib/resources.jar
7f9faf242000-7f9faf243000 ---p 00000000 00:00 0 
7f9faf243000-7f9faf343000 rw-p 00000000 00:00 0                          [stack:11787]
7f9faf343000-7f9faf346000 ---p 00000000 00:00 0 
7f9faf346000-7f9faf444000 rw-p 00000000 00:00 0                          [stack:11786]
7f9faf444000-7f9faf447000 ---p 00000000 00:00 0 
7f9faf447000-7f9faf545000 rw-p 00000000 00:00 0                          [stack:11785]
7f9faf545000-7f9faf548000 ---p 00000000 00:00 0 
7f9faf548000-7f9faf646000 rw-p 00000000 00:00 0                          [stack:11784]
7f9faf646000-7f9faf649000 ---p 00000000 00:00 0 
7f9faf649000-7f9faf747000 rw-p 00000000 00:00 0                          [stack:11783]
7f9faf747000-7f9faf74e000 r--s 00063000 08:05 787937                     /home/lucas/.gradle/caches/modules-2/files-2.1/org.springframework/springloaded/1.2.7.RELEASE/36be57f1a306cec1185b0276960fbe95dee08bf/springloaded-1.2.7.RELEASE.jar
7f9faf74e000-7f9faf787000 r--s 00382000 08:05 787861                     /home/lucas/.gradle/caches/modules-2/files-2.1/com.google.javascript/closure-compiler-unshaded/v20160713/7df7b683e16c93f65361a15356283599ba012c78/closure-compiler-unshaded-v20160713.jar
7f9faf787000-7f9faf794000 r--s 00109000 08:05 787860                     /home/lucas/.gradle/caches/modules-2/files-2.1/org.mozilla/rhino/1.7R4/e982f2136574b9a423186fbaeaaa98dc3e5a5288/rhino-1.7R4.jar
7f9faf794000-7f9faf7a1000 r--s 00083000 08:05 787934                     /home/lucas/.gradle/caches/modules-2/files-2.1/commons-collections/commons-collections/3.2.2/8ad72fe39fa8c91eaaf12aadb21e0c3661fe26d5/commons-collections-3.2.2.jar
7f9faf7a1000-7f9faf7a8000 r--s 0003f000 08:05 788117                     /home/lucas/.gradle/caches/modules-2/files-2.1/commons-codec/commons-codec/1.10/4b95f4897fa13f2cd904aee711aeafc0c5295cd8/commons-codec-1.10.jar
7f9faf7a8000-7f9faf7ac000 r--s 0000c000 08:05 787899                     /home/lucas/.gradle/caches/modules-2/files-2.1/javax.validation/validation-api/1.1.0.Final/8613ae82954779d518631e05daa73a6a954817d5/validation-api-1.1.0.Final.jar
7f9faf7ac000-7f9faf7af000 r--s 00029000 08:05 787918                     /home/lucas/.gradle/caches/modules-2/files-2.1/commons-validator/commons-validator/1.5.1/86d05a46e8f064b300657f751b5a98c62807e2a0/commons-validator-1.5.1.jar
7f9faf7af000-7f9faf7b5000 r--s 00027000 08:05 788116                     /home/lucas/.gradle/caches/modules-2/files-2.1/opensymphony/sitemesh/2.4/fa84c82cce30a9a632c08dd2277d63993d972cf5/sitemesh-2.4.jar
7f9faf7b5000-7f9faf7b7000 r--s 00007000 08:05 788115                     /home/lucas/.gradle/caches/modules-2/files-2.1/org.grails/grails-web-taglib/3.3.0/7605089e33d591b25afdbb342c4babe332cda23f/grails-web-taglib-3.3.0.jar
7f9faf7b7000-7f9faf7ba000 r--s 00015000 08:05 788114                     /home/lucas/.gradle/caches/modules-2/files-2.1/org.grails/grails-taglib/3.3.0/38a8e5db6edc038642399f0b01268647f50e8acf/grails-taglib-3.3.0.jar
7f9faf7ba000-7f9faf7bd000 r--s 0001d000 08:05 787831                     /home/lucas/.gradle/caches/modules-2/files-2.1/org.codehaus.groovy/groovy-json/2.4.11/98b01ddd7811e27b8bb7900e3ea029d86f243e10/groovy-json-2.4.11.jar
7f9faf7bd000-7f9faf7c0000 r--s 00042000 08:05 788113                     /home/lucas/.gradle/caches/modules-2/files-2.1/com.fasterxml.jackson.core/jackson-core/2.8.8/d478fb6de45a7c3d2cad07c8ad70c7f0a797a020/jackson-core-2.8.8.jar
7f9faf7c0000-7f9faf7c3000 r--s 0000b000 08:05 788112                     /home/lucas/.gradle/caches/modules-2/files-2.1/com.fasterxml.jackson.core/jackson-annotations/2.8.0/45b426f7796b741035581a176744d91090e2e6fb/jackson-annotations-2.8.0.jar
7f9faf7c3000-7f9faf7c4000 r--s 00005000 08:05 788111                     /home/lucas/.gradle/caches/modules-2/files-2.1/org.grails/grails-codecs/3.3.0/f6eda2890fd857e81db689b9cc3ea1a1e0f664fd/grails-codecs-3.3.0.jar
7f9faf7c4000-7f9faf7cd000 r--s 0002d000 08:05 788110                     /home/lucas/.gradle/caches/modules-2/files-2.1/xml-apis/xml-apis/1.4.01/3789d9fada2d3d458c4ba2de349d48780f381ee3/xml-apis-1.4.01.jar
7f9faf7cd000-7f9faf7cf000 r--s 00008000 08:05 787859                     /home/lucas/.gradle/caches/modules-2/files-2.1/javax.el/javax.el-api/2.2.4/1287562cc3f0ff5439ded6f2949e73ce1c0edaab/javax.el-api-2.2.4.jar
7f9faf7cf000-7f9faf7e0000 r--s 000a1000 08:05 788109                     /home/lucas/.gradle/caches/modules-2/files-2.1/org.hibernate/hibernate-validator/5.3.5.Final/622a9bcef2eed6d41b5b8e0662c36212009e375/hibernate-validator-5.3.5.Final.jar
7f9faf7e0000-7f9faf7e7000 r--s 00060000 08:05 787857                     /home/lucas/.gradle/caches/modules-2/files-2.1/org.grails/grails-datastore-gorm-hibernate-core/6.1.6.RELEASE/658edfe541f77d759bd1607cd0c55148e3aed128/grails-datastore-gorm-hibernate-core-6.1.6.RELEASE.jar
7f9faf7e7000-7f9faf7f9000 r--s 000b7000 08:05 787853                     /home/lucas/.gradle/caches/modules-2/files-2.1/org.springframework/spring-web/4.3.9.RELEASE/91dae64c4280093ad5fb4736a10913c9233479c1/spring-web-4.3.9.RELEASE.jar
7f9faf7f9000-7f9faf7fc000 r--s 00013000 08:05 787896                     /home/lucas/.gradle/caches/modules-2/files-2.1/org.grails/grails-datastore-gorm-validation/6.1.6.RELEASE/7d7fbf1a731ba45c1bbbf9eb749a7387032dd0bc/grails-datastore-gorm-validation-6.1.6.RELEASE.jar
7f9faf7fc000-7f9faf7fe000 r--s 00014000 08:05 788108                     /home/lucas/.gradle/caches/modules-2/files-2.1/org.apache.tomcat.embed/tomcat-embed-logging-log4j/8.5.2/53bdd1eebc7393713261d178ac096a742423f940/tomcat-embed-logging-log4j-8.5.2.jar
7f9faf7fe000-7f9faf80f000 r--s 000cf000 08:05 787855                     /home/lucas/.gradle/caches/modules-2/files-2.1/org.grails/grails-datastore-gorm/6.1.6.RELEASE/6da3526650e1b1da7282d89bfdd394c3a787acd9/grails-datastore-gorm-6.1.6.RELEASE.jar
7f9faf80f000-7f9faf811000 r--s 00012000 08:05 788107                     /home/lucas/.gradle/caches/modules-2/files-2.1/org.codehaus.groovy/groovy-sql/2.4.11/7dc8cd811a8a575a45570d4870e59dd101add69b/groovy-sql-2.4.11.jar
7f9faf811000-7f9faf81b000 r--s 0005f000 08:05 787898                     /home/lucas/.gradle/caches/modules-2/files-2.1/org.springframework/spring-jdbc/4.3.9.RELEASE/ef8476b954a4211a21147b3ae15996443a76c6f8/spring-jdbc-4.3.9.RELEASE.jar
7f9faf81b000-7f9faf81c000 r--s 00006000 08:05 788106                     /home/lucas/.gradle/caches/modules-2/files-2.1/org.grails/grails-plugin-domain-class/3.3.0/441b4b426db9089706e2d5ac84c2cd80f4f55c9e/grails-plugin-domain-class-3.3.0.jar
7f9faf81c000-7f9faf81d000 r--s 00004000 08:05 788105                     /home/lucas/.gradle/caches/modules-2/files-2.1/org.grails/grails-plugin-validation/3.3.0/adecffd00c3ff79e27b148dd31078161307e675c/grails-plugin-validation-3.3.0.jar
7f9faf81d000-7f9faf81f000 r--s 00009000 08:05 788104                     /home/lucas/.gradle/caches/modules-2/files-2.1/org.grails/grails-plugin-mimetypes/3.3.0/8de505bb83d990357416a8d3d3ec00c352a9a20/grails-plugin-mimetypes-3.3.0.jar
7f9faf81f000-7f9faf821000 r--s 0000b000 08:05 788103                     /home/lucas/.gradle/caches/modules-2/files-2.1/org.grails/grails-web-sitemesh/3.3.0/93ce68536c5806bcfc2b4a65cf57971f4bd0d2ce/grails-web-sitemesh-3.3.0.jar
7f9faf821000-7f9faf823000 r--s 00011000 08:05 788102                     /home/lucas/.gradle/caches/modules-2/files-2.1/org.grails/grails-web-gsp/3.3.0/e0cd55173b03fca8b1caabde8633a4592d0e5dd3/grails-web-gsp-3.3.0.jar
7f9faf823000-7f9faf824000 r--s 00005000 08:05 788101                     /home/lucas/.gradle/caches/modules-2/files-2.1/org.grails/grails-web-mvc/3.3.0/e80077c3ec7613e108cece41ad24985e990ba226/grails-web-mvc-3.3.0.jar
7f9faf824000-7f9faf827000 r--s 0002a000 08:05 788100                     /home/lucas/.gradle/caches/modules-2/files-2.1/org.grails/grails-web-url-mappings/3.3.0/790afa755a50c62c6d359e67f20791f30a0e2ff0/grails-web-url-mappings-3.3.0.jar
7f9faf827000-7f9faf82a000 r--s 00014000 08:05 788099                     /home/lucas/.gradle/caches/modules-2/files-2.1/org.grails/grails-web-databinding/3.3.0/132151b730e5ca858454f985d02ff3a7f93825dd/grails-web-databinding-3.3.0.jar
7f9faf82a000-7f9faf82f000 r--s 00029000 08:05 788098                     /home/lucas/.gradle/caches/modules-2/files-2.1/org.springframework/spring-context-support/4.3.9.RELEASE/89a700b072aaa699c2c389a86505e03df8d9b634/spring-context-support-4.3.9.RELEASE.jar
7f9faf82f000-7f9faf840000 r--s 000cf000 08:05 788097                     /home/lucas/.gradle/caches/modules-2/files-2.1/org.springframework/spring-webmvc/4.3.9.RELEASE/ca80b4a00abc388d8046bf372099f35564371c47/spring-webmvc-4.3.9.RELEASE.jar
7f9faf840000-7f9faf843000 r--s 00027000 08:05 788096                     /home/lucas/.gradle/caches/modules-2/files-2.1/org.grails/grails-gsp/3.3.0/58e246e986a5d293806b3768d8efb73b1dc71047/grails-gsp-3.3.0.jar
7f9faf843000-7f9faf848000 r--s 00029000 08:05 788095                     /home/lucas/.gradle/caches/modules-2/files-2.1/org.grails/grails-encoder/3.3.0/c7c305636ad08d4e6f846a51e9079a79b1a1eaa0/grails-encoder-3.3.0.jar
7f9faf848000-7f9faf84a000 r--s 0000f000 08:05 788094                     /home/lucas/.gradle/caches/modules-2/files-2.1/org.grails/grails-databinding/3.3.0/29d2edc86dda4126afe6d1802c44f6d5d38136f5/grails-databinding-3.3.0.jar
7f9faf84a000-7f9faf85c000 r--s 0011d000 08:05 788093                     /home/lucas/.gradle/caches/modules-2/files-2.1/com.fasterxml.jackson.core/jackson-databind/2.8.8/bf88c7b27e95cbadce4e7c316a56c3efffda8026/jackson-databind-2.8.8.jar
7f9faf85c000-7f9faf85d000 r--s 00003000 08:05 787895                     /home/lucas/.gradle/caches/modules-2/files-2.1/javax.transaction/jta/1.1/2ca09f0b36ca7d71b762e14ea2ff09d5eac57558/jta-1.1.jar
7f9faf85d000-7f9faf863000 r--s 0003d000 08:05 788092                     /home/lucas/.gradle/caches/modules-2/files-2.1/org.yaml/snakeyaml/1.17/7a27ea250c5130b2922b86dea63cbb1cc10a660c/snakeyaml-1.17.jar
7f9faf863000-7f9faf865000 r--s 00016000 08:05 787839                     /home/lucas/.gradle/caches/modules-2/files-2.1/org.codehaus.groovy/groovy-templates/2.4.11/2c091b3dd45a99376e696e8f2d04cfcfb4da6a96/groovy-templates-2.4.11.jar
7f9faf865000-7f9faf869000 r--s 00031000 08:05 787838                     /home/lucas/.gradle/caches/modules-2/files-2.1/org.codehaus.groovy/groovy-xml/2.4.11/5841f1ac5141c7a930ec0c28b14dacdfbc5640e6/groovy-xml-2.4.11.jar
7f9faf869000-7f9faf86e000 r--s 0003c000 08:05 788091                     /home/lucas/.gradle/caches/modules-2/files-2.1/org.springframework/spring-expression/4.3.9.RELEASE/4edca6913da9e62a6586714e053e01a61952a153/spring-expression-4.3.9.RELEASE.jar
7f9faf86e000-7f9faf877000 r--s 00054000 08:05 788090                     /home/lucas/.gradle/caches/modules-2/files-2.1/org.springframework/spring-aop/4.3.9.RELEASE/95f5f5cf3cae64266a89dc1bc9e0484425cd8358/spring-aop-4.3.9.RELEASE.jar
7f9faf877000-7f9faf879000 r--s 0000e000 08:05 787925                     /home/lucas/.gradle/caches/modules-2/files-2.1/commons-logging/commons-logging/1.2/4bfc12adfe4842bf07b657f0369c4cb522955686/commons-logging-1.2.jar
7f9faf879000-7f9faf884000 r--s 0006a000 08:05 788089                     /home/lucas/.gradle/caches/modules-2/files-2.1/ch.qos.logback/logback-core/1.1.11/88b8df40340eed549fb07e2613879bf6b006704d/logback-core-1.1.11.jar
7f9faf884000-7f9faf888000 r--s 00049000 08:05 787828                     /home/lucas/.gradle/caches/modules-2/files-2.1/com.bertramlabs.plugins/asset-pipeline-core/2.14.2/91e427fa721bb38ff18b8b1752b1081f8e90fc76/asset-pipeline-core-2.14.2.jar
7f9faf888000-7f9faf88a000 r--s 00009000 08:05 788088                     /home/lucas/.gradle/caches/modules-2/files-2.1/org.apache.tomcat/tomcat-juli/8.5.15/b21c47750b0d0356acbbbf0c30cb36cb2268dc8d/tomcat-juli-8.5.15.jar
7f9faf88a000-7f9faf88c000 r--s 00007000 08:05 788087                     /home/lucas/.gradle/caches/modules-2/files-2.1/javax.el/el-api/2.1.2-b03/1ac087d9d1a632d2ff82fa1e8b6610aca025ff2a/el-api-2.1.2-b03.jar
7f9faf88c000-7f9faf88d000 r--s 00004000 08:05 788086                     /home/lucas/.gradle/caches/modules-2/files-2.1/org.grails/grails-plugin-codecs/3.3.0/d34f5e87c7d01e3a99fafc0a50e0e80d73335759/grails-plugin-codecs-3.3.0.jar
7f9faf88d000-7f9faf892000 r--s 00041000 08:05 788085                     /home/lucas/.gradle/caches/modules-2/files-2.1/commons-lang/commons-lang/2.6/ce1edb914c94ebc388f086c6827e8bdeec71ac2/commons-lang-2.6.jar
7f9faf892000-7f9faf894000 r--s 0000b000 08:05 788084                     /home/lucas/.gradle/caches/modules-2/files-2.1/org.grails/grails-web-gsp-taglib/3.3.0/72e3b9636f0a777bebfeb117e3b2f95defd44959/grails-web-gsp-taglib-3.3.0.jar
7f9faf894000-7f9faf896000 r--s 0001f000 08:05 788083                     /home/lucas/.gradle/caches/modules-2/files-2.1/org.grails/grails-web-jsp/3.3.0/83df1e17ef4301c34db377e817bdb6a842e82b8e/grails-web-jsp-3.3.0.jar
7f9faf896000-7f9faf899000 r--s 00010000 08:05 787851                     /home/lucas/.gradle/caches/modules-2/files-2.1/org.hibernate.common/hibernate-commons-annotations/5.0.1.Final/71e1cff3fcb20d3b3af4f3363c3ddb24d33c6879/hibernate-commons-annotations-5.0.1.Final.jar
7f9faf899000-7f9faf89e000 r--s 00048000 08:05 787850                     /home/lucas/.gradle/caches/modules-2/files-2.1/dom4j/dom4j/1.6.1/5d3ccc056b6f056dbf0dddfdf43894b9065a8f94/dom4j-1.6.1.jar
7f9faf89e000-7f9faf8a0000 r--s 0000e000 08:05 788082                     /home/lucas/.gradle/caches/modules-2/files-2.1/com.fasterxml/classmate/1.3.3/864c8e370a691e343210cc7c532fc198cee460d8/classmate-1.3.3.jar
7f9faf8a0000-7f9faf8a3000 r--s 0002b000 08:05 787848                     /home/lucas/.gradle/caches/modules-2/files-2.1/org.jboss/jandex/2.0.3.Final/bfc4d6257dbff7a33a357f0de116be6ff951d849/jandex-2.0.3.Final.jar
7f9faf8a3000-7f9faf8a4000 r--s 00003000 08:05 787847                     /home/lucas/.gradle/caches/modules-2/files-2.1/org.apache.geronimo.specs/geronimo-jta_1.1_spec/1.1.1/aabab3165b8ea936b9360abbf448459c0d04a5a4/geronimo-jta_1.1_spec-1.1.1.jar
7f9faf8a4000-7f9faf8a9000 r--s 00068000 08:05 787846                     /home/lucas/.gradle/caches/modules-2/files-2.1/antlr/antlr/2.7.7/83cd2cd674a217ade95a4bb83a8a14f351f48bd0/antlr-2.7.7.jar
7f9faf8a9000-7f9faf8ac000 r--s 0000e000 08:05 788081                     /home/lucas/.gradle/caches/modules-2/files-2.1/org.jboss.logging/jboss-logging/3.3.1.Final/c46217ab74b532568c0ed31dc599db3048bd1b67/jboss-logging-3.3.1.Final.jar
7f9faf8ac000-7f9faf8b6000 r--s 0006b000 08:05 787923                     /home/lucas/.gradle/caches/modules-2/files-2.1/org.springframework/spring-orm/4.3.9.RELEASE/ea9de867a7b686744f0e0bc1ecfcc9d3844e4cd7/spring-orm-4.3.9.RELEASE.jar
7f9faf8b6000-7f9faf8ba000 r--s 00039000 08:05 787827                     /home/lucas/.gradle/caches/modules-2/files-2.1/org.grails/grails-datastore-gorm-hibernate5/6.1.6.RELEASE/1ee42c7ede3f81020dbbfe9b692fc4f249d60897/grails-datastore-gorm-hibernate5-6.1.6.RELEASE.jar
7f9faf8ba000-7f9faf8bd000 r--s 00012000 08:05 787826                     /home/lucas/.gradle/caches/modules-2/files-2.1/org.grails/grails-datastore-gorm-support/6.1.6.RELEASE/f365df7d32d534cf1f1994302b38705ec787056b/grails-datastore-gorm-support-6.1.6.RELEASE.jar
7f9faf8bd000-7f9faf8bf000 r--s 00001000 08:05 787825                     /home/lucas/.gradle/caches/modules-2/files-2.1/org.grails/grails-datastore-web/6.1.6.RELEASE/f09bd65e28503797e4ea31534d2f57ed4e0fc6ff/grails-datastore-web-6.1.6.RELEASE.jar
7f9faf8bf000-7f9faf8c1000 r--s 00003000 08:05 788080                     /home/lucas/.gradle/caches/modules-2/files-2.1/org.grails/grails-events-compat/3.3.0/206a3c79a79b799ab72b5cc9da8797c9a5c932b9/grails-events-compat-3.3.0.jar
7f9faf8c1000-7f9faf8c3000 r--s 00006000 08:05 788079                     /home/lucas/.gradle/caches/modules-2/files-2.1/org.grails/grails-events-transform/3.3.0/8627740511bb37d2ac100ef22813b89fa664ebe5/grails-events-transform-3.3.0.jar
7f9faf8c3000-7f9faf8c5000 r--s 0000b000 08:05 788078                     /home/lucas/.gradle/caches/modules-2/files-2.1/org.grails/grails-events/3.3.0/1631acc33606179319ca44d57af8bc2c2db91b9/grails-events-3.3.0.jar
7f9faf8c5000-7f9faf8c7000 r--s 0001e000 08:05 788077                     /home/lucas/.gradle/caches/modules-2/files-2.1/org.grails.plugins/fields/2.1.5/74ccc593e1088b224449b0a31f6132211ac8ee47/fields-2.1.5.jar
7f9faf8c7000-7f9faf8ca000 r--s 0000e000 08:05 788076                     /home/lucas/.gradle/caches/modules-2/files-2.1/org.grails/grails-async/3.3.0/f50982b9d3aa7ea37336ca69a3a027bf8b87b29b/grails-async-3.3.0.jar
7f9faf8ca000-7f9faf8d4000 r--s 000aa000 08:05 787924                     /home/lucas/.gradle/caches/modules-2/files-2.1/org.javassist/javassist/3.21.0-GA/598244f595db5c5fb713731eddbb1c91a58d959b/javassist-3.21.0-GA.jar
7f9faf8d4000-7f9faf8d7000 r--s 00016000 08:05 788075                     /home/lucas/.gradle/caches/modules-2/files-2.1/org.grails/grails-validation/3.3.0/6b4f40ddf6245fe52649320432fd34cd48c57883/grails-validation-3.3.0.jar
7f9faf8d7000-7f9faf8db000 r--s 0001e000 08:05 788074                     /home/lucas/.gradle/caches/modules-2/files-2.1/org.grails.plugins/converters/3.3.0/531bcff1aa1f98d7ae50a8fadd690c7dd2888a93/converters-3.3.0.jar
7f9faf8db000-7f9faf8dd000 r--s 00005000 08:05 788073                     /home/lucas/.gradle/caches/modules-2/files-2.1/org.grails/grails-plugin-datasource/3.3.0/e96112616bc65dd920f2cfc725de10cb716e5483/grails-plugin-datasource-3.3.0.jar
7f9faf8dd000-7f9faf8e0000 r--s 00019000 08:05 788072                     /home/lucas/.gradle/caches/modules-2/files-2.1/org.grails/grails-plugin-controllers/3.3.0/458466035737211e5ae09b9b62bed61d7220249a/grails-plugin-controllers-3.3.0.jar
7f9faf8e0000-7f9faf8e4000 r--s 00028000 08:05 788070                     /home/lucas/.gradle/caches/modules-2/files-2.1/org.grails/grails-web-common/3.3.0/9796c1880f90819a3d967c7b60ccd503d850f6f2/grails-web-common-3.3.0.jar
7f9faf8e4000-7f9faf90e000 r--s 002c0000 08:05 788067                     /home/lucas/.gradle/caches/modules-2/files-2.1/org.apache.tomcat.embed/tomcat-embed-core/8.5.15/f197a93ae66212767b004fd93d7a1a8ea62bc3fa/tomcat-embed-core-8.5.15.jar
7f9faf90e000-7f9faf91e000 r--s 00078000 08:05 788066                     /home/lucas/.gradle/caches/modules-2/files-2.1/org.springframework.boot/spring-boot-actuator/1.5.4.RELEASE/6fed8833ba044e22a2924f8fe70db4f126be7489/spring-boot-actuator-1.5.4.RELEASE.jar
7f9faf91e000-7f9fb0000000 r--p 00000000 08:05 4856772                    /usr/lib/locale/locale-archive
7f9fb0000000-7f9fb0032000 rw-p 00000000 00:00 0 
7f9fb0032000-7f9fb4000000 ---p 00000000 00:00 0 
7f9fb4000000-7f9fb4001000 r--s 00005000 08:05 788071                     /home/lucas/.gradle/caches/modules-2/files-2.1/org.grails/grails-web/3.3.0/b2b3e4cd775169863734da3f79acf2a079d6d9f4/grails-web-3.3.0.jar
7f9fb4001000-7f9fb4007000 r--s 00036000 08:05 788069                     /home/lucas/.gradle/caches/modules-2/files-2.1/org.apache.tomcat.embed/tomcat-embed-websocket/8.5.15/a92b066b0ea9ee1cb05b7d5e4bfed4ad8898f741/tomcat-embed-websocket-8.5.15.jar
7f9fb4007000-7f9fb400c000 r--s 00036000 08:05 788068                     /home/lucas/.gradle/caches/modules-2/files-2.1/org.apache.tomcat.embed/tomcat-embed-el/8.5.15/e4000e5386056eeebb43bf71e7d30c58d2473166/tomcat-embed-el-8.5.15.jar
7f9fb400c000-7f9fb400d000 r--s 00000000 08:05 788065                     /home/lucas/.gradle/caches/modules-2/files-2.1/org.springframework.boot/spring-boot-starter/1.5.4.RELEASE/74d5aa641503ddd12833c82cc19b295f9f40e8fa/spring-boot-starter-1.5.4.RELEASE.jar
7f9fb400d000-7f9fb4011000 r--s 00040000 08:05 788064                     /home/lucas/.gradle/caches/modules-2/files-2.1/xalan/serializer/2.7.2/24247f3bb052ee068971393bdb83e04512bb1c3c/serializer-2.7.2.jar
7f9fb4011000-7f9fb401e000 r--s 00081000 08:05 787852                     /home/lucas/.gradle/caches/modules-2/files-2.1/org.grails/grails-datastore-core/6.1.6.RELEASE/ec5403831ce08708a4525755e86bcb944476e70d/grails-datastore-core-6.1.6.RELEASE.jar
7f9fb401e000-7f9fb401f000 r--s 00009000 08:05 788063                     /home/lucas/.gradle/caches/modules-2/files-2.1/org.grails/grails-spring/3.3.0/2ec60d186ee0a9bf42cb514c392282771a419b8d/grails-spring-3.3.0.jar
7f9fb401f000-7f9fb4024000 r--s 00038000 08:05 787820                     /home/lucas/.gradle/caches/modules-2/files-2.1/org.grails/grails-bootstrap/3.3.0/bee9828a4d0e6cd3a3d404512614ed1ee3b7d36b/grails-bootstrap-3.3.0.jar
7f9fb4024000-7f9fb403d000 r--s 000fe000 08:05 787854                     /home/lucas/.gradle/caches/modules-2/files-2.1/org.springframework/spring-context/4.3.9.RELEASE/a186823724f03b98becd5f93b1fa107fe6f7a7ff/spring-context-4.3.9.RELEASE.jar
7f9fb403d000-7f9fb404b000 r--s 000ad000 08:05 787893                     /home/lucas/.gradle/caches/modules-2/files-2.1/org.springframework/spring-beans/4.3.9.RELEASE/daa5abf3779c8cad1a2910e1ea08e4272489d8ae/spring-beans-4.3.9.RELEASE.jar
7f9fb404b000-7f9fb4053000 r--s 0003a000 08:05 787894                     /home/lucas/.gradle/caches/modules-2/files-2.1/org.springframework/spring-tx/4.3.9.RELEASE/7a7b1775e1e604841f8b619e110e43d9929c37ab/spring-tx-4.3.9.RELEASE.jar
7f9fb4053000-7f9fb4069000 r--s 000fc000 08:05 787868                     /home/lucas/.gradle/caches/modules-2/files-2.1/org.springframework/spring-core/4.3.9.RELEASE/430b7298bfb85d66fb61e19ca8f06231b911e9f5/spring-core-4.3.9.RELEASE.jar
7f9fb4069000-7f9fb406d000 r--s 00019000 08:05 787892                     /home/lucas/.gradle/caches/modules-2/files-2.1/com.googlecode.concurrentlinkedhashmap/concurrentlinkedhashmap-lru/1.4.2/2eaf3d3c9746d526ff7e5b93931d482c3887e6ac/concurrentlinkedhashmap-lru-1.4.2.jar
7f9fb406d000-7f9fb4072000 r--s 00017000 08:05 787845                     /home/lucas/.gradle/caches/modules-2/files-2.1/org.hibernate.javax.persistence/hibernate-jpa-2.1-api/1.0.0.Final/5e731d961297e5a07290bfaf3db1fbc8bbbf405a/hibernate-jpa-2.1-api-1.0.0.Final.jar
7f9fb4072000-7f9fb4074000 r--s 00009000 08:05 788062                     /home/lucas/.gradle/caches/modules-2/files-2.1/org.slf4j/slf4j-api/1.7.25/da76ca59f6a57ee3102f8f9bd9cee742973efa8a/slf4j-api-1.7.25.jar
7f9fb4074000-7f9fb40c1000 r--s 0040d000 08:05 787815                     /home/lucas/.gradle/caches/modules-2/files-2.1/org.codehaus.groovy/groovy/2.4.11/52a60df8b4cbfe39469171a42ca77a3e4eb4e737/groovy-2.4.11.jar
7f9fb40c1000-7f9fb40d1000 r--s 00095000 08:05 788061                     /home/lucas/.gradle/caches/modules-2/files-2.1/org.springframework.boot/spring-boot/1.5.4.RELEASE/cf51bb0751c1362a417eb59824d27d2907780d2/spring-boot-1.5.4.RELEASE.jar
7f9fb40d1000-7f9fb40d3000 r--s 00004000 08:05 788060                     /home/lucas/.gradle/caches/modules-2/files-2.1/org.slf4j/log4j-over-slf4j/1.7.25/a87bb47468f47ee7aabbd54f93e133d4215769c3/log4j-over-slf4j-1.7.25.jar
7f9fb40d3000-7f9fb40d5000 r--s 00000000 08:05 788059                     /home/lucas/.gradle/caches/modules-2/files-2.1/org.slf4j/jul-to-slf4j/1.7.25/af5364cd6679bfffb114f0dec8a157aaa283b76/jul-to-slf4j-1.7.25.jar
7f9fb40d5000-7f9fb40dc000 r--s 00045000 08:05 788057                     /home/lucas/.gradle/caches/modules-2/files-2.1/ch.qos.logback/logback-classic/1.1.11/ccedfbacef4a6515d2983e3f89ed753d5d4fb665/logback-classic-1.1.11.jar
7f9fb40dc000-7f9fb40df000 r--s 0001d000 08:05 788056                     /home/lucas/.gradle/caches/modules-2/files-2.1/com.bertramlabs.plugins/asset-pipeline-grails/2.14.2/78d9651f5fc3dee1fce57cd5b01a18f9e53486b0/asset-pipeline-grails-2.14.2.jar
7f9fb40df000-7f9fb40e2000 r--s 00021000 08:05 788055                     /home/lucas/.gradle/caches/modules-2/files-2.1/org.apache.tomcat/tomcat-jdbc/8.5.15/1f802a58c21283fcdff1572a390bf98ae7231ea3/tomcat-jdbc-8.5.15.jar
7f9fb40e2000-7f9fb40f1000 r--s 001ae000 08:05 788054                     /home/lucas/.gradle/caches/modules-2/files-2.1/com.h2database/h2/1.4.195/b25cc38f12b977694b8c85848e5bbecb2d88fd96/h2-1.4.195.jar
7f9fb40f1000-7f9fb415d000 r--s 0050a000 08:05 787824                     /home/lucas/.gradle/caches/modules-2/files-2.1/org.hibernate/hibernate-core/5.1.5.Final/28366d161d448e82370e5bbd871eb2835ba0fb7b/hibernate-core-5.1.5.Final.jar
7f9fb415d000-7f9fb41f3000 r--s 0110a000 08:05 5116286                    /usr/lib/jvm/java-8-oracle/jre/lib/ext/jfxrt.jar
7f9fb41f3000-7f9fb41f6000 ---p 00000000 00:00 0 
7f9fb41f6000-7f9fb42f4000 rw-p 00000000 00:00 0                          [stack:11782]
7f9fb42f4000-7f9fb42f7000 ---p 00000000 00:00 0 
7f9fb42f7000-7f9fb43f5000 rw-p 00000000 00:00 0                          [stack:11780]
7f9fb43f5000-7f9fb43f8000 ---p 00000000 00:00 0 
7f9fb43f8000-7f9fb44f6000 rw-p 00000000 00:00 0                          [stack:11779]
7f9fb44f6000-7f9fb44f7000 ---p 00000000 00:00 0 
7f9fb44f7000-7f9fb5555000 rw-p 00000000 00:00 0                          [stack:11778]
7f9fb5555000-7f9fb572e000 r--s 03d64000 08:05 5116291                    /usr/lib/jvm/java-8-oracle/jre/lib/rt.jar
7f9fb572e000-7f9fb78ae000 rw-p 00000000 00:00 0 
7f9fb78ae000-7f9fb78af000 ---p 00000000 00:00 0 
7f9fb78af000-7f9fb79af000 rw-p 00000000 00:00 0                          [stack:11777]
7f9fb79af000-7f9fb79b0000 ---p 00000000 00:00 0 
7f9fb79b0000-7f9fb7ab0000 rw-p 00000000 00:00 0                          [stack:11776]
7f9fb7ab0000-7f9fb7ab1000 ---p 00000000 00:00 0 
7f9fb7ab1000-7f9fb7bb1000 rw-p 00000000 00:00 0                          [stack:11775]
7f9fb7bb1000-7f9fb7bb2000 ---p 00000000 00:00 0 
7f9fb7bb2000-7f9fb7e04000 rw-p 00000000 00:00 0                          [stack:11774]
7f9fb7e04000-7f9fb8172000 ---p 00000000 00:00 0 
7f9fb8172000-7f9fb95f2000 rwxp 00000000 00:00 0 
7f9fb95f2000-7f9fc7172000 ---p 00000000 00:00 0 
7f9fc7172000-7f9fc718d000 r-xp 00000000 08:05 5116182                    /usr/lib/jvm/java-8-oracle/jre/lib/amd64/libzip.so
7f9fc718d000-7f9fc738d000 ---p 0001b000 08:05 5116182                    /usr/lib/jvm/java-8-oracle/jre/lib/amd64/libzip.so
7f9fc738d000-7f9fc738e000 rw-p 0001b000 08:05 5116182                    /usr/lib/jvm/java-8-oracle/jre/lib/amd64/libzip.so
7f9fc738e000-7f9fc7399000 r-xp 00000000 08:05 1183729                    /lib/x86_64-linux-gnu/libnss_files-2.19.so
7f9fc7399000-7f9fc7598000 ---p 0000b000 08:05 1183729                    /lib/x86_64-linux-gnu/libnss_files-2.19.so
7f9fc7598000-7f9fc7599000 r--p 0000a000 08:05 1183729                    /lib/x86_64-linux-gnu/libnss_files-2.19.so
7f9fc7599000-7f9fc759a000 rw-p 0000b000 08:05 1183729                    /lib/x86_64-linux-gnu/libnss_files-2.19.so
7f9fc759a000-7f9fc75a5000 r-xp 00000000 08:05 1183739                    /lib/x86_64-linux-gnu/libnss_nis-2.19.so
7f9fc75a5000-7f9fc77a4000 ---p 0000b000 08:05 1183739                    /lib/x86_64-linux-gnu/libnss_nis-2.19.so
7f9fc77a4000-7f9fc77a5000 r--p 0000a000 08:05 1183739                    /lib/x86_64-linux-gnu/libnss_nis-2.19.so
7f9fc77a5000-7f9fc77a6000 rw-p 0000b000 08:05 1183739                    /lib/x86_64-linux-gnu/libnss_nis-2.19.so
7f9fc77a6000-7f9fc77bd000 r-xp 00000000 08:05 1183723                    /lib/x86_64-linux-gnu/libnsl-2.19.so
7f9fc77bd000-7f9fc79bc000 ---p 00017000 08:05 1183723                    /lib/x86_64-linux-gnu/libnsl-2.19.so
7f9fc79bc000-7f9fc79bd000 r--p 00016000 08:05 1183723                    /lib/x86_64-linux-gnu/libnsl-2.19.so
7f9fc79bd000-7f9fc79be000 rw-p 00017000 08:05 1183723                    /lib/x86_64-linux-gnu/libnsl-2.19.so
7f9fc79be000-7f9fc79c0000 rw-p 00000000 00:00 0 
7f9fc79c0000-7f9fc79c9000 r-xp 00000000 08:05 1183725                    /lib/x86_64-linux-gnu/libnss_compat-2.19.so
7f9fc79c9000-7f9fc7bc8000 ---p 00009000 08:05 1183725                    /lib/x86_64-linux-gnu/libnss_compat-2.19.so
7f9fc7bc8000-7f9fc7bc9000 r--p 00008000 08:05 1183725                    /lib/x86_64-linux-gnu/libnss_compat-2.19.so
7f9fc7bc9000-7f9fc7bca000 rw-p 00009000 08:05 1183725                    /lib/x86_64-linux-gnu/libnss_compat-2.19.so
7f9fc7bca000-7f9fc7bd4000 r-xp 00000000 08:05 5116224                    /usr/lib/jvm/java-8-oracle/jre/lib/amd64/libinstrument.so
7f9fc7bd4000-7f9fc7dd3000 ---p 0000a000 08:05 5116224                    /usr/lib/jvm/java-8-oracle/jre/lib/amd64/libinstrument.so
7f9fc7dd3000-7f9fc7dd4000 rw-p 00009000 08:05 5116224                    /usr/lib/jvm/java-8-oracle/jre/lib/amd64/libinstrument.so
7f9fc7dd4000-7f9fc7dff000 r-xp 00000000 08:05 5116177                    /usr/lib/jvm/java-8-oracle/jre/lib/amd64/libjava.so
7f9fc7dff000-7f9fc7ffe000 ---p 0002b000 08:05 5116177                    /usr/lib/jvm/java-8-oracle/jre/lib/amd64/libjava.so
7f9fc7ffe000-7f9fc8000000 rw-p 0002a000 08:05 5116177                    /usr/lib/jvm/java-8-oracle/jre/lib/amd64/libjava.so
7f9fc8000000-7f9fc991b000 rw-p 00000000 00:00 0 
7f9fc991b000-7f9fcc000000 ---p 00000000 00:00 0 
7f9fcc000000-7f9fcc002000 r--s 00003000 08:05 788058                     /home/lucas/.gradle/caches/modules-2/files-2.1/org.slf4j/jcl-over-slf4j/1.7.25/f8c32b13ff142a513eeb5b6330b1588dcb2c0461/jcl-over-slf4j-1.7.25.jar
7f9fcc002000-7f9fcc005000 r--s 00018000 08:05 788053                     /home/lucas/.gradle/caches/modules-2/files-2.1/org.glassfish.web/el-impl/2.1.2-b03/6bab1211b6e6b191fdbf06067bd05d2f75a62ac0/el-impl-2.1.2-b03.jar
7f9fcc005000-7f9fcc00a000 r--s 0004b000 08:05 788052                     /home/lucas/.gradle/caches/modules-2/files-2.1/org.grails.plugins/gsp/3.3.0/207d8d9c87e33608297fcd9a97c2105043774287/gsp-3.3.0.jar
7f9fcc00a000-7f9fcc00c000 r--s 00006000 08:05 787813                     /home/lucas/.gradle/caches/modules-2/files-2.1/org.grails.plugins/hibernate5/6.1.6/c7f1bb43b5229be989d827eaa9d432f056ed53bf/hibernate5-6.1.6.jar
7f9fcc00c000-7f9fcc00d000 r--s 00001000 08:05 788051                     /home/lucas/.gradle/caches/modules-2/files-2.1/org.grails.plugins/events/3.3.0/3df6529c92e6d5b6932c3341af62b5689cffb46/events-3.3.0.jar
7f9fcc00d000-7f9fcc00e000 r--s 00006000 08:05 788050                     /home/lucas/.gradle/caches/modules-2/files-2.1/org.grails.plugins/scaffolding/3.3.3/84c5d0b6452caa16edf90248c99d1033544eb993/scaffolding-3.3.3.jar
7f9fcc00e000-7f9fcc011000 r--s 0000c000 08:05 788049                     /home/lucas/.gradle/caches/modules-2/files-2.1/org.grails.plugins/async/3.3.0/92d772e45c110e6052114f0aec29c59d8ae0d904/async-3.3.0.jar
7f9fcc011000-7f9fcc013000 r--s 00011000 08:05 788048                     /home/lucas/.gradle/caches/modules-2/files-2.1/org.grails.plugins/cache/4.0.0/72be24e2f8b3e5407048f5cc5186dcd32e8de841/cache-4.0.0.jar
7f9fcc013000-7f9fcc015000 r--s 00004000 08:05 788046                     /home/lucas/.gradle/caches/modules-2/files-2.1/org.grails/grails-plugin-url-mappings/3.3.0/df7a2ef0b11a3c07f2cd1815b1d2c2722d4e75fe/grails-plugin-url-mappings-3.3.0.jar
7f9fcc015000-7f9fcc022000 r--s 000ae000 08:05 788037                     /home/lucas/.gradle/caches/modules-2/files-2.1/org.grails/grails-core/3.3.0/255a93e9ce20367b66217c435c820dfafa22b522/grails-core-3.3.0.jar
7f9fcc022000-7f9fcc042000 r--s 000e5000 08:05 788036                     /home/lucas/.gradle/caches/modules-2/files-2.1/org.springframework.boot/spring-boot-autoconfigure/1.5.4.RELEASE/5591fa7358d950f374532c7d92dccf113ebfa1bb/spring-boot-autoconfigure-1.5.4.RELEASE.jar
7f9fcc042000-7f9fcc1c3000 rw-p 00000000 00:00 0 
7f9fcc1c3000-7f9fcc1d0000 r-xp 00000000 08:05 5116185                    /usr/lib/jvm/java-8-oracle/jre/lib/amd64/libverify.so
7f9fcc1d0000-7f9fcc3d0000 ---p 0000d000 08:05 5116185                    /usr/lib/jvm/java-8-oracle/jre/lib/amd64/libverify.so
7f9fcc3d0000-7f9fcc3d2000 rw-p 0000d000 08:05 5116185                    /usr/lib/jvm/java-8-oracle/jre/lib/amd64/libverify.so
7f9fcc3d2000-7f9fcc3d9000 r-xp 00000000 08:05 1183782                    /lib/x86_64-linux-gnu/librt-2.19.so
7f9fcc3d9000-7f9fcc5d8000 ---p 00007000 08:05 1183782                    /lib/x86_64-linux-gnu/librt-2.19.so
7f9fcc5d8000-7f9fcc5d9000 r--p 00006000 08:05 1183782                    /lib/x86_64-linux-gnu/librt-2.19.so
7f9fcc5d9000-7f9fcc5da000 rw-p 00007000 08:05 1183782                    /lib/x86_64-linux-gnu/librt-2.19.so
7f9fcc5da000-7f9fcc6df000 r-xp 00000000 08:05 1183704                    /lib/x86_64-linux-gnu/libm-2.19.so
7f9fcc6df000-7f9fcc8de000 ---p 00105000 08:05 1183704                    /lib/x86_64-linux-gnu/libm-2.19.so
7f9fcc8de000-7f9fcc8df000 r--p 00104000 08:05 1183704                    /lib/x86_64-linux-gnu/libm-2.19.so
7f9fcc8df000-7f9fcc8e0000 rw-p 00105000 08:05 1183704                    /lib/x86_64-linux-gnu/libm-2.19.so
7f9fcc8e0000-7f9fcd5b9000 r-xp 00000000 08:05 5116209                    /usr/lib/jvm/java-8-oracle/jre/lib/amd64/server/libjvm.so
7f9fcd5b9000-7f9fcd7b8000 ---p 00cd9000 08:05 5116209                    /usr/lib/jvm/java-8-oracle/jre/lib/amd64/server/libjvm.so
7f9fcd7b8000-7f9fcd891000 rw-p 00cd8000 08:05 5116209                    /usr/lib/jvm/java-8-oracle/jre/lib/amd64/server/libjvm.so
7f9fcd891000-7f9fcd8dd000 rw-p 00000000 00:00 0 
7f9fcd8dd000-7f9fcda99000 r-xp 00000000 08:05 1183654                    /lib/x86_64-linux-gnu/libc-2.19.so
7f9fcda99000-7f9fcdc98000 ---p 001bc000 08:05 1183654                    /lib/x86_64-linux-gnu/libc-2.19.so
7f9fcdc98000-7f9fcdc9c000 r--p 001bb000 08:05 1183654                    /lib/x86_64-linux-gnu/libc-2.19.so
7f9fcdc9c000-7f9fcdc9e000 rw-p 001bf000 08:05 1183654                    /lib/x86_64-linux-gnu/libc-2.19.so
7f9fcdc9e000-7f9fcdca3000 rw-p 00000000 00:00 0 
7f9fcdca3000-7f9fcdca6000 r-xp 00000000 08:05 1183671                    /lib/x86_64-linux-gnu/libdl-2.19.so
7f9fcdca6000-7f9fcdea5000 ---p 00003000 08:05 1183671                    /lib/x86_64-linux-gnu/libdl-2.19.so
7f9fcdea5000-7f9fcdea6000 r--p 00002000 08:05 1183671                    /lib/x86_64-linux-gnu/libdl-2.19.so
7f9fcdea6000-7f9fcdea7000 rw-p 00003000 08:05 1183671                    /lib/x86_64-linux-gnu/libdl-2.19.so
7f9fcdea7000-7f9fcdebd000 r-xp 00000000 08:05 5249981                    /usr/lib/jvm/java-8-oracle/lib/amd64/jli/libjli.so
7f9fcdebd000-7f9fce0bc000 ---p 00016000 08:05 5249981                    /usr/lib/jvm/java-8-oracle/lib/amd64/jli/libjli.so
7f9fce0bc000-7f9fce0bd000 rw-p 00015000 08:05 5249981                    /usr/lib/jvm/java-8-oracle/lib/amd64/jli/libjli.so
7f9fce0bd000-7f9fce0d6000 r-xp 00000000 08:05 1183774                    /lib/x86_64-linux-gnu/libpthread-2.19.so
7f9fce0d6000-7f9fce2d5000 ---p 00019000 08:05 1183774                    /lib/x86_64-linux-gnu/libpthread-2.19.so
7f9fce2d5000-7f9fce2d6000 r--p 00018000 08:05 1183774                    /lib/x86_64-linux-gnu/libpthread-2.19.so
7f9fce2d6000-7f9fce2d7000 rw-p 00019000 08:05 1183774                    /lib/x86_64-linux-gnu/libpthread-2.19.so
7f9fce2d7000-7f9fce2db000 rw-p 00000000 00:00 0 
7f9fce2db000-7f9fce2fe000 r-xp 00000000 08:05 1183630                    /lib/x86_64-linux-gnu/ld-2.19.so
7f9fce2fe000-7f9fce300000 r--s 00003000 08:05 788045                     /home/lucas/.gradle/caches/modules-2/files-2.1/org.grails/grails-plugin-services/3.3.0/3a241ac30b3056e24b3e017e669c6118c1a9d19f/grails-plugin-services-3.3.0.jar
7f9fce300000-7f9fce3e0000 rw-p 00000000 00:00 0 
7f9fce3e0000-7f9fce3e3000 ---p 00000000 00:00 0 
7f9fce3e3000-7f9fce4e5000 rw-p 00000000 00:00 0                          [stack:11767]
7f9fce4e5000-7f9fce4e6000 r--s 00008000 08:05 788047                     /home/lucas/.gradle/caches/modules-2/files-2.1/org.grails/grails-plugin-interceptors/3.3.0/9864d7565f9623c76a0daafafe0ca45ca31cd46d/grails-plugin-interceptors-3.3.0.jar
7f9fce4e6000-7f9fce4e7000 r--s 00003000 08:05 788044                     /home/lucas/.gradle/caches/modules-2/files-2.1/org.grails/grails-plugin-i18n/3.3.0/dc4faa0d2038c884f3d95ed49262874973d3a436/grails-plugin-i18n-3.3.0.jar
7f9fce4e7000-7f9fce4e8000 r--s 00004000 08:05 788043                     /home/lucas/.gradle/caches/modules-2/files-2.1/org.grails/grails-plugin-databinding/3.3.0/748320c551d8176e45cbf32ae8a9e5188af83e12/grails-plugin-databinding-3.3.0.jar
7f9fce4e8000-7f9fce4ec000 r--s 00031000 08:05 788042                     /home/lucas/.gradle/caches/modules-2/files-2.1/org.grails/grails-plugin-rest/3.3.0/377755023c8a739decae53eef2b455508a50b03b/grails-plugin-rest-3.3.0.jar
7f9fce4ec000-7f9fce4ed000 r--s 00000000 08:05 788041                     /home/lucas/.gradle/caches/modules-2/files-2.1/org.grails/grails-logging/3.3.0/76509fc3d6f8c98a47516b2491fe094a48565d1e/grails-logging-3.3.0.jar
7f9fce4ed000-7f9fce4ee000 r--s 00001000 08:05 788040                     /home/lucas/.gradle/caches/modules-2/files-2.1/org.grails/grails-web-boot/3.3.0/36f9f00eccf77cbf13853b1aeac8c8e18f02f8ec/grails-web-boot-3.3.0.jar
7f9fce4ee000-7f9fce4ef000 r--s 00000000 08:05 788039                     /home/lucas/.gradle/caches/modules-2/files-2.1/org.springframework.boot/spring-boot-starter-tomcat/1.5.4.RELEASE/d7e26f1d0e594bd1aab7da227649fc12c1958416/spring-boot-starter-tomcat-1.5.4.RELEASE.jar
7f9fce4ef000-7f9fce4f0000 r--s 00000000 08:05 788038                     /home/lucas/.gradle/caches/modules-2/files-2.1/org.springframework.boot/spring-boot-starter-actuator/1.5.4.RELEASE/10f526d22f58a32a8c3af26ccb0a6f16f4649935/spring-boot-starter-actuator-1.5.4.RELEASE.jar
7f9fce4f0000-7f9fce4f1000 r--s 00000000 08:05 788035                     /home/lucas/.gradle/caches/modules-2/files-2.1/org.springframework.boot/spring-boot-starter-logging/1.5.4.RELEASE/6b4364cfee82890ce9a9c2c59066f3a6e525debd/spring-boot-starter-logging-1.5.4.RELEASE.jar
7f9fce4f1000-7f9fce4f9000 rw-s 00000000 08:05 917554                     /tmp/hsperfdata_lucas/11766
7f9fce4f9000-7f9fce4fa000 rw-p 00000000 00:00 0 
7f9fce4fa000-7f9fce4fb000 ---p 00000000 00:00 0 
7f9fce4fb000-7f9fce4fd000 rw-p 00000000 00:00 0 
7f9fce4fd000-7f9fce4fe000 r--p 00022000 08:05 1183630                    /lib/x86_64-linux-gnu/ld-2.19.so
7f9fce4fe000-7f9fce4ff000 rw-p 00023000 08:05 1183630                    /lib/x86_64-linux-gnu/ld-2.19.so
7f9fce4ff000-7f9fce500000 rw-p 00000000 00:00 0 
7fff73f28000-7fff73f4e000 rw-p 00000000 00:00 0                          [stack]
7fff73ffe000-7fff74000000 r-xp 00000000 00:00 0                          [vdso]
ffffffffff600000-ffffffffff601000 r-xp 00000000 00:00 0                  [vsyscall]

VM Arguments:
jvm_args: -Dendpoints.shutdown.enabled=true -Denv=development -Dfull.stacktrace=false -Dgrails.env=development -Dgrails.full.stacktrace=false -Dinfo.app.grailsVersion=3.3.0 -Dinfo.app.name=Dashboard -Dinfo.app.version=0.1 -Djdk.reflect.allowGetCallerClass=true -Drun.active=true -Dspring.output.ansi.enabled=always -Dspringloaded=inclusions=grails.plugins..*;synchronize=true;allowSplitPackages=true;cacheDir=/home/lucas/Escritorio/Disenio/TablaInstrumentos/Dashboard/build/springloaded -Dverbose=false -XX:+TieredCompilation -XX:TieredStopAtLevel=1 -XX:CICompilerCount=3 -javaagent:/home/lucas/.gradle/caches/modules-2/files-2.1/org.springframework/springloaded/1.2.7.RELEASE/36be57f1a306cec1185b0276960fbe95dee08bf/springloaded-1.2.7.RELEASE.jar -Xverify:none -Xms768m -Xmx768m -Dfile.encoding=UTF-8 -Duser.country=AR -Duser.language=es -Duser.variant 
java_command: dashboard.Application
java_class_path (initial): /home/lucas/Escritorio/Disenio/TablaInstrumentos/Dashboard/src/main/resources:/home/lucas/Escritorio/Disenio/TablaInstrumentos/Dashboard/grails-app/views:/home/lucas/Escritorio/Disenio/TablaInstrumentos/Dashboard/grails-app/i18n:/home/lucas/Escritorio/Disenio/TablaInstrumentos/Dashboard/grails-app/conf:/home/lucas/Escritorio/Disenio/TablaInstrumentos/Dashboard/build/classes/main:/home/lucas/Escritorio/Disenio/TablaInstrumentos/Dashboard/build/resources/main:/home/lucas/Escritorio/Disenio/TablaInstrumentos/Dashboard/gsp-classes:/home/lucas/.gradle/caches/modules-2/files-2.1/org.springframework.boot/spring-boot-starter-logging/1.5.4.RELEASE/6b4364cfee82890ce9a9c2c59066f3a6e525debd/spring-boot-starter-logging-1.5.4.RELEASE.jar:/home/lucas/.gradle/caches/modules-2/files-2.1/org.springframework.boot/spring-boot-autoconfigure/1.5.4.RELEASE/5591fa7358d950f374532c7d92dccf113ebfa1bb/spring-boot-autoconfigure-1.5.4.RELEASE.jar:/home/lucas/.gradle/caches/modules-2/files-2.1/org.grails/grails-core/3.3.0/255a93e9ce20367b66217c435c820dfafa22b522/grails-core-3.3.0.jar:/home/lucas/.gradle/caches/modules-2/files-2.1/org.springframework.boot/spring-boot-starter-actuator/1.5.4.RELEASE/10f526d22f58a32a8c3af26ccb0a6f16f4649935/spring-boot-starter-actuator-1.5.4.RELEASE.jar:/home/lucas/.gradle/caches/modules-2/files-2.1/org.springframework.boot/spring-boot-starter-tomcat/1.5.4.RELEASE/d7e26f1d0e594bd1aab7da227649fc12c1958416/spring-boot-starter-tomcat-1.5.4.RELEASE.jar:/home/lucas/.gradle/caches/modules-2/files-2.1/org.grails/grails-web-boot/3.3.0/36f9f00eccf77cbf13853b1aeac8c8e18f02f8ec/grails-web-boot-3.3.0.jar:/home/lucas/.gradle/caches/modules-2/files-2.1/org.grails/grails-logging/3.3.0/76509fc3d6f8c98a47516b2491fe094a48565d1e/grails-logging-3.3.0.jar:/home/lucas/.gradle/caches/modules-2/files-2.1/org.grails/grails-plugin-rest/3.3.0/377755023c8a739decae53eef2b455508a50b03b/grails-plugin-rest-3.3.0.jar:/home/lucas/.gradle/caches/modules-2/files-2.1/org.gra
Launcher Type: SUN_STANDARD

Environment Variables:
JAVA_HOME=/usr/lib/jvm/java-8-oracle
PATH=/home/lucas/.sdkman/candidates/grails/current/bin:/usr/local/sbin:/usr/local/bin:/usr/sbin:/usr/bin:/sbin:/bin:/usr/games:/usr/local/games:/usr/lib/jvm/java-8-oracle/bin:/usr/lib/jvm/java-8-oracle/db/bin:/usr/lib/jvm/java-8-oracle/jre/bin
SHELL=/bin/bash
DISPLAY=:0

Signal Handlers:
SIGSEGV: [libjvm.so+0xad01e0], sa_mask[0]=11111111011111111101111111111110, sa_flags=SA_RESTART|SA_SIGINFO
SIGBUS: [libjvm.so+0xad01e0], sa_mask[0]=11111111011111111101111111111110, sa_flags=SA_RESTART|SA_SIGINFO
SIGFPE: [libjvm.so+0x927fb0], sa_mask[0]=11111111011111111101111111111110, sa_flags=SA_RESTART|SA_SIGINFO
SIGPIPE: [libjvm.so+0x927fb0], sa_mask[0]=11111111011111111101111111111110, sa_flags=SA_RESTART|SA_SIGINFO
SIGXFSZ: [libjvm.so+0x927fb0], sa_mask[0]=11111111011111111101111111111110, sa_flags=SA_RESTART|SA_SIGINFO
SIGILL: [libjvm.so+0x927fb0], sa_mask[0]=11111111011111111101111111111110, sa_flags=SA_RESTART|SA_SIGINFO
SIGUSR1: SIG_DFL, sa_mask[0]=00000000000000000000000000000000, sa_flags=none
SIGUSR2: [libjvm.so+0x9297f0], sa_mask[0]=00100000000000000000000000000000, sa_flags=SA_RESTART|SA_SIGINFO
SIGHUP: [libjvm.so+0x92abf0], sa_mask[0]=11111111011111111101111111111110, sa_flags=SA_RESTART|SA_SIGINFO
SIGINT: [libjvm.so+0x92abf0], sa_mask[0]=11111111011111111101111111111110, sa_flags=SA_RESTART|SA_SIGINFO
SIGTERM: [libjvm.so+0x92abf0], sa_mask[0]=11111111011111111101111111111110, sa_flags=SA_RESTART|SA_SIGINFO
SIGQUIT: [libjvm.so+0x92abf0], sa_mask[0]=11111111011111111101111111111110, sa_flags=SA_RESTART|SA_SIGINFO


---------------  S Y S T E M  ---------------

OS:DISTRIB_ID=Ubuntu
DISTRIB_RELEASE=14.04
DISTRIB_CODENAME=trusty
DISTRIB_DESCRIPTION="Ubuntu 14.04.1 LTS"

uname:Linux 3.13.0-32-generic #57-Ubuntu SMP Tue Jul 15 03:51:08 UTC 2014 x86_64
libc:glibc 2.19 NPTL 2.19 
rlimit: STACK 8192k, CORE 0k, NPROC 30244, NOFILE 4096, AS infinity
load average:4,44 2,23 1,49

/proc/meminfo:
MemTotal:        3892812 kB
MemFree:          169856 kB
Buffers:            1476 kB
Cached:           305296 kB
SwapCached:       150884 kB
Active:          2569268 kB
Inactive:         910820 kB
Active(anon):    2502396 kB
Inactive(anon):   855420 kB
Active(file):      66872 kB
Inactive(file):    55400 kB
Unevictable:         280 kB
Mlocked:             280 kB
SwapTotal:       4035580 kB
SwapFree:        1778412 kB
Dirty:               560 kB
Writeback:             0 kB
AnonPages:       3053200 kB
Mapped:            97628 kB
Shmem:            184132 kB
Slab:              65372 kB
SReclaimable:      30352 kB
SUnreclaim:        35020 kB
KernelStack:        6136 kB
PageTables:        51748 kB
NFS_Unstable:          0 kB
Bounce:                0 kB
WritebackTmp:          0 kB
CommitLimit:     5981984 kB
Committed_AS:   12724156 kB
VmallocTotal:   34359738367 kB
VmallocUsed:      544776 kB
VmallocChunk:   34359183324 kB
HardwareCorrupted:     0 kB
AnonHugePages:   1517568 kB
HugePages_Total:       0
HugePages_Free:        0
HugePages_Rsvd:        0
HugePages_Surp:        0
Hugepagesize:       2048 kB
DirectMap4k:       72600 kB
DirectMap2M:     3964928 kB


CPU:total 4 (initial active 4) (2 cores per cpu, 2 threads per core) family 6 model 42 stepping 7, cmov, cx8, fxsr, mmx, sse, sse2, sse3, ssse3, sse4.1, sse4.2, popcnt, avx, clmul, ht, tsc, tscinvbit

/proc/cpuinfo:
processor	: 0
vendor_id	: GenuineIntel
cpu family	: 6
model		: 42
model name	: Intel(R) Core(TM) i5-2410M CPU @ 2.30GHz
stepping	: 7
microcode	: 0x14
cpu MHz		: 2301.000
cache size	: 3072 KB
physical id	: 0
siblings	: 4
core id		: 0
cpu cores	: 2
apicid		: 0
initial apicid	: 0
fpu		: yes
fpu_exception	: yes
cpuid level	: 13
wp		: yes
flags		: fpu vme de pse tsc msr pae mce cx8 apic sep mtrr pge mca cmov pat pse36 clflush dts acpi mmx fxsr sse sse2 ss ht tm pbe syscall nx rdtscp lm constant_tsc arch_perfmon pebs bts rep_good nopl xtopology nonstop_tsc aperfmperf eagerfpu pni pclmulqdq dtes64 monitor ds_cpl vmx est tm2 ssse3 cx16 xtpr pdcm pcid sse4_1 sse4_2 x2apic popcnt tsc_deadline_timer xsave avx lahf_lm ida arat epb xsaveopt pln pts dtherm tpr_shadow vnmi flexpriority ept vpid
bogomips	: 4589.33
clflush size	: 64
cache_alignment	: 64
address sizes	: 36 bits physical, 48 bits virtual
power management:

processor	: 1
vendor_id	: GenuineIntel
cpu family	: 6
model		: 42
model name	: Intel(R) Core(TM) i5-2410M CPU @ 2.30GHz
stepping	: 7
microcode	: 0x14
cpu MHz		: 800.000
cache size	: 3072 KB
physical id	: 0
siblings	: 4
core id		: 1
cpu cores	: 2
apicid		: 2
initial apicid	: 2
fpu		: yes
fpu_exception	: yes
cpuid level	: 13
wp		: yes
flags		: fpu vme de pse tsc msr pae mce cx8 apic sep mtrr pge mca cmov pat pse36 clflush dts acpi mmx fxsr sse sse2 ss ht tm pbe syscall nx rdtscp lm constant_tsc arch_perfmon pebs bts rep_good nopl xtopology nonstop_tsc aperfmperf eagerfpu pni pclmulqdq dtes64 monitor ds_cpl vmx est tm2 ssse3 cx16 xtpr pdcm pcid sse4_1 sse4_2 x2apic popcnt tsc_deadline_timer xsave avx lahf_lm ida arat epb xsaveopt pln pts dtherm tpr_shadow vnmi flexpriority ept vpid
bogomips	: 4589.33
clflush size	: 64
cache_alignment	: 64
address sizes	: 36 bits physical, 48 bits virtual
power management:

processor	: 2
vendor_id	: GenuineIntel
cpu family	: 6
model		: 42
model name	: Intel(R) Core(TM) i5-2410M CPU @ 2.30GHz
stepping	: 7
microcode	: 0x14
cpu MHz		: 2301.000
cache size	: 3072 KB
physical id	: 0
siblings	: 4
core id		: 0
cpu cores	: 2
apicid		: 1
initial apicid	: 1
fpu		: yes
fpu_exception	: yes
cpuid level	: 13
wp		: yes
flags		: fpu vme de pse tsc msr pae mce cx8 apic sep mtrr pge mca cmov pat pse36 clflush dts acpi mmx fxsr sse sse2 ss ht tm pbe syscall nx rdtscp lm constant_tsc arch_perfmon pebs bts rep_good nopl xtopology nonstop_tsc aperfmperf eagerfpu pni pclmulqdq dtes64 monitor ds_cpl vmx est tm2 ssse3 cx16 xtpr pdcm pcid sse4_1 sse4_2 x2apic popcnt tsc_deadline_timer xsave avx lahf_lm ida arat epb xsaveopt pln pts dtherm tpr_shadow vnmi flexpriority ept vpid
bogomips	: 4589.33
clflush size	: 64
cache_alignment	: 64
address sizes	: 36 bits physical, 48 bits virtual
power management:

processor	: 3
vendor_id	: GenuineIntel
cpu family	: 6
model		: 42
model name	: Intel(R) Core(TM) i5-2410M CPU @ 2.30GHz
stepping	: 7
microcode	: 0x14
cpu MHz		: 2301.000
cache size	: 3072 KB
physical id	: 0
siblings	: 4
core id		: 1
cpu cores	: 2
apicid		: 3
initial apicid	: 3
fpu		: yes
fpu_exception	: yes
cpuid level	: 13
wp		: yes
flags		: fpu vme de pse tsc msr pae mce cx8 apic sep mtrr pge mca cmov pat pse36 clflush dts acpi mmx fxsr sse sse2 ss ht tm pbe syscall nx rdtscp lm constant_tsc arch_perfmon pebs bts rep_good nopl xtopology nonstop_tsc aperfmperf eagerfpu pni pclmulqdq dtes64 monitor ds_cpl vmx est tm2 ssse3 cx16 xtpr pdcm pcid sse4_1 sse4_2 x2apic popcnt tsc_deadline_timer xsave avx lahf_lm ida arat epb xsaveopt pln pts dtherm tpr_shadow vnmi flexpriority ept vpid
bogomips	: 4589.33
clflush size	: 64
cache_alignment	: 64
address sizes	: 36 bits physical, 48 bits virtual
power management:



Memory: 4k page, physical 3892812k(169856k free), swap 4035580k(1778412k free)

vm_info: Java HotSpot(TM) 64-Bit Server VM (25.161-b12) for linux-amd64 JRE (1.8.0_161-b12), built on Dec 19 2017 16:12:43 by "java_re" with gcc 4.3.0 20080428 (Red Hat 4.3.0-8)

time: Sun Apr 29 21:30:31 2018
elapsed time: 447 seconds (0d 0h 7m 27s)

